<?xml version="1.0" encoding="UTF-8"?>
<testsuite xmlns:xsi="http://www.w3.org/2001/XMLSchema-instance" xsi:noNamespaceSchemaLocation="https://maven.apache.org/surefire/maven-failsafe-plugin/xsd/failsafe-test-report-3.0.xsd" version="3.0" name="starter.CucumberTestSuite" time="64.297" tests="28" errors="0" skipped="0" failures="0">
  <properties>
    <property name="java.specification.version" value="19"/>
    <property name="sun.cpu.isalist" value="amd64"/>
    <property name="sun.jnu.encoding" value="Cp1252"/>
    <property name="java.class.path" value="D:\download\API_Minpro (1)\APIMinpro\API\minpro\target\test-classes;C:\Users\User\.m2\repository\net\serenity-bdd\serenity-rest-assured\3.6.22\serenity-rest-assured-3.6.22.jar;C:\Users\User\.m2\repository\org\apache\httpcomponents\httpclient\4.5.13\httpclient-4.5.13.jar;C:\Users\User\.m2\repository\org\apache\httpcomponents\httpcore\4.4.13\httpcore-4.4.13.jar;C:\Users\User\.m2\repository\commons-logging\commons-logging\1.2\commons-logging-1.2.jar;C:\Users\User\.m2\repository\io\rest-assured\rest-assured\5.3.0\rest-assured-5.3.0.jar;C:\Users\User\.m2\repository\org\apache\httpcomponents\httpmime\4.5.13\httpmime-4.5.13.jar;C:\Users\User\.m2\repository\org\ccil\cowan\tagsoup\tagsoup\1.2.1\tagsoup-1.2.1.jar;C:\Users\User\.m2\repository\io\rest-assured\json-path\5.3.0\json-path-5.3.0.jar;C:\Users\User\.m2\repository\io\rest-assured\rest-assured-common\5.3.0\rest-assured-common-5.3.0.jar;C:\Users\User\.m2\repository\io\rest-assured\xml-path\5.3.0\xml-path-5.3.0.jar;C:\Users\User\.m2\repository\org\apache\groovy\groovy-json\4.0.10\groovy-json-4.0.10.jar;C:\Users\User\.m2\repository\org\apache\groovy\groovy-xml\4.0.10\groovy-xml-4.0.10.jar;C:\Users\User\.m2\repository\org\apache\groovy\groovy\4.0.10\groovy-4.0.10.jar;C:\Users\User\.m2\repository\org\opentest4j\opentest4j\1.2.0\opentest4j-1.2.0.jar;C:\Users\User\.m2\repository\net\serenity-bdd\serenity-core\3.6.21\serenity-core-3.6.21.jar;C:\Users\User\.m2\repository\net\serenity-bdd\serenity-model\3.6.21\serenity-model-3.6.21.jar;C:\Users\User\.m2\repository\org\apache\commons\commons-text\1.10.0\commons-text-1.10.0.jar;C:\Users\User\.m2\repository\commons-net\commons-net\3.9.0\commons-net-3.9.0.jar;C:\Users\User\.m2\repository\com\google\guava\guava\31.1-jre\guava-31.1-jre.jar;C:\Users\User\.m2\repository\com\google\guava\failureaccess\1.0.1\failureaccess-1.0.1.jar;C:\Users\User\.m2\repository\com\google\guava\listenablefuture\9999.0-empty-to-avoid-conflict-with-guava\listenablefuture-9999.0-empty-to-avoid-conflict-with-guava.jar;C:\Users\User\.m2\repository\com\google\code\findbugs\jsr305\3.0.2\jsr305-3.0.2.jar;C:\Users\User\.m2\repository\org\checkerframework\checker-qual\3.12.0\checker-qual-3.12.0.jar;C:\Users\User\.m2\repository\com\google\errorprone\error_prone_annotations\2.11.0\error_prone_annotations-2.11.0.jar;C:\Users\User\.m2\repository\com\google\j2objc\j2objc-annotations\1.3\j2objc-annotations-1.3.jar;C:\Users\User\.m2\repository\com\google\inject\guice\5.1.0\guice-5.1.0.jar;C:\Users\User\.m2\repository\javax\inject\javax.inject\1\javax.inject-1.jar;C:\Users\User\.m2\repository\aopalliance\aopalliance\1.0\aopalliance-1.0.jar;C:\Users\User\.m2\repository\org\jsoup\jsoup\1.14.3\jsoup-1.14.3.jar;C:\Users\User\.m2\repository\com\thoughtworks\xstream\xstream\1.4.20\xstream-1.4.20.jar;C:\Users\User\.m2\repository\io\github\x-stream\mxparser\1.2.2\mxparser-1.2.2.jar;C:\Users\User\.m2\repository\xmlpull\xmlpull\1.1.3.1\xmlpull-1.1.3.1.jar;C:\Users\User\.m2\repository\com\typesafe\config\1.4.2\config-1.4.2.jar;C:\Users\User\.m2\repository\org\imgscalr\imgscalr-lib\4.2\imgscalr-lib-4.2.jar;C:\Users\User\.m2\repository\org\awaitility\awaitility\4.2.0\awaitility-4.2.0.jar;C:\Users\User\.m2\repository\org\freemarker\freemarker\2.3.31\freemarker-2.3.31.jar;C:\Users\User\.m2\repository\io\github\classgraph\classgraph\4.8.138\classgraph-4.8.138.jar;C:\Users\User\.m2\repository\net\sourceforge\jexcelapi\jxl\2.6.12\jxl-2.6.12.jar;C:\Users\User\.m2\repository\net\bytebuddy\byte-buddy-agent\1.14.2\byte-buddy-agent-1.14.2.jar;C:\Users\User\.m2\repository\org\objenesis\objenesis\3.3\objenesis-3.3.jar;C:\Users\User\.m2\repository\net\serenity-bdd\serenity-reports\3.6.21\serenity-reports-3.6.21.jar;C:\Users\User\.m2\repository\net\serenity-bdd\serenity-stats\3.6.21\serenity-stats-3.6.21.jar;C:\Users\User\.m2\repository\net\serenity-bdd\serenity-reports-configuration\3.6.21\serenity-reports-configuration-3.6.21.jar;C:\Users\User\.m2\repository\com\vladsch\flexmark\flexmark-all\0.62.2\flexmark-all-0.62.2.jar;C:\Users\User\.m2\repository\com\vladsch\flexmark\flexmark\0.62.2\flexmark-0.62.2.jar;C:\Users\User\.m2\repository\com\vladsch\flexmark\flexmark-ext-abbreviation\0.62.2\flexmark-ext-abbreviation-0.62.2.jar;C:\Users\User\.m2\repository\com\vladsch\flexmark\flexmark-util\0.62.2\flexmark-util-0.62.2.jar;C:\Users\User\.m2\repository\com\vladsch\flexmark\flexmark-ext-admonition\0.62.2\flexmark-ext-admonition-0.62.2.jar;C:\Users\User\.m2\repository\com\vladsch\flexmark\flexmark-ext-anchorlink\0.62.2\flexmark-ext-anchorlink-0.62.2.jar;C:\Users\User\.m2\repository\com\vladsch\flexmark\flexmark-ext-aside\0.62.2\flexmark-ext-aside-0.62.2.jar;C:\Users\User\.m2\repository\com\vladsch\flexmark\flexmark-ext-attributes\0.62.2\flexmark-ext-attributes-0.62.2.jar;C:\Users\User\.m2\repository\com\vladsch\flexmark\flexmark-ext-autolink\0.62.2\flexmark-ext-autolink-0.62.2.jar;C:\Users\User\.m2\repository\org\nibor\autolink\autolink\0.6.0\autolink-0.6.0.jar;C:\Users\User\.m2\repository\com\vladsch\flexmark\flexmark-ext-definition\0.62.2\flexmark-ext-definition-0.62.2.jar;C:\Users\User\.m2\repository\com\vladsch\flexmark\flexmark-ext-emoji\0.62.2\flexmark-ext-emoji-0.62.2.jar;C:\Users\User\.m2\repository\com\vladsch\flexmark\flexmark-ext-enumerated-reference\0.62.2\flexmark-ext-enumerated-reference-0.62.2.jar;C:\Users\User\.m2\repository\com\vladsch\flexmark\flexmark-ext-escaped-character\0.62.2\flexmark-ext-escaped-character-0.62.2.jar;C:\Users\User\.m2\repository\com\vladsch\flexmark\flexmark-ext-footnotes\0.62.2\flexmark-ext-footnotes-0.62.2.jar;C:\Users\User\.m2\repository\com\vladsch\flexmark\flexmark-ext-gfm-issues\0.62.2\flexmark-ext-gfm-issues-0.62.2.jar;C:\Users\User\.m2\repository\com\vladsch\flexmark\flexmark-ext-gfm-strikethrough\0.62.2\flexmark-ext-gfm-strikethrough-0.62.2.jar;C:\Users\User\.m2\repository\com\vladsch\flexmark\flexmark-ext-gfm-tasklist\0.62.2\flexmark-ext-gfm-tasklist-0.62.2.jar;C:\Users\User\.m2\repository\com\vladsch\flexmark\flexmark-ext-gfm-users\0.62.2\flexmark-ext-gfm-users-0.62.2.jar;C:\Users\User\.m2\repository\com\vladsch\flexmark\flexmark-ext-gitlab\0.62.2\flexmark-ext-gitlab-0.62.2.jar;C:\Users\User\.m2\repository\com\vladsch\flexmark\flexmark-ext-jekyll-front-matter\0.62.2\flexmark-ext-jekyll-front-matter-0.62.2.jar;C:\Users\User\.m2\repository\com\vladsch\flexmark\flexmark-ext-jekyll-tag\0.62.2\flexmark-ext-jekyll-tag-0.62.2.jar;C:\Users\User\.m2\repository\com\vladsch\flexmark\flexmark-ext-media-tags\0.62.2\flexmark-ext-media-tags-0.62.2.jar;C:\Users\User\.m2\repository\com\vladsch\flexmark\flexmark-ext-macros\0.62.2\flexmark-ext-macros-0.62.2.jar;C:\Users\User\.m2\repository\com\vladsch\flexmark\flexmark-ext-ins\0.62.2\flexmark-ext-ins-0.62.2.jar;C:\Users\User\.m2\repository\com\vladsch\flexmark\flexmark-ext-xwiki-macros\0.62.2\flexmark-ext-xwiki-macros-0.62.2.jar;C:\Users\User\.m2\repository\com\vladsch\flexmark\flexmark-ext-superscript\0.62.2\flexmark-ext-superscript-0.62.2.jar;C:\Users\User\.m2\repository\com\vladsch\flexmark\flexmark-ext-tables\0.62.2\flexmark-ext-tables-0.62.2.jar;C:\Users\User\.m2\repository\com\vladsch\flexmark\flexmark-ext-toc\0.62.2\flexmark-ext-toc-0.62.2.jar;C:\Users\User\.m2\repository\com\vladsch\flexmark\flexmark-ext-typographic\0.62.2\flexmark-ext-typographic-0.62.2.jar;C:\Users\User\.m2\repository\com\vladsch\flexmark\flexmark-ext-wikilink\0.62.2\flexmark-ext-wikilink-0.62.2.jar;C:\Users\User\.m2\repository\com\vladsch\flexmark\flexmark-ext-yaml-front-matter\0.62.2\flexmark-ext-yaml-front-matter-0.62.2.jar;C:\Users\User\.m2\repository\com\vladsch\flexmark\flexmark-ext-youtube-embedded\0.62.2\flexmark-ext-youtube-embedded-0.62.2.jar;C:\Users\User\.m2\repository\com\vladsch\flexmark\flexmark-html2md-converter\0.62.2\flexmark-html2md-converter-0.62.2.jar;C:\Users\User\.m2\repository\com\vladsch\flexmark\flexmark-jira-converter\0.62.2\flexmark-jira-converter-0.62.2.jar;C:\Users\User\.m2\repository\com\vladsch\flexmark\flexmark-pdf-converter\0.62.2\flexmark-pdf-converter-0.62.2.jar;C:\Users\User\.m2\repository\com\openhtmltopdf\openhtmltopdf-core\1.0.0\openhtmltopdf-core-1.0.0.jar;C:\Users\User\.m2\repository\com\openhtmltopdf\openhtmltopdf-pdfbox\1.0.0\openhtmltopdf-pdfbox-1.0.0.jar;C:\Users\User\.m2\repository\org\apache\pdfbox\pdfbox\2.0.16\pdfbox-2.0.16.jar;C:\Users\User\.m2\repository\org\apache\pdfbox\fontbox\2.0.16\fontbox-2.0.16.jar;C:\Users\User\.m2\repository\org\apache\pdfbox\xmpbox\2.0.16\xmpbox-2.0.16.jar;C:\Users\User\.m2\repository\de\rototor\pdfbox\graphics2d\0.24\graphics2d-0.24.jar;C:\Users\User\.m2\repository\com\openhtmltopdf\openhtmltopdf-rtl-support\1.0.0\openhtmltopdf-rtl-support-1.0.0.jar;C:\Users\User\.m2\repository\com\openhtmltopdf\openhtmltopdf-jsoup-dom-converter\1.0.0\openhtmltopdf-jsoup-dom-converter-1.0.0.jar;C:\Users\User\.m2\repository\com\vladsch\flexmark\flexmark-profile-pegdown\0.62.2\flexmark-profile-pegdown-0.62.2.jar;C:\Users\User\.m2\repository\com\vladsch\flexmark\flexmark-util-ast\0.62.2\flexmark-util-ast-0.62.2.jar;C:\Users\User\.m2\repository\com\vladsch\flexmark\flexmark-util-builder\0.62.2\flexmark-util-builder-0.62.2.jar;C:\Users\User\.m2\repository\com\vladsch\flexmark\flexmark-util-collection\0.62.2\flexmark-util-collection-0.62.2.jar;C:\Users\User\.m2\repository\com\vladsch\flexmark\flexmark-util-data\0.62.2\flexmark-util-data-0.62.2.jar;C:\Users\User\.m2\repository\com\vladsch\flexmark\flexmark-util-dependency\0.62.2\flexmark-util-dependency-0.62.2.jar;C:\Users\User\.m2\repository\com\vladsch\flexmark\flexmark-util-format\0.62.2\flexmark-util-format-0.62.2.jar;C:\Users\User\.m2\repository\com\vladsch\flexmark\flexmark-util-html\0.62.2\flexmark-util-html-0.62.2.jar;C:\Users\User\.m2\repository\com\vladsch\flexmark\flexmark-util-misc\0.62.2\flexmark-util-misc-0.62.2.jar;C:\Users\User\.m2\repository\com\vladsch\flexmark\flexmark-util-options\0.62.2\flexmark-util-options-0.62.2.jar;C:\Users\User\.m2\repository\com\vladsch\flexmark\flexmark-util-sequence\0.62.2\flexmark-util-sequence-0.62.2.jar;C:\Users\User\.m2\repository\com\vladsch\flexmark\flexmark-util-visitor\0.62.2\flexmark-util-visitor-0.62.2.jar;C:\Users\User\.m2\repository\com\vladsch\flexmark\flexmark-youtrack-converter\0.62.2\flexmark-youtrack-converter-0.62.2.jar;C:\Users\User\.m2\repository\com\ibm\icu\icu4j\72.1\icu4j-72.1.jar;C:\Users\User\.m2\repository\es\nitaur\markdown\txtmark\0.16\txtmark-0.16.jar;C:\Users\User\.m2\repository\net\serenity-bdd\serenity-report-resources\3.6.21\serenity-report-resources-3.6.21.jar;C:\Users\User\.m2\repository\com\google\code\gson\gson\2.10.1\gson-2.10.1.jar;C:\Users\User\.m2\repository\com\fasterxml\jackson\core\jackson-core\2.15.0-rc1\jackson-core-2.15.0-rc1.jar;C:\Users\User\.m2\repository\com\fasterxml\jackson\core\jackson-databind\2.15.0-rc1\jackson-databind-2.15.0-rc1.jar;C:\Users\User\.m2\repository\com\fasterxml\jackson\core\jackson-annotations\2.15.0-rc1\jackson-annotations-2.15.0-rc1.jar;C:\Users\User\.m2\repository\commons-codec\commons-codec\1.15\commons-codec-1.15.jar;C:\Users\User\.m2\repository\commons-io\commons-io\2.11.0\commons-io-2.11.0.jar;C:\Users\User\.m2\repository\org\seleniumhq\selenium\selenium-java\4.8.1\selenium-java-4.8.1.jar;C:\Users\User\.m2\repository\org\seleniumhq\selenium\selenium-devtools-v108\4.8.1\selenium-devtools-v108-4.8.1.jar;C:\Users\User\.m2\repository\org\seleniumhq\selenium\selenium-devtools-v109\4.8.1\selenium-devtools-v109-4.8.1.jar;C:\Users\User\.m2\repository\org\seleniumhq\selenium\selenium-devtools-v110\4.8.1\selenium-devtools-v110-4.8.1.jar;C:\Users\User\.m2\repository\org\seleniumhq\selenium\selenium-devtools-v85\4.8.1\selenium-devtools-v85-4.8.1.jar;C:\Users\User\.m2\repository\org\seleniumhq\selenium\selenium-remote-driver\4.8.1\selenium-remote-driver-4.8.1.jar;C:\Users\User\.m2\repository\com\beust\jcommander\1.82\jcommander-1.82.jar;C:\Users\User\.m2\repository\io\netty\netty-buffer\4.1.87.Final\netty-buffer-4.1.87.Final.jar;C:\Users\User\.m2\repository\io\netty\netty-codec-http\4.1.87.Final\netty-codec-http-4.1.87.Final.jar;C:\Users\User\.m2\repository\io\netty\netty-codec\4.1.87.Final\netty-codec-4.1.87.Final.jar;C:\Users\User\.m2\repository\io\netty\netty-handler\4.1.87.Final\netty-handler-4.1.87.Final.jar;C:\Users\User\.m2\repository\io\netty\netty-common\4.1.87.Final\netty-common-4.1.87.Final.jar;C:\Users\User\.m2\repository\io\netty\netty-transport-classes-epoll\4.1.87.Final\netty-transport-classes-epoll-4.1.87.Final.jar;C:\Users\User\.m2\repository\io\netty\netty-transport-classes-kqueue\4.1.87.Final\netty-transport-classes-kqueue-4.1.87.Final.jar;C:\Users\User\.m2\repository\io\netty\netty-transport-native-epoll\4.1.87.Final\netty-transport-native-epoll-4.1.87.Final.jar;C:\Users\User\.m2\repository\io\netty\netty-transport-native-kqueue\4.1.87.Final\netty-transport-native-kqueue-4.1.87.Final.jar;C:\Users\User\.m2\repository\io\netty\netty-transport-native-unix-common\4.1.87.Final\netty-transport-native-unix-common-4.1.87.Final.jar;C:\Users\User\.m2\repository\io\netty\netty-transport\4.1.87.Final\netty-transport-4.1.87.Final.jar;C:\Users\User\.m2\repository\io\netty\netty-resolver\4.1.87.Final\netty-resolver-4.1.87.Final.jar;C:\Users\User\.m2\repository\io\opentelemetry\opentelemetry-api\1.22.0\opentelemetry-api-1.22.0.jar;C:\Users\User\.m2\repository\io\opentelemetry\opentelemetry-context\1.22.0\opentelemetry-context-1.22.0.jar;C:\Users\User\.m2\repository\io\opentelemetry\opentelemetry-exporter-logging\1.22.0\opentelemetry-exporter-logging-1.22.0.jar;C:\Users\User\.m2\repository\io\opentelemetry\opentelemetry-sdk-metrics\1.22.0\opentelemetry-sdk-metrics-1.22.0.jar;C:\Users\User\.m2\repository\io\opentelemetry\opentelemetry-sdk-logs\1.22.0-alpha\opentelemetry-sdk-logs-1.22.0-alpha.jar;C:\Users\User\.m2\repository\io\opentelemetry\opentelemetry-api-logs\1.22.0-alpha\opentelemetry-api-logs-1.22.0-alpha.jar;C:\Users\User\.m2\repository\io\opentelemetry\opentelemetry-sdk-common\1.22.0\opentelemetry-sdk-common-1.22.0.jar;C:\Users\User\.m2\repository\io\opentelemetry\opentelemetry-sdk-extension-autoconfigure-spi\1.22.0\opentelemetry-sdk-extension-autoconfigure-spi-1.22.0.jar;C:\Users\User\.m2\repository\io\opentelemetry\opentelemetry-sdk-extension-autoconfigure\1.22.0-alpha\opentelemetry-sdk-extension-autoconfigure-1.22.0-alpha.jar;C:\Users\User\.m2\repository\io\opentelemetry\opentelemetry-sdk-trace\1.22.0\opentelemetry-sdk-trace-1.22.0.jar;C:\Users\User\.m2\repository\io\opentelemetry\opentelemetry-sdk\1.22.0\opentelemetry-sdk-1.22.0.jar;C:\Users\User\.m2\repository\io\opentelemetry\opentelemetry-semconv\1.22.0-alpha\opentelemetry-semconv-1.22.0-alpha.jar;C:\Users\User\.m2\repository\io\ous\jtoml\2.0.0\jtoml-2.0.0.jar;C:\Users\User\.m2\repository\org\apache\commons\commons-exec\1.3\commons-exec-1.3.jar;C:\Users\User\.m2\repository\org\asynchttpclient\async-http-client\2.12.3\async-http-client-2.12.3.jar;C:\Users\User\.m2\repository\org\asynchttpclient\async-http-client-netty-utils\2.12.3\async-http-client-netty-utils-2.12.3.jar;C:\Users\User\.m2\repository\io\netty\netty-codec-socks\4.1.60.Final\netty-codec-socks-4.1.60.Final.jar;C:\Users\User\.m2\repository\io\netty\netty-handler-proxy\4.1.60.Final\netty-handler-proxy-4.1.60.Final.jar;C:\Users\User\.m2\repository\io\netty\netty-transport-native-epoll\4.1.60.Final\netty-transport-native-epoll-4.1.60.Final-linux-x86_64.jar;C:\Users\User\.m2\repository\io\netty\netty-transport-native-kqueue\4.1.60.Final\netty-transport-native-kqueue-4.1.60.Final-osx-x86_64.jar;C:\Users\User\.m2\repository\org\reactivestreams\reactive-streams\1.0.3\reactive-streams-1.0.3.jar;C:\Users\User\.m2\repository\com\typesafe\netty\netty-reactive-streams\2.0.4\netty-reactive-streams-2.0.4.jar;C:\Users\User\.m2\repository\org\seleniumhq\selenium\selenium-manager\4.8.1\selenium-manager-4.8.1.jar;C:\Users\User\.m2\repository\org\seleniumhq\selenium\selenium-safari-driver\4.8.1\selenium-safari-driver-4.8.1.jar;C:\Users\User\.m2\repository\org\seleniumhq\selenium\selenium-api\4.8.1\selenium-api-4.8.1.jar;C:\Users\User\.m2\repository\org\seleniumhq\selenium\selenium-support\4.8.1\selenium-support-4.8.1.jar;C:\Users\User\.m2\repository\com\google\auto\service\auto-service-annotations\1.0.1\auto-service-annotations-1.0.1.jar;C:\Users\User\.m2\repository\com\google\auto\service\auto-service\1.0.1\auto-service-1.0.1.jar;C:\Users\User\.m2\repository\com\google\auto\auto-common\1.2\auto-common-1.2.jar;C:\Users\User\.m2\repository\org\seleniumhq\selenium\selenium-json\4.8.1\selenium-json-4.8.1.jar;C:\Users\User\.m2\repository\org\seleniumhq\selenium\selenium-chrome-driver\4.8.1\selenium-chrome-driver-4.8.1.jar;C:\Users\User\.m2\repository\org\seleniumhq\selenium\selenium-chromium-driver\4.8.1\selenium-chromium-driver-4.8.1.jar;C:\Users\User\.m2\repository\org\seleniumhq\selenium\selenium-firefox-driver\4.8.1\selenium-firefox-driver-4.8.1.jar;C:\Users\User\.m2\repository\org\seleniumhq\selenium\selenium-http\4.8.1\selenium-http-4.8.1.jar;C:\Users\User\.m2\repository\dev\failsafe\failsafe\3.3.0\failsafe-3.3.0.jar;C:\Users\User\.m2\repository\org\seleniumhq\selenium\selenium-edge-driver\4.8.1\selenium-edge-driver-4.8.1.jar;C:\Users\User\.m2\repository\org\seleniumhq\selenium\selenium-ie-driver\4.8.1\selenium-ie-driver-4.8.1.jar;C:\Users\User\.m2\repository\org\projectlombok\lombok\1.18.20\lombok-1.18.20.jar;C:\Users\User\.m2\repository\io\appium\java-client\8.3.0\java-client-8.3.0.jar;C:\Users\User\.m2\repository\commons-validator\commons-validator\1.7\commons-validator-1.7.jar;C:\Users\User\.m2\repository\commons-digester\commons-digester\2.1\commons-digester-2.1.jar;C:\Users\User\.m2\repository\net\sf\opencsv\opencsv\2.0\opencsv-2.0.jar;C:\Users\User\.m2\repository\commons-beanutils\commons-beanutils\1.9.4\commons-beanutils-1.9.4.jar;C:\Users\User\.m2\repository\org\apache\commons\commons-lang3\3.12.0\commons-lang3-3.12.0.jar;C:\Users\User\.m2\repository\commons-collections\commons-collections\3.2.2\commons-collections-3.2.2.jar;C:\Users\User\.m2\repository\org\fluentlenium\fluentlenium-core\0.10.2\fluentlenium-core-0.10.2.jar;C:\Users\User\.m2\repository\io\github\bonigarcia\webdrivermanager\5.3.0\webdrivermanager-5.3.0.jar;C:\Users\User\.m2\repository\com\github\docker-java\docker-java\3.2.13\docker-java-3.2.13.jar;C:\Users\User\.m2\repository\com\github\docker-java\docker-java-core\3.2.13\docker-java-core-3.2.13.jar;C:\Users\User\.m2\repository\com\github\docker-java\docker-java-api\3.2.13\docker-java-api-3.2.13.jar;C:\Users\User\.m2\repository\org\apache\commons\commons-compress\1.21\commons-compress-1.21.jar;C:\Users\User\.m2\repository\org\bouncycastle\bcpkix-jdk15on\1.64\bcpkix-jdk15on-1.64.jar;C:\Users\User\.m2\repository\org\bouncycastle\bcprov-jdk15on\1.64\bcprov-jdk15on-1.64.jar;C:\Users\User\.m2\repository\org\slf4j\jcl-over-slf4j\1.7.30\jcl-over-slf4j-1.7.30.jar;C:\Users\User\.m2\repository\com\github\docker-java\docker-java-transport-httpclient5\3.2.13\docker-java-transport-httpclient5-3.2.13.jar;C:\Users\User\.m2\repository\com\github\docker-java\docker-java-transport\3.2.13\docker-java-transport-3.2.13.jar;C:\Users\User\.m2\repository\net\java\dev\jna\jna\5.8.0\jna-5.8.0.jar;C:\Users\User\.m2\repository\org\brotli\dec\0.1.2\dec-0.1.2.jar;C:\Users\User\.m2\repository\org\apache\httpcomponents\client5\httpclient5\5.1.3\httpclient5-5.1.3.jar;C:\Users\User\.m2\repository\org\apache\httpcomponents\core5\httpcore5\5.1.3\httpcore5-5.1.3.jar;C:\Users\User\.m2\repository\org\apache\httpcomponents\core5\httpcore5-h2\5.1.3\httpcore5-h2-5.1.3.jar;C:\Users\User\.m2\repository\com\jhlabs\filters\2.0.235\filters-2.0.235.jar;C:\Users\User\.m2\repository\com\paulhammant\ngwebdriver\1.1.6\ngwebdriver-1.1.6.jar;C:\Users\User\.m2\repository\joda-time\joda-time\2.12.2\joda-time-2.12.2.jar;C:\Users\User\.m2\repository\org\hamcrest\hamcrest\2.2\hamcrest-2.2.jar;C:\Users\User\.m2\repository\com\google\jimfs\jimfs\1.2\jimfs-1.2.jar;C:\Users\User\.m2\repository\org\mockito\mockito-core\3.3.3\mockito-core-3.3.3.jar;C:\Users\User\.m2\repository\javax\xml\bind\jaxb-api\2.3.1\jaxb-api-2.3.1.jar;C:\Users\User\.m2\repository\javax\activation\javax.activation-api\1.2.0\javax.activation-api-1.2.0.jar;C:\Users\User\.m2\repository\com\sun\xml\bind\jaxb-core\2.3.0.1\jaxb-core-2.3.0.1.jar;C:\Users\User\.m2\repository\com\sun\xml\bind\jaxb-impl\2.3.3\jaxb-impl-2.3.3.jar;C:\Users\User\.m2\repository\jakarta\xml\bind\jakarta.xml.bind-api\2.3.3\jakarta.xml.bind-api-2.3.3.jar;C:\Users\User\.m2\repository\com\sun\activation\jakarta.activation\1.2.2\jakarta.activation-1.2.2.jar;C:\Users\User\.m2\repository\javax\activation\activation\1.1.1\activation-1.1.1.jar;C:\Users\User\.m2\repository\net\serenity-bdd\serenity-cucumber\3.6.21\serenity-cucumber-3.6.21.jar;C:\Users\User\.m2\repository\io\cucumber\cucumber-core\7.11.0\cucumber-core-7.11.0.jar;C:\Users\User\.m2\repository\io\cucumber\cucumber-gherkin\7.11.0\cucumber-gherkin-7.11.0.jar;C:\Users\User\.m2\repository\io\cucumber\cucumber-gherkin-messages\7.11.0\cucumber-gherkin-messages-7.11.0.jar;C:\Users\User\.m2\repository\io\cucumber\gherkin\26.0.3\gherkin-26.0.3.jar;C:\Users\User\.m2\repository\io\cucumber\messages\21.0.1\messages-21.0.1.jar;C:\Users\User\.m2\repository\io\cucumber\tag-expressions\5.0.1\tag-expressions-5.0.1.jar;C:\Users\User\.m2\repository\io\cucumber\cucumber-expressions\16.1.1\cucumber-expressions-16.1.1.jar;C:\Users\User\.m2\repository\io\cucumber\datatable\7.11.0\datatable-7.11.0.jar;C:\Users\User\.m2\repository\io\cucumber\cucumber-plugin\7.11.0\cucumber-plugin-7.11.0.jar;C:\Users\User\.m2\repository\io\cucumber\docstring\7.11.0\docstring-7.11.0.jar;C:\Users\User\.m2\repository\io\cucumber\html-formatter\20.2.1\html-formatter-20.2.1.jar;C:\Users\User\.m2\repository\io\cucumber\junit-xml-formatter\0.1.0\junit-xml-formatter-0.1.0.jar;C:\Users\User\.m2\repository\io\cucumber\ci-environment\9.1.0\ci-environment-9.1.0.jar;C:\Users\User\.m2\repository\io\cucumber\cucumber-java\7.11.0\cucumber-java-7.11.0.jar;C:\Users\User\.m2\repository\io\cucumber\cucumber-junit\7.11.0\cucumber-junit-7.11.0.jar;C:\Users\User\.m2\repository\org\apache\commons\commons-csv\1.5\commons-csv-1.5.jar;C:\Users\User\.m2\repository\net\serenity-bdd\serenity-screenplay\3.6.21\serenity-screenplay-3.6.21.jar;C:\Users\User\.m2\repository\net\serenity-bdd\serenity-screenplay-webdriver\3.6.21\serenity-screenplay-webdriver-3.6.21.jar;C:\Users\User\.m2\repository\net\serenity-bdd\serenity-ensure\3.6.21\serenity-ensure-3.6.21.jar;C:\Users\User\.m2\repository\net\serenity-bdd\serenity-junit\3.6.21\serenity-junit-3.6.21.jar;C:\Users\User\.m2\repository\org\jetbrains\kotlin\kotlin-stdlib\1.8.10\kotlin-stdlib-1.8.10.jar;C:\Users\User\.m2\repository\org\jetbrains\kotlin\kotlin-stdlib-common\1.8.10\kotlin-stdlib-common-1.8.10.jar;C:\Users\User\.m2\repository\org\jetbrains\annotations\13.0\annotations-13.0.jar;C:\Users\User\.m2\repository\org\junit\platform\junit-platform-launcher\1.8.2\junit-platform-launcher-1.8.2.jar;C:\Users\User\.m2\repository\org\junit\platform\junit-platform-engine\1.8.2\junit-platform-engine-1.8.2.jar;C:\Users\User\.m2\repository\org\junit\platform\junit-platform-commons\1.8.2\junit-platform-commons-1.8.2.jar;C:\Users\User\.m2\repository\org\apiguardian\apiguardian-api\1.1.2\apiguardian-api-1.1.2.jar;C:\Users\User\.m2\repository\org\junit\jupiter\junit-jupiter-engine\5.8.2\junit-jupiter-engine-5.8.2.jar;C:\Users\User\.m2\repository\org\junit\jupiter\junit-jupiter-api\5.8.2\junit-jupiter-api-5.8.2.jar;C:\Users\User\.m2\repository\org\junit\vintage\junit-vintage-engine\5.8.2\junit-vintage-engine-5.8.2.jar;C:\Users\User\.m2\repository\junit\junit\4.13.2\junit-4.13.2.jar;C:\Users\User\.m2\repository\org\hamcrest\hamcrest-core\1.3\hamcrest-core-1.3.jar;C:\Users\User\.m2\repository\ch\qos\logback\logback-classic\1.2.10\logback-classic-1.2.10.jar;C:\Users\User\.m2\repository\ch\qos\logback\logback-core\1.2.10\logback-core-1.2.10.jar;C:\Users\User\.m2\repository\org\slf4j\slf4j-api\1.7.32\slf4j-api-1.7.32.jar;C:\Users\User\.m2\repository\org\assertj\assertj-core\3.23.1\assertj-core-3.23.1.jar;C:\Users\User\.m2\repository\net\bytebuddy\byte-buddy\1.12.10\byte-buddy-1.12.10.jar;C:\Users\User\.m2\repository\com\googlecode\json-simple\json-simple\1.1.1\json-simple-1.1.1.jar;"/>
    <property name="java.vm.vendor" value="Oracle Corporation"/>
    <property name="sun.arch.data.model" value="64"/>
    <property name="user.variant" value=""/>
    <property name="java.vendor.url" value="https://java.oracle.com/"/>
    <property name="user.timezone" value="Asia/Jakarta"/>
    <property name="os.name" value="Windows 10"/>
    <property name="java.vm.specification.version" value="19"/>
    <property name="sun.java.launcher" value="SUN_STANDARD"/>
    <property name="user.country" value="ID"/>
    <property name="sun.boot.library.path" value="C:\Program Files\Java\jdk-19\bin"/>
    <property name="sun.java.command" value="org.apache.maven.surefire.booter.ForkedBooter C:\Users\User\AppData\Local\Temp\surefire3011896034645384858 2023-05-10T21-56-49_270-jvmRun1 surefire12003148361404463665tmp surefire_03877847069889569864tmp"/>
    <property name="jdk.debug" value="release"/>
    <property name="surefire.test.class.path" value="D:\download\API_Minpro (1)\APIMinpro\API\minpro\target\test-classes;C:\Users\User\.m2\repository\net\serenity-bdd\serenity-rest-assured\3.6.22\serenity-rest-assured-3.6.22.jar;C:\Users\User\.m2\repository\org\apache\httpcomponents\httpclient\4.5.13\httpclient-4.5.13.jar;C:\Users\User\.m2\repository\org\apache\httpcomponents\httpcore\4.4.13\httpcore-4.4.13.jar;C:\Users\User\.m2\repository\commons-logging\commons-logging\1.2\commons-logging-1.2.jar;C:\Users\User\.m2\repository\io\rest-assured\rest-assured\5.3.0\rest-assured-5.3.0.jar;C:\Users\User\.m2\repository\org\apache\httpcomponents\httpmime\4.5.13\httpmime-4.5.13.jar;C:\Users\User\.m2\repository\org\ccil\cowan\tagsoup\tagsoup\1.2.1\tagsoup-1.2.1.jar;C:\Users\User\.m2\repository\io\rest-assured\json-path\5.3.0\json-path-5.3.0.jar;C:\Users\User\.m2\repository\io\rest-assured\rest-assured-common\5.3.0\rest-assured-common-5.3.0.jar;C:\Users\User\.m2\repository\io\rest-assured\xml-path\5.3.0\xml-path-5.3.0.jar;C:\Users\User\.m2\repository\org\apache\groovy\groovy-json\4.0.10\groovy-json-4.0.10.jar;C:\Users\User\.m2\repository\org\apache\groovy\groovy-xml\4.0.10\groovy-xml-4.0.10.jar;C:\Users\User\.m2\repository\org\apache\groovy\groovy\4.0.10\groovy-4.0.10.jar;C:\Users\User\.m2\repository\org\opentest4j\opentest4j\1.2.0\opentest4j-1.2.0.jar;C:\Users\User\.m2\repository\net\serenity-bdd\serenity-core\3.6.21\serenity-core-3.6.21.jar;C:\Users\User\.m2\repository\net\serenity-bdd\serenity-model\3.6.21\serenity-model-3.6.21.jar;C:\Users\User\.m2\repository\org\apache\commons\commons-text\1.10.0\commons-text-1.10.0.jar;C:\Users\User\.m2\repository\commons-net\commons-net\3.9.0\commons-net-3.9.0.jar;C:\Users\User\.m2\repository\com\google\guava\guava\31.1-jre\guava-31.1-jre.jar;C:\Users\User\.m2\repository\com\google\guava\failureaccess\1.0.1\failureaccess-1.0.1.jar;C:\Users\User\.m2\repository\com\google\guava\listenablefuture\9999.0-empty-to-avoid-conflict-with-guava\listenablefuture-9999.0-empty-to-avoid-conflict-with-guava.jar;C:\Users\User\.m2\repository\com\google\code\findbugs\jsr305\3.0.2\jsr305-3.0.2.jar;C:\Users\User\.m2\repository\org\checkerframework\checker-qual\3.12.0\checker-qual-3.12.0.jar;C:\Users\User\.m2\repository\com\google\errorprone\error_prone_annotations\2.11.0\error_prone_annotations-2.11.0.jar;C:\Users\User\.m2\repository\com\google\j2objc\j2objc-annotations\1.3\j2objc-annotations-1.3.jar;C:\Users\User\.m2\repository\com\google\inject\guice\5.1.0\guice-5.1.0.jar;C:\Users\User\.m2\repository\javax\inject\javax.inject\1\javax.inject-1.jar;C:\Users\User\.m2\repository\aopalliance\aopalliance\1.0\aopalliance-1.0.jar;C:\Users\User\.m2\repository\org\jsoup\jsoup\1.14.3\jsoup-1.14.3.jar;C:\Users\User\.m2\repository\com\thoughtworks\xstream\xstream\1.4.20\xstream-1.4.20.jar;C:\Users\User\.m2\repository\io\github\x-stream\mxparser\1.2.2\mxparser-1.2.2.jar;C:\Users\User\.m2\repository\xmlpull\xmlpull\1.1.3.1\xmlpull-1.1.3.1.jar;C:\Users\User\.m2\repository\com\typesafe\config\1.4.2\config-1.4.2.jar;C:\Users\User\.m2\repository\org\imgscalr\imgscalr-lib\4.2\imgscalr-lib-4.2.jar;C:\Users\User\.m2\repository\org\awaitility\awaitility\4.2.0\awaitility-4.2.0.jar;C:\Users\User\.m2\repository\org\freemarker\freemarker\2.3.31\freemarker-2.3.31.jar;C:\Users\User\.m2\repository\io\github\classgraph\classgraph\4.8.138\classgraph-4.8.138.jar;C:\Users\User\.m2\repository\net\sourceforge\jexcelapi\jxl\2.6.12\jxl-2.6.12.jar;C:\Users\User\.m2\repository\net\bytebuddy\byte-buddy-agent\1.14.2\byte-buddy-agent-1.14.2.jar;C:\Users\User\.m2\repository\org\objenesis\objenesis\3.3\objenesis-3.3.jar;C:\Users\User\.m2\repository\net\serenity-bdd\serenity-reports\3.6.21\serenity-reports-3.6.21.jar;C:\Users\User\.m2\repository\net\serenity-bdd\serenity-stats\3.6.21\serenity-stats-3.6.21.jar;C:\Users\User\.m2\repository\net\serenity-bdd\serenity-reports-configuration\3.6.21\serenity-reports-configuration-3.6.21.jar;C:\Users\User\.m2\repository\com\vladsch\flexmark\flexmark-all\0.62.2\flexmark-all-0.62.2.jar;C:\Users\User\.m2\repository\com\vladsch\flexmark\flexmark\0.62.2\flexmark-0.62.2.jar;C:\Users\User\.m2\repository\com\vladsch\flexmark\flexmark-ext-abbreviation\0.62.2\flexmark-ext-abbreviation-0.62.2.jar;C:\Users\User\.m2\repository\com\vladsch\flexmark\flexmark-util\0.62.2\flexmark-util-0.62.2.jar;C:\Users\User\.m2\repository\com\vladsch\flexmark\flexmark-ext-admonition\0.62.2\flexmark-ext-admonition-0.62.2.jar;C:\Users\User\.m2\repository\com\vladsch\flexmark\flexmark-ext-anchorlink\0.62.2\flexmark-ext-anchorlink-0.62.2.jar;C:\Users\User\.m2\repository\com\vladsch\flexmark\flexmark-ext-aside\0.62.2\flexmark-ext-aside-0.62.2.jar;C:\Users\User\.m2\repository\com\vladsch\flexmark\flexmark-ext-attributes\0.62.2\flexmark-ext-attributes-0.62.2.jar;C:\Users\User\.m2\repository\com\vladsch\flexmark\flexmark-ext-autolink\0.62.2\flexmark-ext-autolink-0.62.2.jar;C:\Users\User\.m2\repository\org\nibor\autolink\autolink\0.6.0\autolink-0.6.0.jar;C:\Users\User\.m2\repository\com\vladsch\flexmark\flexmark-ext-definition\0.62.2\flexmark-ext-definition-0.62.2.jar;C:\Users\User\.m2\repository\com\vladsch\flexmark\flexmark-ext-emoji\0.62.2\flexmark-ext-emoji-0.62.2.jar;C:\Users\User\.m2\repository\com\vladsch\flexmark\flexmark-ext-enumerated-reference\0.62.2\flexmark-ext-enumerated-reference-0.62.2.jar;C:\Users\User\.m2\repository\com\vladsch\flexmark\flexmark-ext-escaped-character\0.62.2\flexmark-ext-escaped-character-0.62.2.jar;C:\Users\User\.m2\repository\com\vladsch\flexmark\flexmark-ext-footnotes\0.62.2\flexmark-ext-footnotes-0.62.2.jar;C:\Users\User\.m2\repository\com\vladsch\flexmark\flexmark-ext-gfm-issues\0.62.2\flexmark-ext-gfm-issues-0.62.2.jar;C:\Users\User\.m2\repository\com\vladsch\flexmark\flexmark-ext-gfm-strikethrough\0.62.2\flexmark-ext-gfm-strikethrough-0.62.2.jar;C:\Users\User\.m2\repository\com\vladsch\flexmark\flexmark-ext-gfm-tasklist\0.62.2\flexmark-ext-gfm-tasklist-0.62.2.jar;C:\Users\User\.m2\repository\com\vladsch\flexmark\flexmark-ext-gfm-users\0.62.2\flexmark-ext-gfm-users-0.62.2.jar;C:\Users\User\.m2\repository\com\vladsch\flexmark\flexmark-ext-gitlab\0.62.2\flexmark-ext-gitlab-0.62.2.jar;C:\Users\User\.m2\repository\com\vladsch\flexmark\flexmark-ext-jekyll-front-matter\0.62.2\flexmark-ext-jekyll-front-matter-0.62.2.jar;C:\Users\User\.m2\repository\com\vladsch\flexmark\flexmark-ext-jekyll-tag\0.62.2\flexmark-ext-jekyll-tag-0.62.2.jar;C:\Users\User\.m2\repository\com\vladsch\flexmark\flexmark-ext-media-tags\0.62.2\flexmark-ext-media-tags-0.62.2.jar;C:\Users\User\.m2\repository\com\vladsch\flexmark\flexmark-ext-macros\0.62.2\flexmark-ext-macros-0.62.2.jar;C:\Users\User\.m2\repository\com\vladsch\flexmark\flexmark-ext-ins\0.62.2\flexmark-ext-ins-0.62.2.jar;C:\Users\User\.m2\repository\com\vladsch\flexmark\flexmark-ext-xwiki-macros\0.62.2\flexmark-ext-xwiki-macros-0.62.2.jar;C:\Users\User\.m2\repository\com\vladsch\flexmark\flexmark-ext-superscript\0.62.2\flexmark-ext-superscript-0.62.2.jar;C:\Users\User\.m2\repository\com\vladsch\flexmark\flexmark-ext-tables\0.62.2\flexmark-ext-tables-0.62.2.jar;C:\Users\User\.m2\repository\com\vladsch\flexmark\flexmark-ext-toc\0.62.2\flexmark-ext-toc-0.62.2.jar;C:\Users\User\.m2\repository\com\vladsch\flexmark\flexmark-ext-typographic\0.62.2\flexmark-ext-typographic-0.62.2.jar;C:\Users\User\.m2\repository\com\vladsch\flexmark\flexmark-ext-wikilink\0.62.2\flexmark-ext-wikilink-0.62.2.jar;C:\Users\User\.m2\repository\com\vladsch\flexmark\flexmark-ext-yaml-front-matter\0.62.2\flexmark-ext-yaml-front-matter-0.62.2.jar;C:\Users\User\.m2\repository\com\vladsch\flexmark\flexmark-ext-youtube-embedded\0.62.2\flexmark-ext-youtube-embedded-0.62.2.jar;C:\Users\User\.m2\repository\com\vladsch\flexmark\flexmark-html2md-converter\0.62.2\flexmark-html2md-converter-0.62.2.jar;C:\Users\User\.m2\repository\com\vladsch\flexmark\flexmark-jira-converter\0.62.2\flexmark-jira-converter-0.62.2.jar;C:\Users\User\.m2\repository\com\vladsch\flexmark\flexmark-pdf-converter\0.62.2\flexmark-pdf-converter-0.62.2.jar;C:\Users\User\.m2\repository\com\openhtmltopdf\openhtmltopdf-core\1.0.0\openhtmltopdf-core-1.0.0.jar;C:\Users\User\.m2\repository\com\openhtmltopdf\openhtmltopdf-pdfbox\1.0.0\openhtmltopdf-pdfbox-1.0.0.jar;C:\Users\User\.m2\repository\org\apache\pdfbox\pdfbox\2.0.16\pdfbox-2.0.16.jar;C:\Users\User\.m2\repository\org\apache\pdfbox\fontbox\2.0.16\fontbox-2.0.16.jar;C:\Users\User\.m2\repository\org\apache\pdfbox\xmpbox\2.0.16\xmpbox-2.0.16.jar;C:\Users\User\.m2\repository\de\rototor\pdfbox\graphics2d\0.24\graphics2d-0.24.jar;C:\Users\User\.m2\repository\com\openhtmltopdf\openhtmltopdf-rtl-support\1.0.0\openhtmltopdf-rtl-support-1.0.0.jar;C:\Users\User\.m2\repository\com\openhtmltopdf\openhtmltopdf-jsoup-dom-converter\1.0.0\openhtmltopdf-jsoup-dom-converter-1.0.0.jar;C:\Users\User\.m2\repository\com\vladsch\flexmark\flexmark-profile-pegdown\0.62.2\flexmark-profile-pegdown-0.62.2.jar;C:\Users\User\.m2\repository\com\vladsch\flexmark\flexmark-util-ast\0.62.2\flexmark-util-ast-0.62.2.jar;C:\Users\User\.m2\repository\com\vladsch\flexmark\flexmark-util-builder\0.62.2\flexmark-util-builder-0.62.2.jar;C:\Users\User\.m2\repository\com\vladsch\flexmark\flexmark-util-collection\0.62.2\flexmark-util-collection-0.62.2.jar;C:\Users\User\.m2\repository\com\vladsch\flexmark\flexmark-util-data\0.62.2\flexmark-util-data-0.62.2.jar;C:\Users\User\.m2\repository\com\vladsch\flexmark\flexmark-util-dependency\0.62.2\flexmark-util-dependency-0.62.2.jar;C:\Users\User\.m2\repository\com\vladsch\flexmark\flexmark-util-format\0.62.2\flexmark-util-format-0.62.2.jar;C:\Users\User\.m2\repository\com\vladsch\flexmark\flexmark-util-html\0.62.2\flexmark-util-html-0.62.2.jar;C:\Users\User\.m2\repository\com\vladsch\flexmark\flexmark-util-misc\0.62.2\flexmark-util-misc-0.62.2.jar;C:\Users\User\.m2\repository\com\vladsch\flexmark\flexmark-util-options\0.62.2\flexmark-util-options-0.62.2.jar;C:\Users\User\.m2\repository\com\vladsch\flexmark\flexmark-util-sequence\0.62.2\flexmark-util-sequence-0.62.2.jar;C:\Users\User\.m2\repository\com\vladsch\flexmark\flexmark-util-visitor\0.62.2\flexmark-util-visitor-0.62.2.jar;C:\Users\User\.m2\repository\com\vladsch\flexmark\flexmark-youtrack-converter\0.62.2\flexmark-youtrack-converter-0.62.2.jar;C:\Users\User\.m2\repository\com\ibm\icu\icu4j\72.1\icu4j-72.1.jar;C:\Users\User\.m2\repository\es\nitaur\markdown\txtmark\0.16\txtmark-0.16.jar;C:\Users\User\.m2\repository\net\serenity-bdd\serenity-report-resources\3.6.21\serenity-report-resources-3.6.21.jar;C:\Users\User\.m2\repository\com\google\code\gson\gson\2.10.1\gson-2.10.1.jar;C:\Users\User\.m2\repository\com\fasterxml\jackson\core\jackson-core\2.15.0-rc1\jackson-core-2.15.0-rc1.jar;C:\Users\User\.m2\repository\com\fasterxml\jackson\core\jackson-databind\2.15.0-rc1\jackson-databind-2.15.0-rc1.jar;C:\Users\User\.m2\repository\com\fasterxml\jackson\core\jackson-annotations\2.15.0-rc1\jackson-annotations-2.15.0-rc1.jar;C:\Users\User\.m2\repository\commons-codec\commons-codec\1.15\commons-codec-1.15.jar;C:\Users\User\.m2\repository\commons-io\commons-io\2.11.0\commons-io-2.11.0.jar;C:\Users\User\.m2\repository\org\seleniumhq\selenium\selenium-java\4.8.1\selenium-java-4.8.1.jar;C:\Users\User\.m2\repository\org\seleniumhq\selenium\selenium-devtools-v108\4.8.1\selenium-devtools-v108-4.8.1.jar;C:\Users\User\.m2\repository\org\seleniumhq\selenium\selenium-devtools-v109\4.8.1\selenium-devtools-v109-4.8.1.jar;C:\Users\User\.m2\repository\org\seleniumhq\selenium\selenium-devtools-v110\4.8.1\selenium-devtools-v110-4.8.1.jar;C:\Users\User\.m2\repository\org\seleniumhq\selenium\selenium-devtools-v85\4.8.1\selenium-devtools-v85-4.8.1.jar;C:\Users\User\.m2\repository\org\seleniumhq\selenium\selenium-remote-driver\4.8.1\selenium-remote-driver-4.8.1.jar;C:\Users\User\.m2\repository\com\beust\jcommander\1.82\jcommander-1.82.jar;C:\Users\User\.m2\repository\io\netty\netty-buffer\4.1.87.Final\netty-buffer-4.1.87.Final.jar;C:\Users\User\.m2\repository\io\netty\netty-codec-http\4.1.87.Final\netty-codec-http-4.1.87.Final.jar;C:\Users\User\.m2\repository\io\netty\netty-codec\4.1.87.Final\netty-codec-4.1.87.Final.jar;C:\Users\User\.m2\repository\io\netty\netty-handler\4.1.87.Final\netty-handler-4.1.87.Final.jar;C:\Users\User\.m2\repository\io\netty\netty-common\4.1.87.Final\netty-common-4.1.87.Final.jar;C:\Users\User\.m2\repository\io\netty\netty-transport-classes-epoll\4.1.87.Final\netty-transport-classes-epoll-4.1.87.Final.jar;C:\Users\User\.m2\repository\io\netty\netty-transport-classes-kqueue\4.1.87.Final\netty-transport-classes-kqueue-4.1.87.Final.jar;C:\Users\User\.m2\repository\io\netty\netty-transport-native-epoll\4.1.87.Final\netty-transport-native-epoll-4.1.87.Final.jar;C:\Users\User\.m2\repository\io\netty\netty-transport-native-kqueue\4.1.87.Final\netty-transport-native-kqueue-4.1.87.Final.jar;C:\Users\User\.m2\repository\io\netty\netty-transport-native-unix-common\4.1.87.Final\netty-transport-native-unix-common-4.1.87.Final.jar;C:\Users\User\.m2\repository\io\netty\netty-transport\4.1.87.Final\netty-transport-4.1.87.Final.jar;C:\Users\User\.m2\repository\io\netty\netty-resolver\4.1.87.Final\netty-resolver-4.1.87.Final.jar;C:\Users\User\.m2\repository\io\opentelemetry\opentelemetry-api\1.22.0\opentelemetry-api-1.22.0.jar;C:\Users\User\.m2\repository\io\opentelemetry\opentelemetry-context\1.22.0\opentelemetry-context-1.22.0.jar;C:\Users\User\.m2\repository\io\opentelemetry\opentelemetry-exporter-logging\1.22.0\opentelemetry-exporter-logging-1.22.0.jar;C:\Users\User\.m2\repository\io\opentelemetry\opentelemetry-sdk-metrics\1.22.0\opentelemetry-sdk-metrics-1.22.0.jar;C:\Users\User\.m2\repository\io\opentelemetry\opentelemetry-sdk-logs\1.22.0-alpha\opentelemetry-sdk-logs-1.22.0-alpha.jar;C:\Users\User\.m2\repository\io\opentelemetry\opentelemetry-api-logs\1.22.0-alpha\opentelemetry-api-logs-1.22.0-alpha.jar;C:\Users\User\.m2\repository\io\opentelemetry\opentelemetry-sdk-common\1.22.0\opentelemetry-sdk-common-1.22.0.jar;C:\Users\User\.m2\repository\io\opentelemetry\opentelemetry-sdk-extension-autoconfigure-spi\1.22.0\opentelemetry-sdk-extension-autoconfigure-spi-1.22.0.jar;C:\Users\User\.m2\repository\io\opentelemetry\opentelemetry-sdk-extension-autoconfigure\1.22.0-alpha\opentelemetry-sdk-extension-autoconfigure-1.22.0-alpha.jar;C:\Users\User\.m2\repository\io\opentelemetry\opentelemetry-sdk-trace\1.22.0\opentelemetry-sdk-trace-1.22.0.jar;C:\Users\User\.m2\repository\io\opentelemetry\opentelemetry-sdk\1.22.0\opentelemetry-sdk-1.22.0.jar;C:\Users\User\.m2\repository\io\opentelemetry\opentelemetry-semconv\1.22.0-alpha\opentelemetry-semconv-1.22.0-alpha.jar;C:\Users\User\.m2\repository\io\ous\jtoml\2.0.0\jtoml-2.0.0.jar;C:\Users\User\.m2\repository\org\apache\commons\commons-exec\1.3\commons-exec-1.3.jar;C:\Users\User\.m2\repository\org\asynchttpclient\async-http-client\2.12.3\async-http-client-2.12.3.jar;C:\Users\User\.m2\repository\org\asynchttpclient\async-http-client-netty-utils\2.12.3\async-http-client-netty-utils-2.12.3.jar;C:\Users\User\.m2\repository\io\netty\netty-codec-socks\4.1.60.Final\netty-codec-socks-4.1.60.Final.jar;C:\Users\User\.m2\repository\io\netty\netty-handler-proxy\4.1.60.Final\netty-handler-proxy-4.1.60.Final.jar;C:\Users\User\.m2\repository\io\netty\netty-transport-native-epoll\4.1.60.Final\netty-transport-native-epoll-4.1.60.Final-linux-x86_64.jar;C:\Users\User\.m2\repository\io\netty\netty-transport-native-kqueue\4.1.60.Final\netty-transport-native-kqueue-4.1.60.Final-osx-x86_64.jar;C:\Users\User\.m2\repository\org\reactivestreams\reactive-streams\1.0.3\reactive-streams-1.0.3.jar;C:\Users\User\.m2\repository\com\typesafe\netty\netty-reactive-streams\2.0.4\netty-reactive-streams-2.0.4.jar;C:\Users\User\.m2\repository\org\seleniumhq\selenium\selenium-manager\4.8.1\selenium-manager-4.8.1.jar;C:\Users\User\.m2\repository\org\seleniumhq\selenium\selenium-safari-driver\4.8.1\selenium-safari-driver-4.8.1.jar;C:\Users\User\.m2\repository\org\seleniumhq\selenium\selenium-api\4.8.1\selenium-api-4.8.1.jar;C:\Users\User\.m2\repository\org\seleniumhq\selenium\selenium-support\4.8.1\selenium-support-4.8.1.jar;C:\Users\User\.m2\repository\com\google\auto\service\auto-service-annotations\1.0.1\auto-service-annotations-1.0.1.jar;C:\Users\User\.m2\repository\com\google\auto\service\auto-service\1.0.1\auto-service-1.0.1.jar;C:\Users\User\.m2\repository\com\google\auto\auto-common\1.2\auto-common-1.2.jar;C:\Users\User\.m2\repository\org\seleniumhq\selenium\selenium-json\4.8.1\selenium-json-4.8.1.jar;C:\Users\User\.m2\repository\org\seleniumhq\selenium\selenium-chrome-driver\4.8.1\selenium-chrome-driver-4.8.1.jar;C:\Users\User\.m2\repository\org\seleniumhq\selenium\selenium-chromium-driver\4.8.1\selenium-chromium-driver-4.8.1.jar;C:\Users\User\.m2\repository\org\seleniumhq\selenium\selenium-firefox-driver\4.8.1\selenium-firefox-driver-4.8.1.jar;C:\Users\User\.m2\repository\org\seleniumhq\selenium\selenium-http\4.8.1\selenium-http-4.8.1.jar;C:\Users\User\.m2\repository\dev\failsafe\failsafe\3.3.0\failsafe-3.3.0.jar;C:\Users\User\.m2\repository\org\seleniumhq\selenium\selenium-edge-driver\4.8.1\selenium-edge-driver-4.8.1.jar;C:\Users\User\.m2\repository\org\seleniumhq\selenium\selenium-ie-driver\4.8.1\selenium-ie-driver-4.8.1.jar;C:\Users\User\.m2\repository\org\projectlombok\lombok\1.18.20\lombok-1.18.20.jar;C:\Users\User\.m2\repository\io\appium\java-client\8.3.0\java-client-8.3.0.jar;C:\Users\User\.m2\repository\commons-validator\commons-validator\1.7\commons-validator-1.7.jar;C:\Users\User\.m2\repository\commons-digester\commons-digester\2.1\commons-digester-2.1.jar;C:\Users\User\.m2\repository\net\sf\opencsv\opencsv\2.0\opencsv-2.0.jar;C:\Users\User\.m2\repository\commons-beanutils\commons-beanutils\1.9.4\commons-beanutils-1.9.4.jar;C:\Users\User\.m2\repository\org\apache\commons\commons-lang3\3.12.0\commons-lang3-3.12.0.jar;C:\Users\User\.m2\repository\commons-collections\commons-collections\3.2.2\commons-collections-3.2.2.jar;C:\Users\User\.m2\repository\org\fluentlenium\fluentlenium-core\0.10.2\fluentlenium-core-0.10.2.jar;C:\Users\User\.m2\repository\io\github\bonigarcia\webdrivermanager\5.3.0\webdrivermanager-5.3.0.jar;C:\Users\User\.m2\repository\com\github\docker-java\docker-java\3.2.13\docker-java-3.2.13.jar;C:\Users\User\.m2\repository\com\github\docker-java\docker-java-core\3.2.13\docker-java-core-3.2.13.jar;C:\Users\User\.m2\repository\com\github\docker-java\docker-java-api\3.2.13\docker-java-api-3.2.13.jar;C:\Users\User\.m2\repository\org\apache\commons\commons-compress\1.21\commons-compress-1.21.jar;C:\Users\User\.m2\repository\org\bouncycastle\bcpkix-jdk15on\1.64\bcpkix-jdk15on-1.64.jar;C:\Users\User\.m2\repository\org\bouncycastle\bcprov-jdk15on\1.64\bcprov-jdk15on-1.64.jar;C:\Users\User\.m2\repository\org\slf4j\jcl-over-slf4j\1.7.30\jcl-over-slf4j-1.7.30.jar;C:\Users\User\.m2\repository\com\github\docker-java\docker-java-transport-httpclient5\3.2.13\docker-java-transport-httpclient5-3.2.13.jar;C:\Users\User\.m2\repository\com\github\docker-java\docker-java-transport\3.2.13\docker-java-transport-3.2.13.jar;C:\Users\User\.m2\repository\net\java\dev\jna\jna\5.8.0\jna-5.8.0.jar;C:\Users\User\.m2\repository\org\brotli\dec\0.1.2\dec-0.1.2.jar;C:\Users\User\.m2\repository\org\apache\httpcomponents\client5\httpclient5\5.1.3\httpclient5-5.1.3.jar;C:\Users\User\.m2\repository\org\apache\httpcomponents\core5\httpcore5\5.1.3\httpcore5-5.1.3.jar;C:\Users\User\.m2\repository\org\apache\httpcomponents\core5\httpcore5-h2\5.1.3\httpcore5-h2-5.1.3.jar;C:\Users\User\.m2\repository\com\jhlabs\filters\2.0.235\filters-2.0.235.jar;C:\Users\User\.m2\repository\com\paulhammant\ngwebdriver\1.1.6\ngwebdriver-1.1.6.jar;C:\Users\User\.m2\repository\joda-time\joda-time\2.12.2\joda-time-2.12.2.jar;C:\Users\User\.m2\repository\org\hamcrest\hamcrest\2.2\hamcrest-2.2.jar;C:\Users\User\.m2\repository\com\google\jimfs\jimfs\1.2\jimfs-1.2.jar;C:\Users\User\.m2\repository\org\mockito\mockito-core\3.3.3\mockito-core-3.3.3.jar;C:\Users\User\.m2\repository\javax\xml\bind\jaxb-api\2.3.1\jaxb-api-2.3.1.jar;C:\Users\User\.m2\repository\javax\activation\javax.activation-api\1.2.0\javax.activation-api-1.2.0.jar;C:\Users\User\.m2\repository\com\sun\xml\bind\jaxb-core\2.3.0.1\jaxb-core-2.3.0.1.jar;C:\Users\User\.m2\repository\com\sun\xml\bind\jaxb-impl\2.3.3\jaxb-impl-2.3.3.jar;C:\Users\User\.m2\repository\jakarta\xml\bind\jakarta.xml.bind-api\2.3.3\jakarta.xml.bind-api-2.3.3.jar;C:\Users\User\.m2\repository\com\sun\activation\jakarta.activation\1.2.2\jakarta.activation-1.2.2.jar;C:\Users\User\.m2\repository\javax\activation\activation\1.1.1\activation-1.1.1.jar;C:\Users\User\.m2\repository\net\serenity-bdd\serenity-cucumber\3.6.21\serenity-cucumber-3.6.21.jar;C:\Users\User\.m2\repository\io\cucumber\cucumber-core\7.11.0\cucumber-core-7.11.0.jar;C:\Users\User\.m2\repository\io\cucumber\cucumber-gherkin\7.11.0\cucumber-gherkin-7.11.0.jar;C:\Users\User\.m2\repository\io\cucumber\cucumber-gherkin-messages\7.11.0\cucumber-gherkin-messages-7.11.0.jar;C:\Users\User\.m2\repository\io\cucumber\gherkin\26.0.3\gherkin-26.0.3.jar;C:\Users\User\.m2\repository\io\cucumber\messages\21.0.1\messages-21.0.1.jar;C:\Users\User\.m2\repository\io\cucumber\tag-expressions\5.0.1\tag-expressions-5.0.1.jar;C:\Users\User\.m2\repository\io\cucumber\cucumber-expressions\16.1.1\cucumber-expressions-16.1.1.jar;C:\Users\User\.m2\repository\io\cucumber\datatable\7.11.0\datatable-7.11.0.jar;C:\Users\User\.m2\repository\io\cucumber\cucumber-plugin\7.11.0\cucumber-plugin-7.11.0.jar;C:\Users\User\.m2\repository\io\cucumber\docstring\7.11.0\docstring-7.11.0.jar;C:\Users\User\.m2\repository\io\cucumber\html-formatter\20.2.1\html-formatter-20.2.1.jar;C:\Users\User\.m2\repository\io\cucumber\junit-xml-formatter\0.1.0\junit-xml-formatter-0.1.0.jar;C:\Users\User\.m2\repository\io\cucumber\ci-environment\9.1.0\ci-environment-9.1.0.jar;C:\Users\User\.m2\repository\io\cucumber\cucumber-java\7.11.0\cucumber-java-7.11.0.jar;C:\Users\User\.m2\repository\io\cucumber\cucumber-junit\7.11.0\cucumber-junit-7.11.0.jar;C:\Users\User\.m2\repository\org\apache\commons\commons-csv\1.5\commons-csv-1.5.jar;C:\Users\User\.m2\repository\net\serenity-bdd\serenity-screenplay\3.6.21\serenity-screenplay-3.6.21.jar;C:\Users\User\.m2\repository\net\serenity-bdd\serenity-screenplay-webdriver\3.6.21\serenity-screenplay-webdriver-3.6.21.jar;C:\Users\User\.m2\repository\net\serenity-bdd\serenity-ensure\3.6.21\serenity-ensure-3.6.21.jar;C:\Users\User\.m2\repository\net\serenity-bdd\serenity-junit\3.6.21\serenity-junit-3.6.21.jar;C:\Users\User\.m2\repository\org\jetbrains\kotlin\kotlin-stdlib\1.8.10\kotlin-stdlib-1.8.10.jar;C:\Users\User\.m2\repository\org\jetbrains\kotlin\kotlin-stdlib-common\1.8.10\kotlin-stdlib-common-1.8.10.jar;C:\Users\User\.m2\repository\org\jetbrains\annotations\13.0\annotations-13.0.jar;C:\Users\User\.m2\repository\org\junit\platform\junit-platform-launcher\1.8.2\junit-platform-launcher-1.8.2.jar;C:\Users\User\.m2\repository\org\junit\platform\junit-platform-engine\1.8.2\junit-platform-engine-1.8.2.jar;C:\Users\User\.m2\repository\org\junit\platform\junit-platform-commons\1.8.2\junit-platform-commons-1.8.2.jar;C:\Users\User\.m2\repository\org\apiguardian\apiguardian-api\1.1.2\apiguardian-api-1.1.2.jar;C:\Users\User\.m2\repository\org\junit\jupiter\junit-jupiter-engine\5.8.2\junit-jupiter-engine-5.8.2.jar;C:\Users\User\.m2\repository\org\junit\jupiter\junit-jupiter-api\5.8.2\junit-jupiter-api-5.8.2.jar;C:\Users\User\.m2\repository\org\junit\vintage\junit-vintage-engine\5.8.2\junit-vintage-engine-5.8.2.jar;C:\Users\User\.m2\repository\junit\junit\4.13.2\junit-4.13.2.jar;C:\Users\User\.m2\repository\org\hamcrest\hamcrest-core\1.3\hamcrest-core-1.3.jar;C:\Users\User\.m2\repository\ch\qos\logback\logback-classic\1.2.10\logback-classic-1.2.10.jar;C:\Users\User\.m2\repository\ch\qos\logback\logback-core\1.2.10\logback-core-1.2.10.jar;C:\Users\User\.m2\repository\org\slf4j\slf4j-api\1.7.32\slf4j-api-1.7.32.jar;C:\Users\User\.m2\repository\org\assertj\assertj-core\3.23.1\assertj-core-3.23.1.jar;C:\Users\User\.m2\repository\net\bytebuddy\byte-buddy\1.12.10\byte-buddy-1.12.10.jar;C:\Users\User\.m2\repository\com\googlecode\json-simple\json-simple\1.1.1\json-simple-1.1.1.jar;"/>
    <property name="sun.cpu.endian" value="little"/>
    <property name="user.home" value="C:\Users\User"/>
    <property name="user.language" value="en"/>
    <property name="java.specification.vendor" value="Oracle Corporation"/>
    <property name="jdk.module.path" value="D:\download\API_Minpro (1)\APIMinpro\API\minpro\target\minpro-1.0-SNAPSHOT.jar"/>
    <property name="java.version.date" value="2023-01-17"/>
    <property name="java.home" value="C:\Program Files\Java\jdk-19"/>
    <property name="file.separator" value="\"/>
    <property name="basedir" value="D:\download\API_Minpro (1)\APIMinpro\API\minpro"/>
    <property name="java.vm.compressedOopsMode" value="32-bit"/>
    <property name="line.separator" value="&#10;"/>
    <property name="java.vm.specification.vendor" value="Oracle Corporation"/>
    <property name="java.specification.name" value="Java Platform API Specification"/>
    <property name="surefire.real.class.path" value="C:\Users\User\.m2\repository\org\apache\maven\surefire\surefire-booter\3.0.0-M5\surefire-booter-3.0.0-M5.jar;C:\Users\User\.m2\repository\org\apache\maven\surefire\surefire-api\3.0.0-M5\surefire-api-3.0.0-M5.jar;C:\Users\User\.m2\repository\org\apache\maven\surefire\surefire-logger-api\3.0.0-M5\surefire-logger-api-3.0.0-M5.jar;C:\Users\User\.m2\repository\org\apache\maven\surefire\surefire-shared-utils\3.0.0-M4\surefire-shared-utils-3.0.0-M4.jar;C:\Users\User\.m2\repository\org\apache\maven\surefire\surefire-extensions-spi\3.0.0-M5\surefire-extensions-spi-3.0.0-M5.jar;D:\download\API_Minpro (1)\APIMinpro\API\minpro\target\test-classes;C:\Users\User\.m2\repository\net\serenity-bdd\serenity-rest-assured\3.6.22\serenity-rest-assured-3.6.22.jar;C:\Users\User\.m2\repository\org\apache\httpcomponents\httpclient\4.5.13\httpclient-4.5.13.jar;C:\Users\User\.m2\repository\org\apache\httpcomponents\httpcore\4.4.13\httpcore-4.4.13.jar;C:\Users\User\.m2\repository\commons-logging\commons-logging\1.2\commons-logging-1.2.jar;C:\Users\User\.m2\repository\io\rest-assured\rest-assured\5.3.0\rest-assured-5.3.0.jar;C:\Users\User\.m2\repository\org\apache\httpcomponents\httpmime\4.5.13\httpmime-4.5.13.jar;C:\Users\User\.m2\repository\org\ccil\cowan\tagsoup\tagsoup\1.2.1\tagsoup-1.2.1.jar;C:\Users\User\.m2\repository\io\rest-assured\json-path\5.3.0\json-path-5.3.0.jar;C:\Users\User\.m2\repository\io\rest-assured\rest-assured-common\5.3.0\rest-assured-common-5.3.0.jar;C:\Users\User\.m2\repository\io\rest-assured\xml-path\5.3.0\xml-path-5.3.0.jar;C:\Users\User\.m2\repository\org\apache\groovy\groovy-json\4.0.10\groovy-json-4.0.10.jar;C:\Users\User\.m2\repository\org\apache\groovy\groovy-xml\4.0.10\groovy-xml-4.0.10.jar;C:\Users\User\.m2\repository\org\apache\groovy\groovy\4.0.10\groovy-4.0.10.jar;C:\Users\User\.m2\repository\org\opentest4j\opentest4j\1.2.0\opentest4j-1.2.0.jar;C:\Users\User\.m2\repository\net\serenity-bdd\serenity-core\3.6.21\serenity-core-3.6.21.jar;C:\Users\User\.m2\repository\net\serenity-bdd\serenity-model\3.6.21\serenity-model-3.6.21.jar;C:\Users\User\.m2\repository\org\apache\commons\commons-text\1.10.0\commons-text-1.10.0.jar;C:\Users\User\.m2\repository\commons-net\commons-net\3.9.0\commons-net-3.9.0.jar;C:\Users\User\.m2\repository\com\google\guava\guava\31.1-jre\guava-31.1-jre.jar;C:\Users\User\.m2\repository\com\google\guava\failureaccess\1.0.1\failureaccess-1.0.1.jar;C:\Users\User\.m2\repository\com\google\guava\listenablefuture\9999.0-empty-to-avoid-conflict-with-guava\listenablefuture-9999.0-empty-to-avoid-conflict-with-guava.jar;C:\Users\User\.m2\repository\com\google\code\findbugs\jsr305\3.0.2\jsr305-3.0.2.jar;C:\Users\User\.m2\repository\org\checkerframework\checker-qual\3.12.0\checker-qual-3.12.0.jar;C:\Users\User\.m2\repository\com\google\errorprone\error_prone_annotations\2.11.0\error_prone_annotations-2.11.0.jar;C:\Users\User\.m2\repository\com\google\j2objc\j2objc-annotations\1.3\j2objc-annotations-1.3.jar;C:\Users\User\.m2\repository\com\google\inject\guice\5.1.0\guice-5.1.0.jar;C:\Users\User\.m2\repository\javax\inject\javax.inject\1\javax.inject-1.jar;C:\Users\User\.m2\repository\aopalliance\aopalliance\1.0\aopalliance-1.0.jar;C:\Users\User\.m2\repository\org\jsoup\jsoup\1.14.3\jsoup-1.14.3.jar;C:\Users\User\.m2\repository\com\thoughtworks\xstream\xstream\1.4.20\xstream-1.4.20.jar;C:\Users\User\.m2\repository\io\github\x-stream\mxparser\1.2.2\mxparser-1.2.2.jar;C:\Users\User\.m2\repository\xmlpull\xmlpull\1.1.3.1\xmlpull-1.1.3.1.jar;C:\Users\User\.m2\repository\com\typesafe\config\1.4.2\config-1.4.2.jar;C:\Users\User\.m2\repository\org\imgscalr\imgscalr-lib\4.2\imgscalr-lib-4.2.jar;C:\Users\User\.m2\repository\org\awaitility\awaitility\4.2.0\awaitility-4.2.0.jar;C:\Users\User\.m2\repository\org\freemarker\freemarker\2.3.31\freemarker-2.3.31.jar;C:\Users\User\.m2\repository\io\github\classgraph\classgraph\4.8.138\classgraph-4.8.138.jar;C:\Users\User\.m2\repository\net\sourceforge\jexcelapi\jxl\2.6.12\jxl-2.6.12.jar;C:\Users\User\.m2\repository\net\bytebuddy\byte-buddy-agent\1.14.2\byte-buddy-agent-1.14.2.jar;C:\Users\User\.m2\repository\org\objenesis\objenesis\3.3\objenesis-3.3.jar;C:\Users\User\.m2\repository\net\serenity-bdd\serenity-reports\3.6.21\serenity-reports-3.6.21.jar;C:\Users\User\.m2\repository\net\serenity-bdd\serenity-stats\3.6.21\serenity-stats-3.6.21.jar;C:\Users\User\.m2\repository\net\serenity-bdd\serenity-reports-configuration\3.6.21\serenity-reports-configuration-3.6.21.jar;C:\Users\User\.m2\repository\com\vladsch\flexmark\flexmark-all\0.62.2\flexmark-all-0.62.2.jar;C:\Users\User\.m2\repository\com\vladsch\flexmark\flexmark\0.62.2\flexmark-0.62.2.jar;C:\Users\User\.m2\repository\com\vladsch\flexmark\flexmark-ext-abbreviation\0.62.2\flexmark-ext-abbreviation-0.62.2.jar;C:\Users\User\.m2\repository\com\vladsch\flexmark\flexmark-util\0.62.2\flexmark-util-0.62.2.jar;C:\Users\User\.m2\repository\com\vladsch\flexmark\flexmark-ext-admonition\0.62.2\flexmark-ext-admonition-0.62.2.jar;C:\Users\User\.m2\repository\com\vladsch\flexmark\flexmark-ext-anchorlink\0.62.2\flexmark-ext-anchorlink-0.62.2.jar;C:\Users\User\.m2\repository\com\vladsch\flexmark\flexmark-ext-aside\0.62.2\flexmark-ext-aside-0.62.2.jar;C:\Users\User\.m2\repository\com\vladsch\flexmark\flexmark-ext-attributes\0.62.2\flexmark-ext-attributes-0.62.2.jar;C:\Users\User\.m2\repository\com\vladsch\flexmark\flexmark-ext-autolink\0.62.2\flexmark-ext-autolink-0.62.2.jar;C:\Users\User\.m2\repository\org\nibor\autolink\autolink\0.6.0\autolink-0.6.0.jar;C:\Users\User\.m2\repository\com\vladsch\flexmark\flexmark-ext-definition\0.62.2\flexmark-ext-definition-0.62.2.jar;C:\Users\User\.m2\repository\com\vladsch\flexmark\flexmark-ext-emoji\0.62.2\flexmark-ext-emoji-0.62.2.jar;C:\Users\User\.m2\repository\com\vladsch\flexmark\flexmark-ext-enumerated-reference\0.62.2\flexmark-ext-enumerated-reference-0.62.2.jar;C:\Users\User\.m2\repository\com\vladsch\flexmark\flexmark-ext-escaped-character\0.62.2\flexmark-ext-escaped-character-0.62.2.jar;C:\Users\User\.m2\repository\com\vladsch\flexmark\flexmark-ext-footnotes\0.62.2\flexmark-ext-footnotes-0.62.2.jar;C:\Users\User\.m2\repository\com\vladsch\flexmark\flexmark-ext-gfm-issues\0.62.2\flexmark-ext-gfm-issues-0.62.2.jar;C:\Users\User\.m2\repository\com\vladsch\flexmark\flexmark-ext-gfm-strikethrough\0.62.2\flexmark-ext-gfm-strikethrough-0.62.2.jar;C:\Users\User\.m2\repository\com\vladsch\flexmark\flexmark-ext-gfm-tasklist\0.62.2\flexmark-ext-gfm-tasklist-0.62.2.jar;C:\Users\User\.m2\repository\com\vladsch\flexmark\flexmark-ext-gfm-users\0.62.2\flexmark-ext-gfm-users-0.62.2.jar;C:\Users\User\.m2\repository\com\vladsch\flexmark\flexmark-ext-gitlab\0.62.2\flexmark-ext-gitlab-0.62.2.jar;C:\Users\User\.m2\repository\com\vladsch\flexmark\flexmark-ext-jekyll-front-matter\0.62.2\flexmark-ext-jekyll-front-matter-0.62.2.jar;C:\Users\User\.m2\repository\com\vladsch\flexmark\flexmark-ext-jekyll-tag\0.62.2\flexmark-ext-jekyll-tag-0.62.2.jar;C:\Users\User\.m2\repository\com\vladsch\flexmark\flexmark-ext-media-tags\0.62.2\flexmark-ext-media-tags-0.62.2.jar;C:\Users\User\.m2\repository\com\vladsch\flexmark\flexmark-ext-macros\0.62.2\flexmark-ext-macros-0.62.2.jar;C:\Users\User\.m2\repository\com\vladsch\flexmark\flexmark-ext-ins\0.62.2\flexmark-ext-ins-0.62.2.jar;C:\Users\User\.m2\repository\com\vladsch\flexmark\flexmark-ext-xwiki-macros\0.62.2\flexmark-ext-xwiki-macros-0.62.2.jar;C:\Users\User\.m2\repository\com\vladsch\flexmark\flexmark-ext-superscript\0.62.2\flexmark-ext-superscript-0.62.2.jar;C:\Users\User\.m2\repository\com\vladsch\flexmark\flexmark-ext-tables\0.62.2\flexmark-ext-tables-0.62.2.jar;C:\Users\User\.m2\repository\com\vladsch\flexmark\flexmark-ext-toc\0.62.2\flexmark-ext-toc-0.62.2.jar;C:\Users\User\.m2\repository\com\vladsch\flexmark\flexmark-ext-typographic\0.62.2\flexmark-ext-typographic-0.62.2.jar;C:\Users\User\.m2\repository\com\vladsch\flexmark\flexmark-ext-wikilink\0.62.2\flexmark-ext-wikilink-0.62.2.jar;C:\Users\User\.m2\repository\com\vladsch\flexmark\flexmark-ext-yaml-front-matter\0.62.2\flexmark-ext-yaml-front-matter-0.62.2.jar;C:\Users\User\.m2\repository\com\vladsch\flexmark\flexmark-ext-youtube-embedded\0.62.2\flexmark-ext-youtube-embedded-0.62.2.jar;C:\Users\User\.m2\repository\com\vladsch\flexmark\flexmark-html2md-converter\0.62.2\flexmark-html2md-converter-0.62.2.jar;C:\Users\User\.m2\repository\com\vladsch\flexmark\flexmark-jira-converter\0.62.2\flexmark-jira-converter-0.62.2.jar;C:\Users\User\.m2\repository\com\vladsch\flexmark\flexmark-pdf-converter\0.62.2\flexmark-pdf-converter-0.62.2.jar;C:\Users\User\.m2\repository\com\openhtmltopdf\openhtmltopdf-core\1.0.0\openhtmltopdf-core-1.0.0.jar;C:\Users\User\.m2\repository\com\openhtmltopdf\openhtmltopdf-pdfbox\1.0.0\openhtmltopdf-pdfbox-1.0.0.jar;C:\Users\User\.m2\repository\org\apache\pdfbox\pdfbox\2.0.16\pdfbox-2.0.16.jar;C:\Users\User\.m2\repository\org\apache\pdfbox\fontbox\2.0.16\fontbox-2.0.16.jar;C:\Users\User\.m2\repository\org\apache\pdfbox\xmpbox\2.0.16\xmpbox-2.0.16.jar;C:\Users\User\.m2\repository\de\rototor\pdfbox\graphics2d\0.24\graphics2d-0.24.jar;C:\Users\User\.m2\repository\com\openhtmltopdf\openhtmltopdf-rtl-support\1.0.0\openhtmltopdf-rtl-support-1.0.0.jar;C:\Users\User\.m2\repository\com\openhtmltopdf\openhtmltopdf-jsoup-dom-converter\1.0.0\openhtmltopdf-jsoup-dom-converter-1.0.0.jar;C:\Users\User\.m2\repository\com\vladsch\flexmark\flexmark-profile-pegdown\0.62.2\flexmark-profile-pegdown-0.62.2.jar;C:\Users\User\.m2\repository\com\vladsch\flexmark\flexmark-util-ast\0.62.2\flexmark-util-ast-0.62.2.jar;C:\Users\User\.m2\repository\com\vladsch\flexmark\flexmark-util-builder\0.62.2\flexmark-util-builder-0.62.2.jar;C:\Users\User\.m2\repository\com\vladsch\flexmark\flexmark-util-collection\0.62.2\flexmark-util-collection-0.62.2.jar;C:\Users\User\.m2\repository\com\vladsch\flexmark\flexmark-util-data\0.62.2\flexmark-util-data-0.62.2.jar;C:\Users\User\.m2\repository\com\vladsch\flexmark\flexmark-util-dependency\0.62.2\flexmark-util-dependency-0.62.2.jar;C:\Users\User\.m2\repository\com\vladsch\flexmark\flexmark-util-format\0.62.2\flexmark-util-format-0.62.2.jar;C:\Users\User\.m2\repository\com\vladsch\flexmark\flexmark-util-html\0.62.2\flexmark-util-html-0.62.2.jar;C:\Users\User\.m2\repository\com\vladsch\flexmark\flexmark-util-misc\0.62.2\flexmark-util-misc-0.62.2.jar;C:\Users\User\.m2\repository\com\vladsch\flexmark\flexmark-util-options\0.62.2\flexmark-util-options-0.62.2.jar;C:\Users\User\.m2\repository\com\vladsch\flexmark\flexmark-util-sequence\0.62.2\flexmark-util-sequence-0.62.2.jar;C:\Users\User\.m2\repository\com\vladsch\flexmark\flexmark-util-visitor\0.62.2\flexmark-util-visitor-0.62.2.jar;C:\Users\User\.m2\repository\com\vladsch\flexmark\flexmark-youtrack-converter\0.62.2\flexmark-youtrack-converter-0.62.2.jar;C:\Users\User\.m2\repository\com\ibm\icu\icu4j\72.1\icu4j-72.1.jar;C:\Users\User\.m2\repository\es\nitaur\markdown\txtmark\0.16\txtmark-0.16.jar;C:\Users\User\.m2\repository\net\serenity-bdd\serenity-report-resources\3.6.21\serenity-report-resources-3.6.21.jar;C:\Users\User\.m2\repository\com\google\code\gson\gson\2.10.1\gson-2.10.1.jar;C:\Users\User\.m2\repository\com\fasterxml\jackson\core\jackson-core\2.15.0-rc1\jackson-core-2.15.0-rc1.jar;C:\Users\User\.m2\repository\com\fasterxml\jackson\core\jackson-databind\2.15.0-rc1\jackson-databind-2.15.0-rc1.jar;C:\Users\User\.m2\repository\com\fasterxml\jackson\core\jackson-annotations\2.15.0-rc1\jackson-annotations-2.15.0-rc1.jar;C:\Users\User\.m2\repository\commons-codec\commons-codec\1.15\commons-codec-1.15.jar;C:\Users\User\.m2\repository\commons-io\commons-io\2.11.0\commons-io-2.11.0.jar;C:\Users\User\.m2\repository\org\seleniumhq\selenium\selenium-java\4.8.1\selenium-java-4.8.1.jar;C:\Users\User\.m2\repository\org\seleniumhq\selenium\selenium-devtools-v108\4.8.1\selenium-devtools-v108-4.8.1.jar;C:\Users\User\.m2\repository\org\seleniumhq\selenium\selenium-devtools-v109\4.8.1\selenium-devtools-v109-4.8.1.jar;C:\Users\User\.m2\repository\org\seleniumhq\selenium\selenium-devtools-v110\4.8.1\selenium-devtools-v110-4.8.1.jar;C:\Users\User\.m2\repository\org\seleniumhq\selenium\selenium-devtools-v85\4.8.1\selenium-devtools-v85-4.8.1.jar;C:\Users\User\.m2\repository\org\seleniumhq\selenium\selenium-remote-driver\4.8.1\selenium-remote-driver-4.8.1.jar;C:\Users\User\.m2\repository\com\beust\jcommander\1.82\jcommander-1.82.jar;C:\Users\User\.m2\repository\io\netty\netty-buffer\4.1.87.Final\netty-buffer-4.1.87.Final.jar;C:\Users\User\.m2\repository\io\netty\netty-codec-http\4.1.87.Final\netty-codec-http-4.1.87.Final.jar;C:\Users\User\.m2\repository\io\netty\netty-codec\4.1.87.Final\netty-codec-4.1.87.Final.jar;C:\Users\User\.m2\repository\io\netty\netty-handler\4.1.87.Final\netty-handler-4.1.87.Final.jar;C:\Users\User\.m2\repository\io\netty\netty-common\4.1.87.Final\netty-common-4.1.87.Final.jar;C:\Users\User\.m2\repository\io\netty\netty-transport-classes-epoll\4.1.87.Final\netty-transport-classes-epoll-4.1.87.Final.jar;C:\Users\User\.m2\repository\io\netty\netty-transport-classes-kqueue\4.1.87.Final\netty-transport-classes-kqueue-4.1.87.Final.jar;C:\Users\User\.m2\repository\io\netty\netty-transport-native-epoll\4.1.87.Final\netty-transport-native-epoll-4.1.87.Final.jar;C:\Users\User\.m2\repository\io\netty\netty-transport-native-kqueue\4.1.87.Final\netty-transport-native-kqueue-4.1.87.Final.jar;C:\Users\User\.m2\repository\io\netty\netty-transport-native-unix-common\4.1.87.Final\netty-transport-native-unix-common-4.1.87.Final.jar;C:\Users\User\.m2\repository\io\netty\netty-transport\4.1.87.Final\netty-transport-4.1.87.Final.jar;C:\Users\User\.m2\repository\io\netty\netty-resolver\4.1.87.Final\netty-resolver-4.1.87.Final.jar;C:\Users\User\.m2\repository\io\opentelemetry\opentelemetry-api\1.22.0\opentelemetry-api-1.22.0.jar;C:\Users\User\.m2\repository\io\opentelemetry\opentelemetry-context\1.22.0\opentelemetry-context-1.22.0.jar;C:\Users\User\.m2\repository\io\opentelemetry\opentelemetry-exporter-logging\1.22.0\opentelemetry-exporter-logging-1.22.0.jar;C:\Users\User\.m2\repository\io\opentelemetry\opentelemetry-sdk-metrics\1.22.0\opentelemetry-sdk-metrics-1.22.0.jar;C:\Users\User\.m2\repository\io\opentelemetry\opentelemetry-sdk-logs\1.22.0-alpha\opentelemetry-sdk-logs-1.22.0-alpha.jar;C:\Users\User\.m2\repository\io\opentelemetry\opentelemetry-api-logs\1.22.0-alpha\opentelemetry-api-logs-1.22.0-alpha.jar;C:\Users\User\.m2\repository\io\opentelemetry\opentelemetry-sdk-common\1.22.0\opentelemetry-sdk-common-1.22.0.jar;C:\Users\User\.m2\repository\io\opentelemetry\opentelemetry-sdk-extension-autoconfigure-spi\1.22.0\opentelemetry-sdk-extension-autoconfigure-spi-1.22.0.jar;C:\Users\User\.m2\repository\io\opentelemetry\opentelemetry-sdk-extension-autoconfigure\1.22.0-alpha\opentelemetry-sdk-extension-autoconfigure-1.22.0-alpha.jar;C:\Users\User\.m2\repository\io\opentelemetry\opentelemetry-sdk-trace\1.22.0\opentelemetry-sdk-trace-1.22.0.jar;C:\Users\User\.m2\repository\io\opentelemetry\opentelemetry-sdk\1.22.0\opentelemetry-sdk-1.22.0.jar;C:\Users\User\.m2\repository\io\opentelemetry\opentelemetry-semconv\1.22.0-alpha\opentelemetry-semconv-1.22.0-alpha.jar;C:\Users\User\.m2\repository\io\ous\jtoml\2.0.0\jtoml-2.0.0.jar;C:\Users\User\.m2\repository\org\apache\commons\commons-exec\1.3\commons-exec-1.3.jar;C:\Users\User\.m2\repository\org\asynchttpclient\async-http-client\2.12.3\async-http-client-2.12.3.jar;C:\Users\User\.m2\repository\org\asynchttpclient\async-http-client-netty-utils\2.12.3\async-http-client-netty-utils-2.12.3.jar;C:\Users\User\.m2\repository\io\netty\netty-codec-socks\4.1.60.Final\netty-codec-socks-4.1.60.Final.jar;C:\Users\User\.m2\repository\io\netty\netty-handler-proxy\4.1.60.Final\netty-handler-proxy-4.1.60.Final.jar;C:\Users\User\.m2\repository\io\netty\netty-transport-native-epoll\4.1.60.Final\netty-transport-native-epoll-4.1.60.Final-linux-x86_64.jar;C:\Users\User\.m2\repository\io\netty\netty-transport-native-kqueue\4.1.60.Final\netty-transport-native-kqueue-4.1.60.Final-osx-x86_64.jar;C:\Users\User\.m2\repository\org\reactivestreams\reactive-streams\1.0.3\reactive-streams-1.0.3.jar;C:\Users\User\.m2\repository\com\typesafe\netty\netty-reactive-streams\2.0.4\netty-reactive-streams-2.0.4.jar;C:\Users\User\.m2\repository\org\seleniumhq\selenium\selenium-manager\4.8.1\selenium-manager-4.8.1.jar;C:\Users\User\.m2\repository\org\seleniumhq\selenium\selenium-safari-driver\4.8.1\selenium-safari-driver-4.8.1.jar;C:\Users\User\.m2\repository\org\seleniumhq\selenium\selenium-api\4.8.1\selenium-api-4.8.1.jar;C:\Users\User\.m2\repository\org\seleniumhq\selenium\selenium-support\4.8.1\selenium-support-4.8.1.jar;C:\Users\User\.m2\repository\com\google\auto\service\auto-service-annotations\1.0.1\auto-service-annotations-1.0.1.jar;C:\Users\User\.m2\repository\com\google\auto\service\auto-service\1.0.1\auto-service-1.0.1.jar;C:\Users\User\.m2\repository\com\google\auto\auto-common\1.2\auto-common-1.2.jar;C:\Users\User\.m2\repository\org\seleniumhq\selenium\selenium-json\4.8.1\selenium-json-4.8.1.jar;C:\Users\User\.m2\repository\org\seleniumhq\selenium\selenium-chrome-driver\4.8.1\selenium-chrome-driver-4.8.1.jar;C:\Users\User\.m2\repository\org\seleniumhq\selenium\selenium-chromium-driver\4.8.1\selenium-chromium-driver-4.8.1.jar;C:\Users\User\.m2\repository\org\seleniumhq\selenium\selenium-firefox-driver\4.8.1\selenium-firefox-driver-4.8.1.jar;C:\Users\User\.m2\repository\org\seleniumhq\selenium\selenium-http\4.8.1\selenium-http-4.8.1.jar;C:\Users\User\.m2\repository\dev\failsafe\failsafe\3.3.0\failsafe-3.3.0.jar;C:\Users\User\.m2\repository\org\seleniumhq\selenium\selenium-edge-driver\4.8.1\selenium-edge-driver-4.8.1.jar;C:\Users\User\.m2\repository\org\seleniumhq\selenium\selenium-ie-driver\4.8.1\selenium-ie-driver-4.8.1.jar;C:\Users\User\.m2\repository\org\projectlombok\lombok\1.18.20\lombok-1.18.20.jar;C:\Users\User\.m2\repository\io\appium\java-client\8.3.0\java-client-8.3.0.jar;C:\Users\User\.m2\repository\commons-validator\commons-validator\1.7\commons-validator-1.7.jar;C:\Users\User\.m2\repository\commons-digester\commons-digester\2.1\commons-digester-2.1.jar;C:\Users\User\.m2\repository\net\sf\opencsv\opencsv\2.0\opencsv-2.0.jar;C:\Users\User\.m2\repository\commons-beanutils\commons-beanutils\1.9.4\commons-beanutils-1.9.4.jar;C:\Users\User\.m2\repository\org\apache\commons\commons-lang3\3.12.0\commons-lang3-3.12.0.jar;C:\Users\User\.m2\repository\commons-collections\commons-collections\3.2.2\commons-collections-3.2.2.jar;C:\Users\User\.m2\repository\org\fluentlenium\fluentlenium-core\0.10.2\fluentlenium-core-0.10.2.jar;C:\Users\User\.m2\repository\io\github\bonigarcia\webdrivermanager\5.3.0\webdrivermanager-5.3.0.jar;C:\Users\User\.m2\repository\com\github\docker-java\docker-java\3.2.13\docker-java-3.2.13.jar;C:\Users\User\.m2\repository\com\github\docker-java\docker-java-core\3.2.13\docker-java-core-3.2.13.jar;C:\Users\User\.m2\repository\com\github\docker-java\docker-java-api\3.2.13\docker-java-api-3.2.13.jar;C:\Users\User\.m2\repository\org\apache\commons\commons-compress\1.21\commons-compress-1.21.jar;C:\Users\User\.m2\repository\org\bouncycastle\bcpkix-jdk15on\1.64\bcpkix-jdk15on-1.64.jar;C:\Users\User\.m2\repository\org\bouncycastle\bcprov-jdk15on\1.64\bcprov-jdk15on-1.64.jar;C:\Users\User\.m2\repository\org\slf4j\jcl-over-slf4j\1.7.30\jcl-over-slf4j-1.7.30.jar;C:\Users\User\.m2\repository\com\github\docker-java\docker-java-transport-httpclient5\3.2.13\docker-java-transport-httpclient5-3.2.13.jar;C:\Users\User\.m2\repository\com\github\docker-java\docker-java-transport\3.2.13\docker-java-transport-3.2.13.jar;C:\Users\User\.m2\repository\net\java\dev\jna\jna\5.8.0\jna-5.8.0.jar;C:\Users\User\.m2\repository\org\brotli\dec\0.1.2\dec-0.1.2.jar;C:\Users\User\.m2\repository\org\apache\httpcomponents\client5\httpclient5\5.1.3\httpclient5-5.1.3.jar;C:\Users\User\.m2\repository\org\apache\httpcomponents\core5\httpcore5\5.1.3\httpcore5-5.1.3.jar;C:\Users\User\.m2\repository\org\apache\httpcomponents\core5\httpcore5-h2\5.1.3\httpcore5-h2-5.1.3.jar;C:\Users\User\.m2\repository\com\jhlabs\filters\2.0.235\filters-2.0.235.jar;C:\Users\User\.m2\repository\com\paulhammant\ngwebdriver\1.1.6\ngwebdriver-1.1.6.jar;C:\Users\User\.m2\repository\joda-time\joda-time\2.12.2\joda-time-2.12.2.jar;C:\Users\User\.m2\repository\org\hamcrest\hamcrest\2.2\hamcrest-2.2.jar;C:\Users\User\.m2\repository\com\google\jimfs\jimfs\1.2\jimfs-1.2.jar;C:\Users\User\.m2\repository\org\mockito\mockito-core\3.3.3\mockito-core-3.3.3.jar;C:\Users\User\.m2\repository\javax\xml\bind\jaxb-api\2.3.1\jaxb-api-2.3.1.jar;C:\Users\User\.m2\repository\javax\activation\javax.activation-api\1.2.0\javax.activation-api-1.2.0.jar;C:\Users\User\.m2\repository\com\sun\xml\bind\jaxb-core\2.3.0.1\jaxb-core-2.3.0.1.jar;C:\Users\User\.m2\repository\com\sun\xml\bind\jaxb-impl\2.3.3\jaxb-impl-2.3.3.jar;C:\Users\User\.m2\repository\jakarta\xml\bind\jakarta.xml.bind-api\2.3.3\jakarta.xml.bind-api-2.3.3.jar;C:\Users\User\.m2\repository\com\sun\activation\jakarta.activation\1.2.2\jakarta.activation-1.2.2.jar;C:\Users\User\.m2\repository\javax\activation\activation\1.1.1\activation-1.1.1.jar;C:\Users\User\.m2\repository\net\serenity-bdd\serenity-cucumber\3.6.21\serenity-cucumber-3.6.21.jar;C:\Users\User\.m2\repository\io\cucumber\cucumber-core\7.11.0\cucumber-core-7.11.0.jar;C:\Users\User\.m2\repository\io\cucumber\cucumber-gherkin\7.11.0\cucumber-gherkin-7.11.0.jar;C:\Users\User\.m2\repository\io\cucumber\cucumber-gherkin-messages\7.11.0\cucumber-gherkin-messages-7.11.0.jar;C:\Users\User\.m2\repository\io\cucumber\gherkin\26.0.3\gherkin-26.0.3.jar;C:\Users\User\.m2\repository\io\cucumber\messages\21.0.1\messages-21.0.1.jar;C:\Users\User\.m2\repository\io\cucumber\tag-expressions\5.0.1\tag-expressions-5.0.1.jar;C:\Users\User\.m2\repository\io\cucumber\cucumber-expressions\16.1.1\cucumber-expressions-16.1.1.jar;C:\Users\User\.m2\repository\io\cucumber\datatable\7.11.0\datatable-7.11.0.jar;C:\Users\User\.m2\repository\io\cucumber\cucumber-plugin\7.11.0\cucumber-plugin-7.11.0.jar;C:\Users\User\.m2\repository\io\cucumber\docstring\7.11.0\docstring-7.11.0.jar;C:\Users\User\.m2\repository\io\cucumber\html-formatter\20.2.1\html-formatter-20.2.1.jar;C:\Users\User\.m2\repository\io\cucumber\junit-xml-formatter\0.1.0\junit-xml-formatter-0.1.0.jar;C:\Users\User\.m2\repository\io\cucumber\ci-environment\9.1.0\ci-environment-9.1.0.jar;C:\Users\User\.m2\repository\io\cucumber\cucumber-java\7.11.0\cucumber-java-7.11.0.jar;C:\Users\User\.m2\repository\io\cucumber\cucumber-junit\7.11.0\cucumber-junit-7.11.0.jar;C:\Users\User\.m2\repository\org\apache\commons\commons-csv\1.5\commons-csv-1.5.jar;C:\Users\User\.m2\repository\net\serenity-bdd\serenity-screenplay\3.6.21\serenity-screenplay-3.6.21.jar;C:\Users\User\.m2\repository\net\serenity-bdd\serenity-screenplay-webdriver\3.6.21\serenity-screenplay-webdriver-3.6.21.jar;C:\Users\User\.m2\repository\net\serenity-bdd\serenity-ensure\3.6.21\serenity-ensure-3.6.21.jar;C:\Users\User\.m2\repository\net\serenity-bdd\serenity-junit\3.6.21\serenity-junit-3.6.21.jar;C:\Users\User\.m2\repository\org\jetbrains\kotlin\kotlin-stdlib\1.8.10\kotlin-stdlib-1.8.10.jar;C:\Users\User\.m2\repository\org\jetbrains\kotlin\kotlin-stdlib-common\1.8.10\kotlin-stdlib-common-1.8.10.jar;C:\Users\User\.m2\repository\org\jetbrains\annotations\13.0\annotations-13.0.jar;C:\Users\User\.m2\repository\org\junit\platform\junit-platform-launcher\1.8.2\junit-platform-launcher-1.8.2.jar;C:\Users\User\.m2\repository\org\junit\platform\junit-platform-engine\1.8.2\junit-platform-engine-1.8.2.jar;C:\Users\User\.m2\repository\org\junit\platform\junit-platform-commons\1.8.2\junit-platform-commons-1.8.2.jar;C:\Users\User\.m2\repository\org\apiguardian\apiguardian-api\1.1.2\apiguardian-api-1.1.2.jar;C:\Users\User\.m2\repository\org\junit\jupiter\junit-jupiter-engine\5.8.2\junit-jupiter-engine-5.8.2.jar;C:\Users\User\.m2\repository\org\junit\jupiter\junit-jupiter-api\5.8.2\junit-jupiter-api-5.8.2.jar;C:\Users\User\.m2\repository\org\junit\vintage\junit-vintage-engine\5.8.2\junit-vintage-engine-5.8.2.jar;C:\Users\User\.m2\repository\junit\junit\4.13.2\junit-4.13.2.jar;C:\Users\User\.m2\repository\org\hamcrest\hamcrest-core\1.3\hamcrest-core-1.3.jar;C:\Users\User\.m2\repository\ch\qos\logback\logback-classic\1.2.10\logback-classic-1.2.10.jar;C:\Users\User\.m2\repository\ch\qos\logback\logback-core\1.2.10\logback-core-1.2.10.jar;C:\Users\User\.m2\repository\org\slf4j\slf4j-api\1.7.32\slf4j-api-1.7.32.jar;C:\Users\User\.m2\repository\org\assertj\assertj-core\3.23.1\assertj-core-3.23.1.jar;C:\Users\User\.m2\repository\net\bytebuddy\byte-buddy\1.12.10\byte-buddy-1.12.10.jar;C:\Users\User\.m2\repository\com\googlecode\json-simple\json-simple\1.1.1\json-simple-1.1.1.jar;C:\Users\User\.m2\repository\org\apache\maven\surefire\surefire-junit-platform\3.0.0-M5\surefire-junit-platform-3.0.0-M5.jar;C:\Users\User\.m2\repository\org\apache\maven\surefire\common-java5\3.0.0-M5\common-java5-3.0.0-M5.jar"/>
    <property name="user.script" value=""/>
    <property name="sun.management.compiler" value="HotSpot 64-Bit Tiered Compilers"/>
    <property name="java.runtime.version" value="19.0.2+7-44"/>
    <property name="user.name" value="User"/>
    <property name="stdout.encoding" value="Cp1252"/>
    <property name="path.separator" value=";"/>
    <property name="os.version" value="10.0"/>
    <property name="java.runtime.name" value="Java(TM) SE Runtime Environment"/>
    <property name="file.encoding" value="UTF-8"/>
    <property name="webdriver.base.url" value=""/>
    <property name="java.vm.name" value="Java HotSpot(TM) 64-Bit Server VM"/>
    <property name="localRepository" value="C:\Users\User\.m2\repository"/>
    <property name="java.vendor.url.bug" value="https://bugreport.java.com/bugreport/"/>
    <property name="java.io.tmpdir" value="C:\Users\User\AppData\Local\Temp\"/>
    <property name="java.version" value="19.0.2"/>
    <property name="user.dir" value="D:\download\API_Minpro (1)\APIMinpro\API\minpro"/>
    <property name="os.arch" value="amd64"/>
    <property name="java.vm.specification.name" value="Java Virtual Machine Specification"/>
    <property name="sun.os.patch.level" value=""/>
    <property name="native.encoding" value="Cp1252"/>
    <property name="java.library.path" value="C:\Program Files\Java\jdk-19\bin;C:\Windows\Sun\Java\bin;C:\Windows\system32;C:\Windows;C:\Program Files (x86)\Common Files\Intel\Shared Files\cpp\bin\Intel64;C:\Program Files\Common Files\Oracle\Java\javapath;C:\Windows\system32;C:\Windows;C:\Windows\System32\Wbem;C:\Windows\System32\WindowsPowerShell\v1.0\;C:\Windows\System32\OpenSSH\;C:\Program Files\Java\jdk1.8.0_281\bin;C:\flutter_windows_2.5.0-stable\flutter\bin;C:\Program Files\Dart\dart-sdk\bin;C:\Program Files\nodejs\;D:\xampp8\php;C:\ProgramData\ComposerSetup\bin;C:\Program Files\Git\cmd;C:\gradle-8.0.2\bin;C:\apache-maven-3.9.1-bin\apache-maven-3.9.1\bin;%ANDROID_HOME%\platform-tools;%ANDROID_HOME%\tools;C:\webdrivers;C:\Users\User\AppData\Local\Microsoft\WindowsApps;D:\MASTER\IntelliJ IDEA 2020.3.1\bin;C:\Users\User\AppData\Local\GitHubDesktop\bin;C:\xampp\mysql\bin;C:\flutter\bin;C:\Users\User\AppData\Roaming\npm;C:\Users\User\AppData\Roaming\Composer\vendor\bin;C:\Users\User\AppData\Local\Programs\Microsoft VS Code\bin;C:\Program Files\JetBrains\IntelliJ IDEA Community Edition 2022.3.2\bin;."/>
    <property name="java.vm.info" value="mixed mode"/>
    <property name="stderr.encoding" value="Cp1252"/>
    <property name="java.vendor" value="Oracle Corporation"/>
    <property name="java.vm.version" value="19.0.2+7-44"/>
    <property name="sun.io.unicode.encoding" value="UnicodeLittle"/>
    <property name="java.class.version" value="63.0"/>
  </properties>
  <testcase name="POST - Register with valid data" classname="Register" time="24.068">
    <system-out><![CDATA[21:57:03.388 [main] DEBUG net.thucydides.core.guice.Injectors - Created injector for module net.thucydides.core.guice.ThucydidesModule
21:57:04.289 [main] DEBUG io.cucumber.core.plugin.SerenityReporter - Running feature from file:///D:/download/API_Minpro%20(1)/APIMinpro/API/minpro/src/test/resources/features/1.%20Register.feature
21:57:04.833 [main] DEBUG net.thucydides.core.guice.Injectors - Created injector for module net.thucydides.core.guice.webdriver.WebDriverModule
21:57:04.877 [main] INFO  - 

-------------------------------------------------------------------------------------
     _______. _______ .______       _______ .__   __.  __  .___________.____    ____ 
    /       ||   ____||   _  \     |   ____||  \ |  | |  | |           |\   \  /   / 
   |   (----`|  |__   |  |_)  |    |  |__   |   \|  | |  | `---|  |----` \   \/   /  
    \   \    |   __|  |      /     |   __|  |  . `  | |  |     |  |       \_    _/   
.----)   |   |  |____ |  |\  \----.|  |____ |  |\   | |  |     |  |         |  |     
|_______/    |_______|| _| `._____||_______||__| \__| |__|     |__|         |__|    
                                                                                     
 News and tutorials at http://www.serenity-bdd.info                                  
 Documentation at https://wakaleo.gitbooks.io/the-serenity-book/content/             
 Join the Serenity Community on Gitter: https://gitter.im/serenity-bdd/serenity-core 
 Serenity BDD Support and Training at http://serenity-bdd.info/#/trainingandsupport  
-------------------------------------------------------------------------------------

21:57:04.880 [main] DEBUG net.thucydides.core.steps.StepEventBus - Test suite started for story net.thucydides.core.model.Story@773abe6e
21:57:04.884 [main] INFO  - Test Suite Started: Register
21:57:04.969 [main] DEBUG io.cucumber.core.plugin.SerenityReporter - Running feature from file:///D:/download/API_Minpro%20(1)/APIMinpro/API/minpro/src/test/resources/features/2.%20Login.feature
21:57:04.977 [main] DEBUG net.thucydides.core.steps.StepEventBus - Test suite started for story net.thucydides.core.model.Story@86b1dd01
21:57:04.978 [main] INFO  - Test Suite Started: Login
21:57:04.978 [main] DEBUG io.cucumber.core.plugin.SerenityReporter - Running feature from file:///D:/download/API_Minpro%20(1)/APIMinpro/API/minpro/src/test/resources/features/3.%20User.feature
21:57:04.985 [main] DEBUG net.thucydides.core.steps.StepEventBus - Test suite started for story net.thucydides.core.model.Story@11e807f1
21:57:04.986 [main] INFO  - Test Suite Started: User Information
21:57:04.986 [main] DEBUG io.cucumber.core.plugin.SerenityReporter - Running feature from file:///D:/download/API_Minpro%20(1)/APIMinpro/API/minpro/src/test/resources/features/4.%20Categories.feature
21:57:04.997 [main] DEBUG net.thucydides.core.steps.StepEventBus - Test suite started for story net.thucydides.core.model.Story@1b5f86d1
21:57:04.998 [main] INFO  - Test Suite Started: Categories
21:57:04.998 [main] DEBUG io.cucumber.core.plugin.SerenityReporter - Running feature from file:///D:/download/API_Minpro%20(1)/APIMinpro/API/minpro/src/test/resources/features/5.%20Product.feature
21:57:05.011 [main] DEBUG net.thucydides.core.steps.StepEventBus - Test suite started for story net.thucydides.core.model.Story@5c78189e
21:57:05.012 [main] INFO  - Test Suite Started: Product
21:57:05.012 [main] DEBUG io.cucumber.core.plugin.SerenityReporter - Running feature from file:///D:/download/API_Minpro%20(1)/APIMinpro/API/minpro/src/test/resources/features/6.%20Order.feature
21:57:05.021 [main] DEBUG net.thucydides.core.steps.StepEventBus - Test suite started for story net.thucydides.core.model.Story@421cad1d
21:57:05.022 [main] INFO  - Test Suite Started: Order
21:57:05.023 [main] DEBUG io.cucumber.core.plugin.SerenityReporter - Running feature from file:///D:/download/API_Minpro%20(1)/APIMinpro/API/minpro/src/test/resources/features/7.%20Rating.feature
21:57:05.030 [main] DEBUG net.thucydides.core.steps.StepEventBus - Test suite started for story net.thucydides.core.model.Story@a2cc97b4
21:57:05.031 [main] INFO  - Test Suite Started: Rating
21:57:05.033 [main] DEBUG io.cucumber.core.plugin.SerenityReporter - Running feature from file:///D:/download/API_Minpro%20(1)/APIMinpro/API/minpro/src/test/resources/features/1.%20Register.feature
21:57:05.045 [main] DEBUG net.thucydides.core.steps.StepEventBus - Test suite started for story net.thucydides.core.model.Story@773abe6e
21:57:05.046 [main] INFO  - Test Suite Started: Register

Scenario: POST - Register with valid data              &amp#27;[90m# src/test/resources/features/1. Register.feature:7&amp#27;[0m
21:57:05.264 [main] DEBUG io.cucumber.core.plugin.SerenityReporter - Running feature from file:///D:/download/API_Minpro%20(1)/APIMinpro/API/minpro/src/test/resources/features/1.%20Register.feature
21:57:05.538 [main] INFO  - 
  _____   ___   ___   _____     ___   _____     _     ___   _____   ___   ___  
 |_   _| | __| / __| |_   _|   / __| |_   _|   /_\   | _ \ |_   _| | __| |   \ 
   | |   | _|  \__ \   | |     \__ \   | |    / _ \  |   /   | |   | _|  | |) |
   |_|   |___| |___/   |_|     |___/   |_|   /_/ \_\ |_|_\   |_|   |___| |___/ 

POST - Register with valid data(register;post---register-with-valid-data)
--------------------------------------------------------------------------------
21:57:05.845 [main] DEBUG net.thucydides.core.requirements.model.cucumber.CucumberParser - Loading feature D:\download\API_Minpro (1)\APIMinpro\API\minpro\src\test\resources\features\1. Register.feature
21:57:05.892 [main] DEBUG net.thucydides.core.requirements.model.cucumber.CucumberParser - Loading feature D:\download\API_Minpro (1)\APIMinpro\API\minpro\src\test\resources\features\2. Login.feature
21:57:05.911 [main] DEBUG net.thucydides.core.requirements.model.cucumber.CucumberParser - Loading feature D:\download\API_Minpro (1)\APIMinpro\API\minpro\src\test\resources\features\3. User.feature
21:57:05.918 [main] DEBUG net.thucydides.core.requirements.model.cucumber.CucumberParser - Loading feature D:\download\API_Minpro (1)\APIMinpro\API\minpro\src\test\resources\features\4. Categories.feature
21:57:05.939 [main] DEBUG net.thucydides.core.requirements.model.cucumber.CucumberParser - Loading feature D:\download\API_Minpro (1)\APIMinpro\API\minpro\src\test\resources\features\5. Product.feature
21:57:05.951 [main] DEBUG net.thucydides.core.requirements.model.cucumber.CucumberParser - Loading feature D:\download\API_Minpro (1)\APIMinpro\API\minpro\src\test\resources\features\6. Order.feature
21:57:05.960 [main] DEBUG net.thucydides.core.requirements.model.cucumber.CucumberParser - Loading feature D:\download\API_Minpro (1)\APIMinpro\API\minpro\src\test\resources\features\7. Rating.feature
21:57:07.437 [main] DEBUG net.thucydides.core.steps.StepInterceptor - STARTING STEP: RegisterSteps.setPostApiEndpointsRegister - I set POST api endpoints register
21:57:07.461 [main] DEBUG net.thucydides.core.steps.StepInterceptor - STEP DONE: I set POST api endpoints register
  &amp#27;[32mGiven &amp#27;[0m&amp#27;[32mI set POST api endpoints register&amp#27;[0m              &amp#27;[90m# starter.stepdefinitions.RegisterSteps.setPostApiEndpointsRegister()&amp#27;[0m
21:57:07.484 [main] DEBUG net.thucydides.core.steps.StepInterceptor - STARTING STEP: RegisterSteps.sendPostHttpRequestRegister - I send POST HTTP request register
21:57:15.058 [main] DEBUG net.thucydides.core.steps.StepInterceptor - STARTING STEP: Register.sendPostHttpRequestRegister - I set POST api endpoints register
21:57:15.059 [main] DEBUG net.thucydides.core.steps.StepInterceptor - STEP DONE: I set POST api endpoints register
21:57:16.847 [main] DEBUG org.apache.http.impl.conn.BasicClientConnectionManager - Get connection for route {s}->https://altashop-api.fly.dev:443
21:57:27.947 [main] DEBUG org.apache.http.impl.conn.DefaultClientConnectionOperator - Connecting to altashop-api.fly.dev:443
21:57:28.726 [main] DEBUG org.apache.http.client.protocol.RequestAddCookies - CookieSpec selected: ignoreCookies
21:57:28.728 [main] DEBUG org.apache.http.client.protocol.RequestAuthCache - Auth cache not set in the context
21:57:28.728 [main] DEBUG org.apache.http.client.protocol.RequestTargetAuthentication - Target auth state: UNCHALLENGED
21:57:28.729 [main] DEBUG org.apache.http.client.protocol.RequestProxyAuthentication - Proxy auth state: UNCHALLENGED
21:57:28.729 [main] DEBUG org.apache.http.impl.client.DefaultHttpClient - Attempt 1 to execute request
21:57:28.730 [main] DEBUG org.apache.http.impl.conn.DefaultClientConnection - Sending request: POST /api/auth/register HTTP/1.1
21:57:28.730 [main] DEBUG org.apache.http.wire -  >> "POST /api/auth/register HTTP/1.1[\r][\n]"
21:57:28.731 [main] DEBUG org.apache.http.wire -  >> "Accept: */*[\r][\n]"
21:57:28.732 [main] DEBUG org.apache.http.wire -  >> "Content-Type: application/json[\r][\n]"
21:57:28.732 [main] DEBUG org.apache.http.wire -  >> "Content-Length: 70[\r][\n]"
21:57:28.732 [main] DEBUG org.apache.http.wire -  >> "Host: altashop-api.fly.dev[\r][\n]"
21:57:28.732 [main] DEBUG org.apache.http.wire -  >> "Connection: Keep-Alive[\r][\n]"
21:57:28.732 [main] DEBUG org.apache.http.wire -  >> "User-Agent: Apache-HttpClient/4.5.13 (Java/19.0.2)[\r][\n]"
21:57:28.732 [main] DEBUG org.apache.http.wire -  >> "Accept-Encoding: gzip,deflate[\r][\n]"
21:57:28.733 [main] DEBUG org.apache.http.wire -  >> "[\r][\n]"
21:57:28.733 [main] DEBUG org.apache.http.headers - >> POST /api/auth/register HTTP/1.1
21:57:28.733 [main] DEBUG org.apache.http.headers - >> Accept: */*
21:57:28.733 [main] DEBUG org.apache.http.headers - >> Content-Type: application/json
21:57:28.733 [main] DEBUG org.apache.http.headers - >> Content-Length: 70
21:57:28.733 [main] DEBUG org.apache.http.headers - >> Host: altashop-api.fly.dev
21:57:28.733 [main] DEBUG org.apache.http.headers - >> Connection: Keep-Alive
21:57:28.734 [main] DEBUG org.apache.http.headers - >> User-Agent: Apache-HttpClient/4.5.13 (Java/19.0.2)
21:57:28.734 [main] DEBUG org.apache.http.headers - >> Accept-Encoding: gzip,deflate
21:57:28.734 [main] DEBUG org.apache.http.wire -  >> "{"password":"dbbdchdgcd","fullname":"dbbdchdgcd","email":"dbbdchdgcd"}"
21:57:28.913 [main] DEBUG org.apache.http.wire -  << "HTTP/1.1 200 OK[\r][\n]"
21:57:28.914 [main] DEBUG org.apache.http.wire -  << "content-type: application/json[\r][\n]"
21:57:28.915 [main] DEBUG org.apache.http.wire -  << "date: Wed, 10 May 2023 14:57:28 GMT[\r][\n]"
21:57:28.915 [main] DEBUG org.apache.http.wire -  << "content-encoding: gzip[\r][\n]"
21:57:28.915 [main] DEBUG org.apache.http.wire -  << "transfer-encoding: chunked[\r][\n]"
21:57:28.915 [main] DEBUG org.apache.http.wire -  << "server: Fly/3f2597ca (2023-05-03)[\r][\n]"
21:57:28.915 [main] DEBUG org.apache.http.wire -  << "via: 1.1 fly.io[\r][\n]"
21:57:28.915 [main] DEBUG org.apache.http.wire -  << "fly-request-id: 01H032NK3QMDCMBBT40G1A72M1-sin[\r][\n]"
21:57:28.915 [main] DEBUG org.apache.http.wire -  << "[\r][\n]"
21:57:28.916 [main] DEBUG org.apache.http.impl.conn.DefaultClientConnection - Receiving response: HTTP/1.1 200 OK
21:57:28.917 [main] DEBUG org.apache.http.headers - << HTTP/1.1 200 OK
21:57:28.917 [main] DEBUG org.apache.http.headers - << content-type: application/json
21:57:28.917 [main] DEBUG org.apache.http.headers - << date: Wed, 10 May 2023 14:57:28 GMT
21:57:28.917 [main] DEBUG org.apache.http.headers - << content-encoding: gzip
21:57:28.917 [main] DEBUG org.apache.http.headers - << transfer-encoding: chunked
21:57:28.917 [main] DEBUG org.apache.http.headers - << server: Fly/3f2597ca (2023-05-03)
21:57:28.917 [main] DEBUG org.apache.http.headers - << via: 1.1 fly.io
21:57:28.917 [main] DEBUG org.apache.http.headers - << fly-request-id: 01H032NK3QMDCMBBT40G1A72M1-sin
21:57:28.926 [main] DEBUG org.apache.http.impl.client.DefaultHttpClient - Connection can be kept alive indefinitely
21:57:28.934 [main] DEBUG io.restassured.internal.RestAssuredHttpBuilder - Parsing response as: application/json
21:57:28.935 [main] DEBUG org.apache.http.wire -  << "55[\r][\n]"
21:57:28.935 [main] DEBUG org.apache.http.wire -  << "[0x1f][0x8b][0x8][0x0][0x0][0x0][0x0][0x0][0x4][0xff][0xab]VJI,IT[0xb2][0xaa]V[0xf2]tQ[0xb2]22665[0xd1]Qr+[0xcd][0xc9][0xc9]K[0xcc]MU[0xb2]RJIJJI[0xce]HIONQ[0xd2]Qr[0xcd]M[0xcc][0xcc]A[0x17][0xc]H,..[0xcf]/JA[0x15][0xaf][0xad][0xe5][0x2][0x0][0x99];u|[[0x0][0x0][0x0]"
21:57:28.935 [main] DEBUG org.apache.http.wire -  << "[\r][\n]"
21:57:28.935 [main] DEBUG org.apache.http.wire -  << "0[\r][\n]"
21:57:28.935 [main] DEBUG org.apache.http.wire -  << "[\r][\n]"
21:57:28.936 [main] DEBUG io.restassured.internal.RestAssuredHttpBuilder - Parsed data to instance of: class org.apache.http.conn.EofSensorInputStream
21:57:29.033 [main] DEBUG org.apache.http.impl.conn.BasicClientConnectionManager - Releasing connection org.apache.http.impl.conn.ManagedClientConnectionImpl@3cf06a01
21:57:29.033 [main] DEBUG org.apache.http.impl.conn.BasicClientConnectionManager - Connection can be kept alive indefinitely
21:57:29.042 [main] DEBUG net.thucydides.core.steps.StepInterceptor - STEP DONE: I send POST HTTP request register
  &amp#27;[32mWhen &amp#27;[0m&amp#27;[32mI send POST HTTP request register&amp#27;[0m               &amp#27;[90m# starter.stepdefinitions.RegisterSteps.sendPostHttpRequestRegister()&amp#27;[0m
21:57:29.050 [main] DEBUG net.thucydides.core.steps.StepInterceptor - STARTING STEP: RegisterSteps.receiveValidHttp200Register - I receive valid HTTP response code 200 register
21:57:29.101 [main] DEBUG net.thucydides.core.steps.StepInterceptor - STEP DONE: I receive valid HTTP response code 200 register
  &amp#27;[32mThen &amp#27;[0m&amp#27;[32mI receive valid HTTP response code 200 register&amp#27;[0m &amp#27;[90m# starter.stepdefinitions.RegisterSteps.receiveValidHttp200Register()&amp#27;[0m
21:57:29.111 [main] INFO  - 
  _____   ___   ___   _____     ___     _     ___   ___   ___   ___  
 |_   _| | __| / __| |_   _|   | _ \   /_\   / __| / __| | __| |   \ 
   | |   | _|  \__ \   | |     |  _/  / _ \  \__ \ \__ \ | _|  | |) |
   |_|   |___| |___/   |_|     |_|   /_/ \_\ |___/ |___/ |___| |___/ 

POST - Register with valid data
----------------------------------------------------------------------
]]></system-out>
  </testcase>
  <testcase name="POST - Register without fullname" classname="Register" time="6.057">
    <system-out><![CDATA[
Scenario: POST - Register without fullname             &amp#27;[90m# src/test/resources/features/1. Register.feature:12&amp#27;[0m
21:57:29.144 [main] DEBUG io.cucumber.core.plugin.SerenityReporter - Running feature from file:///D:/download/API_Minpro%20(1)/APIMinpro/API/minpro/src/test/resources/features/1.%20Register.feature
21:57:29.150 [main] INFO  - 
  _____   ___   ___   _____     ___   _____     _     ___   _____   ___   ___  
 |_   _| | __| / __| |_   _|   / __| |_   _|   /_\   | _ \ |_   _| | __| |   \ 
   | |   | _|  \__ \   | |     \__ \   | |    / _ \  |   /   | |   | _|  | |) |
   |_|   |___| |___/   |_|     |___/   |_|   /_/ \_\ |_|_\   |_|   |___| |___/ 

POST - Register without fullname(register;post---register-without-fullname)
--------------------------------------------------------------------------------
21:57:29.183 [main] DEBUG net.thucydides.core.steps.StepInterceptor - STARTING STEP: RegisterSteps.setPostApiEndpointsRegister - I set POST api endpoints register
21:57:29.184 [main] DEBUG net.thucydides.core.steps.StepInterceptor - STEP DONE: I set POST api endpoints register
  &amp#27;[32mGiven &amp#27;[0m&amp#27;[32mI set POST api endpoints register&amp#27;[0m              &amp#27;[90m# starter.stepdefinitions.RegisterSteps.setPostApiEndpointsRegister()&amp#27;[0m
21:57:29.199 [main] DEBUG net.thucydides.core.steps.StepInterceptor - STARTING STEP: RegisterSteps.sendPostHttpRequestRegister2 - I send POST HTTP request register2
21:57:29.209 [main] DEBUG net.thucydides.core.steps.StepInterceptor - STARTING STEP: Register.sendPostHttpRequestRegister2 - I set POST api endpoints register
21:57:29.210 [main] DEBUG net.thucydides.core.steps.StepInterceptor - STEP DONE: I set POST api endpoints register
21:57:29.271 [main] DEBUG org.apache.http.impl.conn.BasicClientConnectionManager - Get connection for route {s}->https://altashop-api.fly.dev:443
21:57:29.272 [main] DEBUG org.apache.http.impl.conn.DefaultClientConnectionOperator - Connecting to altashop-api.fly.dev:443
21:57:29.506 [main] DEBUG org.apache.http.client.protocol.RequestAddCookies - CookieSpec selected: ignoreCookies
21:57:29.506 [main] DEBUG org.apache.http.client.protocol.RequestAuthCache - Auth cache not set in the context
21:57:29.506 [main] DEBUG org.apache.http.client.protocol.RequestTargetAuthentication - Target auth state: UNCHALLENGED
21:57:29.506 [main] DEBUG org.apache.http.client.protocol.RequestProxyAuthentication - Proxy auth state: UNCHALLENGED
21:57:29.506 [main] DEBUG org.apache.http.impl.client.DefaultHttpClient - Attempt 1 to execute request
21:57:29.506 [main] DEBUG org.apache.http.impl.conn.DefaultClientConnection - Sending request: POST /api/auth/register HTTP/1.1
21:57:29.506 [main] DEBUG org.apache.http.wire -  >> "POST /api/auth/register HTTP/1.1[\r][\n]"
21:57:29.506 [main] DEBUG org.apache.http.wire -  >> "Accept: */*[\r][\n]"
21:57:29.506 [main] DEBUG org.apache.http.wire -  >> "Content-Type: application/json[\r][\n]"
21:57:29.506 [main] DEBUG org.apache.http.wire -  >> "Content-Length: 60[\r][\n]"
21:57:29.506 [main] DEBUG org.apache.http.wire -  >> "Host: altashop-api.fly.dev[\r][\n]"
21:57:29.506 [main] DEBUG org.apache.http.wire -  >> "Connection: Keep-Alive[\r][\n]"
21:57:29.506 [main] DEBUG org.apache.http.wire -  >> "User-Agent: Apache-HttpClient/4.5.13 (Java/19.0.2)[\r][\n]"
21:57:29.507 [main] DEBUG org.apache.http.wire -  >> "Accept-Encoding: gzip,deflate[\r][\n]"
21:57:29.507 [main] DEBUG org.apache.http.wire -  >> "[\r][\n]"
21:57:29.507 [main] DEBUG org.apache.http.headers - >> POST /api/auth/register HTTP/1.1
21:57:29.507 [main] DEBUG org.apache.http.headers - >> Accept: */*
21:57:29.507 [main] DEBUG org.apache.http.headers - >> Content-Type: application/json
21:57:29.507 [main] DEBUG org.apache.http.headers - >> Content-Length: 60
21:57:29.507 [main] DEBUG org.apache.http.headers - >> Host: altashop-api.fly.dev
21:57:29.507 [main] DEBUG org.apache.http.headers - >> Connection: Keep-Alive
21:57:29.507 [main] DEBUG org.apache.http.headers - >> User-Agent: Apache-HttpClient/4.5.13 (Java/19.0.2)
21:57:29.507 [main] DEBUG org.apache.http.headers - >> Accept-Encoding: gzip,deflate
21:57:29.507 [main] DEBUG org.apache.http.wire -  >> "{"password":"gfabadbbgb","fullname":"","email":"gfabadbbgb"}"
21:57:34.195 [main] DEBUG org.apache.http.wire -  << "HTTP/1.1 400 Bad Request[\r][\n]"
21:57:34.195 [main] DEBUG org.apache.http.wire -  << "content-type: application/json[\r][\n]"
21:57:34.196 [main] DEBUG org.apache.http.wire -  << "date: Wed, 10 May 2023 14:57:28 GMT[\r][\n]"
21:57:34.196 [main] DEBUG org.apache.http.wire -  << "content-encoding: gzip[\r][\n]"
21:57:34.196 [main] DEBUG org.apache.http.wire -  << "transfer-encoding: chunked[\r][\n]"
21:57:34.196 [main] DEBUG org.apache.http.wire -  << "server: Fly/3f2597ca (2023-05-03)[\r][\n]"
21:57:34.196 [main] DEBUG org.apache.http.wire -  << "via: 1.1 fly.io[\r][\n]"
21:57:34.196 [main] DEBUG org.apache.http.wire -  << "fly-request-id: 01H032NKSCC45VFXT1H4B8SHXD-sin[\r][\n]"
21:57:34.196 [main] DEBUG org.apache.http.wire -  << "[\r][\n]"
21:57:34.196 [main] DEBUG org.apache.http.impl.conn.DefaultClientConnection - Receiving response: HTTP/1.1 400 Bad Request
21:57:34.196 [main] DEBUG org.apache.http.headers - << HTTP/1.1 400 Bad Request
21:57:34.196 [main] DEBUG org.apache.http.headers - << content-type: application/json
21:57:34.196 [main] DEBUG org.apache.http.headers - << date: Wed, 10 May 2023 14:57:28 GMT
21:57:34.197 [main] DEBUG org.apache.http.headers - << content-encoding: gzip
21:57:34.197 [main] DEBUG org.apache.http.headers - << transfer-encoding: chunked
21:57:34.197 [main] DEBUG org.apache.http.headers - << server: Fly/3f2597ca (2023-05-03)
21:57:34.197 [main] DEBUG org.apache.http.headers - << via: 1.1 fly.io
21:57:34.197 [main] DEBUG org.apache.http.headers - << fly-request-id: 01H032NKSCC45VFXT1H4B8SHXD-sin
21:57:34.198 [main] DEBUG org.apache.http.impl.client.DefaultHttpClient - Connection can be kept alive indefinitely
21:57:34.198 [main] DEBUG io.restassured.internal.RestAssuredHttpBuilder - Parsing response as: application/json
21:57:34.198 [main] DEBUG org.apache.http.wire -  << "35[\r][\n]"
21:57:34.198 [main] DEBUG org.apache.http.wire -  << "[0x1f][0x8b][0x8][0x0][0x0][0x0][0x0][0x0][0x4][0xff][0xab]VJ-*[0xca]/R[0xb2]RJ+[0xcd][0xc9][0xc9]K[0xcc]MU[0xc8],V(J-,[0xcd],JMQ[0xaa][0xe5][0x2][0x0]ok4[0xc9]![0x0][0x0][0x0]"
21:57:34.198 [main] DEBUG org.apache.http.wire -  << "[\r][\n]"
21:57:35.153 [main] DEBUG org.apache.http.wire -  << "0[\r][\n]"
21:57:35.153 [main] DEBUG org.apache.http.wire -  << "[\r][\n]"
21:57:35.154 [main] DEBUG io.restassured.internal.RestAssuredHttpBuilder - Parsed data to instance of: class org.apache.http.conn.EofSensorInputStream
21:57:35.156 [main] DEBUG org.apache.http.impl.conn.BasicClientConnectionManager - Releasing connection org.apache.http.impl.conn.ManagedClientConnectionImpl@65a4b9d6
21:57:35.157 [main] DEBUG org.apache.http.impl.conn.BasicClientConnectionManager - Connection can be kept alive indefinitely
21:57:35.158 [main] DEBUG net.thucydides.core.steps.StepInterceptor - STEP DONE: I send POST HTTP request register2
  &amp#27;[32mWhen &amp#27;[0m&amp#27;[32mI send POST HTTP request register2&amp#27;[0m              &amp#27;[90m# starter.stepdefinitions.RegisterSteps.sendPostHttpRequestRegister2()&amp#27;[0m
21:57:35.170 [main] DEBUG net.thucydides.core.steps.StepInterceptor - STARTING STEP: RegisterSteps.receiveValidHttp400Register - I receive valid HTTP response code 400 register
21:57:35.171 [main] DEBUG net.thucydides.core.steps.StepInterceptor - STEP DONE: I receive valid HTTP response code 400 register
  &amp#27;[32mThen &amp#27;[0m&amp#27;[32mI receive valid HTTP response code 400 register&amp#27;[0m &amp#27;[90m# starter.stepdefinitions.RegisterSteps.receiveValidHttp400Register()&amp#27;[0m
21:57:35.176 [main] INFO  - 
  _____   ___   ___   _____     ___     _     ___   ___   ___   ___  
 |_   _| | __| / __| |_   _|   | _ \   /_\   / __| / __| | __| |   \ 
   | |   | _|  \__ \   | |     |  _/  / _ \  \__ \ \__ \ | _|  | |) |
   |_|   |___| |___/   |_|     |_|   /_/ \_\ |___/ |___/ |___| |___/ 

POST - Register without fullname
----------------------------------------------------------------------
]]></system-out>
  </testcase>
  <testcase name="POST - Register without email" classname="Register" time="0.576">
    <system-out><![CDATA[
Scenario: POST - Register without email                &amp#27;[90m# src/test/resources/features/1. Register.feature:17&amp#27;[0m
21:57:35.195 [main] DEBUG io.cucumber.core.plugin.SerenityReporter - Running feature from file:///D:/download/API_Minpro%20(1)/APIMinpro/API/minpro/src/test/resources/features/1.%20Register.feature
21:57:35.204 [main] INFO  - 
  _____   ___   ___   _____     ___   _____     _     ___   _____   ___   ___  
 |_   _| | __| / __| |_   _|   / __| |_   _|   /_\   | _ \ |_   _| | __| |   \ 
   | |   | _|  \__ \   | |     \__ \   | |    / _ \  |   /   | |   | _|  | |) |
   |_|   |___| |___/   |_|     |___/   |_|   /_/ \_\ |_|_\   |_|   |___| |___/ 

POST - Register without email(register;post---register-without-email)
--------------------------------------------------------------------------------
21:57:35.233 [main] DEBUG net.thucydides.core.steps.StepInterceptor - STARTING STEP: RegisterSteps.setPostApiEndpointsRegister - I set POST api endpoints register
21:57:35.234 [main] DEBUG net.thucydides.core.steps.StepInterceptor - STEP DONE: I set POST api endpoints register
  &amp#27;[32mGiven &amp#27;[0m&amp#27;[32mI set POST api endpoints register&amp#27;[0m              &amp#27;[90m# starter.stepdefinitions.RegisterSteps.setPostApiEndpointsRegister()&amp#27;[0m
21:57:35.243 [main] DEBUG net.thucydides.core.steps.StepInterceptor - STARTING STEP: RegisterSteps.sendPostHttpRequestRegister3 - I send POST HTTP request register3
21:57:35.252 [main] DEBUG net.thucydides.core.steps.StepInterceptor - STARTING STEP: Register.sendPostHttpRequestRegister3 - I set POST api endpoints register
21:57:35.253 [main] DEBUG net.thucydides.core.steps.StepInterceptor - STEP DONE: I set POST api endpoints register
21:57:35.317 [main] DEBUG org.apache.http.impl.conn.BasicClientConnectionManager - Get connection for route {s}->https://altashop-api.fly.dev:443
21:57:35.317 [main] DEBUG org.apache.http.impl.conn.DefaultClientConnectionOperator - Connecting to altashop-api.fly.dev:443
21:57:35.655 [main] DEBUG org.apache.http.client.protocol.RequestAddCookies - CookieSpec selected: ignoreCookies
21:57:35.655 [main] DEBUG org.apache.http.client.protocol.RequestAuthCache - Auth cache not set in the context
21:57:35.655 [main] DEBUG org.apache.http.client.protocol.RequestTargetAuthentication - Target auth state: UNCHALLENGED
21:57:35.655 [main] DEBUG org.apache.http.client.protocol.RequestProxyAuthentication - Proxy auth state: UNCHALLENGED
21:57:35.655 [main] DEBUG org.apache.http.impl.client.DefaultHttpClient - Attempt 1 to execute request
21:57:35.655 [main] DEBUG org.apache.http.impl.conn.DefaultClientConnection - Sending request: POST /api/auth/register HTTP/1.1
21:57:35.655 [main] DEBUG org.apache.http.wire -  >> "POST /api/auth/register HTTP/1.1[\r][\n]"
21:57:35.655 [main] DEBUG org.apache.http.wire -  >> "Accept: */*[\r][\n]"
21:57:35.655 [main] DEBUG org.apache.http.wire -  >> "Content-Type: application/json[\r][\n]"
21:57:35.655 [main] DEBUG org.apache.http.wire -  >> "Content-Length: 60[\r][\n]"
21:57:35.656 [main] DEBUG org.apache.http.wire -  >> "Host: altashop-api.fly.dev[\r][\n]"
21:57:35.656 [main] DEBUG org.apache.http.wire -  >> "Connection: Keep-Alive[\r][\n]"
21:57:35.656 [main] DEBUG org.apache.http.wire -  >> "User-Agent: Apache-HttpClient/4.5.13 (Java/19.0.2)[\r][\n]"
21:57:35.656 [main] DEBUG org.apache.http.wire -  >> "Accept-Encoding: gzip,deflate[\r][\n]"
21:57:35.656 [main] DEBUG org.apache.http.wire -  >> "[\r][\n]"
21:57:35.656 [main] DEBUG org.apache.http.headers - >> POST /api/auth/register HTTP/1.1
21:57:35.656 [main] DEBUG org.apache.http.headers - >> Accept: */*
21:57:35.656 [main] DEBUG org.apache.http.headers - >> Content-Type: application/json
21:57:35.656 [main] DEBUG org.apache.http.headers - >> Content-Length: 60
21:57:35.656 [main] DEBUG org.apache.http.headers - >> Host: altashop-api.fly.dev
21:57:35.656 [main] DEBUG org.apache.http.headers - >> Connection: Keep-Alive
21:57:35.656 [main] DEBUG org.apache.http.headers - >> User-Agent: Apache-HttpClient/4.5.13 (Java/19.0.2)
21:57:35.656 [main] DEBUG org.apache.http.headers - >> Accept-Encoding: gzip,deflate
21:57:35.656 [main] DEBUG org.apache.http.wire -  >> "{"password":"cfhcacdafd","fullname":"cfhcacdafd","email":""}"
21:57:35.732 [main] DEBUG org.apache.http.wire -  << "HTTP/1.1 400 Bad Request[\r][\n]"
21:57:35.732 [main] DEBUG org.apache.http.wire -  << "content-type: application/json[\r][\n]"
21:57:35.732 [main] DEBUG org.apache.http.wire -  << "date: Wed, 10 May 2023 14:57:35 GMT[\r][\n]"
21:57:35.732 [main] DEBUG org.apache.http.wire -  << "content-encoding: gzip[\r][\n]"
21:57:35.733 [main] DEBUG org.apache.http.wire -  << "transfer-encoding: chunked[\r][\n]"
21:57:35.733 [main] DEBUG org.apache.http.wire -  << "server: Fly/3f2597ca (2023-05-03)[\r][\n]"
21:57:35.733 [main] DEBUG org.apache.http.wire -  << "via: 1.1 fly.io[\r][\n]"
21:57:35.733 [main] DEBUG org.apache.http.wire -  << "fly-request-id: 01H032NSRW6D090HKV93PGV77M-sin[\r][\n]"
21:57:35.733 [main] DEBUG org.apache.http.wire -  << "[\r][\n]"
21:57:35.733 [main] DEBUG org.apache.http.impl.conn.DefaultClientConnection - Receiving response: HTTP/1.1 400 Bad Request
21:57:35.733 [main] DEBUG org.apache.http.headers - << HTTP/1.1 400 Bad Request
21:57:35.733 [main] DEBUG org.apache.http.headers - << content-type: application/json
21:57:35.733 [main] DEBUG org.apache.http.headers - << date: Wed, 10 May 2023 14:57:35 GMT
21:57:35.733 [main] DEBUG org.apache.http.headers - << content-encoding: gzip
21:57:35.733 [main] DEBUG org.apache.http.headers - << transfer-encoding: chunked
21:57:35.733 [main] DEBUG org.apache.http.headers - << server: Fly/3f2597ca (2023-05-03)
21:57:35.733 [main] DEBUG org.apache.http.headers - << via: 1.1 fly.io
21:57:35.733 [main] DEBUG org.apache.http.headers - << fly-request-id: 01H032NSRW6D090HKV93PGV77M-sin
21:57:35.734 [main] DEBUG org.apache.http.impl.client.DefaultHttpClient - Connection can be kept alive indefinitely
21:57:35.734 [main] DEBUG io.restassured.internal.RestAssuredHttpBuilder - Parsing response as: application/json
21:57:35.734 [main] DEBUG org.apache.http.wire -  << "32[\r][\n]"
21:57:35.734 [main] DEBUG org.apache.http.wire -  << "[0x1f][0x8b][0x8][0x0][0x0][0x0][0x0][0x0][0x4][0xff][0xab]VJ-*[0xca]/R[0xb2]RJ[0xcd]M[0xcc][0xcc]Q[0xc8],V(J-,[0xcd],JMQ[0xaa][0xe5][0x2][0x0]&[0xe3][0xaa]j[0x1e][0x0][0x0][0x0]"
21:57:35.734 [main] DEBUG org.apache.http.wire -  << "[\r][\n]"
21:57:35.735 [main] DEBUG org.apache.http.wire -  << "0[\r][\n]"
21:57:35.735 [main] DEBUG org.apache.http.wire -  << "[\r][\n]"
21:57:35.735 [main] DEBUG io.restassured.internal.RestAssuredHttpBuilder - Parsed data to instance of: class org.apache.http.conn.EofSensorInputStream
21:57:35.737 [main] DEBUG org.apache.http.impl.conn.BasicClientConnectionManager - Releasing connection org.apache.http.impl.conn.ManagedClientConnectionImpl@4ae2c01b
21:57:35.738 [main] DEBUG org.apache.http.impl.conn.BasicClientConnectionManager - Connection can be kept alive indefinitely
21:57:35.739 [main] DEBUG net.thucydides.core.steps.StepInterceptor - STEP DONE: I send POST HTTP request register3
  &amp#27;[32mWhen &amp#27;[0m&amp#27;[32mI send POST HTTP request register3&amp#27;[0m              &amp#27;[90m# starter.stepdefinitions.RegisterSteps.sendPostHttpRequestRegister3()&amp#27;[0m
21:57:35.750 [main] DEBUG net.thucydides.core.steps.StepInterceptor - STARTING STEP: RegisterSteps.receiveValidHttp400Register - I receive valid HTTP response code 400 register
21:57:35.751 [main] DEBUG net.thucydides.core.steps.StepInterceptor - STEP DONE: I receive valid HTTP response code 400 register
  &amp#27;[32mThen &amp#27;[0m&amp#27;[32mI receive valid HTTP response code 400 register&amp#27;[0m &amp#27;[90m# starter.stepdefinitions.RegisterSteps.receiveValidHttp400Register()&amp#27;[0m
21:57:35.756 [main] INFO  - 
  _____   ___   ___   _____     ___     _     ___   ___   ___   ___  
 |_   _| | __| / __| |_   _|   | _ \   /_\   / __| / __| | __| |   \ 
   | |   | _|  \__ \   | |     |  _/  / _ \  \__ \ \__ \ | _|  | |) |
   |_|   |___| |___/   |_|     |_|   /_/ \_\ |___/ |___/ |___| |___/ 

POST - Register without email
----------------------------------------------------------------------
]]></system-out>
  </testcase>
  <testcase name="POST - Register without password" classname="Register" time="0.476">
    <system-out><![CDATA[
Scenario: POST - Register without password             &amp#27;[90m# src/test/resources/features/1. Register.feature:22&amp#27;[0m
21:57:35.784 [main] DEBUG io.cucumber.core.plugin.SerenityReporter - Running feature from file:///D:/download/API_Minpro%20(1)/APIMinpro/API/minpro/src/test/resources/features/1.%20Register.feature
21:57:35.788 [main] INFO  - 
  _____   ___   ___   _____     ___   _____     _     ___   _____   ___   ___  
 |_   _| | __| / __| |_   _|   / __| |_   _|   /_\   | _ \ |_   _| | __| |   \ 
   | |   | _|  \__ \   | |     \__ \   | |    / _ \  |   /   | |   | _|  | |) |
   |_|   |___| |___/   |_|     |___/   |_|   /_/ \_\ |_|_\   |_|   |___| |___/ 

POST - Register without password(register;post---register-without-password)
--------------------------------------------------------------------------------
21:57:35.839 [main] DEBUG net.thucydides.core.steps.StepInterceptor - STARTING STEP: RegisterSteps.setPostApiEndpointsRegister - I set POST api endpoints register
21:57:35.840 [main] DEBUG net.thucydides.core.steps.StepInterceptor - STEP DONE: I set POST api endpoints register
  &amp#27;[32mGiven &amp#27;[0m&amp#27;[32mI set POST api endpoints register&amp#27;[0m              &amp#27;[90m# starter.stepdefinitions.RegisterSteps.setPostApiEndpointsRegister()&amp#27;[0m
21:57:35.854 [main] DEBUG net.thucydides.core.steps.StepInterceptor - STARTING STEP: RegisterSteps.sendPostHttpRequest4 - I send POST HTTP request register4
21:57:35.867 [main] DEBUG net.thucydides.core.steps.StepInterceptor - STARTING STEP: Register.sendPostHttpRequestRegister4 - I set POST api endpoints register
21:57:35.868 [main] DEBUG net.thucydides.core.steps.StepInterceptor - STEP DONE: I set POST api endpoints register
21:57:35.946 [main] DEBUG org.apache.http.impl.conn.BasicClientConnectionManager - Get connection for route {s}->https://altashop-api.fly.dev:443
21:57:35.946 [main] DEBUG org.apache.http.impl.conn.DefaultClientConnectionOperator - Connecting to altashop-api.fly.dev:443
21:57:36.116 [main] DEBUG org.apache.http.client.protocol.RequestAddCookies - CookieSpec selected: ignoreCookies
21:57:36.117 [main] DEBUG org.apache.http.client.protocol.RequestAuthCache - Auth cache not set in the context
21:57:36.117 [main] DEBUG org.apache.http.client.protocol.RequestTargetAuthentication - Target auth state: UNCHALLENGED
21:57:36.117 [main] DEBUG org.apache.http.client.protocol.RequestProxyAuthentication - Proxy auth state: UNCHALLENGED
21:57:36.117 [main] DEBUG org.apache.http.impl.client.DefaultHttpClient - Attempt 1 to execute request
21:57:36.117 [main] DEBUG org.apache.http.impl.conn.DefaultClientConnection - Sending request: POST /api/auth/register HTTP/1.1
21:57:36.117 [main] DEBUG org.apache.http.wire -  >> "POST /api/auth/register HTTP/1.1[\r][\n]"
21:57:36.117 [main] DEBUG org.apache.http.wire -  >> "Accept: */*[\r][\n]"
21:57:36.117 [main] DEBUG org.apache.http.wire -  >> "Content-Type: application/json[\r][\n]"
21:57:36.117 [main] DEBUG org.apache.http.wire -  >> "Content-Length: 60[\r][\n]"
21:57:36.117 [main] DEBUG org.apache.http.wire -  >> "Host: altashop-api.fly.dev[\r][\n]"
21:57:36.117 [main] DEBUG org.apache.http.wire -  >> "Connection: Keep-Alive[\r][\n]"
21:57:36.117 [main] DEBUG org.apache.http.wire -  >> "User-Agent: Apache-HttpClient/4.5.13 (Java/19.0.2)[\r][\n]"
21:57:36.118 [main] DEBUG org.apache.http.wire -  >> "Accept-Encoding: gzip,deflate[\r][\n]"
21:57:36.118 [main] DEBUG org.apache.http.wire -  >> "[\r][\n]"
21:57:36.118 [main] DEBUG org.apache.http.headers - >> POST /api/auth/register HTTP/1.1
21:57:36.118 [main] DEBUG org.apache.http.headers - >> Accept: */*
21:57:36.118 [main] DEBUG org.apache.http.headers - >> Content-Type: application/json
21:57:36.118 [main] DEBUG org.apache.http.headers - >> Content-Length: 60
21:57:36.118 [main] DEBUG org.apache.http.headers - >> Host: altashop-api.fly.dev
21:57:36.118 [main] DEBUG org.apache.http.headers - >> Connection: Keep-Alive
21:57:36.118 [main] DEBUG org.apache.http.headers - >> User-Agent: Apache-HttpClient/4.5.13 (Java/19.0.2)
21:57:36.118 [main] DEBUG org.apache.http.headers - >> Accept-Encoding: gzip,deflate
21:57:36.118 [main] DEBUG org.apache.http.wire -  >> "{"password":"","fullname":"afadbdfhcc","email":"afadbdfhcc"}"
21:57:36.213 [main] DEBUG org.apache.http.wire -  << "HTTP/1.1 400 Bad Request[\r][\n]"
21:57:36.213 [main] DEBUG org.apache.http.wire -  << "content-type: application/json[\r][\n]"
21:57:36.213 [main] DEBUG org.apache.http.wire -  << "date: Wed, 10 May 2023 14:57:35 GMT[\r][\n]"
21:57:36.213 [main] DEBUG org.apache.http.wire -  << "content-encoding: gzip[\r][\n]"
21:57:36.213 [main] DEBUG org.apache.http.wire -  << "transfer-encoding: chunked[\r][\n]"
21:57:36.213 [main] DEBUG org.apache.http.wire -  << "server: Fly/3f2597ca (2023-05-03)[\r][\n]"
21:57:36.213 [main] DEBUG org.apache.http.wire -  << "via: 1.1 fly.io[\r][\n]"
21:57:36.214 [main] DEBUG org.apache.http.wire -  << "fly-request-id: 01H032NT826QDMTQFJRFY5YATY-sin[\r][\n]"
21:57:36.214 [main] DEBUG org.apache.http.wire -  << "[\r][\n]"
21:57:36.214 [main] DEBUG org.apache.http.impl.conn.DefaultClientConnection - Receiving response: HTTP/1.1 400 Bad Request
21:57:36.214 [main] DEBUG org.apache.http.headers - << HTTP/1.1 400 Bad Request
21:57:36.214 [main] DEBUG org.apache.http.headers - << content-type: application/json
21:57:36.214 [main] DEBUG org.apache.http.headers - << date: Wed, 10 May 2023 14:57:35 GMT
21:57:36.214 [main] DEBUG org.apache.http.headers - << content-encoding: gzip
21:57:36.214 [main] DEBUG org.apache.http.headers - << transfer-encoding: chunked
21:57:36.214 [main] DEBUG org.apache.http.headers - << server: Fly/3f2597ca (2023-05-03)
21:57:36.214 [main] DEBUG org.apache.http.headers - << via: 1.1 fly.io
21:57:36.214 [main] DEBUG org.apache.http.headers - << fly-request-id: 01H032NT826QDMTQFJRFY5YATY-sin
21:57:36.214 [main] DEBUG org.apache.http.impl.client.DefaultHttpClient - Connection can be kept alive indefinitely
21:57:36.214 [main] DEBUG io.restassured.internal.RestAssuredHttpBuilder - Parsing response as: application/json
21:57:36.214 [main] DEBUG org.apache.http.wire -  << "35[\r][\n]"
21:57:36.214 [main] DEBUG org.apache.http.wire -  << "[0x1f][0x8b][0x8][0x0][0x0][0x0][0x0][0x0][0x4][0xff][0xab]VJ-*[0xca]/R[0xb2]R*H,..[0xcf]/JQ[0xc8],V(J-,[0xcd],JMQ[0xaa][0xe5][0x2][0x0][0xb9][0x8f][0xe5][0xe0]![0x0][0x0][0x0]"
21:57:36.214 [main] DEBUG org.apache.http.wire -  << "[\r][\n]"
21:57:36.215 [main] DEBUG org.apache.http.wire -  << "0[\r][\n]"
21:57:36.215 [main] DEBUG org.apache.http.wire -  << "[\r][\n]"
21:57:36.215 [main] DEBUG io.restassured.internal.RestAssuredHttpBuilder - Parsed data to instance of: class org.apache.http.conn.EofSensorInputStream
21:57:36.218 [main] DEBUG org.apache.http.impl.conn.BasicClientConnectionManager - Releasing connection org.apache.http.impl.conn.ManagedClientConnectionImpl@2cebf82f
21:57:36.219 [main] DEBUG org.apache.http.impl.conn.BasicClientConnectionManager - Connection can be kept alive indefinitely
21:57:36.220 [main] DEBUG net.thucydides.core.steps.StepInterceptor - STEP DONE: I send POST HTTP request register4
  &amp#27;[32mWhen &amp#27;[0m&amp#27;[32mI send POST HTTP request register4&amp#27;[0m              &amp#27;[90m# starter.stepdefinitions.RegisterSteps.sendPostHttpRequest4()&amp#27;[0m
21:57:36.227 [main] DEBUG net.thucydides.core.steps.StepInterceptor - STARTING STEP: RegisterSteps.receiveValidHttp400Register - I receive valid HTTP response code 400 register
21:57:36.229 [main] DEBUG net.thucydides.core.steps.StepInterceptor - STEP DONE: I receive valid HTTP response code 400 register
  &amp#27;[32mThen &amp#27;[0m&amp#27;[32mI receive valid HTTP response code 400 register&amp#27;[0m &amp#27;[90m# starter.stepdefinitions.RegisterSteps.receiveValidHttp400Register()&amp#27;[0m
21:57:36.233 [main] INFO  - 
  _____   ___   ___   _____     ___     _     ___   ___   ___   ___  
 |_   _| | __| / __| |_   _|   | _ \   /_\   / __| / __| | __| |   \ 
   | |   | _|  \__ \   | |     |  _/  / _ \  \__ \ \__ \ | _|  | |) |
   |_|   |___| |___/   |_|     |_|   /_/ \_\ |___/ |___/ |___| |___/ 

POST - Register without password
----------------------------------------------------------------------
]]></system-out>
  </testcase>
  <testcase name="POST - Register with existed account" classname="Register" time="0.446">
    <system-out><![CDATA[
Scenario: POST - Register with existed account         &amp#27;[90m# src/test/resources/features/1. Register.feature:27&amp#27;[0m
21:57:36.248 [main] DEBUG io.cucumber.core.plugin.SerenityReporter - Running feature from file:///D:/download/API_Minpro%20(1)/APIMinpro/API/minpro/src/test/resources/features/1.%20Register.feature
21:57:36.253 [main] INFO  - 
  _____   ___   ___   _____     ___   _____     _     ___   _____   ___   ___  
 |_   _| | __| / __| |_   _|   / __| |_   _|   /_\   | _ \ |_   _| | __| |   \ 
   | |   | _|  \__ \   | |     \__ \   | |    / _ \  |   /   | |   | _|  | |) |
   |_|   |___| |___/   |_|     |___/   |_|   /_/ \_\ |_|_\   |_|   |___| |___/ 

POST - Register with existed account(register;post---register-with-existed-account)
--------------------------------------------------------------------------------
21:57:36.270 [main] DEBUG net.thucydides.core.steps.StepInterceptor - STARTING STEP: RegisterSteps.setPostApiEndpointsRegister - I set POST api endpoints register
21:57:36.271 [main] DEBUG net.thucydides.core.steps.StepInterceptor - STEP DONE: I set POST api endpoints register
  &amp#27;[32mGiven &amp#27;[0m&amp#27;[32mI set POST api endpoints register&amp#27;[0m              &amp#27;[90m# starter.stepdefinitions.RegisterSteps.setPostApiEndpointsRegister()&amp#27;[0m
21:57:36.278 [main] DEBUG net.thucydides.core.steps.StepInterceptor - STARTING STEP: RegisterSteps.sendPostHttpRequest5 - I send POST HTTP request register5
21:57:36.281 [main] DEBUG net.thucydides.core.steps.StepInterceptor - STARTING STEP: Register.sendPostHttpRequestRegister5 - I set POST api endpoints register
21:57:36.281 [main] DEBUG net.thucydides.core.steps.StepInterceptor - STEP DONE: I set POST api endpoints register
21:57:36.335 [main] DEBUG org.apache.http.impl.conn.BasicClientConnectionManager - Get connection for route {s}->https://altashop-api.fly.dev:443
21:57:36.335 [main] DEBUG org.apache.http.impl.conn.DefaultClientConnectionOperator - Connecting to altashop-api.fly.dev:443
21:57:36.565 [main] DEBUG org.apache.http.client.protocol.RequestAddCookies - CookieSpec selected: ignoreCookies
21:57:36.566 [main] DEBUG org.apache.http.client.protocol.RequestAuthCache - Auth cache not set in the context
21:57:36.566 [main] DEBUG org.apache.http.client.protocol.RequestTargetAuthentication - Target auth state: UNCHALLENGED
21:57:36.566 [main] DEBUG org.apache.http.client.protocol.RequestProxyAuthentication - Proxy auth state: UNCHALLENGED
21:57:36.566 [main] DEBUG org.apache.http.impl.client.DefaultHttpClient - Attempt 1 to execute request
21:57:36.566 [main] DEBUG org.apache.http.impl.conn.DefaultClientConnection - Sending request: POST /api/auth/register HTTP/1.1
21:57:36.566 [main] DEBUG org.apache.http.wire -  >> "POST /api/auth/register HTTP/1.1[\r][\n]"
21:57:36.566 [main] DEBUG org.apache.http.wire -  >> "Accept: */*[\r][\n]"
21:57:36.566 [main] DEBUG org.apache.http.wire -  >> "Content-Type: application/json[\r][\n]"
21:57:36.566 [main] DEBUG org.apache.http.wire -  >> "Content-Length: 78[\r][\n]"
21:57:36.566 [main] DEBUG org.apache.http.wire -  >> "Host: altashop-api.fly.dev[\r][\n]"
21:57:36.566 [main] DEBUG org.apache.http.wire -  >> "Connection: Keep-Alive[\r][\n]"
21:57:36.566 [main] DEBUG org.apache.http.wire -  >> "User-Agent: Apache-HttpClient/4.5.13 (Java/19.0.2)[\r][\n]"
21:57:36.567 [main] DEBUG org.apache.http.wire -  >> "Accept-Encoding: gzip,deflate[\r][\n]"
21:57:36.567 [main] DEBUG org.apache.http.wire -  >> "[\r][\n]"
21:57:36.567 [main] DEBUG org.apache.http.headers - >> POST /api/auth/register HTTP/1.1
21:57:36.567 [main] DEBUG org.apache.http.headers - >> Accept: */*
21:57:36.567 [main] DEBUG org.apache.http.headers - >> Content-Type: application/json
21:57:36.567 [main] DEBUG org.apache.http.headers - >> Content-Length: 78
21:57:36.567 [main] DEBUG org.apache.http.headers - >> Host: altashop-api.fly.dev
21:57:36.567 [main] DEBUG org.apache.http.headers - >> Connection: Keep-Alive
21:57:36.568 [main] DEBUG org.apache.http.headers - >> User-Agent: Apache-HttpClient/4.5.13 (Java/19.0.2)
21:57:36.568 [main] DEBUG org.apache.http.headers - >> Accept-Encoding: gzip,deflate
21:57:36.568 [main] DEBUG org.apache.http.wire -  >> "{"password":"1234567","fullname":"rinimaulidaaaa","email":"rinike4@gmail.com"}"
21:57:36.663 [main] DEBUG org.apache.http.wire -  << "HTTP/1.1 400 Bad Request[\r][\n]"
21:57:36.664 [main] DEBUG org.apache.http.wire -  << "content-type: application/json[\r][\n]"
21:57:36.664 [main] DEBUG org.apache.http.wire -  << "date: Wed, 10 May 2023 14:57:35 GMT[\r][\n]"
21:57:36.664 [main] DEBUG org.apache.http.wire -  << "content-encoding: gzip[\r][\n]"
21:57:36.664 [main] DEBUG org.apache.http.wire -  << "transfer-encoding: chunked[\r][\n]"
21:57:36.664 [main] DEBUG org.apache.http.wire -  << "server: Fly/3f2597ca (2023-05-03)[\r][\n]"
21:57:36.664 [main] DEBUG org.apache.http.wire -  << "via: 1.1 fly.io[\r][\n]"
21:57:36.664 [main] DEBUG org.apache.http.wire -  << "fly-request-id: 01H032NTNRC7V8P317RA93HDJ3-sin[\r][\n]"
21:57:36.664 [main] DEBUG org.apache.http.wire -  << "[\r][\n]"
21:57:36.664 [main] DEBUG org.apache.http.impl.conn.DefaultClientConnection - Receiving response: HTTP/1.1 400 Bad Request
21:57:36.664 [main] DEBUG org.apache.http.headers - << HTTP/1.1 400 Bad Request
21:57:36.664 [main] DEBUG org.apache.http.headers - << content-type: application/json
21:57:36.664 [main] DEBUG org.apache.http.headers - << date: Wed, 10 May 2023 14:57:35 GMT
21:57:36.664 [main] DEBUG org.apache.http.headers - << content-encoding: gzip
21:57:36.664 [main] DEBUG org.apache.http.headers - << transfer-encoding: chunked
21:57:36.664 [main] DEBUG org.apache.http.headers - << server: Fly/3f2597ca (2023-05-03)
21:57:36.664 [main] DEBUG org.apache.http.headers - << via: 1.1 fly.io
21:57:36.664 [main] DEBUG org.apache.http.headers - << fly-request-id: 01H032NTNRC7V8P317RA93HDJ3-sin
21:57:36.664 [main] DEBUG org.apache.http.impl.client.DefaultHttpClient - Connection can be kept alive indefinitely
21:57:36.665 [main] DEBUG io.restassured.internal.RestAssuredHttpBuilder - Parsing response as: application/json
21:57:36.665 [main] DEBUG org.apache.http.wire -  << "7B[\r][\n]"
21:57:36.665 [main] DEBUG org.apache.http.wire -  << "[0x1f][0x8b][0x8][0x0][0x0][0x0][0x0][0x0][0x4][0xff][0xab]VJ-*[0xca]/R[0xb2]Rr[\r][\n]"
21:57:36.665 [main] DEBUG org.apache.http.wire -  << "[0xf2][0xf][0xb2]RH)-[0xc8][0xc9]LN,IU[0xc8]N[0xad]T(K[0xcc])MU([0xcb][0xcc][0xcf]I,I-V([0xcd][0xcb],,MUH[0xce][0xcf]+.)J[0xcc][0xcc]+Q[0x88]Q*-N-*[0x8e]O[0xcd]M[0xcc][0xcc][0x89][0xcf]N[0xad][0x8c]QR[0xd0][0x8][0xe][0xf4][0x9][0xe]q[0xc]qU02650[0xd5]T[0xaa][0xe5][0x2][0x0][0x1a]G[0x13]pg[0x0][0x0][0x0]"
21:57:36.665 [main] DEBUG org.apache.http.wire -  << "[\r][\n]"
21:57:36.665 [main] DEBUG org.apache.http.wire -  << "0[\r][\n]"
21:57:36.665 [main] DEBUG org.apache.http.wire -  << "[\r][\n]"
21:57:36.665 [main] DEBUG io.restassured.internal.RestAssuredHttpBuilder - Parsed data to instance of: class org.apache.http.conn.EofSensorInputStream
21:57:36.668 [main] DEBUG org.apache.http.impl.conn.BasicClientConnectionManager - Releasing connection org.apache.http.impl.conn.ManagedClientConnectionImpl@7614378d
21:57:36.668 [main] DEBUG org.apache.http.impl.conn.BasicClientConnectionManager - Connection can be kept alive indefinitely
21:57:36.669 [main] DEBUG net.thucydides.core.steps.StepInterceptor - STEP DONE: I send POST HTTP request register5
  &amp#27;[32mWhen &amp#27;[0m&amp#27;[32mI send POST HTTP request register5&amp#27;[0m              &amp#27;[90m# starter.stepdefinitions.RegisterSteps.sendPostHttpRequest5()&amp#27;[0m
21:57:36.675 [main] DEBUG net.thucydides.core.steps.StepInterceptor - STARTING STEP: RegisterSteps.receiveValidHttp400Register - I receive valid HTTP response code 400 register
21:57:36.677 [main] DEBUG net.thucydides.core.steps.StepInterceptor - STEP DONE: I receive valid HTTP response code 400 register
  &amp#27;[32mThen &amp#27;[0m&amp#27;[32mI receive valid HTTP response code 400 register&amp#27;[0m &amp#27;[90m# starter.stepdefinitions.RegisterSteps.receiveValidHttp400Register()&amp#27;[0m
21:57:36.681 [main] INFO  - 
  _____   ___   ___   _____     ___     _     ___   ___   ___   ___  
 |_   _| | __| / __| |_   _|   | _ \   /_\   / __| / __| | __| |   \ 
   | |   | _|  \__ \   | |     |  _/  / _ \  \__ \ \__ \ | _|  | |) |
   |_|   |___| |___/   |_|     |_|   /_/ \_\ |___/ |___/ |___| |___/ 

POST - Register with existed account
----------------------------------------------------------------------
]]></system-out>
  </testcase>
  <testcase name="POST - Login with valid account" classname="Login" time="0.542">
    <system-out><![CDATA[21:57:36.684 [main] DEBUG io.cucumber.core.plugin.SerenityReporter - Running feature from file:///D:/download/API_Minpro%20(1)/APIMinpro/API/minpro/src/test/resources/features/2.%20Login.feature
21:57:36.689 [main] DEBUG net.thucydides.core.steps.StepEventBus - Test suite started for story net.thucydides.core.model.Story@86b1dd01
21:57:36.689 [main] INFO  - Test Suite Started: Login

Scenario: POST - Login with valid account           &amp#27;[90m# src/test/resources/features/2. Login.feature:7&amp#27;[0m
21:57:36.707 [main] DEBUG io.cucumber.core.plugin.SerenityReporter - Running feature from file:///D:/download/API_Minpro%20(1)/APIMinpro/API/minpro/src/test/resources/features/2.%20Login.feature
21:57:36.715 [main] INFO  - 
  _____   ___   ___   _____     ___   _____     _     ___   _____   ___   ___  
 |_   _| | __| / __| |_   _|   / __| |_   _|   /_\   | _ \ |_   _| | __| |   \ 
   | |   | _|  \__ \   | |     \__ \   | |    / _ \  |   /   | |   | _|  | |) |
   |_|   |___| |___/   |_|     |___/   |_|   /_/ \_\ |_|_\   |_|   |___| |___/ 

POST - Login with valid account(login;post---login-with-valid-account)
--------------------------------------------------------------------------------
21:57:36.766 [main] DEBUG net.thucydides.core.steps.StepInterceptor - STARTING STEP: LoginSteps.setPostApiEndpointsLogin - I set POST api endpoints login
21:57:36.767 [main] DEBUG net.thucydides.core.steps.StepInterceptor - STEP DONE: I set POST api endpoints login
  &amp#27;[32mGiven &amp#27;[0m&amp#27;[32mI set POST api endpoints login&amp#27;[0m              &amp#27;[90m# starter.stepdefinitions.LoginSteps.setPostApiEndpointsLogin()&amp#27;[0m
21:57:36.775 [main] DEBUG net.thucydides.core.steps.StepInterceptor - STARTING STEP: LoginSteps.sendPostHttpRequestLogin - I send POST HTTP request login
21:57:36.780 [main] DEBUG net.thucydides.core.steps.StepInterceptor - STARTING STEP: Login.sendPostHttpRequestLogin - I set POST api endpoints login
21:57:36.781 [main] DEBUG net.thucydides.core.steps.StepInterceptor - STEP DONE: I set POST api endpoints login
21:57:36.895 [main] DEBUG org.apache.http.impl.conn.BasicClientConnectionManager - Get connection for route {s}->https://altashop-api.fly.dev:443
21:57:36.898 [main] DEBUG org.apache.http.impl.conn.DefaultClientConnectionOperator - Connecting to altashop-api.fly.dev:443
21:57:37.083 [main] DEBUG org.apache.http.client.protocol.RequestAddCookies - CookieSpec selected: ignoreCookies
21:57:37.083 [main] DEBUG org.apache.http.client.protocol.RequestAuthCache - Auth cache not set in the context
21:57:37.083 [main] DEBUG org.apache.http.client.protocol.RequestTargetAuthentication - Target auth state: UNCHALLENGED
21:57:37.083 [main] DEBUG org.apache.http.client.protocol.RequestProxyAuthentication - Proxy auth state: UNCHALLENGED
21:57:37.083 [main] DEBUG org.apache.http.impl.client.DefaultHttpClient - Attempt 1 to execute request
21:57:37.083 [main] DEBUG org.apache.http.impl.conn.DefaultClientConnection - Sending request: POST /api/auth/login HTTP/1.1
21:57:37.083 [main] DEBUG org.apache.http.wire -  >> "POST /api/auth/login HTTP/1.1[\r][\n]"
21:57:37.083 [main] DEBUG org.apache.http.wire -  >> "Accept: */*[\r][\n]"
21:57:37.083 [main] DEBUG org.apache.http.wire -  >> "Content-Type: application/json[\r][\n]"
21:57:37.083 [main] DEBUG org.apache.http.wire -  >> "Content-Length: 50[\r][\n]"
21:57:37.084 [main] DEBUG org.apache.http.wire -  >> "Host: altashop-api.fly.dev[\r][\n]"
21:57:37.084 [main] DEBUG org.apache.http.wire -  >> "Connection: Keep-Alive[\r][\n]"
21:57:37.084 [main] DEBUG org.apache.http.wire -  >> "User-Agent: Apache-HttpClient/4.5.13 (Java/19.0.2)[\r][\n]"
21:57:37.084 [main] DEBUG org.apache.http.wire -  >> "Accept-Encoding: gzip,deflate[\r][\n]"
21:57:37.084 [main] DEBUG org.apache.http.wire -  >> "[\r][\n]"
21:57:37.084 [main] DEBUG org.apache.http.headers - >> POST /api/auth/login HTTP/1.1
21:57:37.084 [main] DEBUG org.apache.http.headers - >> Accept: */*
21:57:37.084 [main] DEBUG org.apache.http.headers - >> Content-Type: application/json
21:57:37.084 [main] DEBUG org.apache.http.headers - >> Content-Length: 50
21:57:37.084 [main] DEBUG org.apache.http.headers - >> Host: altashop-api.fly.dev
21:57:37.084 [main] DEBUG org.apache.http.headers - >> Connection: Keep-Alive
21:57:37.084 [main] DEBUG org.apache.http.headers - >> User-Agent: Apache-HttpClient/4.5.13 (Java/19.0.2)
21:57:37.084 [main] DEBUG org.apache.http.headers - >> Accept-Encoding: gzip,deflate
21:57:37.084 [main] DEBUG org.apache.http.wire -  >> "{"password":"1234567","email":"rinike4@gmail.com"}"
21:57:37.201 [main] DEBUG org.apache.http.wire -  << "HTTP/1.1 200 OK[\r][\n]"
21:57:37.202 [main] DEBUG org.apache.http.wire -  << "content-type: application/json[\r][\n]"
21:57:37.202 [main] DEBUG org.apache.http.wire -  << "date: Wed, 10 May 2023 14:57:36 GMT[\r][\n]"
21:57:37.202 [main] DEBUG org.apache.http.wire -  << "content-encoding: gzip[\r][\n]"
21:57:37.202 [main] DEBUG org.apache.http.wire -  << "transfer-encoding: chunked[\r][\n]"
21:57:37.202 [main] DEBUG org.apache.http.wire -  << "server: Fly/3f2597ca (2023-05-03)[\r][\n]"
21:57:37.202 [main] DEBUG org.apache.http.wire -  << "via: 1.1 fly.io[\r][\n]"
21:57:37.202 [main] DEBUG org.apache.http.wire -  << "fly-request-id: 01H032NV6TRQJGMB2MGQF2HSRS-sin[\r][\n]"
21:57:37.202 [main] DEBUG org.apache.http.wire -  << "[\r][\n]"
21:57:37.202 [main] DEBUG org.apache.http.impl.conn.DefaultClientConnection - Receiving response: HTTP/1.1 200 OK
21:57:37.203 [main] DEBUG org.apache.http.headers - << HTTP/1.1 200 OK
21:57:37.203 [main] DEBUG org.apache.http.headers - << content-type: application/json
21:57:37.203 [main] DEBUG org.apache.http.headers - << date: Wed, 10 May 2023 14:57:36 GMT
21:57:37.203 [main] DEBUG org.apache.http.headers - << content-encoding: gzip
21:57:37.203 [main] DEBUG org.apache.http.headers - << transfer-encoding: chunked
21:57:37.203 [main] DEBUG org.apache.http.headers - << server: Fly/3f2597ca (2023-05-03)
21:57:37.203 [main] DEBUG org.apache.http.headers - << via: 1.1 fly.io
21:57:37.203 [main] DEBUG org.apache.http.headers - << fly-request-id: 01H032NV6TRQJGMB2MGQF2HSRS-sin
21:57:37.203 [main] DEBUG org.apache.http.impl.client.DefaultHttpClient - Connection can be kept alive indefinitely
21:57:37.204 [main] DEBUG io.restassured.internal.RestAssuredHttpBuilder - Parsing response as: application/json
21:57:37.204 [main] DEBUG org.apache.http.wire -  << "BB[\r][\n]"
21:57:37.204 [main] DEBUG org.apache.http.wire -  << "[0x1f][0x8b][0x8][0x0][0x0][0x0][0x0][0x0][0x4][0xff][0xab]VJI,IT[0xb2]RJ[0xad][0xf4][0xca]HrO[0xce][0xf4][0xcf][0xf4][0xf2][0xc][0xad][0xf2]4[0xf4][0xcb][0xf4],[0xf6][0xcc][0xb]2Mv[0xf6]4[0xf3][0xcc].[0x88][0x8]s[0xf6][0xb2][0xd4]K[0xad][0xf4]rO[0x9][0xaf](N[0xca]u+[0x89][\n]"
21:57:37.204 [main] DEBUG org.apache.http.wire -  << "[0xf6]4[0xf3][0xcc][0xf3]*H[0xca][0xcd])[0x89][0x8c][0x8]+N[0xc][0xf][0xca][0x88][0xc]w[0xcb][0xf0][0xcc],[0xcf][0xc][\n]"
21:57:37.205 [main] DEBUG org.apache.http.wire -  << "7[0xcc]H[0xc]/[0x7][0x19]V[0x99][0x18]nZ[0x90]h[0x14]j[0x10][0xe8][0x9e]R[0x12][0x19][0x9e]S[0xec][0x93][0xeb]W[0x96][0x14][0xec]e[0xa9][0x17][0x15][0x10][0x9c]fi[0x92]S[0x19]e[0xe8]h[0xe4][0xe2][0xe1]db[0xe8]V[0x16][0x1f][0xe6][0x1f][0xe9][0x13][0x18]fXej[0x9c]h[0x10][0xef][0x18]o[0xee][0xe7][0xe5]YP[0x14][0x9c][0xae]T[0xcb][0x5][0x0]G[0x2]-j[0xa9][0x0][0x0][0x0]"
21:57:37.205 [main] DEBUG org.apache.http.wire -  << "[\r][\n]"
21:57:37.206 [main] DEBUG org.apache.http.wire -  << "0[\r][\n]"
21:57:37.207 [main] DEBUG org.apache.http.wire -  << "[\r][\n]"
21:57:37.207 [main] DEBUG io.restassured.internal.RestAssuredHttpBuilder - Parsed data to instance of: class org.apache.http.conn.EofSensorInputStream
21:57:37.211 [main] DEBUG org.apache.http.impl.conn.BasicClientConnectionManager - Releasing connection org.apache.http.impl.conn.ManagedClientConnectionImpl@74f89bad
21:57:37.211 [main] DEBUG org.apache.http.impl.conn.BasicClientConnectionManager - Connection can be kept alive indefinitely
21:57:37.213 [main] DEBUG net.thucydides.core.steps.StepInterceptor - STEP DONE: I send POST HTTP request login
  &amp#27;[32mWhen &amp#27;[0m&amp#27;[32mI send POST HTTP request login&amp#27;[0m               &amp#27;[90m# starter.stepdefinitions.LoginSteps.sendPostHttpRequestLogin()&amp#27;[0m
21:57:37.224 [main] DEBUG net.thucydides.core.steps.StepInterceptor - STARTING STEP: LoginSteps.receiveValidHttp200Login - I receive valid HTTP response code 200 login
21:57:37.226 [main] DEBUG net.thucydides.core.steps.StepInterceptor - STEP DONE: I receive valid HTTP response code 200 login
  &amp#27;[32mThen &amp#27;[0m&amp#27;[32mI receive valid HTTP response code 200 login&amp#27;[0m &amp#27;[90m# starter.stepdefinitions.LoginSteps.receiveValidHttp200Login()&amp#27;[0m
21:57:37.230 [main] INFO  - 
  _____   ___   ___   _____     ___     _     ___   ___   ___   ___  
 |_   _| | __| / __| |_   _|   | _ \   /_\   / __| / __| | __| |   \ 
   | |   | _|  \__ \   | |     |  _/  / _ \  \__ \ \__ \ | _|  | |) |
   |_|   |___| |___/   |_|     |_|   /_/ \_\ |___/ |___/ |___| |___/ 

POST - Login with valid account
----------------------------------------------------------------------
]]></system-out>
  </testcase>
  <testcase name="POST - Login with empty email" classname="Login" time="0.542">
    <system-out><![CDATA[
Scenario: POST - Login with empty email             &amp#27;[90m# src/test/resources/features/2. Login.feature:12&amp#27;[0m
21:57:37.249 [main] DEBUG io.cucumber.core.plugin.SerenityReporter - Running feature from file:///D:/download/API_Minpro%20(1)/APIMinpro/API/minpro/src/test/resources/features/2.%20Login.feature
21:57:37.253 [main] INFO  - 
  _____   ___   ___   _____     ___   _____     _     ___   _____   ___   ___  
 |_   _| | __| / __| |_   _|   / __| |_   _|   /_\   | _ \ |_   _| | __| |   \ 
   | |   | _|  \__ \   | |     \__ \   | |    / _ \  |   /   | |   | _|  | |) |
   |_|   |___| |___/   |_|     |___/   |_|   /_/ \_\ |_|_\   |_|   |___| |___/ 

POST - Login with empty email(login;post---login-with-empty-email)
--------------------------------------------------------------------------------
21:57:37.291 [main] DEBUG net.thucydides.core.steps.StepInterceptor - STARTING STEP: LoginSteps.setPostApiEndpointsLogin - I set POST api endpoints login
21:57:37.291 [main] DEBUG net.thucydides.core.steps.StepInterceptor - STEP DONE: I set POST api endpoints login
  &amp#27;[32mGiven &amp#27;[0m&amp#27;[32mI set POST api endpoints login&amp#27;[0m              &amp#27;[90m# starter.stepdefinitions.LoginSteps.setPostApiEndpointsLogin()&amp#27;[0m
21:57:37.303 [main] DEBUG net.thucydides.core.steps.StepInterceptor - STARTING STEP: LoginSteps.sendPostHttpRequestLogin2 - I send POST HTTP request login2
21:57:37.306 [main] DEBUG net.thucydides.core.steps.StepInterceptor - STARTING STEP: Login.sendPostHttpRequestLogin2 - I set POST api endpoints login
21:57:37.307 [main] DEBUG net.thucydides.core.steps.StepInterceptor - STEP DONE: I set POST api endpoints login
21:57:37.368 [main] DEBUG org.apache.http.impl.conn.BasicClientConnectionManager - Get connection for route {s}->https://altashop-api.fly.dev:443
21:57:37.369 [main] DEBUG org.apache.http.impl.conn.DefaultClientConnectionOperator - Connecting to altashop-api.fly.dev:443
21:57:37.596 [main] DEBUG org.apache.http.client.protocol.RequestAddCookies - CookieSpec selected: ignoreCookies
21:57:37.596 [main] DEBUG org.apache.http.client.protocol.RequestAuthCache - Auth cache not set in the context
21:57:37.596 [main] DEBUG org.apache.http.client.protocol.RequestTargetAuthentication - Target auth state: UNCHALLENGED
21:57:37.596 [main] DEBUG org.apache.http.client.protocol.RequestProxyAuthentication - Proxy auth state: UNCHALLENGED
21:57:37.596 [main] DEBUG org.apache.http.impl.client.DefaultHttpClient - Attempt 1 to execute request
21:57:37.596 [main] DEBUG org.apache.http.impl.conn.DefaultClientConnection - Sending request: POST /api/auth/login HTTP/1.1
21:57:37.597 [main] DEBUG org.apache.http.wire -  >> "POST /api/auth/login HTTP/1.1[\r][\n]"
21:57:37.597 [main] DEBUG org.apache.http.wire -  >> "Accept: */*[\r][\n]"
21:57:37.597 [main] DEBUG org.apache.http.wire -  >> "Content-Type: application/json[\r][\n]"
21:57:37.597 [main] DEBUG org.apache.http.wire -  >> "Content-Length: 34[\r][\n]"
21:57:37.597 [main] DEBUG org.apache.http.wire -  >> "Host: altashop-api.fly.dev[\r][\n]"
21:57:37.597 [main] DEBUG org.apache.http.wire -  >> "Connection: Keep-Alive[\r][\n]"
21:57:37.597 [main] DEBUG org.apache.http.wire -  >> "User-Agent: Apache-HttpClient/4.5.13 (Java/19.0.2)[\r][\n]"
21:57:37.597 [main] DEBUG org.apache.http.wire -  >> "Accept-Encoding: gzip,deflate[\r][\n]"
21:57:37.597 [main] DEBUG org.apache.http.wire -  >> "[\r][\n]"
21:57:37.597 [main] DEBUG org.apache.http.headers - >> POST /api/auth/login HTTP/1.1
21:57:37.597 [main] DEBUG org.apache.http.headers - >> Accept: */*
21:57:37.597 [main] DEBUG org.apache.http.headers - >> Content-Type: application/json
21:57:37.597 [main] DEBUG org.apache.http.headers - >> Content-Length: 34
21:57:37.597 [main] DEBUG org.apache.http.headers - >> Host: altashop-api.fly.dev
21:57:37.597 [main] DEBUG org.apache.http.headers - >> Connection: Keep-Alive
21:57:37.597 [main] DEBUG org.apache.http.headers - >> User-Agent: Apache-HttpClient/4.5.13 (Java/19.0.2)
21:57:37.597 [main] DEBUG org.apache.http.headers - >> Accept-Encoding: gzip,deflate
21:57:37.597 [main] DEBUG org.apache.http.wire -  >> "{"password":"1234567","email":" "}"
21:57:37.757 [main] DEBUG org.apache.http.wire -  << "HTTP/1.1 400 Bad Request[\r][\n]"
21:57:37.757 [main] DEBUG org.apache.http.wire -  << "content-type: application/json[\r][\n]"
21:57:37.758 [main] DEBUG org.apache.http.wire -  << "date: Wed, 10 May 2023 14:57:37 GMT[\r][\n]"
21:57:37.758 [main] DEBUG org.apache.http.wire -  << "content-encoding: gzip[\r][\n]"
21:57:37.758 [main] DEBUG org.apache.http.wire -  << "transfer-encoding: chunked[\r][\n]"
21:57:37.758 [main] DEBUG org.apache.http.wire -  << "server: Fly/3f2597ca (2023-05-03)[\r][\n]"
21:57:37.758 [main] DEBUG org.apache.http.wire -  << "via: 1.1 fly.io[\r][\n]"
21:57:37.758 [main] DEBUG org.apache.http.wire -  << "fly-request-id: 01H032NVR8MMSZ3T6S6RSZZYG0-sin[\r][\n]"
21:57:37.758 [main] DEBUG org.apache.http.wire -  << "[\r][\n]"
21:57:37.758 [main] DEBUG org.apache.http.impl.conn.DefaultClientConnection - Receiving response: HTTP/1.1 400 Bad Request
21:57:37.758 [main] DEBUG org.apache.http.headers - << HTTP/1.1 400 Bad Request
21:57:37.758 [main] DEBUG org.apache.http.headers - << content-type: application/json
21:57:37.758 [main] DEBUG org.apache.http.headers - << date: Wed, 10 May 2023 14:57:37 GMT
21:57:37.758 [main] DEBUG org.apache.http.headers - << content-encoding: gzip
21:57:37.758 [main] DEBUG org.apache.http.headers - << transfer-encoding: chunked
21:57:37.758 [main] DEBUG org.apache.http.headers - << server: Fly/3f2597ca (2023-05-03)
21:57:37.758 [main] DEBUG org.apache.http.headers - << via: 1.1 fly.io
21:57:37.758 [main] DEBUG org.apache.http.headers - << fly-request-id: 01H032NVR8MMSZ3T6S6RSZZYG0-sin
21:57:37.758 [main] DEBUG org.apache.http.impl.client.DefaultHttpClient - Connection can be kept alive indefinitely
21:57:37.759 [main] DEBUG io.restassured.internal.RestAssuredHttpBuilder - Parsing response as: application/json
21:57:37.759 [main] DEBUG org.apache.http.wire -  << "3D[\r][\n]"
21:57:37.759 [main] DEBUG org.apache.http.wire -  << "[0x1f][0x8b][0x8][0x0][0x0][0x0][0x0][0x0][0x4][0xff][0xab]VJ-*[0xca]/R[0xb2]RJ[0xcd]M[0xcc][0xcc]Q[0xc8]/R(H,..[0xcf]/JQ[0xc8],V[0xc8][0xcc]+K[0xcc][0xc9]LQ[0xaa][0xe5][0x2][0x0][0xc0][0xad][0xff][0xb])[0x0][0x0][0x0]"
21:57:37.759 [main] DEBUG org.apache.http.wire -  << "[\r][\n]"
21:57:37.759 [main] DEBUG org.apache.http.wire -  << "0[\r][\n]"
21:57:37.759 [main] DEBUG org.apache.http.wire -  << "[\r][\n]"
21:57:37.759 [main] DEBUG io.restassured.internal.RestAssuredHttpBuilder - Parsed data to instance of: class org.apache.http.conn.EofSensorInputStream
21:57:37.762 [main] DEBUG org.apache.http.impl.conn.BasicClientConnectionManager - Releasing connection org.apache.http.impl.conn.ManagedClientConnectionImpl@33a3e5db
21:57:37.762 [main] DEBUG org.apache.http.impl.conn.BasicClientConnectionManager - Connection can be kept alive indefinitely
21:57:37.763 [main] DEBUG net.thucydides.core.steps.StepInterceptor - STEP DONE: I send POST HTTP request login2
  &amp#27;[32mWhen &amp#27;[0m&amp#27;[32mI send POST HTTP request login2&amp#27;[0m              &amp#27;[90m# starter.stepdefinitions.LoginSteps.sendPostHttpRequestLogin2()&amp#27;[0m
21:57:37.769 [main] DEBUG net.thucydides.core.steps.StepInterceptor - STARTING STEP: LoginSteps.receiveValidHttp400Login - I receive valid HTTP response code 400 login
21:57:37.770 [main] DEBUG net.thucydides.core.steps.StepInterceptor - STEP DONE: I receive valid HTTP response code 400 login
  &amp#27;[32mThen &amp#27;[0m&amp#27;[32mI receive valid HTTP response code 400 login&amp#27;[0m &amp#27;[90m# starter.stepdefinitions.LoginSteps.receiveValidHttp400Login()&amp#27;[0m
21:57:37.774 [main] INFO  - 
  _____   ___   ___   _____     ___     _     ___   ___   ___   ___  
 |_   _| | __| / __| |_   _|   | _ \   /_\   / __| / __| | __| |   \ 
   | |   | _|  \__ \   | |     |  _/  / _ \  \__ \ \__ \ | _|  | |) |
   |_|   |___| |___/   |_|     |_|   /_/ \_\ |___/ |___/ |___| |___/ 

POST - Login with empty email
----------------------------------------------------------------------
]]></system-out>
  </testcase>
  <testcase name="POST - Login with empty password" classname="Login" time="0.555">
    <system-out><![CDATA[
Scenario: POST - Login with empty password          &amp#27;[90m# src/test/resources/features/2. Login.feature:17&amp#27;[0m
21:57:37.786 [main] DEBUG io.cucumber.core.plugin.SerenityReporter - Running feature from file:///D:/download/API_Minpro%20(1)/APIMinpro/API/minpro/src/test/resources/features/2.%20Login.feature
21:57:37.790 [main] INFO  - 
  _____   ___   ___   _____     ___   _____     _     ___   _____   ___   ___  
 |_   _| | __| / __| |_   _|   / __| |_   _|   /_\   | _ \ |_   _| | __| |   \ 
   | |   | _|  \__ \   | |     \__ \   | |    / _ \  |   /   | |   | _|  | |) |
   |_|   |___| |___/   |_|     |___/   |_|   /_/ \_\ |_|_\   |_|   |___| |___/ 

POST - Login with empty password(login;post---login-with-empty-password)
--------------------------------------------------------------------------------
21:57:37.821 [main] DEBUG net.thucydides.core.steps.StepInterceptor - STARTING STEP: LoginSteps.setPostApiEndpointsLogin - I set POST api endpoints login
21:57:37.822 [main] DEBUG net.thucydides.core.steps.StepInterceptor - STEP DONE: I set POST api endpoints login
  &amp#27;[32mGiven &amp#27;[0m&amp#27;[32mI set POST api endpoints login&amp#27;[0m              &amp#27;[90m# starter.stepdefinitions.LoginSteps.setPostApiEndpointsLogin()&amp#27;[0m
21:57:37.836 [main] DEBUG net.thucydides.core.steps.StepInterceptor - STARTING STEP: LoginSteps.sendPostHttpRequestLogin3 - I send POST HTTP request login3
21:57:37.840 [main] DEBUG net.thucydides.core.steps.StepInterceptor - STARTING STEP: Login.sendPostHttpRequestLogin3 - I set POST api endpoints login
21:57:37.842 [main] DEBUG net.thucydides.core.steps.StepInterceptor - STEP DONE: I set POST api endpoints login
21:57:37.964 [main] DEBUG org.apache.http.impl.conn.BasicClientConnectionManager - Get connection for route {s}->https://altashop-api.fly.dev:443
21:57:37.964 [main] DEBUG org.apache.http.impl.conn.DefaultClientConnectionOperator - Connecting to altashop-api.fly.dev:443
21:57:38.212 [main] DEBUG org.apache.http.client.protocol.RequestAddCookies - CookieSpec selected: ignoreCookies
21:57:38.213 [main] DEBUG org.apache.http.client.protocol.RequestAuthCache - Auth cache not set in the context
21:57:38.213 [main] DEBUG org.apache.http.client.protocol.RequestTargetAuthentication - Target auth state: UNCHALLENGED
21:57:38.213 [main] DEBUG org.apache.http.client.protocol.RequestProxyAuthentication - Proxy auth state: UNCHALLENGED
21:57:38.213 [main] DEBUG org.apache.http.impl.client.DefaultHttpClient - Attempt 1 to execute request
21:57:38.213 [main] DEBUG org.apache.http.impl.conn.DefaultClientConnection - Sending request: POST /api/auth/login HTTP/1.1
21:57:38.213 [main] DEBUG org.apache.http.wire -  >> "POST /api/auth/login HTTP/1.1[\r][\n]"
21:57:38.213 [main] DEBUG org.apache.http.wire -  >> "Accept: */*[\r][\n]"
21:57:38.213 [main] DEBUG org.apache.http.wire -  >> "Content-Type: application/json[\r][\n]"
21:57:38.213 [main] DEBUG org.apache.http.wire -  >> "Content-Length: 43[\r][\n]"
21:57:38.213 [main] DEBUG org.apache.http.wire -  >> "Host: altashop-api.fly.dev[\r][\n]"
21:57:38.213 [main] DEBUG org.apache.http.wire -  >> "Connection: Keep-Alive[\r][\n]"
21:57:38.213 [main] DEBUG org.apache.http.wire -  >> "User-Agent: Apache-HttpClient/4.5.13 (Java/19.0.2)[\r][\n]"
21:57:38.213 [main] DEBUG org.apache.http.wire -  >> "Accept-Encoding: gzip,deflate[\r][\n]"
21:57:38.213 [main] DEBUG org.apache.http.wire -  >> "[\r][\n]"
21:57:38.213 [main] DEBUG org.apache.http.headers - >> POST /api/auth/login HTTP/1.1
21:57:38.213 [main] DEBUG org.apache.http.headers - >> Accept: */*
21:57:38.213 [main] DEBUG org.apache.http.headers - >> Content-Type: application/json
21:57:38.213 [main] DEBUG org.apache.http.headers - >> Content-Length: 43
21:57:38.213 [main] DEBUG org.apache.http.headers - >> Host: altashop-api.fly.dev
21:57:38.213 [main] DEBUG org.apache.http.headers - >> Connection: Keep-Alive
21:57:38.213 [main] DEBUG org.apache.http.headers - >> User-Agent: Apache-HttpClient/4.5.13 (Java/19.0.2)
21:57:38.213 [main] DEBUG org.apache.http.headers - >> Accept-Encoding: gzip,deflate
21:57:38.214 [main] DEBUG org.apache.http.wire -  >> "{"password":" ","email":"someone@mail.com"}"
21:57:38.316 [main] DEBUG org.apache.http.wire -  << "HTTP/1.1 400 Bad Request[\r][\n]"
21:57:38.317 [main] DEBUG org.apache.http.wire -  << "content-type: application/json[\r][\n]"
21:57:38.317 [main] DEBUG org.apache.http.wire -  << "date: Wed, 10 May 2023 14:57:37 GMT[\r][\n]"
21:57:38.317 [main] DEBUG org.apache.http.wire -  << "content-encoding: gzip[\r][\n]"
21:57:38.317 [main] DEBUG org.apache.http.wire -  << "transfer-encoding: chunked[\r][\n]"
21:57:38.317 [main] DEBUG org.apache.http.wire -  << "server: Fly/3f2597ca (2023-05-03)[\r][\n]"
21:57:38.317 [main] DEBUG org.apache.http.wire -  << "via: 1.1 fly.io[\r][\n]"
21:57:38.317 [main] DEBUG org.apache.http.wire -  << "fly-request-id: 01H032NW9WGH8JC39BS90K4JCX-sin[\r][\n]"
21:57:38.317 [main] DEBUG org.apache.http.wire -  << "[\r][\n]"
21:57:38.317 [main] DEBUG org.apache.http.impl.conn.DefaultClientConnection - Receiving response: HTTP/1.1 400 Bad Request
21:57:38.317 [main] DEBUG org.apache.http.headers - << HTTP/1.1 400 Bad Request
21:57:38.317 [main] DEBUG org.apache.http.headers - << content-type: application/json
21:57:38.317 [main] DEBUG org.apache.http.headers - << date: Wed, 10 May 2023 14:57:37 GMT
21:57:38.317 [main] DEBUG org.apache.http.headers - << content-encoding: gzip
21:57:38.317 [main] DEBUG org.apache.http.headers - << transfer-encoding: chunked
21:57:38.317 [main] DEBUG org.apache.http.headers - << server: Fly/3f2597ca (2023-05-03)
21:57:38.317 [main] DEBUG org.apache.http.headers - << via: 1.1 fly.io
21:57:38.317 [main] DEBUG org.apache.http.headers - << fly-request-id: 01H032NW9WGH8JC39BS90K4JCX-sin
21:57:38.317 [main] DEBUG org.apache.http.impl.client.DefaultHttpClient - Connection can be kept alive indefinitely
21:57:38.318 [main] DEBUG io.restassured.internal.RestAssuredHttpBuilder - Parsing response as: application/json
21:57:38.318 [main] DEBUG org.apache.http.wire -  << "3D[\r][\n]"
21:57:38.318 [main] DEBUG org.apache.http.wire -  << "[0x1f][0x8b][0x8][0x0][0x0][0x0][0x0][0x0][0x4][0xff][0xab]VJ-*[0xca]/R[0xb2]RJ[0xcd]M[0xcc][0xcc]Q[0xc8]/R(H,..[0xcf]/JQ[0xc8],V[0xc8][0xcc]+K[0xcc][0xc9]LQ[0xaa][0xe5][0x2][0x0][0xc0][0xad][0xff][0xb])[0x0][0x0][0x0]"
21:57:38.318 [main] DEBUG org.apache.http.wire -  << "[\r][\n]"
21:57:38.318 [main] DEBUG org.apache.http.wire -  << "0[\r][\n]"
21:57:38.318 [main] DEBUG org.apache.http.wire -  << "[\r][\n]"
21:57:38.318 [main] DEBUG io.restassured.internal.RestAssuredHttpBuilder - Parsed data to instance of: class org.apache.http.conn.EofSensorInputStream
21:57:38.320 [main] DEBUG org.apache.http.impl.conn.BasicClientConnectionManager - Releasing connection org.apache.http.impl.conn.ManagedClientConnectionImpl@3c116f26
21:57:38.320 [main] DEBUG org.apache.http.impl.conn.BasicClientConnectionManager - Connection can be kept alive indefinitely
21:57:38.320 [main] DEBUG net.thucydides.core.steps.StepInterceptor - STEP DONE: I send POST HTTP request login3
  &amp#27;[32mWhen &amp#27;[0m&amp#27;[32mI send POST HTTP request login3&amp#27;[0m              &amp#27;[90m# starter.stepdefinitions.LoginSteps.sendPostHttpRequestLogin3()&amp#27;[0m
21:57:38.326 [main] DEBUG net.thucydides.core.steps.StepInterceptor - STARTING STEP: LoginSteps.receiveValidHttp400Login - I receive valid HTTP response code 400 login
21:57:38.327 [main] DEBUG net.thucydides.core.steps.StepInterceptor - STEP DONE: I receive valid HTTP response code 400 login
  &amp#27;[32mThen &amp#27;[0m&amp#27;[32mI receive valid HTTP response code 400 login&amp#27;[0m &amp#27;[90m# starter.stepdefinitions.LoginSteps.receiveValidHttp400Login()&amp#27;[0m
21:57:38.330 [main] INFO  - 
  _____   ___   ___   _____     ___     _     ___   ___   ___   ___  
 |_   _| | __| / __| |_   _|   | _ \   /_\   / __| / __| | __| |   \ 
   | |   | _|  \__ \   | |     |  _/  / _ \  \__ \ \__ \ | _|  | |) |
   |_|   |___| |___/   |_|     |_|   /_/ \_\ |___/ |___/ |___| |___/ 

POST - Login with empty password
----------------------------------------------------------------------
]]></system-out>
  </testcase>
  <testcase name="POST - Login without payload" classname="Login" time="0.683">
    <system-out><![CDATA[
Scenario: POST - Login without payload              &amp#27;[90m# src/test/resources/features/2. Login.feature:22&amp#27;[0m
21:57:38.340 [main] DEBUG io.cucumber.core.plugin.SerenityReporter - Running feature from file:///D:/download/API_Minpro%20(1)/APIMinpro/API/minpro/src/test/resources/features/2.%20Login.feature
21:57:38.344 [main] INFO  - 
  _____   ___   ___   _____     ___   _____     _     ___   _____   ___   ___  
 |_   _| | __| / __| |_   _|   / __| |_   _|   /_\   | _ \ |_   _| | __| |   \ 
   | |   | _|  \__ \   | |     \__ \   | |    / _ \  |   /   | |   | _|  | |) |
   |_|   |___| |___/   |_|     |___/   |_|   /_/ \_\ |_|_\   |_|   |___| |___/ 

POST - Login without payload(login;post---login-without-payload)
--------------------------------------------------------------------------------
21:57:38.364 [main] DEBUG net.thucydides.core.steps.StepInterceptor - STARTING STEP: LoginSteps.setPostApiEndpointsLogin - I set POST api endpoints login
21:57:38.364 [main] DEBUG net.thucydides.core.steps.StepInterceptor - STEP DONE: I set POST api endpoints login
  &amp#27;[32mGiven &amp#27;[0m&amp#27;[32mI set POST api endpoints login&amp#27;[0m              &amp#27;[90m# starter.stepdefinitions.LoginSteps.setPostApiEndpointsLogin()&amp#27;[0m
21:57:38.371 [main] DEBUG net.thucydides.core.steps.StepInterceptor - STARTING STEP: LoginSteps.sendPostHttpRequestLogin4 - I send POST HTTP request login4
21:57:38.376 [main] DEBUG net.thucydides.core.steps.StepInterceptor - STARTING STEP: Login.sendPostHttpRequestLogin4 - I set POST api endpoints login
21:57:38.377 [main] DEBUG net.thucydides.core.steps.StepInterceptor - STEP DONE: I set POST api endpoints login
21:57:38.458 [main] DEBUG org.apache.http.impl.conn.BasicClientConnectionManager - Get connection for route {s}->https://altashop-api.fly.dev:443
21:57:38.458 [main] DEBUG org.apache.http.impl.conn.DefaultClientConnectionOperator - Connecting to altashop-api.fly.dev:443
21:57:38.715 [main] DEBUG org.apache.http.client.protocol.RequestAddCookies - CookieSpec selected: ignoreCookies
21:57:38.715 [main] DEBUG org.apache.http.client.protocol.RequestAuthCache - Auth cache not set in the context
21:57:38.715 [main] DEBUG org.apache.http.client.protocol.RequestTargetAuthentication - Target auth state: UNCHALLENGED
21:57:38.715 [main] DEBUG org.apache.http.client.protocol.RequestProxyAuthentication - Proxy auth state: UNCHALLENGED
21:57:38.715 [main] DEBUG org.apache.http.impl.client.DefaultHttpClient - Attempt 1 to execute request
21:57:38.715 [main] DEBUG org.apache.http.impl.conn.DefaultClientConnection - Sending request: POST /api/auth/login HTTP/1.1
21:57:38.716 [main] DEBUG org.apache.http.wire -  >> "POST /api/auth/login HTTP/1.1[\r][\n]"
21:57:38.716 [main] DEBUG org.apache.http.wire -  >> "Accept: */*[\r][\n]"
21:57:38.716 [main] DEBUG org.apache.http.wire -  >> "Content-Type: application/json[\r][\n]"
21:57:38.716 [main] DEBUG org.apache.http.wire -  >> "Content-Length: 9[\r][\n]"
21:57:38.716 [main] DEBUG org.apache.http.wire -  >> "Host: altashop-api.fly.dev[\r][\n]"
21:57:38.716 [main] DEBUG org.apache.http.wire -  >> "Connection: Keep-Alive[\r][\n]"
21:57:38.716 [main] DEBUG org.apache.http.wire -  >> "User-Agent: Apache-HttpClient/4.5.13 (Java/19.0.2)[\r][\n]"
21:57:38.716 [main] DEBUG org.apache.http.wire -  >> "Accept-Encoding: gzip,deflate[\r][\n]"
21:57:38.716 [main] DEBUG org.apache.http.wire -  >> "[\r][\n]"
21:57:38.716 [main] DEBUG org.apache.http.headers - >> POST /api/auth/login HTTP/1.1
21:57:38.716 [main] DEBUG org.apache.http.headers - >> Accept: */*
21:57:38.716 [main] DEBUG org.apache.http.headers - >> Content-Type: application/json
21:57:38.716 [main] DEBUG org.apache.http.headers - >> Content-Length: 9
21:57:38.716 [main] DEBUG org.apache.http.headers - >> Host: altashop-api.fly.dev
21:57:38.716 [main] DEBUG org.apache.http.headers - >> Connection: Keep-Alive
21:57:38.716 [main] DEBUG org.apache.http.headers - >> User-Agent: Apache-HttpClient/4.5.13 (Java/19.0.2)
21:57:38.716 [main] DEBUG org.apache.http.headers - >> Accept-Encoding: gzip,deflate
21:57:38.716 [main] DEBUG org.apache.http.wire -  >> "{" ":" "}"
21:57:38.989 [main] DEBUG org.apache.http.wire -  << "HTTP/1.1 400 Bad Request[\r][\n]"
21:57:38.990 [main] DEBUG org.apache.http.wire -  << "content-type: application/json[\r][\n]"
21:57:38.990 [main] DEBUG org.apache.http.wire -  << "date: Wed, 10 May 2023 14:57:38 GMT[\r][\n]"
21:57:38.991 [main] DEBUG org.apache.http.wire -  << "content-encoding: gzip[\r][\n]"
21:57:38.992 [main] DEBUG org.apache.http.wire -  << "transfer-encoding: chunked[\r][\n]"
21:57:38.993 [main] DEBUG org.apache.http.wire -  << "server: Fly/3f2597ca (2023-05-03)[\r][\n]"
21:57:38.993 [main] DEBUG org.apache.http.wire -  << "via: 1.1 fly.io[\r][\n]"
21:57:38.993 [main] DEBUG org.apache.http.wire -  << "fly-request-id: 01H032NWTQB48YQXS5TBDZ57VY-sin[\r][\n]"
21:57:38.993 [main] DEBUG org.apache.http.wire -  << "[\r][\n]"
21:57:38.993 [main] DEBUG org.apache.http.impl.conn.DefaultClientConnection - Receiving response: HTTP/1.1 400 Bad Request
21:57:38.993 [main] DEBUG org.apache.http.headers - << HTTP/1.1 400 Bad Request
21:57:38.993 [main] DEBUG org.apache.http.headers - << content-type: application/json
21:57:38.993 [main] DEBUG org.apache.http.headers - << date: Wed, 10 May 2023 14:57:38 GMT
21:57:38.993 [main] DEBUG org.apache.http.headers - << content-encoding: gzip
21:57:38.993 [main] DEBUG org.apache.http.headers - << transfer-encoding: chunked
21:57:38.994 [main] DEBUG org.apache.http.headers - << server: Fly/3f2597ca (2023-05-03)
21:57:38.994 [main] DEBUG org.apache.http.headers - << via: 1.1 fly.io
21:57:38.994 [main] DEBUG org.apache.http.headers - << fly-request-id: 01H032NWTQB48YQXS5TBDZ57VY-sin
21:57:38.994 [main] DEBUG org.apache.http.impl.client.DefaultHttpClient - Connection can be kept alive indefinitely
21:57:38.995 [main] DEBUG io.restassured.internal.RestAssuredHttpBuilder - Parsing response as: application/json
21:57:38.995 [main] DEBUG org.apache.http.wire -  << "32[\r][\n]"
21:57:38.995 [main] DEBUG org.apache.http.wire -  << "[0x1f][0x8b][0x8][0x0][0x0][0x0][0x0][0x0][0x4][0xff][0xab]VJ-*[0xca]/R[0xb2]RJ[0xcd]M[0xcc][0xcc]Q[0xc8],V(J-,[0xcd],JMQ[0xaa][0xe5][0x2][0x0]&[0xe3][0xaa]j[0x1e][0x0][0x0][0x0]"
21:57:38.995 [main] DEBUG org.apache.http.wire -  << "[\r][\n]"
21:57:38.995 [main] DEBUG org.apache.http.wire -  << "0[\r][\n]"
21:57:38.995 [main] DEBUG org.apache.http.wire -  << "[\r][\n]"
21:57:38.995 [main] DEBUG io.restassured.internal.RestAssuredHttpBuilder - Parsed data to instance of: class org.apache.http.conn.EofSensorInputStream
21:57:38.997 [main] DEBUG org.apache.http.impl.conn.BasicClientConnectionManager - Releasing connection org.apache.http.impl.conn.ManagedClientConnectionImpl@33ccead
21:57:38.997 [main] DEBUG org.apache.http.impl.conn.BasicClientConnectionManager - Connection can be kept alive indefinitely
21:57:38.998 [main] DEBUG net.thucydides.core.steps.StepInterceptor - STEP DONE: I send POST HTTP request login4
  &amp#27;[32mWhen &amp#27;[0m&amp#27;[32mI send POST HTTP request login4&amp#27;[0m              &amp#27;[90m# starter.stepdefinitions.LoginSteps.sendPostHttpRequestLogin4()&amp#27;[0m
21:57:39.005 [main] DEBUG net.thucydides.core.steps.StepInterceptor - STARTING STEP: LoginSteps.receiveValidHttp400Login - I receive valid HTTP response code 400 login
21:57:39.006 [main] DEBUG net.thucydides.core.steps.StepInterceptor - STEP DONE: I receive valid HTTP response code 400 login
  &amp#27;[32mThen &amp#27;[0m&amp#27;[32mI receive valid HTTP response code 400 login&amp#27;[0m &amp#27;[90m# starter.stepdefinitions.LoginSteps.receiveValidHttp400Login()&amp#27;[0m
21:57:39.014 [main] INFO  - 
  _____   ___   ___   _____     ___     _     ___   ___   ___   ___  
 |_   _| | __| / __| |_   _|   | _ \   /_\   / __| / __| | __| |   \ 
   | |   | _|  \__ \   | |     |  _/  / _ \  \__ \ \__ \ | _|  | |) |
   |_|   |___| |___/   |_|     |_|   /_/ \_\ |___/ |___/ |___| |___/ 

POST - Login without payload
----------------------------------------------------------------------
]]></system-out>
  </testcase>
  <testcase name="POST - Login with empty body parameter" classname="Login" time="0.499">
    <system-out><![CDATA[
Scenario: POST - Login with empty body parameter    &amp#27;[90m# src/test/resources/features/2. Login.feature:27&amp#27;[0m
21:57:39.026 [main] DEBUG io.cucumber.core.plugin.SerenityReporter - Running feature from file:///D:/download/API_Minpro%20(1)/APIMinpro/API/minpro/src/test/resources/features/2.%20Login.feature
21:57:39.029 [main] INFO  - 
  _____   ___   ___   _____     ___   _____     _     ___   _____   ___   ___  
 |_   _| | __| / __| |_   _|   / __| |_   _|   /_\   | _ \ |_   _| | __| |   \ 
   | |   | _|  \__ \   | |     \__ \   | |    / _ \  |   /   | |   | _|  | |) |
   |_|   |___| |___/   |_|     |___/   |_|   /_/ \_\ |_|_\   |_|   |___| |___/ 

POST - Login with empty body parameter(login;post---login-with-empty-body-parameter)
--------------------------------------------------------------------------------
21:57:39.047 [main] DEBUG net.thucydides.core.steps.StepInterceptor - STARTING STEP: LoginSteps.setPostApiEndpointsLogin - I set POST api endpoints login
21:57:39.048 [main] DEBUG net.thucydides.core.steps.StepInterceptor - STEP DONE: I set POST api endpoints login
  &amp#27;[32mGiven &amp#27;[0m&amp#27;[32mI set POST api endpoints login&amp#27;[0m              &amp#27;[90m# starter.stepdefinitions.LoginSteps.setPostApiEndpointsLogin()&amp#27;[0m
21:57:39.079 [main] DEBUG net.thucydides.core.steps.StepInterceptor - STARTING STEP: LoginSteps.sendPostHttpRequestLogin5 - I send POST HTTP request login5
21:57:39.086 [main] DEBUG net.thucydides.core.steps.StepInterceptor - STARTING STEP: Login.sendPostHttpRequestLogin5 - I set POST api endpoints login
21:57:39.086 [Finalizer] DEBUG org.apache.http.impl.conn.DefaultClientConnection - Connection 0.0.0.0:54381<->149.248.193.56:443 closed
21:57:39.087 [main] DEBUG net.thucydides.core.steps.StepInterceptor - STEP DONE: I set POST api endpoints login
21:57:39.087 [Finalizer] DEBUG org.apache.http.impl.conn.DefaultClientConnection - Connection 0.0.0.0:54380<->149.248.193.56:443 closed
21:57:39.088 [Finalizer] DEBUG org.apache.http.impl.conn.DefaultClientConnection - Connection 0.0.0.0:54379<->149.248.193.56:443 closed
21:57:39.088 [Finalizer] DEBUG org.apache.http.impl.conn.DefaultClientConnection - Connection 0.0.0.0:54384<->149.248.193.56:443 closed
21:57:39.089 [Finalizer] DEBUG org.apache.http.impl.conn.DefaultClientConnection - Connection 0.0.0.0:54383<->149.248.193.56:443 closed
21:57:39.090 [Finalizer] DEBUG org.apache.http.impl.conn.DefaultClientConnection - Connection 0.0.0.0:54382<->149.248.193.56:443 closed
21:57:39.092 [Finalizer] DEBUG org.apache.http.impl.conn.DefaultClientConnection - Connection 0.0.0.0:54376<->149.248.193.56:443 closed
21:57:39.138 [main] DEBUG org.apache.http.impl.conn.BasicClientConnectionManager - Get connection for route {s}->https://altashop-api.fly.dev:443
21:57:39.139 [main] DEBUG org.apache.http.impl.conn.DefaultClientConnectionOperator - Connecting to altashop-api.fly.dev:443
21:57:39.402 [main] DEBUG org.apache.http.client.protocol.RequestAddCookies - CookieSpec selected: ignoreCookies
21:57:39.402 [main] DEBUG org.apache.http.client.protocol.RequestAuthCache - Auth cache not set in the context
21:57:39.402 [main] DEBUG org.apache.http.client.protocol.RequestTargetAuthentication - Target auth state: UNCHALLENGED
21:57:39.402 [main] DEBUG org.apache.http.client.protocol.RequestProxyAuthentication - Proxy auth state: UNCHALLENGED
21:57:39.402 [main] DEBUG org.apache.http.impl.client.DefaultHttpClient - Attempt 1 to execute request
21:57:39.402 [main] DEBUG org.apache.http.impl.conn.DefaultClientConnection - Sending request: POST /api/auth/login HTTP/1.1
21:57:39.402 [main] DEBUG org.apache.http.wire -  >> "POST /api/auth/login HTTP/1.1[\r][\n]"
21:57:39.402 [main] DEBUG org.apache.http.wire -  >> "Accept: */*[\r][\n]"
21:57:39.402 [main] DEBUG org.apache.http.wire -  >> "Content-Type: application/json[\r][\n]"
21:57:39.402 [main] DEBUG org.apache.http.wire -  >> "Content-Length: 28[\r][\n]"
21:57:39.402 [main] DEBUG org.apache.http.wire -  >> "Host: altashop-api.fly.dev[\r][\n]"
21:57:39.402 [main] DEBUG org.apache.http.wire -  >> "Connection: Keep-Alive[\r][\n]"
21:57:39.402 [main] DEBUG org.apache.http.wire -  >> "User-Agent: Apache-HttpClient/4.5.13 (Java/19.0.2)[\r][\n]"
21:57:39.402 [main] DEBUG org.apache.http.wire -  >> "Accept-Encoding: gzip,deflate[\r][\n]"
21:57:39.402 [main] DEBUG org.apache.http.wire -  >> "[\r][\n]"
21:57:39.402 [main] DEBUG org.apache.http.headers - >> POST /api/auth/login HTTP/1.1
21:57:39.402 [main] DEBUG org.apache.http.headers - >> Accept: */*
21:57:39.403 [main] DEBUG org.apache.http.headers - >> Content-Type: application/json
21:57:39.403 [main] DEBUG org.apache.http.headers - >> Content-Length: 28
21:57:39.403 [main] DEBUG org.apache.http.headers - >> Host: altashop-api.fly.dev
21:57:39.403 [main] DEBUG org.apache.http.headers - >> Connection: Keep-Alive
21:57:39.403 [main] DEBUG org.apache.http.headers - >> User-Agent: Apache-HttpClient/4.5.13 (Java/19.0.2)
21:57:39.403 [main] DEBUG org.apache.http.headers - >> Accept-Encoding: gzip,deflate
21:57:39.403 [main] DEBUG org.apache.http.wire -  >> "{"password":" ","email":" "}"
21:57:39.480 [main] DEBUG org.apache.http.wire -  << "HTTP/1.1 400 Bad Request[\r][\n]"
21:57:39.480 [main] DEBUG org.apache.http.wire -  << "content-type: application/json[\r][\n]"
21:57:39.480 [main] DEBUG org.apache.http.wire -  << "date: Wed, 10 May 2023 14:57:38 GMT[\r][\n]"
21:57:39.480 [main] DEBUG org.apache.http.wire -  << "content-encoding: gzip[\r][\n]"
21:57:39.480 [main] DEBUG org.apache.http.wire -  << "transfer-encoding: chunked[\r][\n]"
21:57:39.480 [main] DEBUG org.apache.http.wire -  << "server: Fly/3f2597ca (2023-05-03)[\r][\n]"
21:57:39.480 [main] DEBUG org.apache.http.wire -  << "via: 1.1 fly.io[\r][\n]"
21:57:39.480 [main] DEBUG org.apache.http.wire -  << "fly-request-id: 01H032NXE4C3PH7AFJM5GVTJGN-sin[\r][\n]"
21:57:39.480 [main] DEBUG org.apache.http.wire -  << "[\r][\n]"
21:57:39.480 [main] DEBUG org.apache.http.impl.conn.DefaultClientConnection - Receiving response: HTTP/1.1 400 Bad Request
21:57:39.480 [main] DEBUG org.apache.http.headers - << HTTP/1.1 400 Bad Request
21:57:39.480 [main] DEBUG org.apache.http.headers - << content-type: application/json
21:57:39.480 [main] DEBUG org.apache.http.headers - << date: Wed, 10 May 2023 14:57:38 GMT
21:57:39.480 [main] DEBUG org.apache.http.headers - << content-encoding: gzip
21:57:39.480 [main] DEBUG org.apache.http.headers - << transfer-encoding: chunked
21:57:39.480 [main] DEBUG org.apache.http.headers - << server: Fly/3f2597ca (2023-05-03)
21:57:39.480 [main] DEBUG org.apache.http.headers - << via: 1.1 fly.io
21:57:39.481 [main] DEBUG org.apache.http.headers - << fly-request-id: 01H032NXE4C3PH7AFJM5GVTJGN-sin
21:57:39.481 [main] DEBUG org.apache.http.impl.client.DefaultHttpClient - Connection can be kept alive indefinitely
21:57:39.481 [main] DEBUG io.restassured.internal.RestAssuredHttpBuilder - Parsing response as: application/json
21:57:39.481 [main] DEBUG org.apache.http.wire -  << "3D[\r][\n]"
21:57:39.481 [main] DEBUG org.apache.http.wire -  << "[0x1f][0x8b][0x8][0x0][0x0][0x0][0x0][0x0][0x4][0xff][0xab]VJ-*[0xca]/R[0xb2]RJ[0xcd]M[0xcc][0xcc]Q[0xc8]/R(H,..[0xcf]/JQ[0xc8],V[0xc8][0xcc]+K[0xcc][0xc9]LQ[0xaa][0xe5][0x2][0x0][0xc0][0xad][0xff][0xb])[0x0][0x0][0x0]"
21:57:39.481 [main] DEBUG org.apache.http.wire -  << "[\r][\n]"
21:57:39.484 [main] DEBUG org.apache.http.wire -  << "0[\r][\n]"
21:57:39.485 [main] DEBUG org.apache.http.wire -  << "[\r][\n]"
21:57:39.485 [main] DEBUG io.restassured.internal.RestAssuredHttpBuilder - Parsed data to instance of: class org.apache.http.conn.EofSensorInputStream
21:57:39.487 [main] DEBUG org.apache.http.impl.conn.BasicClientConnectionManager - Releasing connection org.apache.http.impl.conn.ManagedClientConnectionImpl@446a692f
21:57:39.487 [main] DEBUG org.apache.http.impl.conn.BasicClientConnectionManager - Connection can be kept alive indefinitely
21:57:39.492 [main] DEBUG net.thucydides.core.steps.StepInterceptor - STEP DONE: I send POST HTTP request login5
  &amp#27;[32mWhen &amp#27;[0m&amp#27;[32mI send POST HTTP request login5&amp#27;[0m              &amp#27;[90m# starter.stepdefinitions.LoginSteps.sendPostHttpRequestLogin5()&amp#27;[0m
21:57:39.501 [main] DEBUG net.thucydides.core.steps.StepInterceptor - STARTING STEP: LoginSteps.receiveValidHttp400Login - I receive valid HTTP response code 400 login
21:57:39.503 [main] DEBUG net.thucydides.core.steps.StepInterceptor - STEP DONE: I receive valid HTTP response code 400 login
  &amp#27;[32mThen &amp#27;[0m&amp#27;[32mI receive valid HTTP response code 400 login&amp#27;[0m &amp#27;[90m# starter.stepdefinitions.LoginSteps.receiveValidHttp400Login()&amp#27;[0m
21:57:39.512 [main] INFO  - 
  _____   ___   ___   _____     ___     _     ___   ___   ___   ___  
 |_   _| | __| / __| |_   _|   | _ \   /_\   / __| / __| | __| |   \ 
   | |   | _|  \__ \   | |     |  _/  / _ \  \__ \ \__ \ | _|  | |) |
   |_|   |___| |___/   |_|     |_|   /_/ \_\ |___/ |___/ |___| |___/ 

POST - Login with empty body parameter
----------------------------------------------------------------------
]]></system-out>
  </testcase>
  <testcase name="GET - Get user information" classname="User Information" time="0.622">
    <system-out><![CDATA[21:57:39.516 [main] DEBUG io.cucumber.core.plugin.SerenityReporter - Running feature from file:///D:/download/API_Minpro%20(1)/APIMinpro/API/minpro/src/test/resources/features/3.%20User.feature
21:57:39.521 [main] DEBUG net.thucydides.core.steps.StepEventBus - Test suite started for story net.thucydides.core.model.Story@11e807f1
21:57:39.522 [main] INFO  - Test Suite Started: User Information

Scenario: GET - Get user information               &amp#27;[90m# src/test/resources/features/3. User.feature:7&amp#27;[0m
21:57:39.537 [main] DEBUG io.cucumber.core.plugin.SerenityReporter - Running feature from file:///D:/download/API_Minpro%20(1)/APIMinpro/API/minpro/src/test/resources/features/3.%20User.feature
21:57:39.546 [main] INFO  - 
  _____   ___   ___   _____     ___   _____     _     ___   _____   ___   ___  
 |_   _| | __| / __| |_   _|   / __| |_   _|   /_\   | _ \ |_   _| | __| |   \ 
   | |   | _|  \__ \   | |     \__ \   | |    / _ \  |   /   | |   | _|  | |) |
   |_|   |___| |___/   |_|     |___/   |_|   /_/ \_\ |_|_\   |_|   |___| |___/ 

GET - Get user information(user-information;get---get-user-information)
--------------------------------------------------------------------------------
  &amp#27;[32mGiven &amp#27;[0m&amp#27;[32mI set GET api endpoints user&amp#27;[0m               &amp#27;[90m# starter.stepdefinitions.UserSteps.setGetApiEndpointsUser()&amp#27;[0m
21:57:39.695 [main] DEBUG org.apache.http.impl.conn.BasicClientConnectionManager - Get connection for route {s}->https://altashop-api.fly.dev:443
21:57:39.696 [main] DEBUG org.apache.http.impl.conn.DefaultClientConnectionOperator - Connecting to altashop-api.fly.dev:443
21:57:39.997 [main] DEBUG org.apache.http.client.protocol.RequestAddCookies - CookieSpec selected: ignoreCookies
21:57:39.997 [main] DEBUG org.apache.http.client.protocol.RequestAuthCache - Auth cache not set in the context
21:57:39.997 [main] DEBUG org.apache.http.client.protocol.RequestProxyAuthentication - Proxy auth state: UNCHALLENGED
21:57:39.997 [main] DEBUG org.apache.http.impl.client.DefaultHttpClient - Attempt 1 to execute request
21:57:39.997 [main] DEBUG org.apache.http.impl.conn.DefaultClientConnection - Sending request: GET /api/auth/info HTTP/1.1
21:57:39.997 [main] DEBUG org.apache.http.wire -  >> "GET /api/auth/info HTTP/1.1[\r][\n]"
21:57:39.997 [main] DEBUG org.apache.http.wire -  >> "Authorization: Bearer eyJhbGciOiJIUzI1NiIsInR5cCI6IkpXVCJ9.eyJGdWxsbmFtZSI6IkFkaXR5YSBOdWdyYWhhIiwiRW1haWwiOiJhZGl0QGdtYWlsLmNvbSJ9.VM2lARkmmliu1pWtk1uhb8z5fGaElvH1jIoYM72Te3g[\r][\n]"
21:57:39.997 [main] DEBUG org.apache.http.wire -  >> "Accept: */*[\r][\n]"
21:57:39.997 [main] DEBUG org.apache.http.wire -  >> "Host: altashop-api.fly.dev[\r][\n]"
21:57:39.997 [main] DEBUG org.apache.http.wire -  >> "Connection: Keep-Alive[\r][\n]"
21:57:39.997 [main] DEBUG org.apache.http.wire -  >> "User-Agent: Apache-HttpClient/4.5.13 (Java/19.0.2)[\r][\n]"
21:57:39.998 [main] DEBUG org.apache.http.wire -  >> "Accept-Encoding: gzip,deflate[\r][\n]"
21:57:39.998 [main] DEBUG org.apache.http.wire -  >> "[\r][\n]"
21:57:39.998 [main] DEBUG org.apache.http.headers - >> GET /api/auth/info HTTP/1.1
21:57:39.998 [main] DEBUG org.apache.http.headers - >> Authorization: Bearer eyJhbGciOiJIUzI1NiIsInR5cCI6IkpXVCJ9.eyJGdWxsbmFtZSI6IkFkaXR5YSBOdWdyYWhhIiwiRW1haWwiOiJhZGl0QGdtYWlsLmNvbSJ9.VM2lARkmmliu1pWtk1uhb8z5fGaElvH1jIoYM72Te3g
21:57:39.998 [main] DEBUG org.apache.http.headers - >> Accept: */*
21:57:39.998 [main] DEBUG org.apache.http.headers - >> Host: altashop-api.fly.dev
21:57:39.998 [main] DEBUG org.apache.http.headers - >> Connection: Keep-Alive
21:57:39.998 [main] DEBUG org.apache.http.headers - >> User-Agent: Apache-HttpClient/4.5.13 (Java/19.0.2)
21:57:39.998 [main] DEBUG org.apache.http.headers - >> Accept-Encoding: gzip,deflate
21:57:40.131 [main] DEBUG org.apache.http.wire -  << "HTTP/1.1 200 OK[\r][\n]"
21:57:40.131 [main] DEBUG org.apache.http.wire -  << "content-type: application/json[\r][\n]"
21:57:40.131 [main] DEBUG org.apache.http.wire -  << "date: Wed, 10 May 2023 14:57:39 GMT[\r][\n]"
21:57:40.131 [main] DEBUG org.apache.http.wire -  << "content-encoding: gzip[\r][\n]"
21:57:40.131 [main] DEBUG org.apache.http.wire -  << "transfer-encoding: chunked[\r][\n]"
21:57:40.131 [main] DEBUG org.apache.http.wire -  << "server: Fly/3f2597ca (2023-05-03)[\r][\n]"
21:57:40.131 [main] DEBUG org.apache.http.wire -  << "via: 1.1 fly.io[\r][\n]"
21:57:40.131 [main] DEBUG org.apache.http.wire -  << "fly-request-id: 01H032NY17JSKE29TMXB228241-sin[\r][\n]"
21:57:40.131 [main] DEBUG org.apache.http.wire -  << "[\r][\n]"
21:57:40.131 [main] DEBUG org.apache.http.impl.conn.DefaultClientConnection - Receiving response: HTTP/1.1 200 OK
21:57:40.132 [main] DEBUG org.apache.http.headers - << HTTP/1.1 200 OK
21:57:40.132 [main] DEBUG org.apache.http.headers - << content-type: application/json
21:57:40.132 [main] DEBUG org.apache.http.headers - << date: Wed, 10 May 2023 14:57:39 GMT
21:57:40.132 [main] DEBUG org.apache.http.headers - << content-encoding: gzip
21:57:40.132 [main] DEBUG org.apache.http.headers - << transfer-encoding: chunked
21:57:40.132 [main] DEBUG org.apache.http.headers - << server: Fly/3f2597ca (2023-05-03)
21:57:40.132 [main] DEBUG org.apache.http.headers - << via: 1.1 fly.io
21:57:40.132 [main] DEBUG org.apache.http.headers - << fly-request-id: 01H032NY17JSKE29TMXB228241-sin
21:57:40.132 [main] DEBUG org.apache.http.impl.client.DefaultHttpClient - Connection can be kept alive indefinitely
21:57:40.132 [main] DEBUG io.restassured.internal.RestAssuredHttpBuilder - Parsing response as: application/json
21:57:40.132 [main] DEBUG org.apache.http.wire -  << "6C[\r][\n]"
21:57:40.132 [main] DEBUG org.apache.http.wire -  << "[0x1f][0x8b][0x8][0x0][0x0][0x0][0x0][0x0][0x4][0xff][0xab]VJI,IT[0xb2][0xaa]V[0xf2]tQ[0xb2]2471[0xb2][0xd4]Qr+[0xcd][0xc9][0xc9]K[0xcc]MU[0xb2]RrL[0xc9],[0xa9]LT[0xf0]+M/J[0xcc]HT[0xd2]Qr[0xcd]M[0xcc][0xcc]Q[0xb2]RJL[0xc9],qH[0x7]q[0xf4][0x92][0xf3]s[0x95]t[0x94][0x2][0x12][0x8b][0x8b][0xcb][0xf3][0x8b]R[0xa0]r[0x86]F[0xc6]J[0xb5][0xb5]\[0x0][0xd4][0xca][0x1]_`[0x0][0x0][0x0]"
21:57:40.132 [main] DEBUG org.apache.http.wire -  << "[\r][\n]"
21:57:40.132 [main] DEBUG org.apache.http.wire -  << "0[\r][\n]"
21:57:40.132 [main] DEBUG org.apache.http.wire -  << "[\r][\n]"
21:57:40.133 [main] DEBUG io.restassured.internal.RestAssuredHttpBuilder - Parsed data to instance of: class org.apache.http.conn.EofSensorInputStream
21:57:40.135 [main] DEBUG org.apache.http.impl.conn.BasicClientConnectionManager - Releasing connection org.apache.http.impl.conn.ManagedClientConnectionImpl@23365142
21:57:40.135 [main] DEBUG org.apache.http.impl.conn.BasicClientConnectionManager - Connection can be kept alive indefinitely
  &amp#27;[32mWhen &amp#27;[0m&amp#27;[32mI send GET HTTP request user&amp#27;[0m                &amp#27;[90m# starter.stepdefinitions.UserSteps.sentGetHttpRequestUser()&amp#27;[0m
  &amp#27;[32mThen &amp#27;[0m&amp#27;[32mI receive valid HTTP response code 200 user&amp#27;[0m &amp#27;[90m# starter.stepdefinitions.UserSteps.receiveValidHttp200User()&amp#27;[0m
21:57:40.148 [main] INFO  - 
  _____   ___   ___   _____     ___     _     ___   ___   ___   ___  
 |_   _| | __| / __| |_   _|   | _ \   /_\   / __| / __| | __| |   \ 
   | |   | _|  \__ \   | |     |  _/  / _ \  \__ \ \__ \ | _|  | |) |
   |_|   |___| |___/   |_|     |_|   /_/ \_\ |___/ |___/ |___| |___/ 

GET - Get user information
----------------------------------------------------------------------
]]></system-out>
  </testcase>
  <testcase name="GET - Get user information without token" classname="User Information" time="0.481">
    <system-out><![CDATA[
Scenario: GET - Get user information without token &amp#27;[90m# src/test/resources/features/3. User.feature:12&amp#27;[0m
21:57:40.160 [main] DEBUG io.cucumber.core.plugin.SerenityReporter - Running feature from file:///D:/download/API_Minpro%20(1)/APIMinpro/API/minpro/src/test/resources/features/3.%20User.feature
21:57:40.164 [main] INFO  - 
  _____   ___   ___   _____     ___   _____     _     ___   _____   ___   ___  
 |_   _| | __| / __| |_   _|   / __| |_   _|   /_\   | _ \ |_   _| | __| |   \ 
   | |   | _|  \__ \   | |     \__ \   | |    / _ \  |   /   | |   | _|  | |) |
   |_|   |___| |___/   |_|     |___/   |_|   /_/ \_\ |_|_\   |_|   |___| |___/ 

GET - Get user information without token(user-information;get---get-user-information-without-token)
--------------------------------------------------------------------------------
  &amp#27;[32mGiven &amp#27;[0m&amp#27;[32mI set GET api endpoints user&amp#27;[0m               &amp#27;[90m# starter.stepdefinitions.UserSteps.setGetApiEndpointsUser()&amp#27;[0m
21:57:40.219 [main] DEBUG org.apache.http.impl.conn.BasicClientConnectionManager - Get connection for route {s}->https://altashop-api.fly.dev:443
21:57:40.219 [main] DEBUG org.apache.http.impl.conn.DefaultClientConnectionOperator - Connecting to altashop-api.fly.dev:443
21:57:40.519 [main] DEBUG org.apache.http.client.protocol.RequestAddCookies - CookieSpec selected: ignoreCookies
21:57:40.519 [main] DEBUG org.apache.http.client.protocol.RequestAuthCache - Auth cache not set in the context
21:57:40.519 [main] DEBUG org.apache.http.client.protocol.RequestTargetAuthentication - Target auth state: UNCHALLENGED
21:57:40.519 [main] DEBUG org.apache.http.client.protocol.RequestProxyAuthentication - Proxy auth state: UNCHALLENGED
21:57:40.519 [main] DEBUG org.apache.http.impl.client.DefaultHttpClient - Attempt 1 to execute request
21:57:40.519 [main] DEBUG org.apache.http.impl.conn.DefaultClientConnection - Sending request: GET /api/auth/info HTTP/1.1
21:57:40.519 [main] DEBUG org.apache.http.wire -  >> "GET /api/auth/info HTTP/1.1[\r][\n]"
21:57:40.519 [main] DEBUG org.apache.http.wire -  >> "Accept: */*[\r][\n]"
21:57:40.519 [main] DEBUG org.apache.http.wire -  >> "Host: altashop-api.fly.dev[\r][\n]"
21:57:40.519 [main] DEBUG org.apache.http.wire -  >> "Connection: Keep-Alive[\r][\n]"
21:57:40.519 [main] DEBUG org.apache.http.wire -  >> "User-Agent: Apache-HttpClient/4.5.13 (Java/19.0.2)[\r][\n]"
21:57:40.519 [main] DEBUG org.apache.http.wire -  >> "Accept-Encoding: gzip,deflate[\r][\n]"
21:57:40.519 [main] DEBUG org.apache.http.wire -  >> "[\r][\n]"
21:57:40.519 [main] DEBUG org.apache.http.headers - >> GET /api/auth/info HTTP/1.1
21:57:40.519 [main] DEBUG org.apache.http.headers - >> Accept: */*
21:57:40.519 [main] DEBUG org.apache.http.headers - >> Host: altashop-api.fly.dev
21:57:40.519 [main] DEBUG org.apache.http.headers - >> Connection: Keep-Alive
21:57:40.519 [main] DEBUG org.apache.http.headers - >> User-Agent: Apache-HttpClient/4.5.13 (Java/19.0.2)
21:57:40.519 [main] DEBUG org.apache.http.headers - >> Accept-Encoding: gzip,deflate
21:57:40.617 [main] DEBUG org.apache.http.wire -  << "HTTP/1.1 401 Unauthorized[\r][\n]"
21:57:40.617 [main] DEBUG org.apache.http.wire -  << "content-type: application/json[\r][\n]"
21:57:40.617 [main] DEBUG org.apache.http.wire -  << "date: Wed, 10 May 2023 14:57:39 GMT[\r][\n]"
21:57:40.618 [main] DEBUG org.apache.http.wire -  << "content-encoding: gzip[\r][\n]"
21:57:40.618 [main] DEBUG org.apache.http.wire -  << "transfer-encoding: chunked[\r][\n]"
21:57:40.618 [main] DEBUG org.apache.http.wire -  << "server: Fly/3f2597ca (2023-05-03)[\r][\n]"
21:57:40.618 [main] DEBUG org.apache.http.wire -  << "via: 1.1 fly.io[\r][\n]"
21:57:40.618 [main] DEBUG org.apache.http.wire -  << "fly-request-id: 01H032NYHDS45HNAK3HDD4TWFE-sin[\r][\n]"
21:57:40.618 [main] DEBUG org.apache.http.wire -  << "[\r][\n]"
21:57:40.618 [main] DEBUG org.apache.http.impl.conn.DefaultClientConnection - Receiving response: HTTP/1.1 401 Unauthorized
21:57:40.618 [main] DEBUG org.apache.http.headers - << HTTP/1.1 401 Unauthorized
21:57:40.618 [main] DEBUG org.apache.http.headers - << content-type: application/json
21:57:40.618 [main] DEBUG org.apache.http.headers - << date: Wed, 10 May 2023 14:57:39 GMT
21:57:40.618 [main] DEBUG org.apache.http.headers - << content-encoding: gzip
21:57:40.618 [main] DEBUG org.apache.http.headers - << transfer-encoding: chunked
21:57:40.618 [main] DEBUG org.apache.http.headers - << server: Fly/3f2597ca (2023-05-03)
21:57:40.618 [main] DEBUG org.apache.http.headers - << via: 1.1 fly.io
21:57:40.618 [main] DEBUG org.apache.http.headers - << fly-request-id: 01H032NYHDS45HNAK3HDD4TWFE-sin
21:57:40.618 [main] DEBUG org.apache.http.impl.client.DefaultHttpClient - Connection can be kept alive indefinitely
21:57:40.618 [main] DEBUG org.apache.http.impl.client.DefaultHttpClient - Authentication required
21:57:40.619 [main] DEBUG org.apache.http.impl.client.DefaultHttpClient - altashop-api.fly.dev:443 requested authentication
21:57:40.619 [main] DEBUG org.apache.http.impl.client.DefaultHttpClient - Response contains no authentication challenges
21:57:40.619 [main] DEBUG io.restassured.internal.RestAssuredHttpBuilder - Parsing response as: application/json
21:57:40.619 [main] DEBUG org.apache.http.wire -  << "2D[\r][\n]"
21:57:40.619 [main] DEBUG org.apache.http.wire -  << "[0x1f][0x8b][0x8][0x0][0x0][0x0][0x0][0x0][0x4][0xff][0xab]VJ-*[0xca]/R[0xb2]R*[0xcd]K,-[0xc9][0xc8]/[0xca][0xac]JMQ[0xaa][0xe5][0x2][0x0]@[0x17]da[0x19][0x0][0x0][0x0]"
21:57:40.619 [main] DEBUG org.apache.http.wire -  << "[\r][\n]"
21:57:40.620 [main] DEBUG org.apache.http.wire -  << "0[\r][\n]"
21:57:40.620 [main] DEBUG org.apache.http.wire -  << "[\r][\n]"
21:57:40.620 [main] DEBUG io.restassured.internal.RestAssuredHttpBuilder - Parsed data to instance of: class org.apache.http.conn.EofSensorInputStream
21:57:40.621 [main] DEBUG org.apache.http.impl.conn.BasicClientConnectionManager - Releasing connection org.apache.http.impl.conn.ManagedClientConnectionImpl@62d6ac
21:57:40.621 [main] DEBUG org.apache.http.impl.conn.BasicClientConnectionManager - Connection can be kept alive indefinitely
  &amp#27;[32mWhen &amp#27;[0m&amp#27;[32mI send GET HTTP request user2&amp#27;[0m               &amp#27;[90m# starter.stepdefinitions.UserSteps.sendGetHttpRequestUser2()&amp#27;[0m
  &amp#27;[32mThen &amp#27;[0m&amp#27;[32mI receive valid HTTP response code 401 user&amp#27;[0m &amp#27;[90m# starter.stepdefinitions.UserSteps.receiveValidHttp401User()&amp#27;[0m
21:57:40.629 [main] INFO  - 
  _____   ___   ___   _____     ___     _     ___   ___   ___   ___  
 |_   _| | __| / __| |_   _|   | _ \   /_\   / __| / __| | __| |   \ 
   | |   | _|  \__ \   | |     |  _/  / _ \  \__ \ \__ \ | _|  | |) |
   |_|   |___| |___/   |_|     |_|   /_/ \_\ |___/ |___/ |___| |___/ 

GET - Get user information without token
----------------------------------------------------------------------
]]></system-out>
  </testcase>
  <testcase name="POST - Add new category" classname="Categories" time="0.436">
    <system-out><![CDATA[21:57:40.631 [main] DEBUG io.cucumber.core.plugin.SerenityReporter - Running feature from file:///D:/download/API_Minpro%20(1)/APIMinpro/API/minpro/src/test/resources/features/4.%20Categories.feature
21:57:40.635 [main] DEBUG net.thucydides.core.steps.StepEventBus - Test suite started for story net.thucydides.core.model.Story@1b5f86d1
21:57:40.635 [main] INFO  - Test Suite Started: Categories

Scenario: POST - Add new category                        &amp#27;[90m# src/test/resources/features/4. Categories.feature:7&amp#27;[0m
21:57:40.642 [main] DEBUG io.cucumber.core.plugin.SerenityReporter - Running feature from file:///D:/download/API_Minpro%20(1)/APIMinpro/API/minpro/src/test/resources/features/4.%20Categories.feature
21:57:40.645 [main] INFO  - 
  _____   ___   ___   _____     ___   _____     _     ___   _____   ___   ___  
 |_   _| | __| / __| |_   _|   / __| |_   _|   /_\   | _ \ |_   _| | __| |   \ 
   | |   | _|  \__ \   | |     \__ \   | |    / _ \  |   /   | |   | _|  | |) |
   |_|   |___| |___/   |_|     |___/   |_|   /_/ \_\ |_|_\   |_|   |___| |___/ 

POST - Add new category(categories;post---add-new-category)
--------------------------------------------------------------------------------
21:57:40.680 [main] DEBUG net.thucydides.core.steps.StepInterceptor - STARTING STEP: CategoriesSteps.setPostApiEndpointsf - I set POST api endpoints categories
21:57:40.681 [main] DEBUG net.thucydides.core.steps.StepInterceptor - STEP DONE: I set POST api endpoints categories
  &amp#27;[32mGiven &amp#27;[0m&amp#27;[32mI set POST api endpoints categories&amp#27;[0m              &amp#27;[90m# starter.stepdefinitions.CategoriesSteps.setPostApiEndpointsf()&amp#27;[0m
21:57:40.686 [main] DEBUG net.thucydides.core.steps.StepInterceptor - STARTING STEP: CategoriesSteps.sendPostHttpRequestCategories - I send POST HTTP request categories
21:57:40.690 [main] DEBUG net.thucydides.core.steps.StepInterceptor - STARTING STEP: Categories.sendPostHttpRequestCategories - I set POST api endpoints categories
21:57:40.691 [main] DEBUG net.thucydides.core.steps.StepInterceptor - STEP DONE: I set POST api endpoints categories
21:57:40.721 [main] DEBUG org.apache.http.impl.conn.BasicClientConnectionManager - Get connection for route {s}->https://altashop-api.fly.dev:443
21:57:40.721 [main] DEBUG org.apache.http.impl.conn.DefaultClientConnectionOperator - Connecting to altashop-api.fly.dev:443
21:57:40.915 [main] DEBUG org.apache.http.client.protocol.RequestAddCookies - CookieSpec selected: ignoreCookies
21:57:40.916 [main] DEBUG org.apache.http.client.protocol.RequestAuthCache - Auth cache not set in the context
21:57:40.916 [main] DEBUG org.apache.http.client.protocol.RequestTargetAuthentication - Target auth state: UNCHALLENGED
21:57:40.916 [main] DEBUG org.apache.http.client.protocol.RequestProxyAuthentication - Proxy auth state: UNCHALLENGED
21:57:40.916 [main] DEBUG org.apache.http.impl.client.DefaultHttpClient - Attempt 1 to execute request
21:57:40.916 [main] DEBUG org.apache.http.impl.conn.DefaultClientConnection - Sending request: POST /api/categories HTTP/1.1
21:57:40.916 [main] DEBUG org.apache.http.wire -  >> "POST /api/categories HTTP/1.1[\r][\n]"
21:57:40.916 [main] DEBUG org.apache.http.wire -  >> "Accept: */*[\r][\n]"
21:57:40.916 [main] DEBUG org.apache.http.wire -  >> "Content-Type: application/json[\r][\n]"
21:57:40.916 [main] DEBUG org.apache.http.wire -  >> "Content-Length: 53[\r][\n]"
21:57:40.916 [main] DEBUG org.apache.http.wire -  >> "Host: altashop-api.fly.dev[\r][\n]"
21:57:40.916 [main] DEBUG org.apache.http.wire -  >> "Connection: Keep-Alive[\r][\n]"
21:57:40.916 [main] DEBUG org.apache.http.wire -  >> "User-Agent: Apache-HttpClient/4.5.13 (Java/19.0.2)[\r][\n]"
21:57:40.916 [main] DEBUG org.apache.http.wire -  >> "Accept-Encoding: gzip,deflate[\r][\n]"
21:57:40.916 [main] DEBUG org.apache.http.wire -  >> "[\r][\n]"
21:57:40.916 [main] DEBUG org.apache.http.headers - >> POST /api/categories HTTP/1.1
21:57:40.916 [main] DEBUG org.apache.http.headers - >> Accept: */*
21:57:40.916 [main] DEBUG org.apache.http.headers - >> Content-Type: application/json
21:57:40.916 [main] DEBUG org.apache.http.headers - >> Content-Length: 53
21:57:40.916 [main] DEBUG org.apache.http.headers - >> Host: altashop-api.fly.dev
21:57:40.916 [main] DEBUG org.apache.http.headers - >> Connection: Keep-Alive
21:57:40.916 [main] DEBUG org.apache.http.headers - >> User-Agent: Apache-HttpClient/4.5.13 (Java/19.0.2)
21:57:40.916 [main] DEBUG org.apache.http.headers - >> Accept-Encoding: gzip,deflate
21:57:40.916 [main] DEBUG org.apache.http.wire -  >> "{"name":"Gaming","description":"For gaming purposes"}"
21:57:41.057 [main] DEBUG org.apache.http.wire -  << "HTTP/1.1 200 OK[\r][\n]"
21:57:41.057 [main] DEBUG org.apache.http.wire -  << "content-type: application/json[\r][\n]"
21:57:41.057 [main] DEBUG org.apache.http.wire -  << "date: Wed, 10 May 2023 14:57:40 GMT[\r][\n]"
21:57:41.057 [main] DEBUG org.apache.http.wire -  << "content-encoding: gzip[\r][\n]"
21:57:41.057 [main] DEBUG org.apache.http.wire -  << "transfer-encoding: chunked[\r][\n]"
21:57:41.057 [main] DEBUG org.apache.http.wire -  << "server: Fly/3f2597ca (2023-05-03)[\r][\n]"
21:57:41.057 [main] DEBUG org.apache.http.wire -  << "via: 1.1 fly.io[\r][\n]"
21:57:41.057 [main] DEBUG org.apache.http.wire -  << "fly-request-id: 01H032NYZCGN3REEH5XVAZ0M3H-sin[\r][\n]"
21:57:41.057 [main] DEBUG org.apache.http.wire -  << "[\r][\n]"
21:57:41.057 [main] DEBUG org.apache.http.impl.conn.DefaultClientConnection - Receiving response: HTTP/1.1 200 OK
21:57:41.057 [main] DEBUG org.apache.http.headers - << HTTP/1.1 200 OK
21:57:41.057 [main] DEBUG org.apache.http.headers - << content-type: application/json
21:57:41.057 [main] DEBUG org.apache.http.headers - << date: Wed, 10 May 2023 14:57:40 GMT
21:57:41.057 [main] DEBUG org.apache.http.headers - << content-encoding: gzip
21:57:41.057 [main] DEBUG org.apache.http.headers - << transfer-encoding: chunked
21:57:41.057 [main] DEBUG org.apache.http.headers - << server: Fly/3f2597ca (2023-05-03)
21:57:41.057 [main] DEBUG org.apache.http.headers - << via: 1.1 fly.io
21:57:41.057 [main] DEBUG org.apache.http.headers - << fly-request-id: 01H032NYZCGN3REEH5XVAZ0M3H-sin
21:57:41.058 [main] DEBUG org.apache.http.impl.client.DefaultHttpClient - Connection can be kept alive indefinitely
21:57:41.058 [main] DEBUG io.restassured.internal.RestAssuredHttpBuilder - Parsing response as: application/json
21:57:41.058 [main] DEBUG org.apache.http.wire -  << "5B[\r][\n]"
21:57:41.058 [main] DEBUG org.apache.http.wire -  << "[0x1f][0x8b][0x8][0x0][0x0][0x0][0x0][0x0][0x4][0xff][0xab]VJI,IT[0xb2][0xaa]V[0xf2]tQ[0xb2]2414[0xb1][0xd0]Q[0xf2]K[0xcc]MU[0xb2]RrO[0xcc][0xcd][0xcc]KW[0xd2]QrI-N.[0xca],([0xc9][0xcc][0xcf]S[0xb2]Rr[0xcb]/RH[0x7]K)[0x14][0x94][0x16][0x15][0xe4][0x17][0xa7][0x16]+[0xd5][0xd6]r[0x1][0x0][0x82][0x85][0xa0]kJ[0x0][0x0][0x0]"
21:57:41.058 [main] DEBUG org.apache.http.wire -  << "[\r][\n]"
21:57:41.058 [main] DEBUG org.apache.http.wire -  << "0[\r][\n]"
21:57:41.058 [main] DEBUG org.apache.http.wire -  << "[\r][\n]"
21:57:41.058 [main] DEBUG io.restassured.internal.RestAssuredHttpBuilder - Parsed data to instance of: class org.apache.http.conn.EofSensorInputStream
21:57:41.060 [main] DEBUG org.apache.http.impl.conn.BasicClientConnectionManager - Releasing connection org.apache.http.impl.conn.ManagedClientConnectionImpl@402c9a60
21:57:41.060 [main] DEBUG org.apache.http.impl.conn.BasicClientConnectionManager - Connection can be kept alive indefinitely
21:57:41.061 [main] DEBUG net.thucydides.core.steps.StepInterceptor - STEP DONE: I send POST HTTP request categories
  &amp#27;[32mWhen &amp#27;[0m&amp#27;[32mI send POST HTTP request categories&amp#27;[0m               &amp#27;[90m# starter.stepdefinitions.CategoriesSteps.sendPostHttpRequestCategories()&amp#27;[0m
21:57:41.066 [main] DEBUG net.thucydides.core.steps.StepInterceptor - STARTING STEP: CategoriesSteps.receiveValidHttp200Categories - I receive valid HTTP response code 200 categories
21:57:41.067 [main] DEBUG net.thucydides.core.steps.StepInterceptor - STEP DONE: I receive valid HTTP response code 200 categories
  &amp#27;[32mThen &amp#27;[0m&amp#27;[32mI receive valid HTTP response code 200 categories&amp#27;[0m &amp#27;[90m# starter.stepdefinitions.CategoriesSteps.receiveValidHttp200Categories()&amp#27;[0m
21:57:41.071 [main] INFO  - 
  _____   ___   ___   _____     ___     _     ___   ___   ___   ___  
 |_   _| | __| / __| |_   _|   | _ \   /_\   / __| / __| | __| |   \ 
   | |   | _|  \__ \   | |     |  _/  / _ \  \__ \ \__ \ | _|  | |) |
   |_|   |___| |___/   |_|     |_|   /_/ \_\ |___/ |___/ |___| |___/ 

POST - Add new category
----------------------------------------------------------------------
]]></system-out>
  </testcase>
  <testcase name="POST - Add new category without description data payload" classname="Categories" time="0.396">
    <system-out><![CDATA[
Scenario: POST - Add new category without description data payload &amp#27;[90m# src/test/resources/features/4. Categories.feature:12&amp#27;[0m
21:57:41.079 [main] DEBUG io.cucumber.core.plugin.SerenityReporter - Running feature from file:///D:/download/API_Minpro%20(1)/APIMinpro/API/minpro/src/test/resources/features/4.%20Categories.feature
21:57:41.082 [main] INFO  - 
  _____   ___   ___   _____     ___   _____     _     ___   _____   ___   ___  
 |_   _| | __| / __| |_   _|   / __| |_   _|   /_\   | _ \ |_   _| | __| |   \ 
   | |   | _|  \__ \   | |     \__ \   | |    / _ \  |   /   | |   | _|  | |) |
   |_|   |___| |___/   |_|     |___/   |_|   /_/ \_\ |_|_\   |_|   |___| |___/ 

POST - Add new category without description data payload(categories;post---add-new-category-without-description-data-payload)
--------------------------------------------------------------------------------
21:57:41.097 [main] DEBUG net.thucydides.core.steps.StepInterceptor - STARTING STEP: CategoriesSteps.setPostApiEndpointsf - I set POST api endpoints categories
21:57:41.097 [main] DEBUG net.thucydides.core.steps.StepInterceptor - STEP DONE: I set POST api endpoints categories
  &amp#27;[32mGiven &amp#27;[0m&amp#27;[32mI set POST api endpoints categories&amp#27;[0m                        &amp#27;[90m# starter.stepdefinitions.CategoriesSteps.setPostApiEndpointsf()&amp#27;[0m
21:57:41.103 [main] DEBUG net.thucydides.core.steps.StepInterceptor - STARTING STEP: CategoriesSteps.sendPostHttpRequestCategories2 - I send POST HTTP request categories2
21:57:41.107 [main] DEBUG net.thucydides.core.steps.StepInterceptor - STARTING STEP: Categories.sendPostHttpRequestCategories2 - I set POST api endpoints categories
21:57:41.107 [main] DEBUG net.thucydides.core.steps.StepInterceptor - STEP DONE: I set POST api endpoints categories
21:57:41.181 [main] DEBUG org.apache.http.impl.conn.BasicClientConnectionManager - Get connection for route {s}->https://altashop-api.fly.dev:443
21:57:41.181 [main] DEBUG org.apache.http.impl.conn.DefaultClientConnectionOperator - Connecting to altashop-api.fly.dev:443
21:57:41.385 [main] DEBUG org.apache.http.client.protocol.RequestAddCookies - CookieSpec selected: ignoreCookies
21:57:41.385 [main] DEBUG org.apache.http.client.protocol.RequestAuthCache - Auth cache not set in the context
21:57:41.385 [main] DEBUG org.apache.http.client.protocol.RequestTargetAuthentication - Target auth state: UNCHALLENGED
21:57:41.385 [main] DEBUG org.apache.http.client.protocol.RequestProxyAuthentication - Proxy auth state: UNCHALLENGED
21:57:41.385 [main] DEBUG org.apache.http.impl.client.DefaultHttpClient - Attempt 1 to execute request
21:57:41.385 [main] DEBUG org.apache.http.impl.conn.DefaultClientConnection - Sending request: POST /api/categories HTTP/1.1
21:57:41.386 [main] DEBUG org.apache.http.wire -  >> "POST /api/categories HTTP/1.1[\r][\n]"
21:57:41.386 [main] DEBUG org.apache.http.wire -  >> "Accept: */*[\r][\n]"
21:57:41.386 [main] DEBUG org.apache.http.wire -  >> "Content-Type: application/json[\r][\n]"
21:57:41.386 [main] DEBUG org.apache.http.wire -  >> "Content-Length: 17[\r][\n]"
21:57:41.386 [main] DEBUG org.apache.http.wire -  >> "Host: altashop-api.fly.dev[\r][\n]"
21:57:41.386 [main] DEBUG org.apache.http.wire -  >> "Connection: Keep-Alive[\r][\n]"
21:57:41.386 [main] DEBUG org.apache.http.wire -  >> "User-Agent: Apache-HttpClient/4.5.13 (Java/19.0.2)[\r][\n]"
21:57:41.386 [main] DEBUG org.apache.http.wire -  >> "Accept-Encoding: gzip,deflate[\r][\n]"
21:57:41.386 [main] DEBUG org.apache.http.wire -  >> "[\r][\n]"
21:57:41.386 [main] DEBUG org.apache.http.headers - >> POST /api/categories HTTP/1.1
21:57:41.386 [main] DEBUG org.apache.http.headers - >> Accept: */*
21:57:41.386 [main] DEBUG org.apache.http.headers - >> Content-Type: application/json
21:57:41.386 [main] DEBUG org.apache.http.headers - >> Content-Length: 17
21:57:41.386 [main] DEBUG org.apache.http.headers - >> Host: altashop-api.fly.dev
21:57:41.386 [main] DEBUG org.apache.http.headers - >> Connection: Keep-Alive
21:57:41.386 [main] DEBUG org.apache.http.headers - >> User-Agent: Apache-HttpClient/4.5.13 (Java/19.0.2)
21:57:41.386 [main] DEBUG org.apache.http.headers - >> Accept-Encoding: gzip,deflate
21:57:41.386 [main] DEBUG org.apache.http.wire -  >> "{"name":"Gaming"}"
21:57:41.455 [main] DEBUG org.apache.http.wire -  << "HTTP/1.1 200 OK[\r][\n]"
21:57:41.455 [main] DEBUG org.apache.http.wire -  << "content-type: application/json[\r][\n]"
21:57:41.456 [main] DEBUG org.apache.http.wire -  << "date: Wed, 10 May 2023 14:57:40 GMT[\r][\n]"
21:57:41.456 [main] DEBUG org.apache.http.wire -  << "content-encoding: gzip[\r][\n]"
21:57:41.456 [main] DEBUG org.apache.http.wire -  << "transfer-encoding: chunked[\r][\n]"
21:57:41.456 [main] DEBUG org.apache.http.wire -  << "server: Fly/3f2597ca (2023-05-03)[\r][\n]"
21:57:41.456 [main] DEBUG org.apache.http.wire -  << "via: 1.1 fly.io[\r][\n]"
21:57:41.456 [main] DEBUG org.apache.http.wire -  << "fly-request-id: 01H032NZBVV2CM9QWK0DE1DNBT-sin[\r][\n]"
21:57:41.456 [main] DEBUG org.apache.http.wire -  << "[\r][\n]"
21:57:41.456 [main] DEBUG org.apache.http.impl.conn.DefaultClientConnection - Receiving response: HTTP/1.1 200 OK
21:57:41.456 [main] DEBUG org.apache.http.headers - << HTTP/1.1 200 OK
21:57:41.456 [main] DEBUG org.apache.http.headers - << content-type: application/json
21:57:41.456 [main] DEBUG org.apache.http.headers - << date: Wed, 10 May 2023 14:57:40 GMT
21:57:41.456 [main] DEBUG org.apache.http.headers - << content-encoding: gzip
21:57:41.456 [main] DEBUG org.apache.http.headers - << transfer-encoding: chunked
21:57:41.456 [main] DEBUG org.apache.http.headers - << server: Fly/3f2597ca (2023-05-03)
21:57:41.456 [main] DEBUG org.apache.http.headers - << via: 1.1 fly.io
21:57:41.456 [main] DEBUG org.apache.http.headers - << fly-request-id: 01H032NZBVV2CM9QWK0DE1DNBT-sin
21:57:41.456 [main] DEBUG org.apache.http.impl.client.DefaultHttpClient - Connection can be kept alive indefinitely
21:57:41.456 [main] DEBUG io.restassured.internal.RestAssuredHttpBuilder - Parsing response as: application/json
21:57:41.456 [main] DEBUG org.apache.http.wire -  << "4B[\r][\n]"
21:57:41.456 [main] DEBUG org.apache.http.wire -  << "[0x1f][0x8b][0x8][0x0][0x0][0x0][0x0][0x0][0x4][0xff][0xab]VJI,IT[0xb2][0xaa]V[0xf2]tQ[0xb2]2414[0xb1][0xd4]Q[0xf2]K[0xcc]MU[0xb2]RrO[0xcc][0xcd][0xcc]KW[0xd2]QrI-N.[0xca],([0xc9][0xcc][0xcf]S[0xb2]RR[0xaa][0xad][0xe5][0x2][0x0]{[0x85][0xff]e7[0x0][0x0][0x0]"
21:57:41.456 [main] DEBUG org.apache.http.wire -  << "[\r][\n]"
21:57:41.456 [main] DEBUG org.apache.http.wire -  << "0[\r][\n]"
21:57:41.456 [main] DEBUG org.apache.http.wire -  << "[\r][\n]"
21:57:41.457 [main] DEBUG io.restassured.internal.RestAssuredHttpBuilder - Parsed data to instance of: class org.apache.http.conn.EofSensorInputStream
21:57:41.458 [main] DEBUG org.apache.http.impl.conn.BasicClientConnectionManager - Releasing connection org.apache.http.impl.conn.ManagedClientConnectionImpl@731d0d5c
21:57:41.458 [main] DEBUG org.apache.http.impl.conn.BasicClientConnectionManager - Connection can be kept alive indefinitely
21:57:41.459 [main] DEBUG net.thucydides.core.steps.StepInterceptor - STEP DONE: I send POST HTTP request categories2
  &amp#27;[32mWhen &amp#27;[0m&amp#27;[32mI send POST HTTP request categories2&amp#27;[0m                        &amp#27;[90m# starter.stepdefinitions.CategoriesSteps.sendPostHttpRequestCategories2()&amp#27;[0m
21:57:41.465 [main] DEBUG net.thucydides.core.steps.StepInterceptor - STARTING STEP: CategoriesSteps.receiveValidHttp200Categories - I receive valid HTTP response code 200 categories
21:57:41.465 [main] DEBUG net.thucydides.core.steps.StepInterceptor - STEP DONE: I receive valid HTTP response code 200 categories
  &amp#27;[32mThen &amp#27;[0m&amp#27;[32mI receive valid HTTP response code 200 categories&amp#27;[0m           &amp#27;[90m# starter.stepdefinitions.CategoriesSteps.receiveValidHttp200Categories()&amp#27;[0m
21:57:41.468 [main] INFO  - 
  _____   ___   ___   _____     ___     _     ___   ___   ___   ___  
 |_   _| | __| / __| |_   _|   | _ \   /_\   / __| / __| | __| |   \ 
   | |   | _|  \__ \   | |     |  _/  / _ \  \__ \ \__ \ | _|  | |) |
   |_|   |___| |___/   |_|     |_|   /_/ \_\ |___/ |___/ |___| |___/ 

POST - Add new category without description data payload
----------------------------------------------------------------------
]]></system-out>
  </testcase>
  <testcase name="POST - Add new category without name data payload" classname="Categories" time="0.44">
    <system-out><![CDATA[
Scenario: POST - Add new category without name data payload &amp#27;[90m# src/test/resources/features/4. Categories.feature:17&amp#27;[0m
21:57:41.475 [main] DEBUG io.cucumber.core.plugin.SerenityReporter - Running feature from file:///D:/download/API_Minpro%20(1)/APIMinpro/API/minpro/src/test/resources/features/4.%20Categories.feature
21:57:41.478 [main] INFO  - 
  _____   ___   ___   _____     ___   _____     _     ___   _____   ___   ___  
 |_   _| | __| / __| |_   _|   / __| |_   _|   /_\   | _ \ |_   _| | __| |   \ 
   | |   | _|  \__ \   | |     \__ \   | |    / _ \  |   /   | |   | _|  | |) |
   |_|   |___| |___/   |_|     |___/   |_|   /_/ \_\ |_|_\   |_|   |___| |___/ 

POST - Add new category without name data payload(categories;post---add-new-category-without-name-data-payload)
--------------------------------------------------------------------------------
21:57:41.492 [main] DEBUG net.thucydides.core.steps.StepInterceptor - STARTING STEP: CategoriesSteps.setPostApiEndpointsf - I set POST api endpoints categories
21:57:41.492 [main] DEBUG net.thucydides.core.steps.StepInterceptor - STEP DONE: I set POST api endpoints categories
  &amp#27;[32mGiven &amp#27;[0m&amp#27;[32mI set POST api endpoints categories&amp#27;[0m                 &amp#27;[90m# starter.stepdefinitions.CategoriesSteps.setPostApiEndpointsf()&amp#27;[0m
21:57:41.497 [main] DEBUG net.thucydides.core.steps.StepInterceptor - STARTING STEP: CategoriesSteps.sendPostHttpRequestCategories3 - I send POST HTTP request categories3
21:57:41.500 [main] DEBUG net.thucydides.core.steps.StepInterceptor - STARTING STEP: Categories.sendPostHttpRequestCategories3 - I set POST api endpoints categories
21:57:41.500 [main] DEBUG net.thucydides.core.steps.StepInterceptor - STEP DONE: I set POST api endpoints categories
21:57:41.526 [main] DEBUG org.apache.http.impl.conn.BasicClientConnectionManager - Get connection for route {s}->https://altashop-api.fly.dev:443
21:57:41.526 [main] DEBUG org.apache.http.impl.conn.DefaultClientConnectionOperator - Connecting to altashop-api.fly.dev:443
21:57:41.710 [main] DEBUG org.apache.http.client.protocol.RequestAddCookies - CookieSpec selected: ignoreCookies
21:57:41.710 [main] DEBUG org.apache.http.client.protocol.RequestAuthCache - Auth cache not set in the context
21:57:41.710 [main] DEBUG org.apache.http.client.protocol.RequestTargetAuthentication - Target auth state: UNCHALLENGED
21:57:41.710 [main] DEBUG org.apache.http.client.protocol.RequestProxyAuthentication - Proxy auth state: UNCHALLENGED
21:57:41.710 [main] DEBUG org.apache.http.impl.client.DefaultHttpClient - Attempt 1 to execute request
21:57:41.710 [main] DEBUG org.apache.http.impl.conn.DefaultClientConnection - Sending request: POST /api/categories HTTP/1.1
21:57:41.710 [main] DEBUG org.apache.http.wire -  >> "POST /api/categories HTTP/1.1[\r][\n]"
21:57:41.710 [main] DEBUG org.apache.http.wire -  >> "Accept: */*[\r][\n]"
21:57:41.710 [main] DEBUG org.apache.http.wire -  >> "Content-Type: application/json[\r][\n]"
21:57:41.710 [main] DEBUG org.apache.http.wire -  >> "Content-Length: 37[\r][\n]"
21:57:41.710 [main] DEBUG org.apache.http.wire -  >> "Host: altashop-api.fly.dev[\r][\n]"
21:57:41.710 [main] DEBUG org.apache.http.wire -  >> "Connection: Keep-Alive[\r][\n]"
21:57:41.710 [main] DEBUG org.apache.http.wire -  >> "User-Agent: Apache-HttpClient/4.5.13 (Java/19.0.2)[\r][\n]"
21:57:41.710 [main] DEBUG org.apache.http.wire -  >> "Accept-Encoding: gzip,deflate[\r][\n]"
21:57:41.710 [main] DEBUG org.apache.http.wire -  >> "[\r][\n]"
21:57:41.710 [main] DEBUG org.apache.http.headers - >> POST /api/categories HTTP/1.1
21:57:41.710 [main] DEBUG org.apache.http.headers - >> Accept: */*
21:57:41.710 [main] DEBUG org.apache.http.headers - >> Content-Type: application/json
21:57:41.710 [main] DEBUG org.apache.http.headers - >> Content-Length: 37
21:57:41.710 [main] DEBUG org.apache.http.headers - >> Host: altashop-api.fly.dev
21:57:41.710 [main] DEBUG org.apache.http.headers - >> Connection: Keep-Alive
21:57:41.710 [main] DEBUG org.apache.http.headers - >> User-Agent: Apache-HttpClient/4.5.13 (Java/19.0.2)
21:57:41.710 [main] DEBUG org.apache.http.headers - >> Accept-Encoding: gzip,deflate
21:57:41.710 [main] DEBUG org.apache.http.wire -  >> "{"description":"For gaming purposes"}"
21:57:41.890 [main] DEBUG org.apache.http.wire -  << "HTTP/1.1 500 Internal Server Error[\r][\n]"
21:57:41.891 [main] DEBUG org.apache.http.wire -  << "content-type: application/json[\r][\n]"
21:57:41.891 [main] DEBUG org.apache.http.wire -  << "date: Wed, 10 May 2023 14:57:41 GMT[\r][\n]"
21:57:41.891 [main] DEBUG org.apache.http.wire -  << "content-encoding: gzip[\r][\n]"
21:57:41.891 [main] DEBUG org.apache.http.wire -  << "transfer-encoding: chunked[\r][\n]"
21:57:41.891 [main] DEBUG org.apache.http.wire -  << "server: Fly/3f2597ca (2023-05-03)[\r][\n]"
21:57:41.891 [main] DEBUG org.apache.http.wire -  << "via: 1.1 fly.io[\r][\n]"
21:57:41.891 [main] DEBUG org.apache.http.wire -  << "fly-request-id: 01H032NZPA7QP4S0KNN4DNV0PT-sin[\r][\n]"
21:57:41.891 [main] DEBUG org.apache.http.wire -  << "[\r][\n]"
21:57:41.891 [main] DEBUG org.apache.http.impl.conn.DefaultClientConnection - Receiving response: HTTP/1.1 500 Internal Server Error
21:57:41.891 [main] DEBUG org.apache.http.headers - << HTTP/1.1 500 Internal Server Error
21:57:41.891 [main] DEBUG org.apache.http.headers - << content-type: application/json
21:57:41.891 [main] DEBUG org.apache.http.headers - << date: Wed, 10 May 2023 14:57:41 GMT
21:57:41.891 [main] DEBUG org.apache.http.headers - << content-encoding: gzip
21:57:41.891 [main] DEBUG org.apache.http.headers - << transfer-encoding: chunked
21:57:41.891 [main] DEBUG org.apache.http.headers - << server: Fly/3f2597ca (2023-05-03)
21:57:41.891 [main] DEBUG org.apache.http.headers - << via: 1.1 fly.io
21:57:41.891 [main] DEBUG org.apache.http.headers - << fly-request-id: 01H032NZPA7QP4S0KNN4DNV0PT-sin
21:57:41.891 [main] DEBUG org.apache.http.impl.client.DefaultHttpClient - Connection can be kept alive indefinitely
21:57:41.891 [main] DEBUG io.restassured.internal.RestAssuredHttpBuilder - Parsing response as: application/json
21:57:41.891 [main] DEBUG org.apache.http.wire -  << "82[\r][\n]"
21:57:41.891 [main] DEBUG org.apache.http.wire -  << "[0x1f][0x8b][0x8][0x0][0x0][0x0][0x0][0x0][0x4][0xff][0xab]VJ-*[0xca]/R[0xb2]Rr[\r][\n]"
21:57:41.891 [main] DEBUG org.apache.http.wire -  << "[0xf2][0xf][0xb2]R[0xc8]K-W([0xca]/WH[0xcb]/R(J[0xcd]I,[0xc9][0xcc][0xcf]S[0x88]QJN,IM[0xcf]/[0xca]L-[0x8e]QR([0xcb][0xcc][0xcf]I,I-VH[0xce]HM[0xce]VH[0xce][0xcf]+.)J[0xcc][0xcc]+AQ[0x18][0x9f][0x97][0x98][0x9b][0x1a][0xf]V[0x12][0xa3][0xa4][0xa0][0x11][0x1c][0xe8][0x13][0x1c][0xe2][0x18][0xe2][0xaa]`dljh[0xa2][0xa9]T[0xcb][0x5][0x0]p%[0xdd]o|[0x0][0x0][0x0]"
21:57:41.891 [main] DEBUG org.apache.http.wire -  << "[\r][\n]"
21:57:41.892 [main] DEBUG org.apache.http.wire -  << "0[\r][\n]"
21:57:41.892 [main] DEBUG org.apache.http.wire -  << "[\r][\n]"
21:57:41.892 [main] DEBUG io.restassured.internal.RestAssuredHttpBuilder - Parsed data to instance of: class org.apache.http.conn.EofSensorInputStream
21:57:41.894 [main] DEBUG org.apache.http.impl.conn.BasicClientConnectionManager - Releasing connection org.apache.http.impl.conn.ManagedClientConnectionImpl@750457a5
21:57:41.894 [main] DEBUG org.apache.http.impl.conn.BasicClientConnectionManager - Connection can be kept alive indefinitely
21:57:41.896 [main] DEBUG net.thucydides.core.steps.StepInterceptor - STEP DONE: I send POST HTTP request categories3
  &amp#27;[32mWhen &amp#27;[0m&amp#27;[32mI send POST HTTP request categories3&amp#27;[0m                 &amp#27;[90m# starter.stepdefinitions.CategoriesSteps.sendPostHttpRequestCategories3()&amp#27;[0m
21:57:41.902 [main] DEBUG net.thucydides.core.steps.StepInterceptor - STARTING STEP: CategoriesSteps.receiveValidHttp500Categories - I receive valid HTTP response code 500 categories
21:57:41.904 [main] DEBUG net.thucydides.core.steps.StepInterceptor - STEP DONE: I receive valid HTTP response code 500 categories
  &amp#27;[32mThen &amp#27;[0m&amp#27;[32mI receive valid HTTP response code 500 categories&amp#27;[0m    &amp#27;[90m# starter.stepdefinitions.CategoriesSteps.receiveValidHttp500Categories()&amp#27;[0m
21:57:41.908 [main] INFO  - 
  _____   ___   ___   _____     ___     _     ___   ___   ___   ___  
 |_   _| | __| / __| |_   _|   | _ \   /_\   / __| / __| | __| |   \ 
   | |   | _|  \__ \   | |     |  _/  / _ \  \__ \ \__ \ | _|  | |) |
   |_|   |___| |___/   |_|     |_|   /_/ \_\ |___/ |___/ |___| |___/ 

POST - Add new category without name data payload
----------------------------------------------------------------------
]]></system-out>
  </testcase>
  <testcase name="GET - Get list all categories" classname="Categories" time="0.47">
    <system-out><![CDATA[
Scenario: GET - Get list all categories                  &amp#27;[90m# src/test/resources/features/4. Categories.feature:22&amp#27;[0m
21:57:41.916 [main] DEBUG io.cucumber.core.plugin.SerenityReporter - Running feature from file:///D:/download/API_Minpro%20(1)/APIMinpro/API/minpro/src/test/resources/features/4.%20Categories.feature
21:57:41.919 [main] INFO  - 
  _____   ___   ___   _____     ___   _____     _     ___   _____   ___   ___  
 |_   _| | __| / __| |_   _|   / __| |_   _|   /_\   | _ \ |_   _| | __| |   \ 
   | |   | _|  \__ \   | |     \__ \   | |    / _ \  |   /   | |   | _|  | |) |
   |_|   |___| |___/   |_|     |___/   |_|   /_/ \_\ |_|_\   |_|   |___| |___/ 

GET - Get list all categories(categories;get---get-list-all-categories)
--------------------------------------------------------------------------------
21:57:41.932 [main] DEBUG net.thucydides.core.steps.StepInterceptor - STARTING STEP: CategoriesSteps.setGetApiEndpoints - I set GET api endpoints categories
21:57:41.933 [main] DEBUG net.thucydides.core.steps.StepInterceptor - STEP DONE: I set GET api endpoints categories
  &amp#27;[32mGiven &amp#27;[0m&amp#27;[32mI set GET api endpoints categories&amp#27;[0m               &amp#27;[90m# starter.stepdefinitions.CategoriesSteps.setGetApiEndpoints()&amp#27;[0m
21:57:41.940 [main] DEBUG net.thucydides.core.steps.StepInterceptor - STARTING STEP: CategoriesSteps.sentGetHttpRequestCategories - I send GET HTTP request categories
21:57:41.942 [main] DEBUG net.thucydides.core.steps.StepInterceptor - STARTING STEP: Categories.sendGetHttpRequestCategories - I set GET api endpoints categories
21:57:41.942 [main] DEBUG net.thucydides.core.steps.StepInterceptor - STEP DONE: I set GET api endpoints categories
21:57:41.956 [main] DEBUG org.apache.http.impl.conn.BasicClientConnectionManager - Get connection for route {s}->https://altashop-api.fly.dev:443
21:57:41.956 [main] DEBUG org.apache.http.impl.conn.DefaultClientConnectionOperator - Connecting to altashop-api.fly.dev:443
21:57:42.121 [main] DEBUG org.apache.http.client.protocol.RequestAddCookies - CookieSpec selected: ignoreCookies
21:57:42.121 [main] DEBUG org.apache.http.client.protocol.RequestAuthCache - Auth cache not set in the context
21:57:42.121 [main] DEBUG org.apache.http.client.protocol.RequestTargetAuthentication - Target auth state: UNCHALLENGED
21:57:42.122 [main] DEBUG org.apache.http.client.protocol.RequestProxyAuthentication - Proxy auth state: UNCHALLENGED
21:57:42.122 [main] DEBUG org.apache.http.impl.client.DefaultHttpClient - Attempt 1 to execute request
21:57:42.122 [main] DEBUG org.apache.http.impl.conn.DefaultClientConnection - Sending request: GET /api/categories HTTP/1.1
21:57:42.122 [main] DEBUG org.apache.http.wire -  >> "GET /api/categories HTTP/1.1[\r][\n]"
21:57:42.122 [main] DEBUG org.apache.http.wire -  >> "Accept: */*[\r][\n]"
21:57:42.122 [main] DEBUG org.apache.http.wire -  >> "Host: altashop-api.fly.dev[\r][\n]"
21:57:42.122 [main] DEBUG org.apache.http.wire -  >> "Connection: Keep-Alive[\r][\n]"
21:57:42.122 [main] DEBUG org.apache.http.wire -  >> "User-Agent: Apache-HttpClient/4.5.13 (Java/19.0.2)[\r][\n]"
21:57:42.122 [main] DEBUG org.apache.http.wire -  >> "Accept-Encoding: gzip,deflate[\r][\n]"
21:57:42.122 [main] DEBUG org.apache.http.wire -  >> "[\r][\n]"
21:57:42.122 [main] DEBUG org.apache.http.headers - >> GET /api/categories HTTP/1.1
21:57:42.122 [main] DEBUG org.apache.http.headers - >> Accept: */*
21:57:42.122 [main] DEBUG org.apache.http.headers - >> Host: altashop-api.fly.dev
21:57:42.122 [main] DEBUG org.apache.http.headers - >> Connection: Keep-Alive
21:57:42.122 [main] DEBUG org.apache.http.headers - >> User-Agent: Apache-HttpClient/4.5.13 (Java/19.0.2)
21:57:42.122 [main] DEBUG org.apache.http.headers - >> Accept-Encoding: gzip,deflate
21:57:42.218 [main] DEBUG org.apache.http.wire -  << "HTTP/1.1 200 OK[\r][\n]"
21:57:42.218 [main] DEBUG org.apache.http.wire -  << "content-type: application/json[\r][\n]"
21:57:42.218 [main] DEBUG org.apache.http.wire -  << "date: Wed, 10 May 2023 14:57:41 GMT[\r][\n]"
21:57:42.218 [main] DEBUG org.apache.http.wire -  << "transfer-encoding: chunked[\r][\n]"
21:57:42.218 [main] DEBUG org.apache.http.wire -  << "content-encoding: gzip[\r][\n]"
21:57:42.218 [main] DEBUG org.apache.http.wire -  << "server: Fly/3f2597ca (2023-05-03)[\r][\n]"
21:57:42.218 [main] DEBUG org.apache.http.wire -  << "via: 1.1 fly.io[\r][\n]"
21:57:42.218 [main] DEBUG org.apache.http.wire -  << "fly-request-id: 01H032P031WWNFCVSED23881AS-sin[\r][\n]"
21:57:42.218 [main] DEBUG org.apache.http.wire -  << "[\r][\n]"
21:57:42.218 [main] DEBUG org.apache.http.impl.conn.DefaultClientConnection - Receiving response: HTTP/1.1 200 OK
21:57:42.218 [main] DEBUG org.apache.http.headers - << HTTP/1.1 200 OK
21:57:42.218 [main] DEBUG org.apache.http.headers - << content-type: application/json
21:57:42.218 [main] DEBUG org.apache.http.headers - << date: Wed, 10 May 2023 14:57:41 GMT
21:57:42.218 [main] DEBUG org.apache.http.headers - << transfer-encoding: chunked
21:57:42.218 [main] DEBUG org.apache.http.headers - << content-encoding: gzip
21:57:42.218 [main] DEBUG org.apache.http.headers - << server: Fly/3f2597ca (2023-05-03)
21:57:42.218 [main] DEBUG org.apache.http.headers - << via: 1.1 fly.io
21:57:42.218 [main] DEBUG org.apache.http.headers - << fly-request-id: 01H032P031WWNFCVSED23881AS-sin
21:57:42.218 [main] DEBUG org.apache.http.impl.client.DefaultHttpClient - Connection can be kept alive indefinitely
21:57:42.219 [main] DEBUG io.restassured.internal.RestAssuredHttpBuilder - Parsing response as: application/json
21:57:42.219 [main] DEBUG org.apache.http.wire -  << "FA[\r][\n]"
21:57:42.219 [main] DEBUG org.apache.http.wire -  << "[0x1f][0x8b][0x8][0x0][0x0][0x0][0x0][0x0][0x4][0xff][0xaa]VJI,IT[0xb2][0x8a][0xae]V[0xf2]tQ[0xb2]24256[0xd6]Q[0xf2]K[0xcc]MU[0xb2]RrJ,IL[0xcf]/R[0x8][0xcf][0xcf].U[0xd2]QrI-N.[0xca],([0xc9][0xcc][0xcf]S[0xb2]RrN[0xcd][0xcd][0xcc]I[0xcc]S(N[0xcd]H,Q[0xc8]I[0xad]J,QHJ-J[0xcf][0xac][0xca]T[0xaa][0xd5]A[0x18]g[0x2]7.=173/[0x1d][0xc3][0xa0][0xb4][0xfc]"[0x5][0x88][0x94]BAiQA~qj1[0x8a][0x1][0xa6]h[0x6][0x90]n[0x82][0x19][0xdc][0x84][0x92][0xd4][0xe2][0x92][0xd4]b[0xc]'[0xa0][0xd8]g[0x1]W[\r]q[0x15][0xe9][0xf6]Y[0xc2]M [0xc2]>[0x13]C[0xb8]jw[0xec][0x1][0xe4][0x86]?[0x80]L[0x8c][0x8][0x19][0x80][0xec]=[0x13]D[0xf4][0x92][0xe9]=[0x13]D[0x8c][0x12][0xe3]=sR\g[0x8a][0x8][0xc][0x88][0xeb]0[0xa2][0x8a]@j1E[0x4][0x6][0x99][0x6] [0xc2][0x87][0x1a][0xc9][0xdf][0x14][0x11]XT1[0xe][0x91][0x19][0xa8]b[0x1c]"gP[0xc5]8D\S[0xc5]8DN$[0xcf]8[0x0][0x0][0x0][0x0][0xff][0xff]"
21:57:42.219 [main] DEBUG org.apache.http.wire -  << "[\r][\n]"
21:57:42.219 [main] DEBUG org.apache.http.wire -  << "415[\r][\n]"
21:57:42.220 [main] DEBUG org.apache.http.wire -  << "B-[0x89]L[0x11][0xd9][0x92][0x1a][0xc6][0x99][0x19][0xc0][0x13]6y)[0xcd][0xc][0x91][0xd6][0x1d][0xb3][0x93][0x12][0x8b][0x14][0x82]2[0xab][0xb2]+[0x15][0xdc][0x12]3[0x8a]J[0x8b][0xf2][0xab]*1[0x92]~nf^[0xa6]BAQ~Vjr[0x9]r[0x96]6C[0xa4]y[0xaa]x[0xc][0x91][0x3][0xc8][0xf4][0x18]"[0xcd][0x93]i[0x0]uS[0xb9][0x19]"[0x95][0x93][0xe9][0x1e]D[0xba]vN,IM[0xcf]/[0xaa]Tp,[0xcd][0xc9]L[0xc4][0x88]"P[0xc]%[0xc3][0x94]$[0x82][0x95] [0xd5][0x85]f[0x88][0x4][0x9d][0x97][0x98][0x9b][0x8][0x8a][0xcb][0x94][0xd2]l[0xc]C[0xb2]![0x6][0x80][0xe3][0x1a]$[0x8f]l[0x2]u[0xd3][0xb0]9"[0x9][0x92][0x17]2[0xe6][0x88][0xa4]G[0xa6][0x1][0x94]&6sJ[0x13][0x9b]9"[0xb1][0x91][0xe9][0x5]J[0x93][0x97]9"Y[0x90][0xe9][0x2]D[0xaa][0x80][0x18]@r[0x93][0xc5][0x2]Q[0x98][0x11]Q[0xa7][P[0x1a][0xeb][0x16][0x94][0xc6][0xba][0x5]"[0xd6][0x89]q/[0xa5]1d[0x81]([0x0][0x88][0xb1][0xe]=:0r8[0x81]F[0x8c]%"6BR[0x8b]K0[0xb4]{[0xe6]e*[0x80]$2[0xf3][0xd2][0x15][0xdc]3Ss[0x90]+[0x3]KJ[0xb3][0xb4]%[0xa5][0x91]kIi[0xe4]Z""[0x17][0x92][0x9c]1[0x2][0x80]P[0xf8]Q[0x9a][0xa5]-)M0[0x96][0x88][0x4]C[0xa6][0x17](-[0x13],[0x11][0x89][0x90]p[0x92]53[0xa0]0[0xd5][0x98][0x19] R[\r]1[0xd6]Q[0x18][0xc3]f[0x6][0x88][0x18]&[0xc6]:[\n]"
21:57:42.220 [main] DEBUG org.apache.http.wire -  << "c[0xc3][0xcc][0x0][0x11][0x1b]DXg[0x88][0x8][0xcc][0xdc][0xc4][0xec][0xc4][0xbc][0xc4]<[0x8c][0x4][0xc][0x13]GT[0xed]f[0x86][0x88][0x10]$+[0xc9][0x98][0x19]R[0x98][0xef][0xcc][0xc])[0x8d][0x15]C[\n]"
21:57:42.220 [main] DEBUG org.apache.http.wire -  << "[0xb3][0x8d][0x99]!"[0xa2][0xa8][0xd0][0x92]53DD[xfQjNj1f[0xd7][0xbf] [0xa3][0xb2]839[0xb3][0x18][0xb9]Emf[0x84]([0x80][0xc9][0x8b][0xb]#J#[0xd3][0x88][0xd2][0xb8]0[0xa2]4.[0x8c][0x10][0x81][0x87]#[0xc][0x12][0x8b]S[0x90]j[0x1e]3#[0xd4][0x12][0x7]T9[0x15][0x14][0xe5][0xa7][0x94]&cV`%[0x19][0x99][0xc5][\n]"
21:57:42.220 [main] DEBUG org.apache.http.wire -  << "[0x99][0xc5][\n]"
21:57:42.220 [main] DEBUG org.apache.http.wire -  << "%[0x19][0xa9][0x90]Fpr[0x89]B[\n]"
21:57:42.220 [main] DEBUG org.apache.http.wire -  << "[0xd2][0xe8][0x12]R[0xb6]0FD[0x5]([0xeb]Q[0xcb]TD[0x16]%d*[0xb2][0x17][0x8d][0x11][0xd1]JH[0x1b])^Dd\B[0xa6][0xa2]8[0x6]Q[0x6][0xe2][0x88] [0xfc][0xd5][0xa4][0x99]1"[0x89][0x10][0xb2][0x97][0x14][0xdf] [0xf2]0!S[0x91]}[0x83]4[0xc]FH[0x1b][0x9][0x8e]A[0x1a][0x1b]#d*[0x8a]c([0xcd]}&[0x88][0xa0]%/nL[0x8][0xe6]>[0x2][0x91]k[0x8a][0xc8]7[0xe4][0xb9][0x80][0xd2][0x91]43S[0xe2][0x93]5[0x9]1jJi[0xaa]7EDM@~NfyQbI[0x6]F[0xfd][0x1c][0x94]ZP[0x9a][0x92][0x99][0x98][0x97][0x92][0x98][0xaa][0x90][0x97]Z[0x9c][0x9c]Y[0x9a]W[0xa2][0x90]Z[0x91][0x9c]ZPRZ[0x94][0xa9][0x90][0x92][0x9f][0x93]_[0x94][0xaa][0x90]Z[0x9a][0xab]P[0x9c]ZX[0x9a][0xa9][0x87][0x9c]xL[0x11][0x19][0xc0]719#?;[0x15][0xc3][0xf8][0xc0][0xd2][0xc4][0xe2]L[0x85][0xb4][0xd2][0xf4]D[0x85][0xbc][0xfc]<[0x85][0xc2][0xd2][0xfc][0x14][0x85][0xcc][0xdc][0x82][0xd4][0x94][0xcc][0x12][0x85][0xb2][0xd4][0x9c][0xcc][0x12]T[0x3])M[0xb][0x94][0xe]U[0x99]![0x8d]0A[0x12][0x13][0xa9][0x1d]L33[0xd4][0xc4][0x80][0xc][0xde][0x8c][0xd2][0x11][0x1b]33D][0x4]q0F[0x14][0x10][0xc8]>[0xe6][0x94]f[0x1f]s[0x84][0x87][0xc9]t[0x1][0xa5]e[0x90]9"[0x1d][0x92][0xe7][0x2][0xa4]A[0x1]2[\r][0xa0]4[0xc],[0x10]y[0x95]L[0x17][0x10][0xc][0x3][0xe4][0x9c]Ki[0xdf][0xd9][0x8c]p[0xdf][0x19][0xc5]:J}G[0xb8][0x97][0x89]d[0x9d]9[0xa5]}<s[0xa4]>[0x1e]Y[0xb1]an@az07[0xa0]0O[0x98]#[0xf5][0x1b][0xc9][0xf4][0x2][0x85]qfn@J[0x8a]4G[0xea]J[0x92][0xe7]^J{[0x95][0xe6]H[0xbd]J[0xb2][0xa6]'[0xcd][\r][0x11][0x15]6[0x99][0x6] B[0xc][0x87][0x1][0xc8][0xa9][0x1c][0xa9][0xcf]Gf[0x88][0x11][0xac]:[0x90][0xad]3B$i[0x1c][0x8e][0xc3]?{k[0x8e][0xd4][0xd1][0xc3]a[0x0][0x8a]u[0x94]&?#D`[0xe2][0x8][0x1e]d[0xeb][0x8c][0x11][0xdd]$[0x1c][0xaa][0xf1]W[0xa3][0xe6]H[0x1d]&[0x1c][0x6][0xa0]XG[0xa9][0xef][0x8c]I[0xf2][0x1d]R[0x97][0x3][0x87][0xe3][0x8][0xf8][0xe][0xa9]w[0x81][0xc3][0x0]d[0xdf]![0xf5][0x9][0x8][0xf5]E[0x88]o[0xf][0x9b][0x9b] [0xbc]L[0xc8]T[0x14][0xc7] R9!m$8[0x6]i[0xfa][0x1e]Gb&[0x90][0x1b][0x90]:[0x1d]8[0xc]@[0xf6][0x4][0xd2][0xe4]:[0xe][0xd5][0x84][0xac]#X6[0xa1]X[0x87][0x8]j[0x1c][0xd1]M [0xbd][0x98]"[0x1a][0xf2]d[0xba][0x17][0x11]k8[0xc]@v/[0xd2][0x4]3[0x15]F[0xd3][0xcc]1:[0x1]$[0xb6][0xa9][0xcd][0x91][0xfa][0x0][0xe4][0x85][0x9f][0x19][0xa2][0xfa]w+-[0xca][0xcb],)-[0xc2][0xec][[0xc1]e[0x14][0xbc][0x0][0x0][0x0][0x0][0xff][0xff]"
21:57:42.220 [main] DEBUG org.apache.http.wire -  << "[\r][\n]"
21:57:42.220 [main] DEBUG org.apache.http.wire -  << "695[\r][\n]"
21:57:42.220 [main] DEBUG org.apache.http.wire -  << "J-H,JD[0x9][0x11]J[0xb][0x18]3J[0x93][0x0][0xa5][0xfd][\n]"
21:57:42.220 [main] DEBUG org.apache.http.wire -  << "sJ[0xa7]l[0xcd])[0x9d][0xb2]5G[0xea][0xd9][0xc0][0xc3][0x1a]#)[0xc0]e[0xb0][0xc4][0x2][0xa5]3[0xae][0xe6][0xe6][0x88]ht+*[0xcd][0xc4][0x1c]_D[0x8e]sJ[0xbb]A[0xe6]H[0xd3][0xb3]D[0xd8][0x86][0xc8][0xa1][0xd8][0x15][0xa7][0xe7][0xe7][0xa7]([0x80][0xca][0x89][0x8c][0xd4][0xc4][0x9c][0x92][0xc]d[0x97]R[0xda][0xdf]2[0xb7][0xa0][0xb4][0xba][0xa6]tb[0xd7][0x9c][0xd2][0x89]]s[0xa4][0x89]][0xf2][0xca][0x8][0xb]D[0x91]N[0xa6][0x1][0x88][0xc4]E[0xa6][0x1][0x94][0x96][0x11][0x16][0x88]j[0x82]<[0x17] [0xcd][0x1f][0x93]i[0x0][0xa5][0x9][0x89]pG[0x18][0x94][0x5] [0x8e][0xc3][0xb6][0xea][0xd3][0x1c]i[0x12][0x99][0x1a]u[0x17][0xa5]S[0xca][0xe6][0x96][0x94]&+[0xc2]S[0xca][0xc8]E[0x1]R[0xcf][0x9e]*[0xde][0xa7]8E![0x8a]5H[0xa4]a[0x14][0xf8][0xf8][0xe3][0xd3][0xc2][0x80][0xc2][0xf1]4[0xb]JG/,[0x90][0xba][0xfe][0xb0][0xd9]W[0xf4]%[0xcd]0q[0xc4][0xf4][0x93][0x5]Rw[0xdd][0xdd][0xd1][0xd7][0xd3][0xcf][0x9d]d[0x8f]#[0x82][0xde]199[0xb5][0xb8]8[0xbf]([0x13][0xcb][0xe8]gI[0xbe]Bj^Fb^r[0xaa]BbAAjb[0x11][0x88][0x89][0x94]",[0xc][0x11][0x1]H[0x85][0x14]aA[0xe9][0xc0][0x82][0x5][0xd2][0xc0][0x2]U[0xdc][0x83][0xe8]GS[0xc5]8Dv[0xa5],[0xd4][0x11]e9E[0xe6][0x18]![\n]"
21:57:42.220 [main] DEBUG org.apache.http.wire -  << "T[\n]"
21:57:42.220 [main] DEBUG org.apache.http.wire -  << "[0xcc]114A[0xf8][0xb]G[0x7][0x0]o[0x8f][0xc7][0xc4][0x10][0xa9][0x13][0x8a][0xc3][0x0]D[0xa2]31D[0x9a][0x85][0xc2][0xa1][0x9a][0x90]u[0x88]r[0x3][0x87][0x1][0x8][0xeb][0x8c],[0xc][0x10][0xaa][0xc9]+e(][0x80]`A[0xe9][0xe8][0x91][0x85]![0xa5]^[0xa0]t[0xe9][0x81][0x5][0xd2][0xd2][0x3][\n]"
21:57:42.220 [main] DEBUG org.apache.http.wire -  << "[0x92][0x9a][0x91][0x5][0xd2][0xc8][0x16]y[0x91][0x81]4[0xb2]E[0x99]C[0x10]i[0x9e]2s(l[0xd8]Y[0x10][0x1e];#P[0x9][0x12]^RA[0xc8][0x0]JS[0x17][0xd2]j[\n]"
21:57:42.220 [main] DEBUG org.apache.http.wire -  << "[0x1c][0x91][0x8a][0x9c][0x1f])[0x1d][0xfe][0xb3]@[0x1a][0xfe][0xa3]([0xea][0x90]V*[0xe0]p6[0x81][0x80]C[0x1a][0x18][0xa4][0xcc]![0x88][0xda][0x9c]L[0x87]P[0x1a][0x83]&[0x88]v[0x0]y.[0xa0]t[0xd4][0xd3][0x82][0xf0][0xa8]'[0x81][0xc8][0xc0][0xd8][0x82]Dj[0x9b][\n]"
21:57:42.220 [main] DEBUG org.apache.http.wire -  << "i[0x7][0x12][0x99]a[0x80](R[0xc8]4[0x0]Q[0x96]P[0x94][0x9e][0x90]Fo[0xc9]t[0x8][0xa5][0x9][0xd2][0x84][0xd2][0x4]I[0xe9]B[0x13][0xb][0xa4]AcE[0x7]e[0x15]URS[0x3][0xd2]:[0x13][0xf2][0xc2][0x10]i[0x18][0x99]L[0x3][0x10][0xc9][0x89][0xa2][0xd4][0x80][0xb4]4[0x85]2s[0x10][0xad]V2=[0x84]HUdE[0x9][0xd2][0x82][0x13][0x8a]<[0x82]4[0x82]M[0x9e]G([0x1d][0xb3][0xb6][0xa0]t[0xcc][0xda][0x2]i[0xcc][0x9a][0xbc][0xa0]D[0x94]4d[0x6][0x1]"1[0x90][0xe7][0x0]J[0xb][0x8][0xa4]!o[0xb2][0x1c]@[0xe9][0x80][0xb5][0x5][0xd2][0x80]5y[0xe]@do[0xf2][0xa2][0x0]i[0xbc][0x9a]<[0x7] [0xb2]#[0x99][0xe]@[0xc4]!Y[0xe][0xa0]t`[0xd9][0x2]i`[0x99]<[0x7] f~[0xc8][0xb][0x1]J[0x87][0x85]-[0x90][0x96]"[0x91][0xe7][0x3][\n]"
21:57:42.220 [main] DEBUG org.apache.http.wire -  << "[0xa3][0x80][0xd2][0xb5]I[0x16]HC[0xb2]dy[0x80][0xd2]!T[0xb][0xa4]!T[0xf2][0x1c][0x80]([0xc8][0x92][0xf3][0xf3]J[0xf2]3t[0xa1];-[0xb1][0x8d][0xa7][0xb9]%[0x16]gd[0xe6][0xe7]%&[0xe5][0xa4]"[0xf7]h,[0x11]9[0x89][0xb0][0x19][0x98]*[0x90][0x6][0x6][0x91][0xf6][0xd7][0x90][0x95]"-)[0x1d][0xd0][0xb4][0xa4]t5[0x95]%[0xd2][0x88]([0x99]^@[0xc4][0x8][0x99][0x6] 2[0x5][0x8e][0xe1]![0xbc][0xe3]KF[0x96]H[0xa3][0xa2]8[0xc]@[0x8a]}K[0xa4]1K[0x1c][0xaa][0x9]Y[0x87][0x18][0xa5][0xc4]a[0x0][0x8a]u[0x88]z[0x3][0x87]jB[0xd6]![0xea]~[0x1c][0x6][0xa0]X[0x87]H[0xdb][0xe4][0xc5][0x6][0xa5]cW[0x96][0x94][0x8e]]Y"[\r][0x93][0x92][0xe7][0x5][0xa4][0xc1]/2[\r]@[0xc4]0[0x99][0x6]PXSY"m[0xdc][0xc1][0x11][0xe9][0x4]R[\r][0xd2]0[0x15][0xe][0x3][0x90]S[\r][0xd2][0xae][0x1d][0xf2]<L[0xe9] [0x91]%[0xd2] [0x11][0xe][0xf7][0x12][0xf0]0[0xd2][0x89]58[0xc]@[0xf6][0xb0]1"W[0x92][0xe9]aD[0xae]$[0xd3][0x0]DF[0xc5][0xe1]^B[0x1e]&Xl"{[0x18]i[0xc0][0x87]<[0xeb][0x90][0x6]|p[0x18][0x80]b[0x1d][0xa5][0x19][0x0]i[0x8e][0x83][0xbc][0xf0]E[0x9a][0xe3] [0xd3][0x0]J[0xeb]5[0xa4]y[0x13][0xf2]\@[0xe9][0xa0][0x8a]%[0xd2]B:2]@i4R[0xba]Q[0xc7][0x12]i4[0x84]L/P[0x1a][0x8d]H[0xeb][0xf5][0xc8]s[0x1][0xa5][0xc3][0xf][0x96][0x94][0xe]?XR[0xba][0x93][0xc6][0x12][0xe9][0xd4][0x1c][0x1c][0x99][0x9f]@a[0x85]4[0x16][0x84][0xc3][0x0][0xe4][0xd2][0x3]i[0xb8][0x84][0xcc] [0xa7][0xb4]x[0xa7]t[0x89][0x9f]%[0xd2][0xde]#[0xea]-[0xad][0xb5]D[0x1a]E!d*rx"[\r][0x9e][0x10][0xd2]F[0xfc]:_KJ[0xf]][0xb1][0xa4]t[0x9][0xa0]%[0xd2][0x90][\n]"
21:57:42.220 [main] DEBUG org.apache.http.wire -  << "y[0xe9][0x84][0xd2]e[0x81][0x96]H[0xcb][0x2][0xc9]t[0x1][0xa2][0x16]'[0xcf][0x0]J[0xd7][0xb]Z"[\r][0xeb]8'[0xa6][0xe4][0x96][0x16]+[0x4][0xa4][0x96][0xa5][0x16][0xa5][0xe6][0xe4]`[0x8c][0xc1]{[0x94][0xa6][0xa5][0xe5][0xa4][0x16][0x94][0xa6][0xa5]![0xa7].[0xa4]a[0x1d][0xa7][0xd2][0xe4][0xec][0xa4][0xd4]D[0xcc][0xd3][0x8c][0x82]s*K2R[0x8b]2[0xf3]P4"[0x9a][0xd9][0xee][0xa9][0xf9]E[0xe9][0xa9][\n]"
21:57:42.221 [main] DEBUG org.apache.http.wire -  << "[0xe1][0xa9][0x89][0xc5]9[0xa9][0x98][0x87]^[0x85]d[0x94][0xe6][0xa5][0xa4][0x16]%e[0x16]!o6[0xb7][0xa4]t[0x9d][0xa0]%[0xd2]x[0xe][0x99][0xa1][0x8f]h[0xc5][0x91]g[0x0][0xa5][0xab][0xf4],[0x91]Ft[0xc8]t[0x1][0xa5]u<[0xd2][0x90][0xe][0x99].[0xa0][0xb4]-[0x8d][0xb4]P[0x8e]L[0x17] [0xa2][0x91][0xa2]S[0xd8],[0x91][0x6][0x84](1[0xc8][0xd8][0x80][0xc2][0xa5]r[0xc6][0x6]H[0xfb][0xf4][0x2]R[0x8b]2[0xb]2R[0x8b][0x12]s[0x14]pT[0xbe][0xbe][0xf9][0xa5][0xc5][0xa9]:[\n]"
21:57:42.221 [main] DEBUG org.apache.http.wire -  << "[0xde][0xa9][0x95]I[0xf9][0x89]E):[\n]"
21:57:42.221 [main] DEBUG org.apache.http.wire -  << "[0x1e][0xa9][0x89])[0x5][0x19][0xf9]y[0xa9][\n]"
21:57:42.221 [main] DEBUG org.apache.http.wire -  << "[0xae]![0xce][0x88]<kl@[0xe1]x[0x93][0xb1][0x1][0x85][0xbb][0xf7][0x8c][\r]([0x1c][0xb0]260[0xa0],[0xb9][0x19][0x1b] [0x1d][0x4]CNr36@[0x1a][0xb0]"[0xd3][0x0][0xc4][0x11][0x14]d[0x1a][0x80][0xc8][0xf4]8[0x92][0x4][0xde][0x6][0x9d][0xb1][0x1][0xe1][\r]}[0xc8][0xa9][0x6][0xe9]H[0x17]2[0xdd]KY5il[0x80]4[0xa8]D[0x9e][0x87][0x91][0x6][0x95]p[0x18][0x80][0xec]a[0xa4]eO[0xe4]y[0xd8][0x8][0xd1][0x82]M[0xc3][0xb9][0xcb][0x5][0xc5]F[0xca][0xfa]9[0xc6][0x6][0x14][0x8e][0x1][0x19][0x1b]P8[0x6]dl[0x80]4[0x6]D[0xcd]"[0xb]id[0x88][0xbc][0xb8]0Fd[0x16]2[\r]@D&[0x99][0x6]PZd!-}"[0xd3][0x5][0x88][0x1a][0x92]L[0x3]([0xcd][0xc1][0x14][0xae]y26@[0x1a][0xc1]"[0xcf][0xb][0x14][0xae]826[0xa0]pL[0xca][0xd8][0x80][0xc2]!%c[0x3][\n]"
21:57:42.221 [main] DEBUG org.apache.http.wire -  << "[0x87][0x94][0x8c][\r][0x90][0xd6][0xe9][0x90][0x17][0x88][0x14].[0xd4]16[0xa0]pH[0xc9][0xd8][0x0][0xe9]h[0x16]2[0xbd]@iRF[0x1a][\r]![0xcf][0x5][0x14][0xe])[0x19][0x1b]P8[0xc2]bl@[0xe1][0x90][0x92][0xb1][0x1][0xd2]1[0xb8][0xe4][0x85][0x1][0xd2]X[0x8][0x99][0x6] [0x96][0xe3][0x93]i[0x0][0xa2][0xff]J[0xa6][0x1][0x94]V,[0x14][0x8e][0xa0][0x18][0x1b]P8~al`Ni^@[0x1a]~[0xc0][0xd1][0xae]"[0xd0][0x12]E[0x1a]~[0xc0]a[0x0]r3[0x9]i[0xc8][0x0][0x87]jB[0xd6]![0xea]r[0x1c][0x6][0xa0]X[0x87]h[0x95][0xc1]7[0xc3]b[0xc][0xab][0xc0]e0[0xb6][0xc9][0x1a][0x1b]X [0xc2][0x17][0xae][0x8c]$[0x3](\2bl[0x80][0xb4][0x9][0x8f][0xbc]TN[0xe1][0xf8][0x80][0xb1][0x1][0x85][0xdd]{c[0x3][0xa4]^9Y^0$[0xdc][0x1b]G[0x8a]tCJ[0xbb][0xb8][0x86][0x84][0xbb][0xb8]([0xd6]![0x92][0x8]y[0xbe][0xa3]p[0x1b][0x98][0xb1]![0xd2][0xf1]0d[0xba][0x0][0x91][0xa9]\<[0x9d][0xfd][0x9d][0x1c][0x15]"[0x1d]=0[0x92][0xb9]c[0x80][0xa7]B[0xb8][0x90]w0[0xb2][0xef][0x9][0xee][0xf6][0x1][0x0][0x0][0x0][0xff][0xff]"
21:57:42.221 [main] DEBUG org.apache.http.wire -  << "[\r][\n]"
21:57:42.221 [main] DEBUG org.apache.http.wire -  << "54D[\r][\n]"
21:57:42.221 [main] DEBUG org.apache.http.wire -  << "R[0xc2][0xbb][0x10][0xdd][0xd8][0x10]i[0xb7][0xf][0xc9]vS[0x1a][0xf2]H[0xbd]R[0xf2][0x2][0x8e][0xc2][0xfd]9[0xc6][0x86]H[0xfd]L2]@a[0xd7][0xc4][0x10]i[0xa5][0x2][0x99].[0xa0][0xb0]kbHx?[0xc][0x81]$D[0xb8][0xe7][0x8b][0x9c]b[0x91][0xd6][0x1e][0xf8][0xa6][0xe6][0x97]c9x[0xd0]7[0xb1]"37[0x15]t[0x8][0xa0]Bnf^i[0xb1]Bf[\n]"
21:57:42.221 [main] DEBUG org.apache.http.wire -  << "[0xf8][0x88][0xc0][0xcc][0x82][0xe2][0xc4]\[0x85][0xb2][0xfc][0x9c][0xd2][0x82][0x92][0xc4][0x92][0xd4]\[0x85][0xe2][0xcc][0xdc][0xcc][0x9c][0xcc][0xc2][0xd2]T[0xa4][0xa3][0x2][0x8d][\r])[0xdc](clH[0xb8][0xb7][0x88][0xec][0x1f][0xa4][0xa5][0x5][0xe4]E [0xe1][0x8e][0x19][0x8a]u[0x94]&8[0xc2][0xdb]-[0x90][0xad][0xa3][0xb4][0xc3]cH[0xe1]$[0xbc][0xb1]![0xa5]=&C[0xc2][[0x1b]P<LivB[0x9a],[0xc6][0x91][0x1e][0x90][0xad][0xa3][0xb4]'b[0x88][0xd4][0x13]![0xb5][0xfc][0xa6]p[0x96][0xd7][0xd8][0x10]i[0x96][0x17][0x87]W[0x9][0x94][0x1c][0x14][0x1e][0xe4]bl[0x88]4[0xb5]K[0xa6][0xb]([0xec][0xc4][0x18][0x12][0x9e][0x6]F[0x8e]n[0xa4][0xe][0x7][0x8e][0xe6]3[0xfe][0xf6][0xb7]!R[0x87][0x3][0x87][0x1][0xc8][0xd6]Q[0xda][0xbb]0$[0xa9]waHi[0xef][0xc2][0x10]i[0x85]:1[0xbe]C[0xf4].p[0xa8]&[0x10][0x98]H[0x87][0x8c][0xe0]0[0x0]90[0x91][0xe6]*q[0xa8]&`[0x1d]R_[0x4][0x87][0x1]([0xd6]!R&[0xe][0xd5][0x84][0xac]Ct[0xaf]q[0x18][0x80]b[0x1d][0xa2]^[0xa1][0xe0]~[0x1f]cC[0xa4][0xde][\n]"
21:57:42.221 [main] DEBUG org.apache.http.wire -  << "[0xe][[0x9]9[0x1b]Q[0x0][0xe3]0[0x0][0xc9][0xd9]FH][0x13][0x1c][0xaa][0xf1][g[0x84][0xb4][0x4][0x1d][0x87][0x1]([0xd6]Q[0x18])FH[0x9d]#b[0xac]CD[\n]"
21:57:42.222 [main] DEBUG org.apache.http.wire -  << "[0xe][0xd5][0x84]|G0[0x8b][0xa0][0xf8][0xe][0xd1][0xa0]'[0xcf]:[0xa4][0x99]=[0x1c][0x6] [G[0xe1]Rtc#[0xa4][0x8e][0x17]1[0xd6]!zYd[0xd5][0x15]FH[0xd3]x8[0xac]#[0x10][0x1b]H}-[0x1c][0x6] [0x7][0xf][0xd2]Jr[0x1c][0xaa][0x9]X[0x87][0xd4][0xbd][0xc2]a[0x0][0x8a]u[0x88][0xa4][0x9d][0x9c][0x98][0x9d]j[0x84][0xd1][0xff][0x4][0x89]*[0xe4]$[0x16]d"]Mil[0x84]4[0xd5]G[0xd6][0x8][0x8d][0x11][0xd2]Zo2[\r]@[0x14][0x18][0xe4][0xc5]+R[0x7](8;3/9[0x11][0xcb][0x89]z0[0x9][0x85][0x92][0xd4][0xa2][0xa4][0xc4][0xcc]l[0x85][0xd2][0xbc][0x92][0xd2]l[0x85][0xdc][0xd4][0xa2][0xc4][0xf2][0xc4][0x12][0x85][0xf2][0xc4][0xac]D[0xa4]s[0xcc][0x8c][0x8d][0x8][0xf7][0x89][0xf0]7[0x8d][0x8c]([0x9d][0xb6]3[0xa2][0xb4][0x1b]dD[0xb8][0x1b]D[0xc8][0xb][0x14]G[0xc][0xa2]<"/f)[0x9d]43[0xa2][0xb4]sg[0x84][0xb4][0xcf]_[0x1]#G[0x11][0x8]?J[0xe7][0xcb][0x8c][0x8]w[0xf5][0x8][0xb9][0x0][0x11][0x1][0xb0][0xc][0x80][0xe1][0x9][0x98][0x4][0xb1]9[0x3]i[0xe][0x8e][0x9c][0xd3][0xa4][0x8c][0x8d][0x8]wI[0xd3]AW[0xf7][0xc2][0xf7][0xa9][0x19][0x1b]Q[0xda][0x7]5B[0xea]B[0xc2][0xbc]Ky8 [0xaa]#[0xea][0x99][0x89]h/P[0xcf]LD[0x13][0x82]zf"J[0x6][0xea][0x99][0x89]H[0xab][0x5][0xc5][0xa6][0x18][0xd1]C [0xa5]S:'iD[0xe1]6}c#[0xa4]IM[0x1c][0xb5]5t[0xf1]2r[0xa5]M[0xe1][0xda]xc#[0xa4][0xf1][0x7]26[0xa4][0x1a][0x1b]Q:[0x86]`D[0xe9]D[0xa8][0x11][0xd2] [0x4]Y>@[0x1a][0x83] >[0xdc][0x91][0xc6][0x1d]H[0xd0][0x84]ha[0x91][0xa0][0x9][0xd1][0x8b]#[0xaf][0xe]D[0x9a]$%/|[0x10][0xf9][0x9f]L[0x7] 2;Y[0xe][0xa0]p[0x89][0xb7][0xb1][0x11][0xd2]([0x8]y[0xe] [0x18]o[0x4][0x1a][0xe2][0x84][0xc7]E[0x90][0xf3]4[0x85][0xab][0xb2][0x8d][0x8d][0x90]n[0xea]$[0xcf][0xbf][0x88][0x92][0x94][0xbc][0x18]G[0x1a])![0xcb][0x1][0x14].[0xea]66B[0x9a][0xb4]u[0xcd]+I-*I[0xcc][0xcc][0xcb]M[0xcd][0xc3]<$[0xb9] ?'39U!?--39[0xb5][0x8]9[0x16],[0x11][0xf9][0xce]9?[0xb7][0xa0][0xb4]$[0xb5]H!8?[0xad][0xa4][0x1c][[0xef][0x0][0xcb][0x5]z[0xc6]FH[0x13][0xbf][0x1][0xa5]I9[0x99][0xc9][\n]"
21:57:42.222 [main] DEBUG org.apache.http.wire -  << "[0xa0][0xbb][0x96][0x92]1[0x97][0xf7]'g[0xa4][0xe6][0xa2]\[0xbe]glD[0xf8][0xa4]T[0x2][0xf5][0x19][0xd2]0[0xc][0x99]q[0x88][0xc8][0xb5][0xce] [0xf7]%'[0xe6]`^[0x1c]X[0x9c][0x9a]\[0x94]Z[0x92]XT[0x89][0x12]r[0x14]&[0x1f]c[0xa4]1[0x1d][0x97][0xd4][0xe2][0xcc]t[0xcc][0xab]#[0x93]J[0x8b]3[0xf3]R[0x8b][0x8b]s[0x13][0x91]vT[0x18][0x1b]#[0x8d][0xe5]P[0xab]Ya[0x8c][0xb4][0x90][0xdc][0xad]4/E7(1[0xb3]83[0xf][0xf3][0xee][0xa7][0xbc][0xd2][0xa2]b[0xa4]c[0x16][0x8c][0x8d][0x91][0x96][0x8a][0x7][0x14]e[0xe6][0x95]`[0xd3][0x94][0x96][0x98]\[0x2][0xba]H[0xbb]<[0xbf]([0x1b]%[0xf9][0x19]#[0x8d][0x13]9[0x16][0x95][0x14]+$[0xe6][0xa5](8[0x17]%[0xa6][0x95]`FBj^zf^*[0x9a]v[0xea]7.[0x8d][0x91][0x16][0x8e][0x87]g[0xe6][0xa5][0x82][0x9d][0x14]\[0x90]Y[0x94][0x89][0xc5]M9[0x89][0xe5][0x95]h.B[0xa4][0xa7][0x90][0xd4][0x9c][0xd4][0xe4][0xfc][0xdc][0xdc][0xd2][0xbc][0xcc][0xe4][0xc4][0x92][0xcc][0xfc]<L?%[0x83][0x8e][0xae]@3[0x0][0x91][0xac][0xa8][0x16][0xb9]H[0xe3]Ud[0xe5][0x12]c[0xa4][0xb5][0x3][0xa1]%[0x99]9[0x99]%[0xd8][0xce][0xe1]HM[0xce][0xcf][0xcb]G[0xcb][0xe1][0xc6]HcWdZ[0x8d]([0xa0][0xa8][0x17][0x1e][0x88]d[0xe3][0x97]Z^\[0x90]X[0x90]Z[0x84][0x19]9I[0xa5][0x99]9)[0xa8][0x91][0x83]44[0xe6][0x9a][0x93][0x9a]\R[0x94][0x99][0x9c][0x98][0xa3][0xa0][0xaf][0x0][0xe1][0xe4][0xe7]e&+[0xf8]&[0xe6][0x95][0x82][0xd2]{i[0x11][0xb6][0x9c][0x90][0x9c][0x91][0x8a][0xb4][0xab][0xca][0xd8][0x18]i[0xa8][0x8c]z[0xbe]C[0xa4] [0xf7][0xfc][0xb2][0xd4]"p[0x95][0xa0][0xe0][0x98][0x92][0x9b][0x99][0x97]Y\R[0x4]N[0x8a][0x18][0xfd][0x86][0xdc][0xd4][0xe4][0x8c][0xc4][0xbc][0xcc]d[0xa4][0x12][0xce][0x18]i`[0xcd][0x13]T[0xbd][0xe4][0x81][0xb5]&[0xe6]([0x84][0x14]%[0xa6]@2[0x86]KjYjN~[0x1][0xd6]J[0xa7]([0x15]t[0x87]^f>[0xc8]V[0x14]c[0x11][0xdb][0x1a][0xa8][0xe6]gJWH[0x18]S[0xba]B[0xc2][0x18]i|[0x8f][0xbc][0x84]N[0xe9][\n]"
21:57:42.222 [main] DEBUG org.apache.http.wire -  << "[0x9]c[\n]"
21:57:42.222 [main] DEBUG org.apache.http.wire -  << "[0x8f][0x1c]56[0xa6]to[0x80]1[0xd2][0x8]#ya@[0xe9]p[0xa2]1[0xd2][0xe6][0x2]2][0x80]h[0x4][0x93]i[0x0][0xa2][0xbc]"[0xd3][0x0]D[0xe1]D[0xa6][0x1][0x88][0xd1][0x11]2[\r][0xa0][0xb0]+dll[0xa1][0x3][0x0][0x0][0x0][0xff][0xff]"
21:57:42.222 [main] DEBUG org.apache.http.wire -  << "[\r][\n]"
21:57:42.222 [main] DEBUG org.apache.http.wire -  << "131[\r][\n]"
21:57:42.222 [main] DEBUG org.apache.http.wire -  << "R[0xf2][0x3][\r]NY)[0xe5][0xe5]+[0xe0]pD^~[0x9][0xf8]r[0xc],w[0x2][0x18][0x1b][0x1b]#[0xca]0[0x1c][0xda][0xf1]7[0xc][0x8d])[0x1d][0x12]5F[0x1a][0x12][0xc5][0x1c][0xd1]T@.[0xcf][0x90][0xc6]>)?[0xcf][0xdc][0xd8][0x18]i[0xff][0x1]![0x8b][0x11])[0x5]S%[0x8a][0xb][0x11])[0x82]*.D[0xa4][0xf][0xaa][0x18][0x87]H-T1[0xe][0x91]t[0xa8]a[0x1c][0xd2]8.y)[0x11]i[0x1c][0x97]j[0xd5][0x1d][0xd2]H/[0x8e]![0x16][0xfc]]uc[0xa4][0xd5]F8[0xc]@N?[0x94]n[0xc6]0[0xa6][0xf0]|[0xf]cc[0xa4][0xdd][0x1c][0x98]I[0x1d]%7"[0x1d][0xe4]AH%"[0xa1][0x10]P[0x89]4jJ[0xb5](D[0x1a][0x7][0xa5][0x9e][0x99][0x88][0xca][0x8b]zf"[0xea]3[0xb2][0xe6]-[0x8d][0x91]Vn[0x91]i[0x0][0xa2]| /[0x7]"[0x1d][\n]"
21:57:42.222 [main] DEBUG org.apache.http.wire -  << "[0x8a]#[0xb1][0x13][0xc8]-H[0x8b][0x9f]p[0x18][0x80][0x9c][(<n[0xc2][0xd8][0x18]i[0xf5][0x14]y[0x1e]F[0x1a]J$[0xf1]f*cc[0xa4]QD[0xd2][0xf5]"Z[0xf6]d:[0x1c][0x91][0x80][0xc9]4[0x0][0x91]ZI\&h[0x8c][0xb4]([0x8b]d[0xad][0x88][0xfa][0x95]d[0xad][0x88][0xc4]M[0xb2]VD[0xf9]E[0xaa]V[0xa4][0x91]K[0x92][0xb5]"[0xf6]S[0xe1][0xc8][0xb][0x4]2[0x13][0xd2][0xa8]'[0xe][0x3][0x90]3[0x13][0xd2][0xf8]$[0xe][0xd5][0x84][0xac]C4[0x92]p[0x18][0x0][0xb6][0xe][0x0][0x0][0x0][0xff][0xff]"
21:57:42.222 [main] DEBUG org.apache.http.wire -  << "[\r][\n]"
21:57:42.222 [main] DEBUG org.apache.http.wire -  << "3F3[\r][\n]"
21:57:42.223 [main] DEBUG org.apache.http.wire -  << "[0xf2]tQ[0xb2]246F[0x1a]O[0xc4][0xa1][0x9a][0x90]u[0x88][0xf8][0xc4]a[0x0][0x92]u&HC[0x80]8T[0xe3][0xb7][0xce][0x4]i([0x10][0x87][0x1]([0xd6]![0xb2][0x17][0xe][0xd5][0x84][0xac]Cd/[0x1c][0x6][0xa0]X[0x87][0xc8][0x16]d[0xe5]f[0x13][0xa4]#[0x18]pXG[0xc8][0xbd][0x88],[0x82][0xc3][0x0]d[0xf7]"[0x8d]r[0x91][0xe7]^[0xa4][0xc1].[0x12][0xb3][0x95][0x89]!"d[0xc9][0xb4][0x1b][0x11][0xd8][0x94],l4A[0x1a][0xe2][0xa2][0xcc][0x1c]DF [0xcf]CH[0xeb][0xc2](r[0x8][0xd2]([0x16]e[0xe6] *7[0x1c]i[0x89]@bD[0x1a][0xa3][0xc2]a[0x0]rbD[0x1a][0x90][0xc2][0xa1][0x9a][0x90]u[0x88][0x4][0x81][0xc3][0x0][0x14][0xeb][0x10][0xd1][0x85]C5![0xeb]H[0xca]jH[0x3]=[0xe4]Y[0x87]4[0xd0][0x83][0xc3][0x0]d[0xdf]![0x9d][0xed][0x80]C5[0x1][0xdf]![0xed][0xe6][0xc1]a[0x0][0x8a]u[0x88][0xe]2$[0xed]c[0xce][0xa3][0xe0][0x1f][0xbe]0A[0x1a]A[0x1]-[0x87][0xc0]r[0x8b][0x1c][0xb2]}[0x94][0xe]v[0x98] [\r]v@[0x1c][0x8c]1>L[0xc0][0xbd]$m[0xee]1[0xa1]t[0xc5][0x97][0x9][0xe1][0x15]_[0xc8][0xc1][0x83][0xd4][0x3]'[0xcf]wH[0xdd]m[0x1c][0x6][0xa0]X[0x87][0xc8]x8T[0x13][0x8]L[0xa4][0xce].[0x99][0x6] 23[0xe][0x3][0x90][0xdd][0x8b][0xd4][0x13][0xc5][0xa1][0x9a][0x80]{[0x9][0xaf][0xce]A[0xb1][0xe]=s[0x90][0x9a][0xd6][0x90][0x96][0xd2]P[0xab][0x97]k[0x82][0xb4][0xba][0x86][0xbc]0[0xa0][0xf4][0x9c][0x2][0x13][0xc2][0xeb]s[0x8][0x14]Q[0x84][0xd7][0xea] [0xc7][0x2]R[0x97][0x96]j[0x81][0x88][0xb4][0x4][0x87][0xcc]@[0xa4]4[0xe7] u[0xbd][0xa9][0xe7]+[0x82][0x99][0x89]@[0xf6]@[0xda][0xcb]D^[0xb0] u[0xe7][0xa9][0xe6]+[0xa4]n>[0x99][0x8e]B4[0x87][0xc8]4[0x0][0xd1][0x19][0xa1][0x9e][0xaf][0x10][0xad]h[0x1c][0xd5]4[0x81]L[0x84]4[0x8]@[0xa6][0xaf][0x10]I[0x98][0x9c]5A&H{[0xb5][0xc8]t[0x0][0xa2][0x1d]F[0x9e][0x1]Hc[0x3]d[0x1a][0x80][0x18]! [0xd3][0x0]J[0x93][0x16][0xd2][0xba]([0xf2][0x92][0x1][0xa5][0xa3][0xe]&H[0x8b][0xa2]p[0xb8][0x0][0xb9]0[0xa6]t[0xd4][0xc1][0x4][0xe9][0xae][0x13][0xc2][0xd6][0x99]"[0x8d]:[0x90][0x15]A[0xa6]H[0xa3][0xe]d[0x1a][0x80][0x88]a[0x1c][0xee][0xc5][0x9f]OM[0x91]V[0x1d]9g$[0x16][0xe5][0xa6][0xe6][0xa4][0xe6]c[0xae][0x9f][\n]"
21:57:42.223 [main] DEBUG org.apache.http.wire -  << "[0xcd]KIU[0xc8]ONNL[0x5]-[0xc0]QH,J[0xce][0xc8],IM.[0xc9]G[0xde]Ho[0x8a][0xb4][0x6][0x89]L[0xc7][0x10][0x1c]b"[0xe4][0x1b]D[0xa1]AfxR[0xd8][0xa6]2E[0x1a]i[0xa1][0xc2][0xa4][0x99])[0x85][0xb7][0xfb][0x1a][0x9b]"[0xad]X"[0xa7][0x18]5[0xa5]t[0xcf][0x9d])[0xd2]P[0xe]y[0x89][0x2]i@[0x87]L[0x3][0x10][0xa9][0x8a][0xa2]CfM[0x91][0xce]N[0xa1][0xd0] JS[0x19][0xd2]j'[0xf2][0xd2]9[0xd2][0xb5]5[0xe4][0x5]*[0xd2][0xa0][0x12][0x99][0x6] *72[\r][0xa0][0xb4][0xe8]#<[0x8c]D[0xa0][0xb4]A[0xda][0xca]H[0xfa][0xe][0x12]S[0xa4]q[0xa9][0x82]bC[0x12][0xfb]n[0xa6]H[0xab][0xa4][0xc8][0xc]>D[0x1a][0xc4]a[0x0]R[0xc5]j[0x8a][0xb4][0xa2][0x9][0x87]j[0x2]a[0x85][0xb4][0xa2][0x9][0x87][0x1][0xc8][0xd6][0x11][0x1e][0x94]"d[0x1d][0xa2]M[0x9c][0x96][0x99][0x93][0xab][0x90][0x98][0x97][0x98][\r]&0[0xc2]97[0xb5]8;[0xb3][0xa0]4O[0x1]U[0x9d][0x8e]B~QI[0xa9]BFbQi[0xb1]BIjIb[0x81]BJbnAf^z[0xa6][0x2][0xf2][0xea]eSJG[0xc4]LI[0x1a][0x11]3E[0xda]d[0x89][0xea]`[0xea]{[0xc][0xd1]][0xc3][0x11]c[0x84][0xe2][0x0][0xd1][0x80][0xc6]a[0x0]r[0x94]#[0x8d][0x9c][0xd1][0xd8]cHCl[0xb4][0xb6][0x89]n[0xa9][0x10]i[0xad][0x13][0x8e][0xb0]&[0x10]YH[0x17][0x8][0xe1]0[0x0]%[0xb2][0x8][0x16][0x1e][0x84][0xac]#[0x98][0xb8][0x90][0xad]CZ:[0x84][0xc3]q[0x4][0xac]C[0x1a][0xb8][0xc4]a[0x0][0x8a]u[0x88]h[0xc3][0xa1][0x9a][0x90]u[0x4]{[0xcf]([0xd6]![0x1a][0xad]4N[0x8f]H[0xe3][0xa1][0xb4][0xb6][0x89]`[0xfc][0x12][\n]"
21:57:42.223 [main] DEBUG org.apache.http.wire -  << "B[0x82][0x85][0x7][0x1][0x3][0x90][0x96][0x1a][0xd1][0xd8][0xaf]H;9im[0x13][0xa2][0xc9]Ck[0x9b][0x10]Y[0x80][0x1a][0xdd][0x18][0xa4]][0xa3][0xe4][0xe5](3D[0x1b][0x9e]L[0x3][0x10][0x99][0xc][0x87][0x1][0xc8]Y[0x12]id[0x9c][0xd6][0x1]Mi:G[0x1a]/'[0xc2]cHc[0xdb]4[0xf6][0x18][0xd2]Z1Z[0xdb]D[0xb0][0xb4]%PT [\r][0xb7][0x13][0x13][0x84][0x94][0xd6]}H[0xab][0xd2][0x88][0xb0][0xe]i[0xcc][0x1a][0x87]j[0xd0][0xbc]&h[0x8b][0xc][0xe2][0x0][0x3]S[0xa4]Ai*^[\r]`[0x8a]t[0xba][0x17]U[0x8d]E[0x14]68[0xbc]H [0x2][0x9][0xef][0x97]%d[0x0][0xa2]x[0xa1][0xaa][0xc7][0x8][0x16]:[0x84][0xdc][0x85]Hk[0xe8][0x99][0x8][0x0][0x0][0x0][0xff][0xff]"
21:57:42.223 [main] DEBUG org.apache.http.wire -  << "[\r][\n]"
21:57:42.223 [main] DEBUG org.apache.http.wire -  << "4F8[\r][\n]"
21:57:42.223 [main] DEBUG org.apache.http.wire -  << "RrI-N.[0xca],[0x0][0xed][0x87]S[0xb2]R[0xa2][0xb4][0x1b][0x83]4\Nf[0x1c]PZ[0x90]![\r][0x97][0x93][0xe7][0x2][0xe4][0xe3][0xd2][0x8a][0x12][0xcb]RsR[0x8b]0[0x82][0xc9]'1)[0xbf](U!9?[0xaf]8[0xb5][0xb0]4[0xb1][0xa4][0xb4]H!/[0xbf][0xb8][0xa4][0xa8]4W[0xa1][0xb4]D[0xa1][0xb0]4S!5/3W!19[0xb9][0xb4]8[0x11]t[0xb9]Wjq1[0xca]i[0xa1][0xa6][0x84]W[0xdd][0x11][0x88]S[0xc2]c[0xea][0xc8]5[0x11][0xd2][0xf8]7[0x8d]S[0x0][0xd2][0x16]b2[0xc3][0x1f][0x91]Xq[0x18][0x80][0xe2]1Dz[0xa1][0xad][0xc7][0xcc][0x90]F[0xe9]im[0x13]bL[0xcb]199[0xb5][0xb8]8[0xbf][0x8][0xdb][0xfe][0xce][0x92]|[0x85][0xd4][0xbc][0x8c][0xc4][0xbc][0xe4]T[0x85][0xc4][0x82][0x82][0xd4][0xc4]"[0x10][0x13])l[0xcc][0x90][0xf6][0x10][0xd3][0xda][0xc5][0x88][0xa2][0x97]2[0x17]#[0xea]`[0xb2][0x6]$[0xcd][0x90]6[0xb][0xd3][0xda][0xcb][0x88]dJk[0x9b][0x10][0x9d] Z[0xdb][0x84][0xc8]L[0xe4][0x5]?[0xa5]+6[0xcd][0x90][0x86][0xf9][0xc9]t[0x1][0xa5])[0x8][0xe9][0x8a]-2][0x80][0xa8][0xad]i[0x1c]]HKC[0xc9]t*"eA[0xc] u[0xfc][0xd8][0xc]i[0x2][0x0]b[0x2]FU[0x89]1[0x86][0x19][0xd2][0x4][0x0][0x99][0x6] :[0xb3]8[0xaa][0xb][0xfc][0x15][0xa9][0x19][0xe1][0xf1]{[0xe4]2[0x15]i[0xb8][0x9d][0xc6][0xb1][0x8b]44Ok[0x9b][0x10]E[0x19]E[0xa5]7[0xd2][0x86]g2[0xa3][0x2]Q[0xfe][0xe0]0[0x0]9*[0x90][0xd6][0xac][0xd2]8[0x80][0x90][0xe6][0x11]hm[0x13][0xa2]"[0xa5][0xb5]M[0x88][0x82][0x92][0xd6]6!zE[0xb4][0xb6][0x9]Q[0xf4][0x6][0xa4][0x16][0x15]g&b.A[0xf0][0xcf][0xcd][0xcb],V(J[0x5]5[0xcc][0xf3]R[0x12]S[0x15]2K[0x8b]R[0x15][0xf2]2[0x8b]3[0xc1][0xcd][0xf6][0xc4]R[0xd0][0x1][0xff][0xd0][0xb3][0xfe][0x8b][0x91][0x97]%[0x98][0xd1]m[0xca][0xc4][0xc]i[0xb1]1[0xad][0x3][0xc][0x91][0xe1]B[0x12][0xf3][0xd2]Ss[0x12]1[0xca]opW[0xa7]4W!%?'[0xbf]([0xb5]X[0xa1][0xb8]4[0xaf]D!3O![0xb5]"[0xb5](9[0xb3][0x4]|[0x4]Ej.JH!-[0xa6][0xb1][0xfb][0x91]f{[0xc8][0xab]=[0x90][0xf6][0x8a][0x93]i[0x0][0xdd][0xb2][0x11][0xd2][0xd4][\n]"
21:57:42.223 [main] DEBUG org.apache.http.wire -  << "[0xad]C[0x15][0x91][0x8d]hm[0x13][0xa2][0xe6][0xa1][0xb5]M[0x88][0xa6][0xe][0x8e][0xaa][0x85]@3[0xc1][0x4][0x91]Up[0x18][0x80]\7[0x11][0x9e])"`[0x1d][0xd2][0x12]wb[0xac]C[0xa4]B[0x1c][0xaa][0x9]Y[0x87]([0xa3]q[0x18][0x80][0xe2];[0xba]E[0x1b][0xd2][0xee]q[0x1a]'[0x10][0xa4][0xfb]3hl[0x13][0xd2][0xf2]|[0x1c]aM [0xb2][0xe8]6'e[0x86]4'E^[0xf1][0x88][0xb4][0x97][0x81]L[0xbf][0xd2][0xad],B[0x1a][0xfd]%[0xcf][0xaf][0x94][0xae]U6C[0x1a][0xa4]#kg[0xbe][0x19][0xd2][0xba]U[0x1a][0xa7]aJ[0xef]v3G[0x1a]M#+[0xb4][0xcd][0x91][0xd6][0xbc][0x92][0xb3]"[0xd1][0x1c]i[0xc5]*[0x99][0xe]@[0x94][0xb9]d[0xc5][0x96]9[0xd2][0x1a]O[0xf2]\[0x80][0xb4]([0x93][0xac][0xcc]e[0x8e]4\C[0xd1]JD3[0xc2][0x13][0xb3][0xc8][0xd5][0x7][0xd2][0xec]!Y[0x1e]7C[0x9a][0x14]$[0xd3][0x0]D[0xdc][0x91]i[0x0][0xa2][0xbe]$[0xd3][0x0]D[0xb9]F[0xa6][0x1][0x88]:[0x98]L[0x3][0x10]-"2[\r]@[0xb4][0x88][0xc8]3[0x0]iN[0x92]L[0x3][0x10][0x3][0xe5][0xe4][0x94][0x1]f[0x16][0x88][0xde]6Y[0x19][0xc8][0x8c][0xd2]3s[0xcd][0x90][0xce][0xcc][0xa5][0xc2][0x2][0x9]3[0xa4][0xe9]7[0x1a]W[0x0]H7[0xa4][0x92][0x17]t[0x84][0xe7][0xe9][0x90][0x8b][0xc][0xa4][0xe9]2[0xf2][0x92][\n]"
21:57:42.223 [main] DEBUG org.apache.http.wire -  << "[0xd2]t[0x19]YI[0x5]iG[0x7]mC[0xd6][0x1c]i[\n]"
21:57:42.223 [main] DEBUG org.apache.http.wire -  << "[0x83],[0xaf][0x9a][0x1b]PX2[0x98]S[0xba]X[0xdf][0x1c]i[0x14][0x9f][0xac][0xc4]aN[0xe9]b}s[0xa4]Q|2][0x80]([0x9f]q[0x18][0x80][0x94]<[0xcd][0x91][0x16][0xd2]S![0x1b][0x9b]#[0x8d][0xaa][0xe3][0xb0][0x1c][0xf][0xc1][0x1c]iT[0x1d][0x87][0x1][0xc8][0xae]7B[0xc][0xa1]Sq[0xd9][0x82]9[0xd2][0xc0]:[0xa9]'[0x17][0x99]#[0xad][0x89]']/[0x85]u[0xb3]9[0xd2][0xc8];9e[0x85]9[0xd2]88y-C[0xc2][0xab][0xdc][0x9][0xc4]?[0xd2][0xd0]8[0x11][0xf1][0x8f]t[0xe7][0xf][0x99][0xee]E[0x84]8[0x8d][0xb]G[0xa4][0xdb][0x85]px[0x8c]P[0xc8] [\n]"
21:57:42.223 [main] DEBUG org.apache.http.wire -  << "G[0x1c][0x6] [0xe7][0xc][0xa4]c/i[0xec]1[0xa4]1S[0xf2]J}JG2[0xcd][0x91][0xc6][0x17]q[0xb8] [0xb1]8[0x5]9p[0x8][0x9f][0x1a][0x81][0xa2][0x9a][0xc2][0xe6][0xa6]9[0xd2][0xea]m[0xe2][0xdc][0x87]4[0x6][0x7][0xd1][0xa0][[0x88]1[0xba][0x8d]v[0xd2][0x1c]i[0x14][0xe]b[0x4][0xc9][0x6] Z[0x98][0x10][0x3]t1[0xa7]$[0x8][0xb9][0x81][0xc2][0xbe][0x8a]9[0xa5][0xa7]E[0x9a]#[0x9d][0x16][0x89]#[0xcf][0x10][0xc8]tH[0xb][0xc6]q[0x18][0x80][0x9c]R[0x90]F[0xe2] aFj[0xa0]S:je[0x8e]4jE[0xa6][0xb][0xd0][0xa3][0x9d]d/P[0x1a][0xe9]H+[0x9d][0xc9][0xf4][0x2][0xa2][0x1]D[0xa6][0x1][0x88][0x92][0x96]L[0x3](-1(=D[0xc4][0x1c]iQ4y^[0xa0]t[0xa4][0xc3][0x1c]i[0xa4][0x3]G[0xce]![0x90][0xf5][0x90][0xce][0x15]![0xd3][0xb][0x88][0xba][0x9d]L[0x17]P[0x9a][0x90][0x90][0xe][0x11]![0xd3][0x5][0x94]&$[0xa4][0x13]C[0xc8]s[0x1][0xa5]#[0x1d][0xe6]H+[0xb1][0xc9]t[0x1][0xa2][0x8d]O^:@[0x1a]+[0xf1][0xc8],P[0xf0][0xc8]/[0xc0]Z[0xa6][0xe5][0xa6][0x16]%g`;B[0xdc][0x1c]i|[0x9d]L/ R"[0x99]^@[0x94]Hd[0xba][0x80][0xd2][0x84]D[0xe9][0xa8][0x89]9[0xd2][0xa8][0x9]ya[0x80][0xbc][0xba]91[0x17][0xb4][0xde][0x1f]}[0x9]8[0x81][0x2][0x85][0xd2][0x91][0x18]s[0xa4][0x91][0x18][0xf2]b[0x1][0xe9]0[0x10]2[0xc3][0x0][0x91][0x90][0xc8]t[0x1][0xa2]H[0xc3]a[0x0]r{[0x6]i[0xe8][0x88]L[0xf7]"[0x6]Z}2s*[0x15][0x2][0xf2]KJ[0xb0],J[0xf]J,K[0xcd]K[0xce]I,G[0xb2][0xdc][0x2]i[0x9e][0x5][0x87]S[0xb1][0xc7]7[0x0][0x0][0x0][0xff][0xff]"
21:57:42.223 [main] DEBUG org.apache.http.wire -  << "[\r][\n]"
21:57:42.224 [main] DEBUG org.apache.http.wire -  << "130[\r][\n]"
21:57:42.224 [main] DEBUG org.apache.http.wire -  << "[0x82][0x9d][0xc0]j[0x81]4[0xcf][0x82][0xc3][0x0][0x14][0xd5][0x14]6|,([0x1d][0xfd][0xb2][0xa0][0xf4][0xa8][0xb][0xb][0xa4][0xd1]/J[0xce][0xa7][0xb4]@[0x1a][0x4][0xa3][0xcc][0x1c][\n]"
21:57:42.224 [main] DEBUG org.apache.http.wire -  << "[0x9b][0x82][0x16]Hca[0x94]9[0x4][0x91][0xea])3[0x7][0xa9][0x18]v[0xf4][0xf5][0xf4]s[0xc7][0xa8]H[0xdc][0xfc][0x83][0x14]\[0xc3]\[0x83]"[0xfd][0xfd]\[0x91]S[0x17][0xd2][0xd1][0xa1]d[0xe5]$[0xb][0xa4][0x91].2[\r]@[0x14][0x1d][0x94],[0x95][0xb4]@[0xba]\[0x86]"s[0x90][0x6][0x1e]}K[0x8b]3[0x93]1[0x82][0x12][0xd4][0xb9][0xc4]Y'[ [\r]4[0x1a][0x1a][0x19]+[0x90]c[0x4][0xd2]P#[0xc8][0x88][0xc4],[0xcc]%d[0xf8][0xdd][0x80]4ZFQP [0x9d]-A^[0xdc]"[\r][0x9a][0x91]i[0x0][0x85]m,[0xb][0xa4][0x81]82]@iY[0x81]t[0x8a][0x4][0x99].@[0x14][0x12]d[0x1a][0x80][0xa8][0xec] [0x6][0xe8][0x9a]aM[0xd4][0x10]Il-M[0xb]J[0xc7][0xd2],(]Vh[0x81]1[0x18][0xa7][0x8b]y[0x7]$(W[0xe0][0xf3][0x4][0xa5]Q[0x89]4[0x9e][0x87][0xa3][0xe2][0xc6][0xdc][0xf1]iAxL[0x8f][0x90][0xb3][0x91][\n]"
21:57:42.224 [main] DEBUG org.apache.http.wire -  << "w[0xec][0xed]Kl[0xb6]R[0xd8][0xae][0xb6]@Z[0x9c][0x7][0x9]RR[0x93][0xc][0xe1][0xc1]E[0x2][0xfe]F[0x1a]l$>[0xb4])[0x1d]^[0xb4]@[0xba]6[0x86]LS[0x9a][0xca][0x90][0x6][0x17][0xc9][0x99]+[0xb1]@[0x1a][0x1a]$[0xd3][0x7][0x90][0xb4][0x3][0x0][0x0][0x0][0xff][0xff]"
21:57:42.224 [main] DEBUG org.apache.http.wire -  << "[\r][\n]"
21:57:42.224 [main] DEBUG org.apache.http.wire -  << "3C3[\r][\n]"
21:57:42.224 [main] DEBUG org.apache.http.wire -  << "JU[0xb2]R"[0xcb][0x1][0xc8][0x8b][0xe9][0xf2][0x8b][0xa0][0x97]c)[0x18]aM@[0x5][0xa5]E[0x5][0xf9][0xc5][0xa9][0xc5][0xc8]m[0x12][0xa4][0xc1]F[0xa4]$B[0x82]~J+[\r]J[0x97][0x13]Z[0x90][0xb4]x[0xc7][0x2][0xe9][0xfa][0x18][0x12][0xcf][0xd4][0xb7]@[0xba][0xb4][0x1b]G[0x1e]![0xd0][0x17]A:O[0x1][0x87][0x1][0xc8]1C[0xe9][0xe8][0x9d][0x5][0xa5]G[0x0][ [\r][0xff][0x11][0xe3]^J[0xf3]"[0xd2][0x1][0x4][0xe4][0xe5]%sJ+o[0xa4][0x81]2[0x88][0xb]t[0xb1][0xb7]H![0x92]X+o[0xa4][0xa1]2[0x8a]z[0x19]H#f[0x94][0x99][0x83][0xc8][0x9f][0x94][0x99][0x83][0xe8][0x19]Sf[0xe]"[0x95]Pf[0xe][0xa2]'C[0x99]9[0x88]4[0x83]#[0x8d][0x13][0xc8][0xd4]HK[0xa0] [0xc9][0x2]k[0xd1][0xb][0x91][0xc2][0x9e]b[0x10]5[0x0][0x99].@or[0x92][0xea][0x2][0xa4]Q9[0xf2]\[0x80]4*[0x7][0xf1]([0xc9].@[0xa4]R2][0x80]H[0x9e]d[0xba][0x0][0x91].[0xc9]4[0x0][0x91] [0xc9][0xf4][0x2]"%[0x92][0xe9][0x2][0x82]mW[0x2]I[0x99][0xd2][0x91]>[0xb]J[0x97]U["[\r][0xf7][0x91][0x15][0x6][0x96]H[0xc3]}[0x94][0xf4][0xc6]-[0x91][0xce][0x1e] [0xd3]![0x14]&HK[0xa4]c[0x84]i[0xbb]v[0xc3][0xd2][0x0][0x91]r[0xc9][0xf4]+[0x85])[0xd7][0x12]i[0xc9][0x1f][0x8e][0xbc][0x83][0xd9][0xeb][0xb2]DZN[0x85]Ek[0x96][0x94][0xe][0xbc]ZR[0xba][0x9c][0xdd][0x12]i9;[0x8e]P@j[0x1e]Z"[0x8d][0xcf][0xd2]8}[0x10]^[0xcd][0x88]%v[0x90]Fm[0xa9]u[0x1c][0xbf]%[0xd2][0xc9][0xc3][0x94][0xd4][0xf9][0x96]H[0x7][0xf]Pf[0xe][0xa2][0xe6]&/[0xe3] [0x8d]_[0x92]g[0x0][0xa5]#[0xca][0x96][0x94][0x8e](["[0xad][0x92]$[0xd3][0xb][0x14]V[0xbc][0x96]HG[0x1a][0x90][0xe9][0x2]D[0xbd]I[0xa6][0x1][0x94][0xa6][0x3][0xa4][0x5][0x93][0xe4][0xb9][0x80][0xd2][0xb1]_K[0xa4]#[0x2]([0xda]Jc[0x89]4[0x6]L[0xa1]A[0x94][0xa6][0xb][0xa4][\r][0xef][0x90]@[0xd5][0xcd]'[0xb1]Yj[0x89][0xb4][0x93][0x1d]b[0x4][0xc9][0x6]P[0xd8]4[0xb7]D:[0xa5][0x97]<[0x17]`[0xc][0xe5][0x92][0xea][0x5][0xa4]3u[0xc9]t[0x1][0xa5][0xcd][0xb]J[0x7]u-[0x9]_[0xef][0x85]4[0xf4][0x85]e[0x90][0xcc][0xd2][0x4][0x91][0xc1]q[0xd4][0xcc][0xf8][[0xd6][0x96]H[0x3][0xbc]8[0xc]@[0xae][0xda][0x91][0x6]c[0xc9][0xb]r[0xa4][0x81]Y[0x1c][0xd6][0x11]p/[0xd2][0xc0],[0xe][0x3]P[0xdc][0x8b][0x88]a[0xf7][0xa2][0xc4][0x82][0x8c][0xcc]d[0x5][0x97][0xd4][0xe2][0xcc]t[0xcc][0xb5][0xa2][0x5][0x89][0x99]y[0xa0][0xb9][0xc4][0x4][0xbd]%[0xd2][0x8]jHQb^qA~[0x11][0xe4]T[0x86]t[0x5]}[0x85][0x90][0xa2][0xd2][0xe4][0xec][0xcc]<[0x10]3(13[0xa7](?1[0x5]#[0xfd][0x16][0xe4][0x17][0x97][0xe4]&[0xe6][0xa1]8[0x8][0x11]_[0xce][0xf9][0xb9][0xa0][0xf9][0xc3][0xcc][0xc4][0x1c][0x85][0xa0][0xd4][0xc4][0x1c][0x5][0xd7][0xe2][0x92][0xc4][0x92]T[0xc]CR2SK2[0x93]A'n 9[\r]il5 [0xb5](-[0xbf][0x8][0xb4][0xe0]D[0xc1][0xb1][0xa8][0xa4][0x18]C?[0xd8][[0x5]E[0xa9]h[0x9e]C[0x1a]][\r]HL[0xce]NLOU[0xd0]Wp+J[0xcd]L[0xcf](QpI[0xcd][0xc9],K-[0xaa][0xc4]0,[0xa3]471O[0xa1]([0xb5]8[0xbf][0xb4]([0x19]e[0xb8][0xd6][0x12]i[0xb4]4<[0xb3](5'[0xb5][0x18][0xd3]-[0xf9][0x5]X[0xbc]Bii[0x8a][0xb4] 3[0xb8][0xb0]4[0xb3][0xa8]$[0x7]3[0x10]=[0x8b]KR[0x15][0x12]KK[0x14][0xf2]232s[0x14]R+[\n]"
21:57:42.224 [main] DEBUG org.apache.http.wire -  << "r2[0x93][0x13][0x93][0xf2][0x15][\n]"
21:57:42.224 [main] DEBUG org.apache.http.wire -  << "R[0x8b][0xd2]R[0x8b]R[0xf3]R2A[0xa7][0xc8][0xe7][0x16][0xe4][0x17][0xa1][0x9c]&h[0x89]4(K[0xe3][0xb6],[0xd2][0x18].[0xad]mB[0xa4]A[0xaa]5[0x80][0x91]V[0x84][0x6]$[0x16]%[0x16][0xa7]&c[0xce][0xcb][0x5]'[0x16]d[0xa6][0xe6][0x95][0xa4]*d[0xe6][0xe4][0xe4]+[0xe4][0x83][0xcf][0x8b]I.-[0xc8]L[0x1][0x1d]v[0x82][0x1a][0xec]H#[0xcc]![0xa9]y%[0x89][0xc9][0xf9][0xf9]9[0x18][0x89][0xd1][0xb3][0xa0]8Q![0x7]r`$[0x98]*[0xcd]U[0xc8]K[0x5][0x1d][0xeb][0x7]203[0xa9][0x14][0xe5][0x98][0x19]K[0xa4]Ag_[0xd0]}[0x1][0xf9][0x98][0x19][0xd6]3[0xf]t[0xca]$[0xf2][0xe1][0x93][0x99]ye[0xa9]y%[0x90]#)[0x8b][0x8a]J[0xb]J2[0xa1]gO[0xe6][0x95]d[0x96][0xa2][0x1c][0xce]b[0x89]4&M^[0xd9][0x88][0xb4]$[0x95][0xc6])[0x80][0xd2][0xb5][0xab][0x96][0x94][0xe][0x88]["-=u,*[0xc9]L.[0xcd][0xc3]l[0x2][0xb9][0x96]("
21:57:42.224 [main] DEBUG org.apache.http.wire -  << "[\r][\n]"
21:57:42.224 [main] DEBUG org.apache.http.wire -  << "2C[\r][\n]"
21:57:42.224 [main] DEBUG org.apache.http.wire -  << "[0x94][0xe6][0xe4]$[0xe6]*[0xa4]V$[0xa7][0x16][0x94][0x94][0x16]e*$[0x97][0xe6][0x14]$"[0x1f][0x89]c[0x89]tX[0xaf]obQ~y"[0xec][0xe8]U[0x0][0x0][0x0][0x0][0xff][0xff]"
21:57:42.224 [main] DEBUG org.apache.http.wire -  << "[\r][\n]"
21:57:42.225 [main] DEBUG org.apache.http.wire -  << "4F7[\r][\n]"
21:57:42.225 [main] DEBUG org.apache.http.wire -  << "B[0x1c][0xbd][0x1a][0x92][\n]"
21:57:42.225 [main] DEBUG org.apache.http.wire -  << "[0xca][0xd7][0x89][0xa0][0xa8][0x85][0x9d]?[0xa4][0x90]Z[0x9a][0xab][0x0][0xe7][0x14][0xa5]f&gB[0xca][0x80][0x9c][0xc4][0xd2][0x94]D,qKik[0x9]i[0xf0][0x9d][0xbc][0xc4][0x81]4[0xea]N[0xa6][0x1][0x94][0xe][0xfb] -3%T[0xe7]$[0x95][0x96]$g[0xa4][0x16]!W|Hg88%[0xe6][0x81]jN[0x8c][0xfc][0x9c][0x9a][0x93][0x9a]\R[0x84]Q[0xd7]![\r]c[0x87][0xe4]'%&'c[0xa6][0x94][0xa4][0xfc][0xfc][0xec][0xec][0xd4][0xd4][0x2]4+[0x11][0xe5]\^>t[0xfe][0x11][0xc3][0xd2][0xbc][0xfc][0x12][0x5]P[0x1b][0xb][0xdb][0x0][0xb8]%[0xd2][0xaa]R2M@[0x1a][0xc0][0xf6]#[0xe8][0x6]l[\r]<[0xa4][0x1]l2[\r]@[0xc]`[0x93][0x97]p(][0x15]j[0x89]tp-[0x99].@D$9[0x6][0x98][0x18]P8xkb@[0xe1][0xa0][0xab][0x89][0x1][0xd2][0x98])[0x99]^[0xa0]l$[0xd3][0xc4][0x0]iP[0x92]<[0x17] [0x8d]"[0x92]i[0x0]e)[0xd1][0xc4][0x0]i[0xb8][0x8f]L[0x17]P[0x1a][0x88]H[0xab][0x2][0xc9]s[0x1][0x85][0xc3]b&[0x6]H[0xfb]w[0xc9]t[0x1]ecJ&[0x6][0x14][0xe][0x9][0x99][0x18] [\r][0xc4][0x90][0xe7][0x5][0xa4]+[0x9d]@E7[0xc4][0x10][0x5]#[0xcc][0xa5]![0x5]9[0x89][0x95][\n]"
21:57:42.225 [main] DEBUG org.apache.http.wire -  << "[0x19][0x89][0xc5][\n]"
21:57:42.225 [main] DEBUG org.apache.http.wire -  << "y[0xf9][\n]"
21:57:42.225 [main] DEBUG org.apache.http.wire -  << "9[0x99][0xb9][0x99]%H[0xb]LL[0xc](\[0x92]gb[0x80][0xbc]g6?'5[0x17][0xa3]rq[0x1]Wi[0xa5][0xc5][0xb0][0xa6]FIi.[0xe8]0[0xc4]D[0x85][0xe2][0xd2][0xe2][0xe4][0xcc][0x82][0xcc][0x12][0xa4][0xa6][0x8c][0x89][0x1][0xd2][0xb0]PXj^~^"f[0x13][0xda]5[0xbf][0x18]d[0x0][0xa8][0x3][0x93][\n]"
21:57:42.225 [main] DEBUG org.apache.http.wire -  << "j6[0xc3][\r][0x6][0xb5]v[0x15][0x8a]R[0xb]JS2[0x13][0xc1][0xa7]/B[0x1b]7%[0xa9][\n]"
21:57:42.225 [main] DEBUG org.apache.http.wire -  << "[0xa5][0xa0][0xbb]![0x8b]SSP[0xed][0xa2][0xb4]HE[0xda][0xc0][0xb][0x9][0xc][0xcf]#E[\r]f[0xc5]fb[0x80][0xb4][0x96][0xd0])5'[0xa7][0xb8][0xa0]([0xbf][0x14][0xd3][0xc3]A[0x88][0xa6][0x19][0xa4][0xc3]P[0x9c][0x99][0x9b][0x99][0x93]YX[0x9a][0xaa]P[0x90]X[0x94][0x9]: [0x1e][0xc5]_H[0xb][0xc]][0xb3][0x13][0xf3]0[0xbb][0xa0][0x81][0xa5][0xf9])[\n]"
21:57:42.225 [main] DEBUG org.apache.http.wire -  << "[0x85][0xa5][0x89][0xc5][0x99][\n]"
21:57:42.225 [main] DEBUG org.apache.http.wire -  << "[0xa9][0x89][\n]"
21:57:42.225 [main] DEBUG org.apache.http.wire -  << "[0xf0][0xe6]=[0xaa]![0x88][0x82][0xca]#[0xb3]$7?/'[0x15][0xb3]K[0xe9]Z[0x96][0x9a][0x97][0x99]Z[0xa2]P[0x9c]Y[0x2][\n]"
21:57:42.225 [main] DEBUG org.apache.http.wire -  << "[0xf8][0xd4][0x9c][0x9c][0xd4][0xbc][0x14]PT[0xa7][0xe6][0xc0]b[0xa5][0x18][0xa9][0xe5][0x9a]YZ[0x8c]r[0x1b][0xa7][0x89][0x1][0x85][0xc3]W&[0x6]H[0xeb][0x10]I[0xbe][0xa0][0xce][0xc4][0x80][0xc2][0xb1]+[0x13][0x3][\n]"
21:57:42.225 [main] DEBUG org.apache.http.wire -  << "[0xc7][0xae]L[0xc][0x90][0xc6][0xae][0xc8]LB[0x94][0xb5][0xca]M[0xc](\[0x9c]hb@[0xe1]x[0x98][0x89][0x1][0xd2]x[0x18]ya`JY[0xb3][0xde][0xc4][0xc0][0x94][0xb2][0xf1][0x17][0x13][0x3][0xa4]M[0xcc]dz[0x81][0xd8][0xb2][0x8]<[0xc8][0x85][0xad],A[0xda][0xd8][0x8c]cP[0x10][0xef][0xa8][0xa2][0x89][0x1][0xd2]x[0x1a][0xe][0x3][0x10]}[0x19][0x13][0x3][0xa4]][0xcc]8T[0x13][0xb2][0xe][0x11]i8[0xc]@[0xb1][0xe]1[0x88]I[0xa5][0xf1][0x1a][0x13][0x3][0xa4]q-[0xf2]"[0x8d][0xf0][0x8a]ABa[0x80][0xc8][0xbc]D[0x84][0x1][0xd2][0xe0][\r]y[0xee][0xa5]pt[0xc6][0xc4][0x80][0xc2]1[0x13][0x13][0x3][\n]"
21:57:42.225 [main] DEBUG org.apache.http.wire -  << "[0xd7][0x0][0x9a][0x18] [\r]u[0x90][0x17][0x6][0x14][0xe]B[0x98][0x18] [0xdd]/D[0xb5][0x94][0x88][0xb4][0xfd][0x95]L_![\n]"
21:57:42.225 [main] DEBUG org.apache.http.wire -  << "0[0xe8]l[0xbf]BAQ~J)[0x96][0x11][0xc8][0x92][0x8c][0xcc]b[0x5][0xd0]HoF*L[0x8d]B[\n]"
21:57:42.225 [main] DEBUG org.apache.http.wire -  << "[0xd2]X[0x11]|[0x84][0xdd][0xc4][0x0]i[0xbc][0x82][0x90][0xa9][0xc8]y[0x15]i[0xb0][0x82][0x90]6R[0x1c][0x83][0xc8]+T[0xb]w[0xa4][0x91][0x9][0xdf][0xd4]r[0x8c][0xd6][0x1b][0xe4]8[0xef][0x92][0xd4][0xbc]T[0xd0][0x1d]<[0x89]y[0x99][0xb9][0x99][\n]"
21:57:42.225 [main] DEBUG org.apache.http.wire -  << "[0xb9][0x89][0x15][0x99][0xb9][0xa9][\n]"
21:57:42.225 [main] DEBUG org.apache.http.wire -  << "[0xa9][0xc5]%[\n]"
21:57:42.225 [main] DEBUG org.apache.http.wire -  << "[0xc5][0xf9]9[0xa5]%[0x89][0xd0]A[0xdc][0xcc][0x82]b[0x94][0xb1]P[0x13][0x3][0xa4]Q[0xb][0xf2]"[0x15]i3,[0x15][0xc3][0x11]i[0x87],!S[0x91]#[0x15][0xe9][0xf8]PB[0xda]H[0x88]T[\n]"
21:57:42.226 [main] DEBUG org.apache.http.wire -  << "[0x87]EL[0xc][0x90][0x16][0xc5]Q[0xd3]Y[0x88][0xb4]F[0xc8]T[0xa4]02DZ[0xde]FH[0x1b][0xf1]ad[0x88][0xb4]V[0x8d][0xf4]&[0xae]![0xd2][0xa0][0xb]9[0xba][0x11][0xd5].Yi[0xd8][0x90][0xc2][0x1d][0xb7]&[0x86]H[0x8b][0xcf]|[0x13][0x93]3[0xb0][0x1c][0xc][0xe0][0x9b][0x99][0x97][0x99][0x9b][0xa8]P[0x94][0x9a][0xab][0x90][0x9f][0x96][0x6][0x1a]:U[0x0][0xdd][0x9b][0x95][0x89][0xdc][0x9d]1D[0x1a][0xf9][0xa1]V[0xe9]a[0x88][0xb4]&[0xcd]7[0xb1](;[0xb5][0x4]4[0x15][0x9a][0x98][0x97][0xa2][0xe0][0x98]R[0x96]ZT[0x92]Y[0x8c]m[0x3]|ZfFj[0x11][0xca][0x84][0xa8][0x89]![0xd2][0xd2]2[0x97][0xc4]L,S[0x8e][0x5][0x19][0x99]9[0xf9][0xc5][0xf9][0x5]([0xe3][0xc9]&[0x86]H[0x9b][0x89][0x83]K[0xb]@[0xc6][0x82]\[0x81][0xd9][0xdf][0xcb][0xc9]L*[0x2]u[0x14][0x91]faM[0xc][0x91][0x6][0x92]|SS2[0x93][0x13]s[0x14][0x2][0x8a][0x12][0x93]K2[0x93]1[0xfb]yI[0x89]E%[0xa9]y)[0xc8]C[0xcb]&[0x86]Hk[0xc8](YKbb[0x88][0xb4]p[0x8c][0xbc]DF[0xe9][0x88][0x94]![0x85]+[0xbd]L[0xc])\[0xa8]ebH[0xe1]2)[0x13]C[0xa4]=[0xbf][0xe4][0x5]"[0x85];\M[0xc][0x91][0xc6][0xc4][0x9c][0xf3][0xf3]@[0xf7][0xd5]%[0x83][0xef][0xfd]C?[0x2]"[0xa9]43[0x7]-)![0xad]orKL[0xce][0xcc][0xc9],[0xc9]L-V[0x8]N-*[0xcb][0x4][0xcd][0xb0][0xa3][0x9b][0x0][0x1e]QB[0x9f]$11[0xa4]tL[0xcd][0x10]i0[0xcc][0x17][0xe4][0x88]D,Y1=[0xb1](%5[0xf]5' [0x8f][0x81]a[0xdf][0x96][0x88][0xbf][0x1f]`[0x88]4[0xea]E[0xb8][0x1f]`[0x88]4[0xec][0x94][0x97][0x98][0x9b][0xa8][0x90][0x9c]X[0x92][0x9a][0x9e][0x8f][0xc5][0xad][0xd9][0x10][0x89]L[0xd0][\r]$[0x89][0xc8][0x15][0x15][0xd2][0xb8][0x13][0xb9]& [0xe][0xc7]%/[0xb9]!-[0x9d]"[0xd7][0x9][0x88][0xe]$[0xb9]& Z[0xcd][0xa4]x"[0xb6][0x96][0xb][0x0][0x0][0x0][0xff][0xff]"
21:57:42.226 [main] DEBUG org.apache.http.wire -  << "[\r][\n]"
21:57:42.226 [main] DEBUG org.apache.http.wire -  << "A[\r][\n]"
21:57:42.226 [main] DEBUG org.apache.http.wire -  << "[0x3][0x0][0x5][0xbf][0xa1][0x4]^-[0x1][0x0]"
21:57:42.226 [main] DEBUG org.apache.http.wire -  << "[\r][\n]"
21:57:42.226 [main] DEBUG org.apache.http.wire -  << "0[\r][\n]"
21:57:42.226 [main] DEBUG org.apache.http.wire -  << "[\r][\n]"
21:57:42.226 [main] DEBUG io.restassured.internal.RestAssuredHttpBuilder - Parsed data to instance of: class org.apache.http.conn.EofSensorInputStream
21:57:42.229 [main] DEBUG org.apache.http.impl.conn.BasicClientConnectionManager - Releasing connection org.apache.http.impl.conn.ManagedClientConnectionImpl@c7c07ff
21:57:42.229 [main] DEBUG org.apache.http.impl.conn.BasicClientConnectionManager - Connection can be kept alive indefinitely
21:57:42.365 [main] DEBUG net.thucydides.core.steps.StepInterceptor - STEP DONE: I send GET HTTP request categories
  &amp#27;[32mWhen &amp#27;[0m&amp#27;[32mI send GET HTTP request categories&amp#27;[0m                &amp#27;[90m# starter.stepdefinitions.CategoriesSteps.sentGetHttpRequestCategories()&amp#27;[0m
21:57:42.371 [main] DEBUG net.thucydides.core.steps.StepInterceptor - STARTING STEP: CategoriesSteps.receiveValidHttp200Categories - I receive valid HTTP response code 200 categories
21:57:42.372 [main] DEBUG net.thucydides.core.steps.StepInterceptor - STEP DONE: I receive valid HTTP response code 200 categories
  &amp#27;[32mThen &amp#27;[0m&amp#27;[32mI receive valid HTTP response code 200 categories&amp#27;[0m &amp#27;[90m# starter.stepdefinitions.CategoriesSteps.receiveValidHttp200Categories()&amp#27;[0m
21:57:42.378 [main] INFO  - 
  _____   ___   ___   _____     ___     _     ___   ___   ___   ___  
 |_   _| | __| / __| |_   _|   | _ \   /_\   / __| / __| | __| |   \ 
   | |   | _|  \__ \   | |     |  _/  / _ \  \__ \ \__ \ | _|  | |) |
   |_|   |___| |___/   |_|     |_|   /_/ \_\ |___/ |___/ |___| |___/ 

GET - Get list all categories
----------------------------------------------------------------------
]]></system-out>
  </testcase>
  <testcase name="GET - Get categories by ID" classname="Categories" time="0.462">
    <system-out><![CDATA[
Scenario: GET - Get categories by ID                     &amp#27;[90m# src/test/resources/features/4. Categories.feature:27&amp#27;[0m
21:57:42.391 [main] DEBUG io.cucumber.core.plugin.SerenityReporter - Running feature from file:///D:/download/API_Minpro%20(1)/APIMinpro/API/minpro/src/test/resources/features/4.%20Categories.feature
21:57:42.396 [main] INFO  - 
  _____   ___   ___   _____     ___   _____     _     ___   _____   ___   ___  
 |_   _| | __| / __| |_   _|   / __| |_   _|   /_\   | _ \ |_   _| | __| |   \ 
   | |   | _|  \__ \   | |     \__ \   | |    / _ \  |   /   | |   | _|  | |) |
   |_|   |___| |___/   |_|     |___/   |_|   /_/ \_\ |_|_\   |_|   |___| |___/ 

GET - Get categories by ID(categories;get---get-categories-by-id)
--------------------------------------------------------------------------------
21:57:42.417 [main] DEBUG net.thucydides.core.steps.StepInterceptor - STARTING STEP: CategoriesSteps.setGetApiEndpoints - I set GET api endpoints categories
21:57:42.417 [main] DEBUG net.thucydides.core.steps.StepInterceptor - STEP DONE: I set GET api endpoints categories
  &amp#27;[32mGiven &amp#27;[0m&amp#27;[32mI set GET api endpoints categories&amp#27;[0m               &amp#27;[90m# starter.stepdefinitions.CategoriesSteps.setGetApiEndpoints()&amp#27;[0m
21:57:42.423 [main] DEBUG net.thucydides.core.steps.StepInterceptor - STARTING STEP: CategoriesSteps.sendGetHttpRequestCategories2 - I send GET HTTP request categories2
21:57:42.427 [main] DEBUG net.thucydides.core.steps.StepInterceptor - STARTING STEP: Categories.sendGetHttpRequestCategories2 - I set GET api endpoints categories
21:57:42.427 [main] DEBUG net.thucydides.core.steps.StepInterceptor - STEP DONE: I set GET api endpoints categories
21:57:42.460 [main] DEBUG org.apache.http.impl.conn.BasicClientConnectionManager - Get connection for route {s}->https://altashop-api.fly.dev:443
21:57:42.461 [main] DEBUG org.apache.http.impl.conn.DefaultClientConnectionOperator - Connecting to altashop-api.fly.dev:443
21:57:42.670 [main] DEBUG org.apache.http.client.protocol.RequestAddCookies - CookieSpec selected: ignoreCookies
21:57:42.671 [main] DEBUG org.apache.http.client.protocol.RequestAuthCache - Auth cache not set in the context
21:57:42.671 [main] DEBUG org.apache.http.client.protocol.RequestTargetAuthentication - Target auth state: UNCHALLENGED
21:57:42.671 [main] DEBUG org.apache.http.client.protocol.RequestProxyAuthentication - Proxy auth state: UNCHALLENGED
21:57:42.671 [main] DEBUG org.apache.http.impl.client.DefaultHttpClient - Attempt 1 to execute request
21:57:42.671 [main] DEBUG org.apache.http.impl.conn.DefaultClientConnection - Sending request: GET /api/categories HTTP/1.1
21:57:42.671 [main] DEBUG org.apache.http.wire -  >> "GET /api/categories HTTP/1.1[\r][\n]"
21:57:42.671 [main] DEBUG org.apache.http.wire -  >> "Accept: */*[\r][\n]"
21:57:42.671 [main] DEBUG org.apache.http.wire -  >> "Host: altashop-api.fly.dev[\r][\n]"
21:57:42.671 [main] DEBUG org.apache.http.wire -  >> "Connection: Keep-Alive[\r][\n]"
21:57:42.671 [main] DEBUG org.apache.http.wire -  >> "User-Agent: Apache-HttpClient/4.5.13 (Java/19.0.2)[\r][\n]"
21:57:42.671 [main] DEBUG org.apache.http.wire -  >> "Accept-Encoding: gzip,deflate[\r][\n]"
21:57:42.671 [main] DEBUG org.apache.http.wire -  >> "[\r][\n]"
21:57:42.671 [main] DEBUG org.apache.http.headers - >> GET /api/categories HTTP/1.1
21:57:42.671 [main] DEBUG org.apache.http.headers - >> Accept: */*
21:57:42.671 [main] DEBUG org.apache.http.headers - >> Host: altashop-api.fly.dev
21:57:42.671 [main] DEBUG org.apache.http.headers - >> Connection: Keep-Alive
21:57:42.671 [main] DEBUG org.apache.http.headers - >> User-Agent: Apache-HttpClient/4.5.13 (Java/19.0.2)
21:57:42.671 [main] DEBUG org.apache.http.headers - >> Accept-Encoding: gzip,deflate
21:57:42.748 [main] DEBUG org.apache.http.wire -  << "HTTP/1.1 200 OK[\r][\n]"
21:57:42.748 [main] DEBUG org.apache.http.wire -  << "content-type: application/json[\r][\n]"
21:57:42.748 [main] DEBUG org.apache.http.wire -  << "date: Wed, 10 May 2023 14:57:42 GMT[\r][\n]"
21:57:42.748 [main] DEBUG org.apache.http.wire -  << "transfer-encoding: chunked[\r][\n]"
21:57:42.748 [main] DEBUG org.apache.http.wire -  << "content-encoding: gzip[\r][\n]"
21:57:42.748 [main] DEBUG org.apache.http.wire -  << "server: Fly/3f2597ca (2023-05-03)[\r][\n]"
21:57:42.748 [main] DEBUG org.apache.http.wire -  << "via: 1.1 fly.io[\r][\n]"
21:57:42.748 [main] DEBUG org.apache.http.wire -  << "fly-request-id: 01H032P0M0FDA5VD5DYS922D5X-sin[\r][\n]"
21:57:42.748 [main] DEBUG org.apache.http.wire -  << "[\r][\n]"
21:57:42.749 [main] DEBUG org.apache.http.impl.conn.DefaultClientConnection - Receiving response: HTTP/1.1 200 OK
21:57:42.749 [main] DEBUG org.apache.http.headers - << HTTP/1.1 200 OK
21:57:42.749 [main] DEBUG org.apache.http.headers - << content-type: application/json
21:57:42.749 [main] DEBUG org.apache.http.headers - << date: Wed, 10 May 2023 14:57:42 GMT
21:57:42.749 [main] DEBUG org.apache.http.headers - << transfer-encoding: chunked
21:57:42.749 [main] DEBUG org.apache.http.headers - << content-encoding: gzip
21:57:42.749 [main] DEBUG org.apache.http.headers - << server: Fly/3f2597ca (2023-05-03)
21:57:42.749 [main] DEBUG org.apache.http.headers - << via: 1.1 fly.io
21:57:42.749 [main] DEBUG org.apache.http.headers - << fly-request-id: 01H032P0M0FDA5VD5DYS922D5X-sin
21:57:42.749 [main] DEBUG org.apache.http.impl.client.DefaultHttpClient - Connection can be kept alive indefinitely
21:57:42.749 [main] DEBUG io.restassured.internal.RestAssuredHttpBuilder - Parsing response as: application/json
21:57:42.749 [main] DEBUG org.apache.http.wire -  << "45C[\r][\n]"
21:57:42.749 [main] DEBUG org.apache.http.wire -  << "[0x1f][0x8b][0x8][0x0][0x0][0x0][0x0][0x0][0x4][0xff][0xaa]VJI,IT[0xb2][0x8a][0xae]V[0xf2]tQ[0xb2]24256[0xd6]Q[0xf2]K[0xcc]MU[0xb2]RrJ,IL[0xcf]/R[0x8][0xcf][0xcf].U[0xd2]QrI-N.[0xca],([0xc9][0xcc][0xcf]S[0xb2]RrN[0xcd][0xcd][0xcc]I[0xcc]S(N[0xcd]H,Q[0xc8]I[0xad]J,QHJ-J[0xcf][0xac][0xca]T[0xaa][0xd5]A[0x18]g[0x2]7.=173/[0x1d][0xc3][0xa0][0xb4][0xfc]"[0x5][0x88][0x94]BAiQA~qj1[0x8a][0x1][0xa6]h[0x6][0x90]n[0x82][0x19][0xdc][0x84][0x92][0xd4][0xe2][0x92][0xd4]b[0xc]'[0xa0][0xd8]g[0x1]W[\r]q[0x15][0xe9][0xf6]Y[0xc2]M [0xc2]>[0x13]C[0xb8]jw[0xec][0x1][0xe4][0x86]?[0x80]L[0x8c][0x8][0x19][0x80][0xec]=[0x13]D[0xf4][0x92][0xe9]=[0x13]D[0x8c][0x12][0xe3]=sR\g[0x8a][0x8][0xc][0x88][0xeb]0[0xa2][0x8a]@j1E[0x4][0x6][0x99][0x6] [0xc2][0x87][0x1a][0xc9][0xdf][0x14][0x11]XT1[0xe][0x91][0x19][0xa8]b[0x1c]"gP[0xc5]8D\S[0xc5]8DN[0xa4][0x8a]q[0x88]lI[\r][0xe3][0xcc][0xc][0xe0][0x9][0x9b][0xbc][0x94]f[0x86]H[0xeb][0x8e][0xd9]I[0x89]E[\n]"
21:57:42.749 [main] DEBUG org.apache.http.wire -  << "A[0x99]U[0xd9][0x95][\n]"
21:57:42.749 [main] DEBUG org.apache.http.wire -  << "n[0x89][0x19]E[0xa5]E[0xf9]U[0x95][0x18]I?73/S[0xa1][0xa0](?+5[0xb9][0x4]9K[0x9b]![0xd2]<U<[0x86][0xc8][0x1]dz[0xc][0x91][0xe6][0xc9]4[0x80][0xba][0xa9][0xdc][0xc][0x91][0xca][0xc9]t[0xf]"];'[0x96][0xa4][0xa6][0xe7][0x17]U*8[0x96][0xe6]d&bD[0x11]([0x86][0x92]aJ[0x12][0xc1]J[0x90][0xea]B3D[0x82][0xce]K[0xcc]M[0x4][0xc5]eJi6[0x86]![0xd9][0x10][0x3][0xc0]q[\r][0x92]G6[0x81][0xba]i[0xd8][0x1c][0x91][0x4][0xc9][0xb][0x19]sD[0xd2]#[0xd3][0x0]J[0x13][0x9b]9[0xa5][0x89][0xcd][0x1c][0x91][0xd8][0xc8][0xf4][0x2][0xa5][0xc9][0xcb][0x1c][0x91],[0xc8]t[0x1]"U@[0xc] [0xb9][0xc9]b[0x81]([0xcc][0x88][0xa8][0xd3]-([0x8d]u[0xb]Jc[0xdd][0x2][0x11][0xeb][0xc4][0xb8][0x97][0xd2][0x18][0xb2]@[0x14][0x0][0xc4]X[0x87][0x1e][0x1d][0x18]9[0x9c]@#[0xc6][0x12][0x11][0x1b]![0xa9][0xc5]%[0x18][0xda]=[0xf3]2[0x15]@[0x12][0x99]y[0xe9][\n]"
21:57:42.749 [main] DEBUG org.apache.http.wire -  << "[0xee][0x99][0xa9]9[0xc8][0x95][0x81]%[0xa5]Y[0xda][0x92][0xd2][0xc8][0xb5][0xa4]4r-[0x11][0x91][0xb]I[0xce][0x18][0x1]@([0xfc]([0xcd][0xd2][0x96][0x94]&[0x18]KD[0x82]![0xd3][0xb][0x94][0x96][0x9][0x96][0x88]DH8[0xc9][0x9a][0x19]P[0x98]j[0xcc][0xc][0x10][0xa9][0x86][0x18][0xeb]([0x8c]a3[0x3]D[0xc][0x13]c[0x1d][0x85][0xb1]af[0x80][0x88][\r]"[0xac]3D[0x4]fnbvb^b[0x1e]F[0x2][0x86][0x89]#[0xaa]v3CD[0x8][0x92][0x95]d[0xcc][0xc])[0xcc]wf[0x86][0x94][0xc6][0x8a]![0x85][0xd9][0xc6][0xcc][0x10][0x11]QTh[0xc9][0x9a][0x19]"[0xa2]-<[0xb3](5'[0xb5][0x18][0xb3][0xeb]_[0x90]QY[0x9c][0x99][0x9c]Y[0x8c][0xdc][0xa2]63B[0x14][0xc0][0xe4][0xc5][0x85][0x11][0xa5][0x91]iDi\[0x18]Q[0x1a][0x17]F[0x88][0xc0][0xc3][0x11][0x6][0x89][0xc5])H5[0x8f][0x99][0x11]j[0x89][0x3][0xaa][0x9c][\n]"
21:57:42.749 [main] DEBUG org.apache.http.wire -  << "[0x8a][0xf2]SJ[0x93]1+[0xb0][0x92][0x8c][0xcc]b[0x85][0xcc]b[0x85][0x92][0x8c]TH#8[0xb9]D![0x5]it[0x9])[[0x18]#[0xa2][0x2][0x94][0xf5][0xa8]e*"[0x8b][0x12]2[0x15][0xd9][0x8b][0xc6][0x88]h%[0xa4][0x8d][0x14]/"2.!SQ[0x1c][0x83]([0x3]qD[0x10][0xfe]j[0xd2][0xcc][0x18][0x91]D[0x8][0xd9]K[0x8a]o[0x10]y[0x98][0x90][0xa9][0xc8][0xbe]A[0x1a][0x6]#[0xa4][0x8d][0x4][0xc7] [0x8d][0x8d][0x11]2[0x15][0xc5]1[0x94][0xe6]>[0x13]D[0xd0][0x92][0x17]7&[0x4]s[0x1f][0x81][0xc8]5E[0xe4][0x1b][0xf2]\@[0xe9]H[0x9a][0x99])[0xf1][0xc9][0x9a][0x84][0x18]5[0xa5]4[0xd5][0x9b]"[0xa2]& ?'[0xb3][0xbc]([0xb1]$[0x3][0xa3]~[0xe]J-(M[0xc9]L[0xcc]KILU[0xc8]K-N[0xce],[0xcd]+QH[0xad]HN-()-[0xca]TH[0xc9][0xcf][0xc9]/JUH-[0xcd]U(N-,[0xcd][0xd4]CN<[0xa6][0x88][0xc][0xe0][0x9b][0x98][0x9c][0x91][0x9f][0x9d][0x8a]a|`ibq[0xa6]BZiz[0xa2]B^~[0x9e]Bai~[0x8a]BfnAjJf[0x89]BYjNf[0x9][0xaa][0x81][0x94][0xa6][0x5]J[0x87][0xaa][0xcc][0x90]F[0x98] [0x89][0x89][0xd4][0xe][0xa6][0x99][0x19]jb[0xc0]?[0x6]oF[0xe9][0x88][0x8d][0x99][0x19][0xa2].[0x82]8[0x18]#[\n]"
21:57:42.749 [main] DEBUG org.apache.http.wire -  << "[0x8]d[0x1f]sJ[0xb3][0x8f]9[0xc2][0xc3]d[0xba][0x80][0xd2]2[0xc8][0x1c][0x91][0xe][0xc9]s[0x1][0xd2][0xa0][0x0][0x99][0x6]P[0x1a][0x6][0x16][0x88][0xbc]J[0xa6][0xb][0x8][0x86][0x1]r[0xce][0xa5][0xb4][0xef]lF[0xb8][0xef][0x8c]b[0x1d][0xa5][0xbe]#[0xdc][0xcb]D[0xb2][0xce][0x9c][0xd2]>[0x9e]9R[0x1f][0x8f][0xac][0xd8]07[0xa0]0=[0x98][0x1b]P[0x98]'[0xcc][0x91][0xfa][0x8d]dz[0x81][0xc2]837 %E[0x9a]#u%[0xc9]s/[0xa5][0xbd]Js[0xa4]^%Y[0xd3][0x93][0xe6][0x86][0x88][\n]"
21:57:42.749 [main] DEBUG org.apache.http.wire -  << "[0x9b]L[0x3][0x10]![0x86][0xc3][0x0][0xe4]T[0x8e][0xd4][0xe7]#3[0xc4][0x8]V[0x1d][0xc8][0xd6][0x19]![0x92]4[0xe][0xc7][0xe1][0x9f][0xbd]5[0x7]u[0xf4][0x0][0x0][0x0][0x0][0xff][0xff]"
21:57:42.749 [main] DEBUG org.apache.http.wire -  << "[\r][\n]"
21:57:42.750 [main] DEBUG org.apache.http.wire -  << "69C[\r][\n]"
21:57:42.750 [main] DEBUG org.apache.http.wire -  << "[0x82]N[0xb7][0xe3]0[0x0][0xc5]:J[0x93][0x9f][0x11]"0q[0x4][0xf][0xb2]u[0xc6][0x88]n[0x12][0xe][0xd5][0xf8][0xab]Qs[0xa4][0xe][0x13][0xe][0x3]P[0xac][0xa3][0xd4]w[0xc6]$[0xf9][0xe][0xa9][0xcb][0x81][0xc3]q[0x4]|[0x87][0xd4][0xbb][0xc0]a[0x0][0xb2][0xef][0x90][0xfa][0x4][0x84][0xfa]"[0xc4][0xb7][0x87][0xcd]M[0x10]^&d*[0x8a]c[0x10][0xa9][0x9c][0x90]6[0x12][0x1c][0x83]4}[0x8f]#1[0x13][0xc8][\r]H[0x9d][0xe][0x1c][0x6] {[0x2]ir[0x1d][0x87]jB[0xd6][0x11],[0x9b]P[0xac]C[0x4]5[0x8e][0xe8]&[0x90]^L[0x11][\r]y2[0xdd][0x8b][0x88]5[0x1c][0x6] [0xbb][0x17]i[0x82][0x99][\n]"
21:57:42.750 [main] DEBUG org.apache.http.wire -  << "[0xa3]i[0xe6][0x18][0x9d][0x0][0x12][0xdb][0xd4][0xe6]H}[0x0][0xf2][0xc2][0xcf][0xc]QV[0xba][0x95][0x16][0xe5]e[0x96][0x94][0x16]a[0xf6][0xad][0xe0]2[\n]"
21:57:42.750 [main] DEBUG org.apache.http.wire -  << "^[0xa9][0x5][0x89]E[0x89](!Bi[0x1]cFi[0x12][0xa0][0xb4]_aN[0xe9][0x94][0xad]9[0xa5]S[0xb6][0xe6]H=[0x1b]xXc$[0x5][0xb8][0xc][0x96]X[0xa0]t[0xc6][0xd5][0xdc][0x1c][0x11][0x8d]nE[0xa5][0x99][0x98][0xe3][0x8b][0xc8]qNi7[0xc8][0x1c]iz[0x96][0x8][0xdb][0x10]9[0x14][0xbb][0xe2][0xf4][0xfc][0xfc][0x14][0x5]P9[0x91][0x91][0x9a][0x98]S[0x92][0x81][0xec]RJ[0xfb][[0xe6][0x16][0x94]V[0xd7][0x94]N[0xec][0x9a]S:[0xb1]k[0x8e]4[0xb1]K^[0x19]a[0x81]([0xd2][0xc9]4[0x0][0x91][0xb8][0xc8]4[0x80][0xd2]2[0xc2][0x2]QM[0x90][0xe7][0x2][0xa4][0xf9]c2[\r][0xa0]4![0x11][0xee][0x8][0x83][0xb2][0x0][0xc4]q[0xd8]V}[0x9a]#M"S[0xa3][0xee][0xa2]tJ[0xd9][0xdc][0x92][0xd2]dExJ[0x19][0xb9](@[0xea][0xd9]S[0xc5][0xfb][0x14][0xa7](D[0xb1][0x6][0x89]4[0x8c][0x2][0x1f]|Z[0x18]P8[0x9e]fA[0xe9][0xe8][0x85][0x5]R[0xd7][0x1f]6[0xfb][0x8a][0xbe][0xa4][0x19]&[0x8e][0x98]~[0xb2]@[0xea][0xae][0xbb];[0xfa]z[0xfa][0xb9][0x93][0xec]qD[0xd0];&'[0xa7][0x16][0x17][0xe7][0x17]eb[0x19][0xfd],[0xc9]WH[0xcd][0xcb]H[0xcc]KNUH,(HM,[0x2]1[0x91]R[0x84][0x85]!"[0x0][0xa9][0x90]",([0x1d]X[0xb0]@[0x1a]X[0xa0][0x8a]{[0x10][0xfd]h[0xaa][0x18][0x87][0xc8][0xae][0x94][0x85]:[0xa2],[0xa7][0xc8][0x1c]#D[0x81]J[0x81]9&[0x86]&[0x8][0xe1][0xe8][0x0][0xe0][0xed][0xf1][0x98][0x18]"uBq[0x18][0x80]Ht&[0x86]H[0xb3]P8T[0x13][0xb2][0xe]Qn[0xe0]0[0x0]a[0x9d][0x91][0x85][0x1]B5y[0xa5][0xc][0xa5][0xb][0x10],([0x1d]=[0xb2]0[0xa4][0xd4][0xb][0x94].=[0xb0]@Zz@AR3[0xb2]@[0x1a][0xd9]"/2[0x90]F[0xb6](s[0x8]"[0xcd]Sf[0xe][0x85][\r];[0xb][0xc2]cg[0x4]*A[0xc2]K*[0x8][0x19]@i[0xea]BZM[0x81]#R[0x91][0xf3]#[0xa5][0xc3][0x16]H[0xc3][0x14]E[0x1d][0xd2]J[0x5][0x1c][0xce]&[0x10]pH[0x3][0x83][0x94]9[0x4]Q[0x9b][0x93][0xe9][0x10]Jc[0xd0][0x4][0xd1][0xe] [0xcf][0x5][0x94][0x8e]zZ[0x10][0x1e][0xf5]$[0x10][0x19][0x18][[0x90]HmS![0xed]@"3[0xc][0x10]E[\n]"
21:57:42.750 [main] DEBUG org.apache.http.wire -  << "[0x99][0x6] [0xca][0x12][0x8a][0xd2][0x13][0xd2][0xe8]-[0x99][0xe][0xa1]4A[0x9a]P[0x9a] )]hb[0x81]4h[0xac][0xe8][0xa0][0xac][0xa2]Jjj@ZgB^[0x18]"[\r]#[0x93]i[0x0]"9Q[0x94][0x1a][0x90][0x96][0xa6]Pf[0xe][0xa2][0xd5]J[0xa6][0x87][0x10][0xa9][0x8a][0xac](AZpB[0x91]G[0x90]F[0xb0][0xc9][0xf3][0x8][0xa5]c[0xd6][0x16][0x94][0x8e]Y[ [0x8d]Y[0x93][0x17][0x94][0x88][0x92][0x86][0xcc] @$[0x6][0xf2][0x1c]@i[0x1][0x81]4[0xe4]M[0x96][0x3]([0x1d][0xb0][0xb6]@[0x1a][0xb0]&[0xcf][0x1][0x88][0xec]M^[0x14] [0x8d]W[0x93][0xe7][0x0]Dv$[0xd3][0x1][0x88]8$[0xcb][0x1][0x94][0xe],[ [\r],[0x93][0xe7][0x0][0xc4][0xcc][0xf]y!@[0xe9][0xb0][0xb0][0x5][0xd2]R$[0xf2]|@a[0x14]P[0xba]6[0xc9][0x2]iH[0x96],[0xf]P:[0x84]j[0x81]4[0x84]J[0x9e][0x3][0x10][0x5]Yr~^I~[0x86].t[0xa7]%[0xb6][0xf1]4[0xb7][0xc4][0xe2][0x8c][0xcc][0xfc][0xbc][0xc4][0xa4][0x9c]T[0xe4][0x1e][0x8d]%"'[0x11]6[0x3]S[0x5][0xd2][0xc0] [0xd2][0xfe][0x1a][0xb2]R[0xa4]%[0xa5][0x3][0x9a][0x96][0x94][0xae][0xa6][0xb2]D[0x1a][0x11]%[0xd3][0xb][0x88][0x18]![0xd3][0x0]D[0xa6][0xc0]1<[0x84]w|[0xc9][0xc8][0x12]iT[0x14][0x87][0x1]H[0xb1]o[0x89]4f[0x89]C5![0xeb][0x10][0xa3][0x94]8[0xc]@[0xb1][0xe]Qo[0xe0]PM[0xc8]:D[0xdd][0x8f][0xc3][0x0][0x14][0xeb][0x10]i[0x9b][0xbc][0xd8][0xa0]t[0xec][0xca][0x92][0xd2][0xb1]+K[0xa4]aR[0xf2][0xbc][0x80]4[0xf8]E[0xa6][0x1][0x88][0x18]&[0xd3][0x0][\n]"
21:57:42.750 [main] DEBUG org.apache.http.wire -  << "k*K[0xa4][0x8d];8"[0x9d]@[0xaa]A[0x1a][0xa6][0xc2]a[0x0]r[0xaa]A[0xda][0xb5]C[0x9e][0x87])[0x1d]$[0xb2]D[0x1a]$[0xc2][0xe1]^[0x2][0x1e]F:[0xb1][0x6][0x87][0x1][0xc8][0x1e]6F[0xe4]J2=[0x8c][0xc8][0x95]d[0x1a][0x80][0xc8][0xa8]8[0xdc]K[0xc8][0xc3][0x4][0x8b]Md[0xf]#[\r][0xf8][0x90]g[0x1d][0xd2][0x80][0xf][0xe][0x3]P[0xac][0xa3]4[0x3] [0xcd]q[0x90][0x17][0xbe]Hs[0x1c]d[0x1a]@i[0xbd][0x86]4oB[0x9e][0xb]([0x1d]T[0xb1]DZHG[0xa6][0xb]([0x8d]FJ7[0xea]X"[0x8d][0x86][0x90][0xe9][0x5]J[0xa3][0x11]i[0xbd][0x1e]y.[0xa0]t[0xf8][0xc1][0x92][0xd2][0xe1][0x7]KJw[0xd2]X[0x9a][0x12],k[0x8][0x14]VHcAD[0x94][0x1e]H[0xc3]%d[0x6]9[0xa5][0xc5];[0xa5]K[0xfc],[0x91][0xf6][0x1e]Qoi[0xad]%[0xd2]([\n]"
21:57:42.750 [main] DEBUG org.apache.http.wire -  << "!S[0x91]Kc[0xa4][0xc1][0x13]B[0xda][0x88]_[0xe7]kI[0xe9][0xa1]+[0x96][0x94].[0x1][0xb4]D[0x1a]R!/[0x9d]P[0xba],[0xd0][0x12]iY [0x99].@[0xe4],[0xf2][0xc][0xa0]t[0xbd][0xa0]%[0xd2][0xb0][0x8e]sbJni[0xb1]B@jYjQjN[0xe][0xc6][0x18][0xbc]GiZZNjAiZ[0x1a]r[0xea]B[0x1a][0xd6]q*M[0xce]NJM[0xc4]<[0xcd](8[0xa7][0xb2]$#[0xb5](3[0xf]E#[0xa2][0x99][0xed][0x9e][0x9a]_[0x94][0x9e][0xaa][0x10][0x9e][0x9a]X[0x9c][0x93][0x8a]y[0xe8]UHFi^JjQRf[0x11][0xf2]fsKJ[0xd7][0x9]Z"[0x8d][0xe7][0x90][0x19][0xfa][0x88]V[0x1c]y[0x6]P[0xba]J[0xcf][0x12]iD[0x87]L[0x17]PZ[0xc7]#[\r][0xe9][0x90][0xe9][0x2]J[0xdb][0xd2]H[0xb][0xe5][0xc8]t[0x1]"[0x1a]):[0x85][0xcd][0x12]i@[0x88][0x12][0x83][0x8c][\r](\*gl[0x80][0xb4]O/ [0xb5]([0xb3] #[0xb5](1G[0x1]G[0xe5][0xeb][0x9b]_Z[0x9c][0xaa][0xa3][0xe0][0x9d]Z[0x99][0x94][0x9f]X[0x94][0xa2][0xa3][0xe0][0x91][0x9a][0x98]R[0x90][0x91][0x9f][0x97][0xaa][0xe0][0x1a][0xe2][0x8c][0xc8][0xb3][0xc6][0x6][0x14][0x8e]7[0x19][0x1b]P[0xb8]{[0xcf][0xd8][0x80][0xc2][0x1]+c[0x3][0x3][0xca][0x92][0x9b][0xb1][0x1][0xd2]A0[0xe4]$7c[0x3][0xa4][0x1]+2[\r]@[0x1c]AA[0xa6][0x1][0x88]L[0x8f]#I[0xe0]m[0xd0][0x19][0x1b][0x10][0xde][0xd0][0x87][0x9c]j[0x90][0x8e]t![0xd3][0xbd][0x94]U[0x93][0xc6][0x6]H[0x83]J[0xe4]y[0x18]iP[0x9][0x87][0x1][0xc8][0x1e]FZ[0xf6]D[0x9e][0x87][0x8d][0x10]-[0xd8]4[0x9c][0xbb]\Pl[0xa4][0xac][0x9f]cl@[0xe1][0x18][0x90][0xb1][0x1][0x85]c@[0xc6][0x6]Hc@[0xd4],[0xb2][0x90]F[0x86][0xc8][0x8b][0xb]cDf![0xd3][0x0]Dd[0x92]i[0x0][0xa5]E[0x16][0xd2][0xd2]'2][0x80][0xa8]![0xc9]4[0x80][0xd2][0x1c]L[0xe1][0x9a]'c[0x3][0xa4][0x11],[0xf2][0xbc]@[0xe1][0x8a]#c[0x3][\n]"
21:57:42.750 [main] DEBUG org.apache.http.wire -  << "[0xc7][0xa4][0x8c][\r]([0x1c]R26[0xa0]pH[0xc9][0xd8][0x0]i[0x9d][0xe]y[0x81]H[0xe1]B[0x1d]c[0x3][\n]"
21:57:42.750 [main] DEBUG org.apache.http.wire -  << "[0x87][0x94][0x8c][\r][0x90][0x8e]f![0xd3][0xb][0x94]&e[0xa4][0xd1][0x10][0xf2]\@[0xe1][0x90][0x92][0xb1][0x1][0x85]#,[0xc6][0x6][0x14][0xe])[0x19][0x1b] [0x1d][0x83]K^[0x18] [0x8d][0x85][0x90]i[0x0]b9>[0x99][0x6] [0xfa][0xaf]d[0x1a][0x80]\[0xb1][0x0][0x0][0x0][0x0][0xff][0xff]"
21:57:42.750 [main] DEBUG org.apache.http.wire -  << "[\r][\n]"
21:57:42.752 [main] DEBUG org.apache.http.wire -  << "EBC[\r][\n]"
21:57:42.752 [main] DEBUG org.apache.http.wire -  << ""[0xfd]X|c[0x3][\n]"
21:57:42.752 [main] DEBUG org.apache.http.wire -  << "GP[0x8c][\r]([0x1c][0xbf]060[0xa7]4/ [\r]?[0xe0]hW[0x11]h[0x89]"[\r]?[0xe0]0[0x0][0xb9][0x99][0x84]4d[0x80]C5![0xeb][0x10]u9[0xe][0x3]P[0xac]C[0xb4][0xca][0xe0][0x9b]a1[0x86]U[0xe0]2[0x18][0xdb]d[0x8d][\r],[0x10][0xe1][0xb]WF[0x92][0x1][0x14].[0x19]16@[0xda][0x84]G^"[0xa5]p|[0xc0][0xd8][0x80][0xc2][0xee][0xbd][0xb1][0x1]R[0xaf][0x9c],/[0x18][0x12][0xee][0x8d]#E[0xba]![0xa5]]\C[0xc2]]\[0x14][0xeb][0x10]I[0x84]<[0xdf]Q[0xb8][\r][0xcc][0xd8][0x10][0xe9]x[0x18]2][0x80][0xc8]T.[0x9e][0xce][0xfe]N[0x8e][\n]"
21:57:42.752 [main] DEBUG org.apache.http.wire -  << "[0x91][0x8e][0x1e][0x18][0xc9][0xdc]1[0xc0]S![0xdc]?[0xc8];[0x18][0xd9][0xf7][0x14][0xee][0xf6]16D[0xda][0xed]C[0xb2][0xdd][0x94][0x86]<R[0xaf][0x94][0xbc][0x80][0xa3]p[0x8e][0xb1]!R?[0x93]L[0x17]P[0xd8]51DZ[0xa9]@[0xa6][0xb]([0xec][0x9a][0x18][0x12][0xde][0xf][0x83]w/[0x83][0xb1]![0xe1][0x9e]/r[0x8a]EZ{[0xe0][0x9b][0x9a]_[0x8e][0xe5][0xe0]A[0xdf][0xc4][0x8a][0xcc][0xdc]T[0xd0]![0x80][\n]"
21:57:42.752 [main] DEBUG org.apache.http.wire -  << "[0xb9][0x99]y[0xa5][0xc5][\n]"
21:57:42.752 [main] DEBUG org.apache.http.wire -  << "[0x99])[0xe0]#[0x2]3[0xb][0x8a][0x13]s[0x15][0xca][0xf2]sJ[0xb]J[0x12]KRs[0x15][0x8a]3s3s2[0xb]KS[0x91][0x8e][\n]"
21:57:42.752 [main] DEBUG org.apache.http.wire -  << "46[0xa4]p[0xa3][0x8c][0xb1]![0xe1][0xde]"[0xb2][0x90][0x96][0x16][0x90][0x17][0x81][0x84];f([0xd6]Q[0x9a][0xe0][0x8]o[0xb7]@[0xb6][0x8e][0xd2][0xe][0x8f]![0x85][0x93][0xf0][0xc6][0x86][0x94][0xf6][0x98][0xc][0x9]om@[0xf1]0[0xa5][0xd9][0x9]i[0xb2][0x18]Gz@[0xb6][0x8e][0xd2][0x9e][0x88]!RO[0x84][0xd4][0xf2][0x9b][0xc2]Y^cC[0xa4]Y^[0x1c]^%PrPx[0x90][0x8b][0xb1]![0xd2][0xd4].[0x99].[0xa0][0xb0][0x13]cHx[0x1a][0x18]9[0xba][0x91]:[0x1c]8[0x9a][0xcf][0xf8][0xdb][0xdf][0x86]H[0x1d][0xe][0x1c][0x6] [Gi[0xef][0xc2][0x90][0xa4][0xde][0x85]![0xa5][0xbd][0xb]C[0xa4][0x15][0xea][0xc4][0xf8][0xe][0xd1][0xbb][0xc0][0xa1][0x9a]@`"[0x1d]2[0x82][0xc3][0x0][0xe4][0xc0]D[0x9a][0xab][0xc4][0xa1][0x9a][0x80]uH}[0x11][0x1c][0x6][0xa0]X[0x87]H[0x99]8T[0x13][0xb2][0xe][0xd1][0xbd][0xc6]a[0x0][0x8a]u[0x88]z[0x85][0x82][0xfb]}[0x8c][\r][0x91]z+8l%[0xe4]lD[0x1][0x8c][0xc3][0x0]$g[0x1b]!uMp[0xa8][0xc6]o[0x9d][0x11][0xd2][0x12]t[0x1c][0x6][0xa0]XGa[0xa4][0x18]!u[0x8e][0x88][0xb1][0xe][0x11])8T[0x13][0xf2][0x1d][0xc1],[0x82][0xe2];D[0x83][0x9e]<[0xeb][0x90]f[0xf6]p[0x18][0x80]l[0x1d][0x85]K[0xd1][0x8d][0x8d][0x90]:^[0xc4]X[0x87][0xe8]e[0x91]UW[0x18]!M[0xe3][0xe1][0xb0][0x8e]@l [0xf5][0xb5]p[0x18][0x80][0x1c]<H+[0xc9]q[0xa8]&`[0x1d]R[0xf7][\n]"
21:57:42.752 [main] DEBUG org.apache.http.wire -  << "[0x87][0x1]([0xd6]![0x92]vrbv[0xaa][0x11]F[0xff][0x13]$[0xaa][0x90][0x93]X[0x90][0x89]t5[0xa5][0xb1][0x11][0xd2]T[0x1f]Y#4FHk[0xbd][0xc9]4[0x0]Q`[0x90][0x17][0xaf]H[0x1d][0xa0][0xe0][0xec][0xcc][0xbc][0xe4]D,'[0xea][0xc1]$[0x14]JR[0x8b][0x92][0x12]3[0xb3][0x15]J[0xf3]JJ[0xb3][0x15]rS[0x8b][0x12][0xcb][0x13]K[0x14][0xca][0x13][0xb3][0x12][0x91][0xce]136"[0xdc]'[0xc2][0xdf]42[0xa2]t[0xda][0xce][0x88][0xd2]n[0x90][0x11][0xe1]n[0x10]!/P[0x1c]1[0x88][0xf2][0x88][0xbc][0x98][0xa5]t[0xd2][0xcc][0x88][0xd2][0xce][0x9d][0x11][0xd2]>[0x5][0x8c][0x1c]E [0xfc]([0x9d]/3"[0xdc][0xd5]#[0xe4][0x2]D[0x4][0xc0]2[0x0][0x86]'`[0x12][0xc4][0xe6][0xc][0xa4]98rN[0x93]26"[0xdc]%M[0x7]][0xdd][0xb][0xdf][0xa7]flDi[0x1f][0xd4][0x8][0xa9][0xb][0x9][0xf3].[0xe5][0xe1][0x80][0xa8][0x8e][0xa8]g&[0xa2][0xbd]@=3[0x11]M[0x8][0xea][0x99][0x89]([0x19][0xa8]g&"[0xad][0x16][0x14][0x9b]bD[0xf][0x81][0x94]N[0xe9][0x9c][0xa4][0x11][0x85][0xdb][0xf4][0x8d][0x8d][0x90]&5q[0xd4][0xd6][0xd0][0xc5][0xcb][0xc8][0x95]6[0x85]k[0xe3][0x8d][0x8d][0x90][0xc6][0x1f][0xc8][0xd8][0x90]jlD[0xe9][0x18][0x82][0x11][0xa5][0x13][0xa1]FH[0x83][0x10]d[0xf9][0x0]i[0xc][0x82][0xf8]pG[0x1a]w A[0x13][0xa2][0x85]E[0x82]&D/[0x8e][0xbc]:[0x10]i[0x92][0x94][0xbc][0xf0]A[0xe4]2[0x1d][0x80][0xc8][0xec]d9[0x80][0xc2]%[0xde][0xc6]FH[0xa3] [0xe4]9[0x80]`[0xbc][0x11]h[0x88][0x13][0x1e][0x17]A[0xce][0xd3][0x14][0xae][0xca]66B[0xba][0xa9][0x93]<[0xff]"JR[0xf2]b[0x1c]i[0xa4][0x84],[0x7]P[0xb8][0xa8][0xdb][0xd8][0x8]i[0xd2][0xd6]5[0xaf]$[0xb5][0xa8]$13/75[0xf][0xf3][0x90][0xe4][0x82][0xfc][0x9c][0xcc][0xe4]T[0x85][0xfc][0xb4][0xb4][0xcc][0xe4][0xd4]"[0xe4]X[0xb0]D[0xe4];[0xe7][0xfc][0xdc][0x82][0xd2][0x92][0xd4]"[0x85][0xe0][0xfc][0xb4][0x92]rl[0xbd][0x3],[0x17][0xe8][0x19][0x1b]!M[0xfc][0x6][0x94]&[0xe5]d&+[0x80][0xee]ZJ[0xc6]\[0xde][0x9f][0x9c][0x91][0x9a][0x8b]r[0xf9][0x9e][0xb1][0x11][0xe1][0x93]R[0x9][0xd4]gH[0xc3]0d[0xc6]!"[0xd7]:[0x83][0xdc][0x97][0x9c][0x98][0x83]yq`qjrQjIbQ%J[0xc8]Q[0x98]|[0x8c][0x91][0xc6]t\R[0x8b]3[0xd3]1[0xaf][0x8e]L*-[0xce][0xcc]K-.[0xce]MD[0xda]Qal[0x8c]4[0x96]C[0xad]f[0x85]1[0xd2]Br[0xb7][0xd2][0xbc][0x14][0xdd][0xa0][0xc4][0xcc][0xe2][0xcc]<[0xcc][0xbb][0x9f][0xf2]J[0x8b][0x8a][0x91][0x8e]Y06FZ*[0x1e]P[0x94][0x99]W[0x82]MSZbr[0x9][0xe8]"[0xed][0xf2][0xfc][0xa2]l[0x94][0xe4]g[0x8c]4N[0xe4]XTR[0xac][0x90][0x98][0x97][0xa2][0xe0]\[0x94][0x98]V[0x82][0x19][0x9][0xa9]y[0xe9][0x99]y[0xa9]h[0xda][0xa9][0xdf][0xb8]4FZ8[0x1e][0x9e][0x99][0x97][\n]"
21:57:42.752 [main] DEBUG org.apache.http.wire -  << "vRpAfQ&[0x16]7[0xe5]$[0x96]W[0xa2][0xb9][0x8][0x91][0x9e]BRsR[0x93][0xf3]ssK[0xf3]2[0x93][0x13]K2[0xf3][0xf3]0[0xfd][0x94][0xc]:[0xba][0x2][0xcd][0x0]D[0xb2][0xa2]Z[0xe4]"[0x8d]W[0x91][0x95]K[0x8c][0x91][0xd6][0xe][0x84][0x96]d[0xe6]d[0x96]`;[0x87]#59?/[0x1f]-[0x87][0x1b]#[0x8d]][0x91]i5[0xa2][0x80][0xa2]^x [0x92][0x8d]_jyqAbAj[0x11]f[0xe4]$[0x95]f[0xe6][0xa4][0xa0]F[0xe][0xd2][0xd0][0x98]kNjrIQfrb[0x8e][0x82][0xbe][0x2][0x84][0x93][0x9f][0x97][0x99][0xac][0xe0][0x9b][0x98]W[\n]"
21:57:42.753 [main] DEBUG org.apache.http.wire -  << "J[0xef][0xa5]E[0xd8]rBrF*[0xd2][0xae]*cc[0xa4][0xa1]2[0xea][0xf9][0xe][0x91][0x82][0xdc][0xf3][0xcb]R[0x8b][0xc0]U[0x82][0x82]cJnf^fqI[0x11]8)b[0xf4][0x1b]rS[0x93]3[0x12][0xf3]2[0x93][0x91]J8c[0xa4][0x81]5OP[0xf5][0x92][0x7][0xd6][0x9a][0x98][0xa3][0x10]R[0x94][0x98][0x2][0xc9][0x18].[0xa9]e[0xa9]9[0xf9][0x5]X+[0x9d][0xa2]T[0xd0][0x1d]z[0x99][0xf9] [Q[0x8c]Elk[0xa0][0x9a][0x9f])]!aL[0xe9][\n]"
21:57:42.753 [main] DEBUG org.apache.http.wire -  << "[0x9]c[0xa4][0xf1]=[0xf2][0x12]:[0xa5]+$[0x8c])<r[0xd4][0xd8][0x98][0xd2][0xbd][0x1][0xc6]H#[0x8c][0xe4][0x85][0x1][0xa5][0xc3][0x89][0xc6]H[0x9b][0xb][0xc8]t[0x1][0xa2][0x11]L[0xa6][0x1][0x88][0xf2][0x8a]L[0x3][0x10][0x85][0x13][0x99][0x6] FG[0xc8]4[0x80][0xc2][0xae][0x90][0xb1]1[0xa2][0x12][0xcc][0xcb]W[0xc0][0xe1][0x88][0xbc][0xfc][0x12][0xf0][0xe5][0x18]X[0xee][0x4]066F[0x94]a8[0xb4][0xe3]o[0x18][0x1a]S:$j[0x8c]4$[0x8a]9[0xa2][0xa9][0x80]\[0x9e]![0x8d]}R~[0x9e][0xb9][0xb1]1[0xd2][0xfe][0x3]B[0x16]#R[\n]"
21:57:42.753 [main] DEBUG org.apache.http.wire -  << "[0xa6]J[0x14][0x17]"R[0x4]U\[0x88]H[0x1f]T1[0xe][0x91]Z[0xa8]b[0x1c]"[0xe9]P[0xc3]8[0xa4]q\[0xf2]R"[0xd2]8.[0xd5][0xaa];[0xa4][0x91]^[0x1c]C,[0xf8][0xbb][0xea][0xc6]H[0xab][0x8d]p[0x18][0x80][0x9c]~([0xdd][0x8c]aL[0xe1][0xf9][0x1e][0xc6][0xc6]H[0xbb]90[0x93]:JnD:[0xc8][0x83][0x90]JDB![0xa0][0x12]i[0xd4][0x94]jQ[0x88]4[0xe]J=3[0x11][0x95][0x17][0xf5][0xcc]D[0xd4]gd[0xcd][[0x1a]#[0xad][0xdc]"[0xd3][0x0]D[0xf9]@^[0xe]D:[0x14][0x14]Gb'[0x90][[0x90][0x16]?[0xe1]0[0x0]9[0xb7]Px[0xdc][0x84][0xb1]1[0xd2][0xea])[0xf2]<[0x8c]4[0x94]H[0xe2][0xcd]T[0xc6][0xc6]H[0xa3][0x88][0xa4][0xeb]E[0xb4][0xec][0xc9]t8"[0x1][0x93]i[0x0]"[0xb5][0x92][0xb8]L[0xd0][0x18]iQ[0x16][0xc9]Z[0x11][0xf5]+[0xc9]Z[0x11][0x89][0x9b]d[0xad][0x88][0xf2][0x8b]T[0xad]H#[0x97]$kE[0xec][0xa7][0xc2][0x91][0x17][0x8]d&[0xa4]QO[0x1c][0x6] g&[0xa4][0xf1]I[0x1c][0xaa][0x9]Y[0x87]h$[0xe1]0[0x0][0xc5]:D[0xd3][0x6][0x87]jB[0xd6]![0xe2][0x13][0x87][0x1]H[0xd6][0x99] [\r][0x1][0xe2]P[0x8d][0xdf]:[0x13][0xa4][0xa1]@[0x1c][0x6][0xa0]X[0x87][0xc8]^8T[0x13][0xb2][0xe][0x91][0xbd]p[0x18][0x80]b[0x1d]"[[0x90][0x95][0x9b]M[0x90][0x8e]`[0xc0]a[0x1d]![0xf7]"[0xb2][0x8][0xe][0x3][0x90][0xdd][0x8b]4[0xca]E[0x9e]{[0x91][0x6][0xbb]H[0xcc]V&[0x86][0x88][0x90]%[0xd3]nD`S[0xb2][0xb0][0xd1][0x4]i[0x88][0x8b]2s[0x10][0x19][0x81]<[0xf]![0xad][0xb][0xa3][0xc8]!H[0xa3]X[0x94][0x99][0x83][0xa8][0xdc]p[0xa4]%[0x2][0x89][0x11]i[0x8c][\n]"
21:57:42.753 [main] DEBUG org.apache.http.wire -  << "[0x87][0x1][0xc8][0x89][0x11]i@[\n]"
21:57:42.753 [main] DEBUG org.apache.http.wire -  << "[0x87]jB[0xd6]![0x12][0x4][0xe][0x3]P[0xac]CD[0x17][0xe][0xd5][0x84][0xac]#)[0xab]![\r][0xf4][0x90]g[0x1d][0xd2]@[0xf][0xe][0x3][0x90]}[0x87]t[0xb6][0x3][0xe][0xd5][0x4]|[0x87][0xb4][0x9b][0x7][0x87][0x1]([0xd6]!j[0x11]H[0xda][0xc7][0x9c]G[0xc1]?|a[0x82]4[0x82][0x2]Z[0xe][0x81][0xe5][0x16]9d[0xfb]([0x1d][0xec]0A[0x1a][0xec][0x80]8[0x18]c|[0x98][0x80]{I[0xda][0xdc]cB[0xe9][0x8a]/[0x13][0xc2]+[0xbe][0x90][0x83][0x7][0xa9][0x7]N[0x9e][0xef][0x90][0xba][0xdb]8[0xc]@[0xb1][0xe][0x91][0xf1]p[0xa8]&[0x10][0x98]H[0x9d]]2[\r]@df[0x1c][0x6] [0xbb][0x17][0xa9]'[0x8a]C5[0x1][0xf7][0x12]^[0x9d][0x83]b[0x1d]z[0xe6] 5[0xad]!-[0xa5][0xa1]V/[0xd7][0x4]iu[\r]ya@[0xe9]9[0x5]&[0x84][0xd7][0xe7][0x10]([0xa2][0x8][0xaf][0xd5]A[0x8e][0x5][0xa4].-[0xd5][0x2][0x11]i[0x9][0xe][0x99][0x81]Hi[0xce]A[0xea]zS[0xcf]W[0x4]3[0x13][0x81][0xec][0x81][0xb4][0x97][0x89][0xbc]`A[0xea][0xce]S[0xcd]WH[0xdd]|2[0x1d][0x85]h[0xe][0x91]i[0x0][0xa2]3B=_!Z[0xd1]8[0xaa]i[0x2][0x99][0x8]i[0x10][0x80]L_![0x92]09k[0x82]L[0x90][0xf6]j[0x91][0xe9][0x0]D;[0x8c]<[0x3][0x90][0xc6][0x6][0xc8]4[0x0]1B@[0xa6][0x1][0x94]&-[0xa4]uQ[0xe4]%[0x3]JG[0x1d]L[0x90][0x16]E[0xe1]p[0x1]ra[0x8c][0xb4][0x8a][0x9][0x87]j[0x2][0xc9][0x16][0xe9][0xae][0x13][0x1c][0x6] Yg[0x8a]4[0xea]@V[0x4][0x99]"[0x8d]:[0x90]i[0x0]"[0x86]q[0xb8][0x17][0xbf][0x87]M[0x91]V[0x1d]9g$[0x16][0xe5][0xa6][0xe6][0xa4][0xe6]c[0xae][0x9f][\n]"
21:57:42.753 [main] DEBUG org.apache.http.wire -  << "[0xcd]KIU[0xc8]ONNL[0x5]-[0xc0]QH,J[0xce][0xc8],IM.[0xc9]G[0xde]Ho[0x8a][0xb4][0x6][0x89]L[0xc7][0x10][0x1c]b"[0xe4][0x1b]D[0xa1]AfxR[0xd8][0xa6]2E[0x1a]i[0xa1][0xc2][0xa4][0x99])[0x85][0xb7][0xfb][0x1a][0x9b]"[0xad]X"[0xa7][0x18]5[0xa5]t[0xcf][0x9d])[0xd2]P[0xe]y[0x89][0x2]i@[0x87]L[0x3][0x10][0xa9][0x8a][0xa2]CfM[0x91][0xce]N[0xa1][0xd0] JS[0x19][0xd2]j'[0xf2][0xd2]9[0xd2][0xb5]5[0xe4][0x5]*[0xd2][0xa0][0x12][0x99][0x6] *72[\r][0xa0][0xb4][0xe8]#<[0x8c]D[0xa0][0xb4]A[0xda][0xca]H[0xfa][0xe][0x12]S[0xa4]q[0xa9][0x82]bC[0x12][0xfb]n[0xa6]H[0xab][0xa4][0xc8][0xc]>D[0x1a][0xc4]a[0x0]rM[0x87][0xb4][0xa2][0x9][0x87]j[0x2]a[0x85][0xb4][0xa2][0x9][0x87][0x1][0xc8][0xd6][0x11][0x1e][0x94]"d[0x1d][0xa2]M[0x9c][0x96][0x99][0x93][0xab][0x90][0x98][0x97][0x98][\r]&0[0xc2]97[0xb5]8;[0xb3][0xa0]4O[0x1]U[0x9d][0x8e]B~QI[0xa9]BFbQi[0xb1]BIjIb[0x81]BJbnAf^z[0xa6][0x2][0xf2][0xea]eSJG[0xc4]LI[0x1a][0x11]3E[0xda]d[0x89][0xea]`[0xea]{[0xc][0xd1]][0xc3][0x11]c[0x84][0xe2][0x0][0xd1][0x80][0xc6]a[0x0]r[0x94]#[0x8d][0x9c][0xd1][0xd8]cHCl[0xb4][0xb6][0x89]n[0xa9][0x10]i[0xad][0x13][0x8e][0xb0]&[0x10]YH[0x17][0x8][0xe1]0[0x0]%[0xb2][0x8][0x16][0x1e][0x84][0xac]#[0x98][0xb8][0x90][0xad]CZ:[0x84][0xc3]q[0x4][0xac]C[0x1a][0xb8][0xc4]a[0x0][0x8a]u[0x88]h[0xc3][0xa1][0x9a][0x90]u[0x4]{[0xcf]([0xd6]![0x1a][0xad]4N[0x8f]H[0xe3][0xa1][0xb4][0xb6][0x89]`[0xfc][0x12][\n]"
21:57:42.753 [main] DEBUG org.apache.http.wire -  << "B[0x82][0x85][0x7][0x1][0x3][0x90][0x96][0x1a][0xd1][0xd8][0xaf]H;9im[0x13][0xa2][0xc9]Ck[0x9b][0x10]Y[0x80][0x1a][0xdd][0x18][0xa4]][0xa3][0xe4][0xe5](3D[0x1b][0x9e]L[0x3][0x10][0x99][0xc][0x87][0x1][0xc8]Y[0x12]id[0x9c][0xd6][0x1]Mi:G[0x1a]/'[0xc2]cHc[0xdb]4[0xf6][0x18][0xd2]Z1Z[0xdb]D[0xb0][0xb4]%PT [\r][0xb7][0x13][0x13][0x84][0x94][0xd6]}H[0xab][0xd2][0x88][0xb0][0xe]i[0xcc][0x1a][0x87]j[0xd0][0xbc]&h[0x8b][0xc][0xe2][0x0][0x3]S[0xa4]Ai*^[\r]`[0x8a]t[0xba][0x17]U[0x8d]E[0x14]68[0xbc]H [0x2][0x9][0xef][0x97]%d[0x0][0xa2]x[0xa1][0xaa][0xc7][0x8][0x16]:[0x84][0xdc][0x85]Hk4[0xce]DH[0xc3][0xe5]d[0xc6][0x1][0xa5][0x5][0x19][0xd2]p9y.@>.[0xad]([0xb1],5'[0xb5][0x8][0xa3]S[0xe4][0x93][0x98][0x94]_[0x94][0xaa][0x90][0x9c][0x9f]W[0x9c]ZX[0x9a]XRZ[0xa4][0x90][0x97]_\RT[0x9a][0xab]PZ[0xa2]PX[0x9a][0xa9][0x90][0x9a][0x97][0x99][0xab][0x90][0x98][0x9c]\Z[0x9c][0x8][0xba][0xdc]+[0xb5][0xb8][0x18][0xe5][0xb4]PS[0xc2][0xab][0xee][0x8][0xc4])[0xe1]1u[0xe4][0x9a][0x8]i[0xfc][0x9b][0xc6])[0x0]i[0xb]1[0x99][0xe1][0x8f]H[0xac]8[0xc]@[0xf1][0x18]"[0xbd][0xd0][0xd6]cfH[0xa3][0xf4][0xb4][0xb6][0x9]1[0xa6][0xe5][0x98][0x9c][0x9c]Z\[0x9c]_[0x84]mgI[0xbe]Bj^Fb^r[0xaa]BbAAjb[0x11][0x88][0x89][0x14]6fH{[0x88]i[0xed]bD[0xd1]K[0x99][0x8b][0x11]u0Y[0x3][0x92]fH[0x9b][0x85]i[0xed]eD2[0xa5][0xb5]M[0x88]N[0x10][0xad]mBd&[0xf2][0x82][0x9f][0xd2][0x15][0x9b]fH[0xc3][0xfc]d[0xba][0x80][0xd2][0x14][0x84]t[0xc5][0x16][0x99].@[0xd4][0xd6]4[0x8e].[0xa4][0xa5][0xa1]d:[0x15][0x91][0xb2] [0x6][0x90]:~l[0x86]4[0x1][0x0]1[0x1][0xa3][0xaa][0xc4][0xbf][0x18][0xc3][0xc]i[0x2][0x80]L[0x3][0x10][0x9d]Y[0x1c][0xd5][0x5][0xfe][0x8a][0xd4][0x8c][0xf0][0xf8]=r[0x99][0x8a]4[0xdc]N[0xe3][0xd8]E[0x1a][0x9a][0xa7][0xb5]M[0x88][0xa2][0x8c][0xa2][0xd2][0x1b]i[0xc3]3[0x99]Q[0x81](p[0x18][0x80][0x1c][0x15]HkVi[0x1c]@H[0xf3][0x8][0xb4][0xb6][0x9]Q[0x91][0xd2][0xda]&DAIk[0x9b][0x10][0xbd]"Z[0xdb][0x84](z[0x3]R[0x8b][0x8a]3[0x13]1[0x97] [0xf8][0xe7][0xe6]e[0x16]+[0x14][0xa5][0x82][0x1a][0xe6]y)[0x89][0xa9][\n]"
21:57:42.753 [main] DEBUG org.apache.http.wire -  << "[0x99][0xa5]E[0xa9][\n]"
21:57:42.753 [main] DEBUG org.apache.http.wire -  << "y[0x99][0xc5][0x99][0xe0]f{b)[0xe8][0x80][0xe8]Y[0xff][0xc5][0xc8][0xcb][0x12][0xcc][0xe8]6eb[0x86][0xb4][0xd8][0x98][0xd6][0x1][0x86][0xc8]p![0x89]y[0xe9][0xa9]9[0x89][0x18][0xe5]7[0xb8][0xab]S[0x9a][0xab][0x90][0x92][0x9f][0x93]_[0x94]Z[0xac]P\[0x9a]W[0xa2][0x90][0x99][0xa7][0x90]Z[0x91]Z[0x94][0x9c]Y[0x2]>[0x82]"5[0x17]%[0xa4][0x90][0x96]?[0xd3][0xd8][0xfd]H[0xb3]=[0xe4][0xd5][0x1e]H{[0xc5][0xc9]4[0x80]n[0xd9][0x8]ij[0x85][0xd6][0xa1][0x8a][0xc8]F[0xb4][0xb6][0x9]Q[0xf3][0xd0][0xda]&DS[0x7]G[0xd5]B[0xa0][0x99]`[0x82][0xc8]*8[0xc]@[0xae][0x9b][0x8][0xcf][0x14][0x11][0xb0][0xe]i[0x89];1[0xd6]!R![0xe][0xd5][0x84][0xac]C[0x94][0xd1]8[0xc]@[0xf1][0x1d][0xdd][0xa2][\r]i[0xf7]8[0x8d][0x13][0x8][0xd2][0xfd][0x19]4[0xb6][0x9]iy>[0x8e][0xb0]&[0x10]Yt[0x9b][0x93]2C[0x9a][0x93]"[0xaf]xD[0xda][0xcb]@[0xa6]_[0xe9]V[0x16]![0x8d][0xfe][0x92][0xe7]WJ[0xd7]*[0x9b]![\r][0xd2][0x91][0xb5]3[0xdf][0xc]i[0xdd]*[0x8d][0xd3]0[0xa5]w[0xbb][0x99]#[0x8d][0xa6][0x91][0x15][0xda][0xe6]Hk^[0xc9]Y[0x91]h[0x8e][0xb4]b[0x95]L[0x7] [0xca]\[0xb2]b[0xcb][0x1c]i[0x8d]'y.@Z[0x94]IV[0xe6]2G[0x1a][0xae][0xa1]h%[0xa2][0x19][0xe1][0x89]Y[0xe4][0xea][0x3]i[0xf6][0x90],[0x8f][0x9b]!M[\n]"
21:57:42.753 [main] DEBUG org.apache.http.wire -  << "[0x92]i[0x0]"[0xee][0xc8]4[0x0]Q_[0x92]i[0x0][0xa2]\#[0xd3][0x0]D[0x1d]L[0xa6][0x1][0x88][0x16][0x11][0x99][0x6] ZD[0xe4][0x19][0x80]4'I[0xa6][0x1][0x88][0x81]rr[0xca][0x0]3[0xb]Do[0x9b][0xac][0xc]dF[0xe9][0x99][0xb9]fHg[0xe6]Ra[0x81][0x84][0x19][0xd2][0xf4][0x1b][0x8d]+[0x0][0xa4][0x1b]R[0xc9][0xb]:[0xc2][0xf3]t[0xc8]E[0x6][0xd2]t[0x19]yI[0x5]i[0xba][0x8c][0xac][0xa4][0x82][0xb4][0xa3][0x83][0xb6]!k[0x8e]4[0x85]A[0x96]W[0xcd][\r](,[0x19][0xcc])][0xac]o[0x8e]4[0x8a]OV[0xe2]0[0xa7]t[0xb1][0xbe]9[0xd2](>[0x99].@[0x94][0xcf]8[0xc]@J[0x9e][0xe6]H[0xb][0xe9][0xa9][0x90][0x8d][0xcd][0x91]F[0xd5]qX[0x8e][0xbf][0x87]`[0x8e]4[0xaa][0x8e][0xc3][0x0]d[0xd7][0x1b]![0x86][0xd0][0xa9][0xb8]l[0xc1][0x1c]i`[0x9d][0xd4][0x93][0x8b][0xcc][0x91][0xd6][0xc4][0x93][0xae][0x97][0xc2][0xba][0xd9][0x1c]i[0xe4][0x9d][0x9c][0xb2][0xc2][0x1c]i[0x1c][0x9c][0xbc][0x96]![0xe1]U[0xee][0x4][0xe2][0x1f]ih[0x9c][0x88][0xf8]G[0xba][0xf3][0x87]L[0xf7]"B[0x9c][0xc6][0x85]#[0xd2][0xed]B8<F(d[0x10][0x85]#[0xe][0x3][0x90]s[0x6][0xd2][0xb1][0x97]4[0xf6][0x18][0xd2][0x98])y[0xa5]>[0xa5]#[0x99][0xe6]H[0xe3][0x8b]8\[0x90]X[0x9c][0x82][0x1c]8[0x84]O[0x8d]@QMas[0xd3][0x1c]i[0xf5]6q[0xee]C[0x1a][0x83][0x83]h[0xd0]-[0xc4][0x18][0xdd]N[0x3][0x0][0x0][0x0][0xff][0xff]"
21:57:42.753 [main] DEBUG org.apache.http.wire -  << "[\r][\n]"
21:57:42.754 [main] DEBUG org.apache.http.wire -  << "5A6[\r][\n]"
21:57:42.754 [main] DEBUG org.apache.http.wire -  << "[0xca]/[0x82][0x9e][0x87][0x8a][0xed][0xd8]Ss[0xa4]Q8[0x88][0x11]$[0x1b][0x80]haB[0xc][0xd0][0xc5][0x9c][0x92] [0xe4][0x6][\n]"
21:57:42.754 [main] DEBUG org.apache.http.wire -  << "[0xfb]*[0xe6][0x94][0x9e][0x16]i[0x8e]tZ$[0x8e]<C [0xd3]!-[0x18][0xc7]a[0x0]rJA[0x1a][0x89][0x83][0x84][0x19][0xa9][0x81]N[0xe9][0xa8][0x95]9[0xd2][0xa8][0x15][0x99].@[0x8f]v[0x92][0xbd]@i[0xa4]#[0xad]t&[0xd3][0xb][0x88][0x6][0x10][0x99][0x6] JZ2[\r][0xa0][0xb4][0xc4][0xa0][0xf4][0x10][0x11]s[0xa4]E[0xd1][0xe4]y[0x81][0xd2][0x91][0xe]s[0xa4][0x91][0xe][0x1c]9[0x87]@[0xd6]C:W[0x84]L/ [0xea]v2]@iBB:D[0x84]L[0x17]P[0x9a][0x90][0x90]N[0xc]![0xcf][0x5][0x94][0x8e]t[0x98]#[0xad][0xc4]&[0xd3][0x5][0x88]6>y[0xe9][0x0]i[0xac][0xc4]#[0xb3]@[0xc1]#[0xbf][0x0]k[0x99][0x96][0x9b]Z[0x94][0x9c][0x81][0xb5].E[0x1a]_'[0xd3][0xb][0x88][0x94]H[0xa6][0x17][0x10]%[0x12][0x99].[0xa0]4!Q:jb[0x8e]4jB^[0x18] [0xaf]nN[0xcc][0x5][0xad][0xf7][0xd7]QrI-N.[0xca],[0x0]][0x89][0xa2]d[0xa5]D[0xa0]@[0xa1]t$[0xc6][0x1c]i$[0x86][0xbc]X@:[0xc][0x84][0xcc]0@$$2][0x80]([0xd2]p[0x18][0x80][0xdc][0x9e]A[0x1a]:"[0xd3][0xbd][0x88][0x81]V[0x9f][0xcc][0x9c]J[0x85][0x80][0xfc][0x92][0x12],[0x8b][0xd2][0x83][0x12][0xcb]R[0xf3][0x92]s[0x12][0xcb][0x91],[0xb7]@[0x9a]g[0xc1][0xe1]T[0xfc][0xf1]m[0x81]4[0xcf][0x82][0xc3][0x0][0x14][0xeb](l[0xf8]XP:[0xfa]eA[0xe9]Q[0x17][0x16]H[0xa3]_[0x94][0x9c]Oi[0x81]4[0x8]F[0x99]9[0x14]6[0x5]-[0x90][0xc6][0xc2](s[0x8]"[0xd5]Sf[0xe]R1[0xec][0xe8][0xeb][0xe9][0xe7][0x8e]Q[0x91][0xb8][0xf9][0x7])[0xb8][0x86][0xb9][0x6]E[0xfa][0xfb][0xb9]"[0xa7].[0xa4][0xa3]C[0xc9][0xca]I[0x16]H#]d[0x1a][0x80](:(Y*i[0x81]t[0xb9][0xc]E[0xe6] [\r]<[0xfa][0x96][0x16]g&c[0x4]%[0xa8]s[0x89][0xb3]N[0xb6]@[0x1a]h442V [0xc7][0x8][0xa4][0xa1]F[0x90][0x11][0x89]Y[0x98]K[0xc8][0xf0][0xbb][0x1]i[0xb4][0x8c][0xa2][0xa0]@:[[0x82][0xbc][0xb8]E[0x1a]4#[0xd3][0x0][\n]"
21:57:42.755 [main] DEBUG org.apache.http.wire -  << "[0xdb]X[0x16]H[0x3]qd[0xba][0x80][0xd2][0xb2][0x2][0xe9][0x14][0x9]2][0x80]($[0xc8]4[0x0]Q[0xd9]A[0xc][0xd0]5[0xc3][0x9a][0xa8]![0x92][0xd8]Z[0x9a][0x16][0x94][0x8e][0xa5]YP[0xba][0xac][0xd0][0x2]c0N[0x17][0xf3][0xe]HP[0xae][0xc0][0xe7][0x9]J[0xa3][0x12]i<[0xf]G[0xc5][0x8d][0xb9][0xe3][0xd3][0x82][0xf0][0x98][0x1e]!g#[0x15][0xee][0xd8][0xdb][0x97][0xd8]l[0xa5][0xb0]]m[0x81][0xb4]8[0xf][0x12][0xa4][0xa4]&[0x19][0xc2][0x83][0x8b][0x4][0xfc][0x8d]4[0xd8]H|hS:[0xbc]h[0x81]tm[0xc][0x99][0xfe][0xa6]4[0x95]![\r].[0x92]3Wb[0x81]44H[0xa6][0xf][0x10]i[0x87],[0x7] /[0xa6]C[0xc][0x6][0x1b]aM@[0x5][0xa5]E[0x5][0xf9][0xc5][0xa9][0xc5][0xc8]m[0x12][0xa4][0xc1]F[0xa4]$B[0x82]~J+[\r]J[0x97][0x13]Z[0x90][0xb4]x[0xc7][0x2][0xe9][0xfa][0x18][0x12][0xcf][0xd4][0xb7]@[0xba][0xb4][0x1b]G[0x1e]![0xd0][0x17]A:O[0x1][0x87][0x1][0xc8]1C[0xe9][0xe8][0x9d][0x5][0xa5]G[0x0][ [\r][0xff][0x11][0xe3]^J[0xf3]"[0xd2][0x1][0x4][0xe4][0xe5]%sJ+o[0xa4][0x81]2[0x88][0xb]t[0xb1][0xb7]H![0x92]X+o[0xa4][0xa1]2[0x8a]z[0x19]H#f[0x94][0x99][0x83][0xc8][0x9f][0x94][0x99][0x83][0xe8][0x19]Sf[0xe]"[0x95]Pf[0xe][0xa2]'C[0x99]9[0x88]4[0x83]#[0x8d][0x13][0xc8][0xd4]HK[0xa0] [0xc9][0x2]k[0xd1][0xb][0x91][0xc2][0x9e]b[0x10]5[0x0][0x99].@or[0x92][0xea][0x2][0xa4]Q9[0xf2]\[0x80]4*[0x7][0xf1]([0xc9].@[0xa4]R2][0x80]H[0x9e]d[0xba][0x0][0x91].[0xc9]4[0x0][0x91] [0xc9][0xf4][0x2]"%[0x92][0xe9][0x2][0x82]mW[0x2]I[0x99][0xd2][0x91]>[0xb]J[0x97]U["[\r][0xf7][0x91][0x15][0x6][0x96]H[0xc3]}[0x94][0xf4][0xc6]-[0x91][0xce][0x1e] [0xd3]![0x14]&HK[0xa4]c[0x84]i[0xbb]v[0xc3][0xd2][0x0][0x91]r[0xc9][0xf4]+[0x85])[0xd7][0x12]i[0xc9][0x1f][0x8e][0xbc][0x83][0xd9][0xeb][0xb2]DZN[0x85]Ek[0x96][0x94][0xe][0xbc]ZR[0xba][0x9c][0xdd][0x12]i9;[0x8e]P@j[0x1e]Z"[0x8d][0xcf][0xd2]8}[0x10]^[0xcd][0x88]%v[0x90]Fm[0xa9]u[0x1c][0xbf]%[0xd2][0xc9][0xc3][0x94][0xd4][0xf9][0x96]H[0x7][0xf]Pf[0xe][0xa2][0xe6]&/[0xe3] [0x8d]_[0x92]g[0x0][0xa5]#[0xca][0x96][0x94][0x8e](["[0xad][0x92]$[0xd3][0xb][0x14]V[0xbc][0x96]HG[0x1a][0x90][0xe9][0x2]D[0xbd]I[0xa6][0x1][0x94][0xa6][0x3][0xa4][0x5][0x93][0xe4][0xb9][0x80][0xd2][0xb1]_K[0xa4]#[0x2]([0xda]Jc[0x89]4[0x6]L[0xa1]A[0x94][0xa6][0xb][0xa4][\r][0xef][0x90]@[0xd5][0xcd]'[0xb1]Yj[0x89][0xb4][0x93][0x1d]b[0x4][0xc9][0x6]P[0xd8]4[0xb7]D:[0xa5][0x97]<[0x17]`[0xc][0xe5][0x92][0xea][0x5][0xa4]3u[0xc9]t[0x1][0xa5][0xcd][0xb]J[0x7]u-[0x9]_[0xef][0x85]4[0xf4][0x85]e[0x90][0xcc][0xd2][0x4][0x91][0xc1]q[0xd4][0xcc][0xf8][[0xd6][0x96]H[0x3][0xbc]8[0xc]@[0xae][0xda][0x91][0x6]c[0xc9][0xb]r[0xa4][0x81]Y[0x1c][0xd6][0x11]p/[0xd2][0xc0],[0xe][0x3]P[0xdc][0x8b][0x88]a[0xf7][0xa2][0xc4][0x82][0x8c][0xcc]d[0x5][0x97][0xd4][0xe2][0xcc]t[0xcc][0xb5][0xa2][0x5][0x89][0x99]y[0xa0][0xb9][0xc4]![0x8d][0x96]H#[0xa8]!E[0x89]y[0xc5][0x5][0xf9]E[0x90]S[0x19][0xd2][0x15][0xf4][0x15]B[0x8a]J[0x93][0xb3]3[0xf3]@[0xcc][0xa0][0xc4][0xcc][0x9c][0xa2][0xfc][0xc4][0x14][0x8c][0xf4][[0x90]_\[0x92][0x9b][0x98][0x87][0xe2] D|9[0xe7][0xe7][0x82][0xe6][0xf]3[0x13]s[0x14][0x82]R[0x13]s[0x14]\[0x8b]K[0x12]KR1[0xc]I[0xc9]L-[0xc9]L[0x6][0x9d][0xb8][0x81][0xe4]4[0xa4][0xb1][0xd5][0x80][0xd4][0xa2][0xb4][0xfc]"[0xd0][0x82][0x13][0x5][0xc7][0xa2][0x92]b[0xc][0xfd]`o[0x15][0x14][0xa5][0xa2]y[0xe]it5 19;1=UA_[0xc1][0xad](53=[0xa3]D[0xc1]%5'[0xb3],[0xb5][0xa8][0x12][0xc3][0xb0][0x8c][0xd2][0xdc][0xc4]<[0x85][0xa2][0xd4][0xe2][0xfc][0xd2][0xa2]d[0x94][0xe1]ZK[0xa4][0xd1][0xd2][0xf0][0xcc][0xa2][0xd4][0x9c][0xd4]bL[0xb7][0xe4][0x17]`[0xf1][\n]"
21:57:42.755 [main] DEBUG org.apache.http.wire -  << "[0xa5][0xa5])[0xd2][0x82][0xcc][0xe0][0xc2][0xd2][0xcc][0xa2][0x92][0x1c][0xcc]@[0xf4],.IUH,-Q[0xc8][0xcb][0xcc][0xc8][0xcc]QH[0xad]([0xc8][0xc9]LNL[0xca]W(H-JK-J[0xcd]K[0xc9][0x4][0x9d]"[0x9f][[0x90]_[0x84]r[0x9a][0xa0]%[0xd2][0xa0],[0x8d][0xdb][0xb2]Hc[0xb8][0xb4][0xb6][0x9][0x91][0x6][0xa9][0xd6][0x0]FZ[0x11][0x1a][0x90]X[0x94]X[0x9c][0x9a][0x8c]9/[0x17][0x9c]X[0x90][0x99][0x9a]W[0x92][0xaa][0x90][0x99][0x93][0x93][0xaf][0x90][0xf]>/&[0xb9][0xb4] 3[0x5]t[0xd8][0x9]j[0xb0]#[0x8d]0[0x87][0xa4][0xe6][0x95]$"
21:57:42.755 [main] DEBUG org.apache.http.wire -  << "[\r][\n]"
21:57:42.755 [main] DEBUG org.apache.http.wire -  << "A6[\r][\n]"
21:57:42.756 [main] DEBUG org.apache.http.wire -  << "&[0xe7][0xe7][0xe7]`$F[0xcf][0x82][0xe2]D[0x85][0x1c][0xc8][0x81][0x91]`[0xaa]4W!/[0x15]t[0xac][0x1f][0xc8][0xc0][0xcc][0xa4]R[0x94]cf,[0x91][0x6][0x9d]}A[0xf7][0x5][0xe4]cfX[0xcf]<[0xd0])[0x93][0xc8][0x87]Of[0xe6][0x95][0xa5][0xe6][0x95]@[0x8e][0xa4],**-([0xc9][0x84][0x9e]=[0x99]W[0x92]Y[0x8a]r8[0x8b]%[0xd2][0x98]4ye#[0xd2][0x92]T[0x1a][0xa7][0x0]J[0xd7][0xae]ZR: n[0x89][0xb4][0xf4][0xd4][0xb1][0xa8]$3[0xb9]4[0xf][0xb3][0x9][0xe4]Z[0xa2]P[0x9a][0x93][0x93][0x98][0xab][0x90]Z[0x91][0x9c]ZPRZ[0x94][0xa9][0x90]\[0x9a]S[0x90][0x88]|$[0x8e]%[0xd2]a[0xbd][0xbe][0x89]E[0xf9][0xe5][0x89][0xd9][0x18][0xe9]$$[0x15][0x94][0xaf][0x13]AQ[0xb];"
21:57:42.756 [main] DEBUG org.apache.http.wire -  << "[\r][\n]"
21:57:42.756 [main] DEBUG org.apache.http.wire -  << "4EA[\r][\n]"
21:57:42.756 [main] DEBUG org.apache.http.wire -  << "H![0xb5]4W[0x1][0xce])J[0xcd]L[0xce][0x84][0x94][0x1]9[0x89][0xa5])[0x89]X[0xe2][0x96][0xd2][0xd6][0x12][0xd2][0xe0];y[0x89][0x3]i[0xd4][0x9d]L[0x3]([0x1d][0xf6]AZfJ[0xa8][0xce]I*-I[0xce]H-B[0xae][0xf8][0x90][0xce]ppJ[0xcc][0x3][0xd5][0x9c][0x18][0xf1][0x94][0x9a][0x93][0x9a]\R[0x84]Q[0xd7]![\r]c[0x87][0xe4]'%&'c[0xa6][0x94][0xa4][0xfc][0xfc][0xec][0xec][0xd4][0xd4][0x2]4+[0x11][0xe5]\^>t3[\n]"
21:57:42.756 [main] DEBUG org.apache.http.wire -  << "[0x86][0xa5]y[0xf9]%[\n]"
21:57:42.756 [main] DEBUG org.apache.http.wire -  << "[0xa0]6[0x16][0xb6][0x1]pK[0xa4]U[0xa5]d[0x9a][0x80]4[0x80][0xed]G[0xd0][\r][0xd8][0x1a]xH[0x3][0xd8]d[0x1a][0x80][0x18][0xc0]&/[0xe1]P[0xba]*[0xd4][0x12][0xe9][0xe0]Z2][0x80][0x88]Hr[0xc]01[0xa0]p[0xf0][0xd6][0xc4][0x80][0xc2]AW[0x13][0x3][0xa4]1S2[0xbd]@[0xd9]H[0xa6][0x89][0x1][0xd2][0xa0]$y.@[0x1a]E$[0xd3][0x0][0xca]R[0xa2][0x89][0x1][0xd2]p[0x1f][0x99].[0xa0]4[0x10][0x91]V[0x5][0x92][0xe7][0x2][\n]"
21:57:42.756 [main] DEBUG org.apache.http.wire -  << "[0x87][0xc5]L[0xc][0x90][0xf6][0xef][0x92][0xe9][0x2][0xca][0xc6][0x94]L[0xc]([0x1c][0x12]21@[0x1a][0x88]![0xcf][0xb]HW:[0x81][0x8a]n[0x88]![\n]"
21:57:42.756 [main] DEBUG org.apache.http.wire -  << "F[0x98]KC[\n]"
21:57:42.756 [main] DEBUG org.apache.http.wire -  << "r[0x12]+[0x15]2[0x12][0x8b][0x15][0xf2][0xf2][0x15]r2s3K[0x90][0x16][0x98][0x98][0x18]P[0xb8]$[0xcf][0xc4][0x0]y[0xcf]l~Nj.F[0xe5][0xe2][0x2][0xae][0xd2]J[0x8b]aM[0x8d][0x92][0xd2]\[0xd0]a[0x88][0x89][\n]"
21:57:42.756 [main] DEBUG org.apache.http.wire -  << "[0xc5][0xa5][0xc5][0xc9][0x99][0x5][0x99]%HM[0x19][0x13][0x3][0xa4]a[0xa1][0xb0][0xd4][0xbc][0xfc][0xbc]D[0xcc]&[0xb4]k~1[0xc8][0x0]P[0x7]&[0x15][0xd4]l[0x86][0x1b][0xc]j[0xed]*[0x14][0xa5][0x16][0x94][0xa6]d&[0x82]O_[0x84]6nJR[0x15]JAwC[0x16][0xa7][0xa6][0xa0][0xda]Ei[0x91][0x8a][0xb4][0x81][0x17][0x12][0xfe][0x18][0x9e]G[0x8a][0x1a][0xcc][0x8a][0xcd][0xc4][0x0]i-[0xa1]SjNNqAQ~)[0xa6][0x87][0x83][0x10]M3H[0x87][0xa1]8373'[0xb3][0xb0]4U[0xa1] [0xb1]([0x13]t@<[0x8a][0xbf][0x90][0x16][0x18][0xba]f'[0xe6]avA[0x3]K[0xf3]S[0x14][\n]"
21:57:42.756 [main] DEBUG org.apache.http.wire -  << "K[0x13][0x8b]3[0x15]R[0x13][0x15][0xe0][0xcd]{TC[0x10][0x5][0x95]GfIn~^N*f[0x97][0xd2][0xb5],5/3[0xb5]D[0xa1]8[0xb3][0x4][0x14][0xf0][0xa9]99[0xa9]y)[0xa0][0xa8]N[0xcd][0x81][0xc5]J1R[0xcb]5[0xb3][0xb4][0x18][0xe5]6N[0x13][0x3][\n]"
21:57:42.756 [main] DEBUG org.apache.http.wire -  << "[0x87][0xaf]L[0xc][0x90][0xd6]![0x92]|A[0x9d][0x89][0x1][0x85]cW&[0x6][0x14][0x8e]][0x99][0x18] [0x8d]][0x91][0x99][0x84](k[0x95][0x9b][0x18]P[0xb8]8[0xd1][0xc4][0x80][0xc2][0xf1]0[0x13][0x3][0xa4][0xf1]0[0xf2][0xc2][0xc0][0x94][0xb2]f[0xbd][0x89][0x81])e[0xe3]/&[0x6]H[0x9b][0x98][0xc9][0xf4][0x2][0xb1]e[0x11]x[0x90][0xb][Y[0x82][0xb4][0xb1][0x19][0xc7][0xa0] [0xde]QE[0x13][0x3][0xa4][0xf1]4[0x1c][0x6] [0xfa]2&[0x6]H[0xbb][0x98]q[0xa8]&d[0x1d]"[0xd2]p[0x18][0x80]b[0x1d]b[0x10][0x93]J[0xe3]5&[0x6]H[0xe3]Z[0xe4]E[0x1a][0xe1][0x15][0x83][0x84][0xc2][0x0][0x91]y[0x89][0x8][0x3][0xa4][0xc1][0x1b][0xf2][0xdc]K[0xe1][0xe8][0x8c][0x89][0x1][0x85]c&&[0x6][0x14][0xae][0x1]41@[0x1a][0xea] /[0xc]([0x1c][0x84]01@[0xba]_[0x88]j)[0x11]i[0xfb]+[0x99][0xbe]B[0x14]`[0xd0][0xd9]~[0x85][0x82][0xa2][0xfc][0x94]R,#[0x90]%[0x19][0x99][0xc5][\n]"
21:57:42.756 [main] DEBUG org.apache.http.wire -  << "[0xa0][0x91][0xde][0x8c]T[0x98][0x1a][0x85][0x14][0xa4]=[0x9a][0xf0][0x11]v[0x13][0x3][0xa4][0xf1][\n]"
21:57:42.756 [main] DEBUG org.apache.http.wire -  << "B[0xa6]"[0xe7]U[0xa4][0xc1][\n]"
21:57:42.756 [main] DEBUG org.apache.http.wire -  << "B[0xda]Hq[0xc]"[0xaf]P-[0xdc][0x91]F&|S[0xcb]1Zo[0x90][0xe3][0xbc]KR[0xf3]RAw[0xf0]$[0xe6]e[0xe6]f*[0xe4]&Vd[0xe6][0xa6]*[0xa4][0x16][0x97]([0x14][0xe7][0xe7][0x94][0x96]$B[0x7]q3[0xb][0x8a]Q[0xc6]BM[0xc][0x90]F-[0xc8][0x8b]T[0xa4][0xcd][0xb0]T[0xc]G[0xa4][0x1d][0xb2][0x84]LE[0x8e]T[0xa4][0xe3]C[0x9]i#!R)[0x1c][0x16]11@Z[0x14]GMg![0xd2][0x1a]!S[0x91][0xc2][0xc8][0x10]iy[0x1b]!m[0xc4][0x87][0x91]![0xd2]Z5[0xd2][0x9b][0xb8][0x86]H[0x83].[0xe4][0xe8]FT[0xbb]d[0xa5]aC[\n]"
21:57:42.756 [main] DEBUG org.apache.http.wire -  << "w[0xdc][0x9a][0x18]"->[0xf3]ML[0xce][0xc0]r0[0x80]of^fn[0xa2]BQj[0xae]B~Z[0x1a]h[0xe8]T[0x1]toV&rw[0xc6][0x10]i[0xe4][0x87]Z[0xa5][0x87]![0xd2][0x9a]4[0xdf][0xc4][0xa2][0xec][0xd4][0x12][0xd0]Thb^[0x8a][0x82]cJYjQIf1[0xb6][\r][0xf0]i[0x99][0x19][0xa9]E([0x13][0xa2]&[0x86]HK[0xcb]\[0x12]3[0xb1]L9[0x16]dd[0xe6][0xe4][0x17][0xe7][0x17][0xa0][0x8c]'[0x9b][0x18]"m&[0xe].-[0x0][0x19][0xb]r[0x5]f/'3[0xa9][0x8][0xd4]QD[0x9a][0x85]51D[0x1a]H[0xf2]MM[0xc9]LN[0xcc]Q[0x8](JL.[0xc9]L[0xc6][0xec][0xe7]%%[0x16][0x95][0xa4][0xe6][0xa5] [0xf]-[0x9b][0x18]"[0xad]![0xa3]d-[0x89][0x89]![0xd2][0xc2]1[0xf2][0x12][0x19][0xa5]#R[0x86][0x14][0xae][0xf4]21[0xa4]p[0xa1][0x96][0x89]![0x85][0xcb][0xa4]L[0xc][0x91][0xf6][0xfc][0x92][0x17][0x88][0x14][0xee]p51D[0x1a][0x13]s[0xce][0xcf][0x3][0xdd]W[0x97][0xc]>[0xf4][0x1][0xfd][0x8][0x88][0xa4][0xd2][0xcc][0x1c][0xb4][0xa4][0x84][0xb4][0xbe][0xc9]-193'[0xb3]$3[0xb5]X!8[0xb5][0xa8],[0x13]4[0xc3][0x8e]n[0x2]xD[0x9]}[0x92][0xc4][0xc4][0x90][0xd2]15C[0xa4][0xc1]0_[0x90]#[0x12][0xb1]d[0xc5][0xf4][0xc4][0xa2][0x94][0xd4]<[0xd4][0x9c][0x80]<[0x6][0x86]}["[0xfe]~[0x80]![0xd2][0xa8][0x17][0xe1]~[0x80]![0xd2][0xb0]S^bn[0xa2]BrbIjz>[0x16][0xb7]fC$2A7[0x90]$"WTH[0xe3]N[0xe4][0x9a][0x80]8[0x1c][0x97][0xbc][0xe4][0x86][0xb4]t[0x8a]\' :[0x90][0xe4][0x9a][0x80]h5[0x93][0xe2][0x89][0xd8]Z.[0x0][0x0][0x0][0x0][0xff][0xff]"
21:57:42.756 [main] DEBUG org.apache.http.wire -  << "[\r][\n]"
21:57:42.756 [main] DEBUG org.apache.http.wire -  << "A[\r][\n]"
21:57:42.756 [main] DEBUG org.apache.http.wire -  << "[0x3][0x0][0x5][0xbf][0xa1][0x4]^-[0x1][0x0]"
21:57:42.756 [main] DEBUG org.apache.http.wire -  << "[\r][\n]"
21:57:42.757 [main] DEBUG org.apache.http.wire -  << "0[\r][\n]"
21:57:42.757 [main] DEBUG org.apache.http.wire -  << "[\r][\n]"
21:57:42.757 [main] DEBUG io.restassured.internal.RestAssuredHttpBuilder - Parsed data to instance of: class org.apache.http.conn.EofSensorInputStream
21:57:42.760 [main] DEBUG org.apache.http.impl.conn.BasicClientConnectionManager - Releasing connection org.apache.http.impl.conn.ManagedClientConnectionImpl@3e8fe7db
21:57:42.760 [main] DEBUG org.apache.http.impl.conn.BasicClientConnectionManager - Connection can be kept alive indefinitely
21:57:42.800 [Finalizer] DEBUG org.apache.http.impl.conn.DefaultClientConnection - Connection 0.0.0.0:54388<->149.248.193.56:443 closed
21:57:42.802 [Finalizer] DEBUG org.apache.http.impl.conn.DefaultClientConnection - Connection 0.0.0.0:54387<->149.248.193.56:443 closed
21:57:42.802 [Finalizer] DEBUG org.apache.http.impl.conn.DefaultClientConnection - Connection 0.0.0.0:54386<->149.248.193.56:443 closed
21:57:42.803 [Finalizer] DEBUG org.apache.http.impl.conn.DefaultClientConnection - Connection 0.0.0.0:54392<->149.248.193.56:443 closed
21:57:42.803 [Finalizer] DEBUG org.apache.http.impl.conn.DefaultClientConnection - Connection 0.0.0.0:54391<->149.248.193.56:443 closed
21:57:42.804 [Finalizer] DEBUG org.apache.http.impl.conn.DefaultClientConnection - Connection 0.0.0.0:54390<->149.248.193.56:443 closed
21:57:42.804 [Finalizer] DEBUG org.apache.http.impl.conn.DefaultClientConnection - Connection 0.0.0.0:54389<->149.248.193.56:443 closed
21:57:42.829 [main] DEBUG net.thucydides.core.steps.StepInterceptor - STEP DONE: I send GET HTTP request categories2
  &amp#27;[32mWhen &amp#27;[0m&amp#27;[32mI send GET HTTP request categories2&amp#27;[0m               &amp#27;[90m# starter.stepdefinitions.CategoriesSteps.sendGetHttpRequestCategories2()&amp#27;[0m
21:57:42.836 [main] DEBUG net.thucydides.core.steps.StepInterceptor - STARTING STEP: CategoriesSteps.receiveValidHttp200Categories - I receive valid HTTP response code 200 categories
21:57:42.836 [main] DEBUG net.thucydides.core.steps.StepInterceptor - STEP DONE: I receive valid HTTP response code 200 categories
  &amp#27;[32mThen &amp#27;[0m&amp#27;[32mI receive valid HTTP response code 200 categories&amp#27;[0m &amp#27;[90m# starter.stepdefinitions.CategoriesSteps.receiveValidHttp200Categories()&amp#27;[0m
21:57:42.842 [main] INFO  - 
  _____   ___   ___   _____     ___     _     ___   ___   ___   ___  
 |_   _| | __| / __| |_   _|   | _ \   /_\   / __| / __| | __| |   \ 
   | |   | _|  \__ \   | |     |  _/  / _ \  \__ \ \__ \ | _|  | |) |
   |_|   |___| |___/   |_|     |_|   /_/ \_\ |___/ |___/ |___| |___/ 

GET - Get categories by ID
----------------------------------------------------------------------
]]></system-out>
  </testcase>
  <testcase name="POST - Add new product product" classname="Product" time="3.359">
    <system-out><![CDATA[21:57:42.845 [main] DEBUG io.cucumber.core.plugin.SerenityReporter - Running feature from file:///D:/download/API_Minpro%20(1)/APIMinpro/API/minpro/src/test/resources/features/5.%20Product.feature
21:57:42.848 [main] DEBUG net.thucydides.core.steps.StepEventBus - Test suite started for story net.thucydides.core.model.Story@5c78189e
21:57:42.849 [main] INFO  - Test Suite Started: Product

Scenario: POST - Add new product product              &amp#27;[90m# src/test/resources/features/5. Product.feature:7&amp#27;[0m
21:57:42.857 [main] DEBUG io.cucumber.core.plugin.SerenityReporter - Running feature from file:///D:/download/API_Minpro%20(1)/APIMinpro/API/minpro/src/test/resources/features/5.%20Product.feature
21:57:42.861 [main] INFO  - 
  _____   ___   ___   _____     ___   _____     _     ___   _____   ___   ___  
 |_   _| | __| / __| |_   _|   / __| |_   _|   /_\   | _ \ |_   _| | __| |   \ 
   | |   | _|  \__ \   | |     \__ \   | |    / _ \  |   /   | |   | _|  | |) |
   |_|   |___| |___/   |_|     |___/   |_|   /_/ \_\ |_|_\   |_|   |___| |___/ 

POST - Add new product product(product;post---add-new-product-product)
--------------------------------------------------------------------------------
21:57:42.947 [main] DEBUG net.thucydides.core.steps.StepInterceptor - STARTING STEP: ProductSteps.setPostApiEndpointsProduct - I set POST api endpoints product
21:57:42.947 [main] DEBUG net.thucydides.core.steps.StepInterceptor - STEP DONE: I set POST api endpoints product
  &amp#27;[32mGiven &amp#27;[0m&amp#27;[32mI set POST api endpoints product&amp#27;[0m              &amp#27;[90m# starter.stepdefinitions.ProductSteps.setPostApiEndpointsProduct()&amp#27;[0m
21:57:42.953 [main] DEBUG net.thucydides.core.steps.StepInterceptor - STARTING STEP: ProductSteps.sendPostHttpRequestProduct - I send POST HTTP request product
21:57:42.979 [main] DEBUG net.thucydides.core.steps.StepInterceptor - STARTING STEP: Product.sendPostHttpRequestProduct - I set POST api endpoints product
21:57:42.980 [main] DEBUG net.thucydides.core.steps.StepInterceptor - STEP DONE: I set POST api endpoints product
21:57:43.004 [main] DEBUG org.apache.http.impl.conn.BasicClientConnectionManager - Get connection for route {s}->https://altashop-api.fly.dev:443
21:57:43.004 [main] DEBUG org.apache.http.impl.conn.DefaultClientConnectionOperator - Connecting to altashop-api.fly.dev:443
21:57:46.134 [main] DEBUG org.apache.http.client.protocol.RequestAddCookies - CookieSpec selected: ignoreCookies
21:57:46.134 [main] DEBUG org.apache.http.client.protocol.RequestAuthCache - Auth cache not set in the context
21:57:46.134 [main] DEBUG org.apache.http.client.protocol.RequestTargetAuthentication - Target auth state: UNCHALLENGED
21:57:46.134 [main] DEBUG org.apache.http.client.protocol.RequestProxyAuthentication - Proxy auth state: UNCHALLENGED
21:57:46.134 [main] DEBUG org.apache.http.impl.client.DefaultHttpClient - Attempt 1 to execute request
21:57:46.134 [main] DEBUG org.apache.http.impl.conn.DefaultClientConnection - Sending request: POST /api/products HTTP/1.1
21:57:46.134 [main] DEBUG org.apache.http.wire -  >> "POST /api/products HTTP/1.1[\r][\n]"
21:57:46.134 [main] DEBUG org.apache.http.wire -  >> "Accept: */*[\r][\n]"
21:57:46.134 [main] DEBUG org.apache.http.wire -  >> "Content-Type: application/json[\r][\n]"
21:57:46.134 [main] DEBUG org.apache.http.wire -  >> "Content-Length: 49[\r][\n]"
21:57:46.134 [main] DEBUG org.apache.http.wire -  >> "Host: altashop-api.fly.dev[\r][\n]"
21:57:46.134 [main] DEBUG org.apache.http.wire -  >> "Connection: Keep-Alive[\r][\n]"
21:57:46.134 [main] DEBUG org.apache.http.wire -  >> "User-Agent: Apache-HttpClient/4.5.13 (Java/19.0.2)[\r][\n]"
21:57:46.134 [main] DEBUG org.apache.http.wire -  >> "Accept-Encoding: gzip,deflate[\r][\n]"
21:57:46.134 [main] DEBUG org.apache.http.wire -  >> "[\r][\n]"
21:57:46.134 [main] DEBUG org.apache.http.headers - >> POST /api/products HTTP/1.1
21:57:46.134 [main] DEBUG org.apache.http.headers - >> Accept: */*
21:57:46.135 [main] DEBUG org.apache.http.headers - >> Content-Type: application/json
21:57:46.135 [main] DEBUG org.apache.http.headers - >> Content-Length: 49
21:57:46.135 [main] DEBUG org.apache.http.headers - >> Host: altashop-api.fly.dev
21:57:46.135 [main] DEBUG org.apache.http.headers - >> Connection: Keep-Alive
21:57:46.135 [main] DEBUG org.apache.http.headers - >> User-Agent: Apache-HttpClient/4.5.13 (Java/19.0.2)
21:57:46.135 [main] DEBUG org.apache.http.headers - >> Accept-Encoding: gzip,deflate
21:57:46.135 [main] DEBUG org.apache.http.wire -  >> "{"price":499,"name":"XBOX1","categories":[12541]}"
21:57:46.195 [main] DEBUG org.apache.http.wire -  << "HTTP/1.1 200 OK[\r][\n]"
21:57:46.195 [main] DEBUG org.apache.http.wire -  << "content-type: application/json[\r][\n]"
21:57:46.195 [main] DEBUG org.apache.http.wire -  << "date: Wed, 10 May 2023 14:57:45 GMT[\r][\n]"
21:57:46.195 [main] DEBUG org.apache.http.wire -  << "content-encoding: gzip[\r][\n]"
21:57:46.195 [main] DEBUG org.apache.http.wire -  << "transfer-encoding: chunked[\r][\n]"
21:57:46.195 [main] DEBUG org.apache.http.wire -  << "server: Fly/3f2597ca (2023-05-03)[\r][\n]"
21:57:46.195 [main] DEBUG org.apache.http.wire -  << "via: 1.1 fly.io[\r][\n]"
21:57:46.195 [main] DEBUG org.apache.http.wire -  << "fly-request-id: 01H032P401MQ32N62DVZ0Z2QDZ-sin[\r][\n]"
21:57:46.195 [main] DEBUG org.apache.http.wire -  << "[\r][\n]"
21:57:46.195 [main] DEBUG org.apache.http.impl.conn.DefaultClientConnection - Receiving response: HTTP/1.1 200 OK
21:57:46.195 [main] DEBUG org.apache.http.headers - << HTTP/1.1 200 OK
21:57:46.196 [main] DEBUG org.apache.http.headers - << content-type: application/json
21:57:46.196 [main] DEBUG org.apache.http.headers - << date: Wed, 10 May 2023 14:57:45 GMT
21:57:46.196 [main] DEBUG org.apache.http.headers - << content-encoding: gzip
21:57:46.196 [main] DEBUG org.apache.http.headers - << transfer-encoding: chunked
21:57:46.196 [main] DEBUG org.apache.http.headers - << server: Fly/3f2597ca (2023-05-03)
21:57:46.196 [main] DEBUG org.apache.http.headers - << via: 1.1 fly.io
21:57:46.196 [main] DEBUG org.apache.http.headers - << fly-request-id: 01H032P401MQ32N62DVZ0Z2QDZ-sin
21:57:46.196 [main] DEBUG org.apache.http.impl.client.DefaultHttpClient - Connection can be kept alive indefinitely
21:57:46.196 [main] DEBUG io.restassured.internal.RestAssuredHttpBuilder - Parsing response as: application/json
21:57:46.196 [main] DEBUG org.apache.http.wire -  << "94[\r][\n]"
21:57:46.196 [main] DEBUG org.apache.http.wire -  << "[0x1f][0x8b][0x8][0x0][0x0][0x0][0x0][0x0][0x4][0xff][0xab]VJI,IT[0xb2][0xaa]V[0xf2]tQ[0xb2]24506[0xd5]Q[0xf2]K[0xcc]MU[0xb2]R[0x8a]p[0xf2][0x8f]0T[0xd2]QrI-N.[0xca],([0xc9][0xcc][0xcf]S[0xb2]RR[0xd2]Q[\n]"
21:57:46.196 [main] DEBUG org.apache.http.wire -  << "([0xca]LNU[0xb2]2[0xb1][0xb4][0xd4]Q[\n]"
21:57:46.196 [main] DEBUG org.apache.http.wire -  << "J,[0xc9][0xcc]K/V[0xb2]2[0xd0]QrN,IM[0xcf]/[0xca]L-V[0xb2][0x8a][0x86][0x9a]hdjb[0x8]7[0xd1]=173/[0x1d][0xc3]H[0xb7][0xfc]"[0x85]t[0xb0][0x94]BAiQA~qj[0xb1]Rmlm-[0x17][0x0][0x9]xx[0xa5][0x9e][0x0][0x0][0x0]"
21:57:46.196 [main] DEBUG org.apache.http.wire -  << "[\r][\n]"
21:57:46.196 [main] DEBUG org.apache.http.wire -  << "0[\r][\n]"
21:57:46.196 [main] DEBUG org.apache.http.wire -  << "[\r][\n]"
21:57:46.196 [main] DEBUG io.restassured.internal.RestAssuredHttpBuilder - Parsed data to instance of: class org.apache.http.conn.EofSensorInputStream
21:57:46.198 [main] DEBUG org.apache.http.impl.conn.BasicClientConnectionManager - Releasing connection org.apache.http.impl.conn.ManagedClientConnectionImpl@6219006a
21:57:46.198 [main] DEBUG org.apache.http.impl.conn.BasicClientConnectionManager - Connection can be kept alive indefinitely
21:57:46.199 [main] DEBUG net.thucydides.core.steps.StepInterceptor - STEP DONE: I send POST HTTP request product
  &amp#27;[32mWhen &amp#27;[0m&amp#27;[32mI send POST HTTP request product&amp#27;[0m               &amp#27;[90m# starter.stepdefinitions.ProductSteps.sendPostHttpRequestProduct()&amp#27;[0m
21:57:46.205 [main] DEBUG net.thucydides.core.steps.StepInterceptor - STARTING STEP: ProductSteps.receiveValidHttp200Product - I receive valid HTTP response code 200 product
21:57:46.206 [main] DEBUG net.thucydides.core.steps.StepInterceptor - STEP DONE: I receive valid HTTP response code 200 product
  &amp#27;[32mThen &amp#27;[0m&amp#27;[32mI receive valid HTTP response code 200 product&amp#27;[0m &amp#27;[90m# starter.stepdefinitions.ProductSteps.receiveValidHttp200Product()&amp#27;[0m
21:57:46.210 [main] INFO  - 
  _____   ___   ___   _____     ___     _     ___   ___   ___   ___  
 |_   _| | __| / __| |_   _|   | _ \   /_\   / __| / __| | __| |   \ 
   | |   | _|  \__ \   | |     |  _/  / _ \  \__ \ \__ \ | _|  | |) |
   |_|   |___| |___/   |_|     |_|   /_/ \_\ |___/ |___/ |___| |___/ 

POST - Add new product product
----------------------------------------------------------------------
]]></system-out>
  </testcase>
  <testcase name="POST - Add new product without Name payload" classname="Product" time="0.378">
    <system-out><![CDATA[
Scenario: POST - Add new product without Name payload &amp#27;[90m# src/test/resources/features/5. Product.feature:12&amp#27;[0m
21:57:46.216 [main] DEBUG io.cucumber.core.plugin.SerenityReporter - Running feature from file:///D:/download/API_Minpro%20(1)/APIMinpro/API/minpro/src/test/resources/features/5.%20Product.feature
21:57:46.219 [main] INFO  - 
  _____   ___   ___   _____     ___   _____     _     ___   _____   ___   ___  
 |_   _| | __| / __| |_   _|   / __| |_   _|   /_\   | _ \ |_   _| | __| |   \ 
   | |   | _|  \__ \   | |     \__ \   | |    / _ \  |   /   | |   | _|  | |) |
   |_|   |___| |___/   |_|     |___/   |_|   /_/ \_\ |_|_\   |_|   |___| |___/ 

POST - Add new product without Name payload(product;post---add-new-product-without-name-payload)
--------------------------------------------------------------------------------
21:57:46.231 [main] DEBUG net.thucydides.core.steps.StepInterceptor - STARTING STEP: ProductSteps.setPostApiEndpointsProduct - I set POST api endpoints product
21:57:46.231 [main] DEBUG net.thucydides.core.steps.StepInterceptor - STEP DONE: I set POST api endpoints product
  &amp#27;[32mGiven &amp#27;[0m&amp#27;[32mI set POST api endpoints product&amp#27;[0m              &amp#27;[90m# starter.stepdefinitions.ProductSteps.setPostApiEndpointsProduct()&amp#27;[0m
21:57:46.237 [main] DEBUG net.thucydides.core.steps.StepInterceptor - STARTING STEP: ProductSteps.sendPostHttpRequestProduct2 - I send POST HTTP request product2
21:57:46.239 [main] DEBUG net.thucydides.core.steps.StepInterceptor - STARTING STEP: Product.sendPostHttpRequestProduct2 - I set POST api endpoints product
21:57:46.239 [main] DEBUG net.thucydides.core.steps.StepInterceptor - STEP DONE: I set POST api endpoints product
21:57:46.256 [main] DEBUG org.apache.http.impl.conn.BasicClientConnectionManager - Get connection for route {s}->https://altashop-api.fly.dev:443
21:57:46.256 [main] DEBUG org.apache.http.impl.conn.DefaultClientConnectionOperator - Connecting to altashop-api.fly.dev:443
21:57:46.506 [main] DEBUG org.apache.http.client.protocol.RequestAddCookies - CookieSpec selected: ignoreCookies
21:57:46.506 [main] DEBUG org.apache.http.client.protocol.RequestAuthCache - Auth cache not set in the context
21:57:46.506 [main] DEBUG org.apache.http.client.protocol.RequestTargetAuthentication - Target auth state: UNCHALLENGED
21:57:46.506 [main] DEBUG org.apache.http.client.protocol.RequestProxyAuthentication - Proxy auth state: UNCHALLENGED
21:57:46.506 [main] DEBUG org.apache.http.impl.client.DefaultHttpClient - Attempt 1 to execute request
21:57:46.506 [main] DEBUG org.apache.http.impl.conn.DefaultClientConnection - Sending request: POST /api/products HTTP/1.1
21:57:46.507 [main] DEBUG org.apache.http.wire -  >> "POST /api/products HTTP/1.1[\r][\n]"
21:57:46.507 [main] DEBUG org.apache.http.wire -  >> "Accept: */*[\r][\n]"
21:57:46.507 [main] DEBUG org.apache.http.wire -  >> "Content-Type: application/json[\r][\n]"
21:57:46.507 [main] DEBUG org.apache.http.wire -  >> "Content-Length: 44[\r][\n]"
21:57:46.507 [main] DEBUG org.apache.http.wire -  >> "Host: altashop-api.fly.dev[\r][\n]"
21:57:46.507 [main] DEBUG org.apache.http.wire -  >> "Connection: Keep-Alive[\r][\n]"
21:57:46.507 [main] DEBUG org.apache.http.wire -  >> "User-Agent: Apache-HttpClient/4.5.13 (Java/19.0.2)[\r][\n]"
21:57:46.507 [main] DEBUG org.apache.http.wire -  >> "Accept-Encoding: gzip,deflate[\r][\n]"
21:57:46.507 [main] DEBUG org.apache.http.wire -  >> "[\r][\n]"
21:57:46.507 [main] DEBUG org.apache.http.headers - >> POST /api/products HTTP/1.1
21:57:46.507 [main] DEBUG org.apache.http.headers - >> Accept: */*
21:57:46.507 [main] DEBUG org.apache.http.headers - >> Content-Type: application/json
21:57:46.507 [main] DEBUG org.apache.http.headers - >> Content-Length: 44
21:57:46.507 [main] DEBUG org.apache.http.headers - >> Host: altashop-api.fly.dev
21:57:46.507 [main] DEBUG org.apache.http.headers - >> Connection: Keep-Alive
21:57:46.507 [main] DEBUG org.apache.http.headers - >> User-Agent: Apache-HttpClient/4.5.13 (Java/19.0.2)
21:57:46.507 [main] DEBUG org.apache.http.headers - >> Accept-Encoding: gzip,deflate
21:57:46.507 [main] DEBUG org.apache.http.wire -  >> "{"price":499,"name":"","categories":[12541]}"
21:57:46.574 [main] DEBUG org.apache.http.wire -  << "HTTP/1.1 500 Internal Server Error[\r][\n]"
21:57:46.575 [main] DEBUG org.apache.http.wire -  << "content-type: application/json[\r][\n]"
21:57:46.575 [main] DEBUG org.apache.http.wire -  << "date: Wed, 10 May 2023 14:57:45 GMT[\r][\n]"
21:57:46.575 [main] DEBUG org.apache.http.wire -  << "content-encoding: gzip[\r][\n]"
21:57:46.575 [main] DEBUG org.apache.http.wire -  << "transfer-encoding: chunked[\r][\n]"
21:57:46.575 [main] DEBUG org.apache.http.wire -  << "server: Fly/3f2597ca (2023-05-03)[\r][\n]"
21:57:46.575 [main] DEBUG org.apache.http.wire -  << "via: 1.1 fly.io[\r][\n]"
21:57:46.575 [main] DEBUG org.apache.http.wire -  << "fly-request-id: 01H032P4BT3DBP8VTVQBERGN8G-sin[\r][\n]"
21:57:46.575 [main] DEBUG org.apache.http.wire -  << "[\r][\n]"
21:57:46.575 [main] DEBUG org.apache.http.impl.conn.DefaultClientConnection - Receiving response: HTTP/1.1 500 Internal Server Error
21:57:46.575 [main] DEBUG org.apache.http.headers - << HTTP/1.1 500 Internal Server Error
21:57:46.575 [main] DEBUG org.apache.http.headers - << content-type: application/json
21:57:46.575 [main] DEBUG org.apache.http.headers - << date: Wed, 10 May 2023 14:57:45 GMT
21:57:46.575 [main] DEBUG org.apache.http.headers - << content-encoding: gzip
21:57:46.575 [main] DEBUG org.apache.http.headers - << transfer-encoding: chunked
21:57:46.575 [main] DEBUG org.apache.http.headers - << server: Fly/3f2597ca (2023-05-03)
21:57:46.575 [main] DEBUG org.apache.http.headers - << via: 1.1 fly.io
21:57:46.575 [main] DEBUG org.apache.http.headers - << fly-request-id: 01H032P4BT3DBP8VTVQBERGN8G-sin
21:57:46.575 [main] DEBUG org.apache.http.impl.client.DefaultHttpClient - Connection can be kept alive indefinitely
21:57:46.575 [main] DEBUG io.restassured.internal.RestAssuredHttpBuilder - Parsing response as: application/json
21:57:46.575 [main] DEBUG org.apache.http.wire -  << "80[\r][\n]"
21:57:46.575 [main] DEBUG org.apache.http.wire -  << "[0x1f][0x8b][0x8][0x0][0x0][0x0][0x0][0x0][0x4][0xff][0xab]VJ-*[0xca]/R[0xb2]Rr[\r][\n]"
21:57:46.575 [main] DEBUG org.apache.http.wire -  << "[0xf2][0xf][0xb2]R[0xc8]K-W([0xca]/WH[0xcb]/R(J[0xcd]I,[0xc9][0xcc][0xcf]S[0x88]Q*([0xca]O)M.)[0x8e]QR([0xcb][0xcc][0xcf]I,I-VH[0xce]HM[0xce]VH[0xce][0xcf]+.)J[0xcc][0xcc]+AR[0x16][0x9f][0x97][0x98][0x9b][0x1a][0xf]V[0x10][0xa3][0xa4][0xa0][0x11][0x1c][0xe8][0x13][0x1c][0xe2][0x18][0xe2][0xaa]`dljh[0xa2][0xa9]T[0xcb][0x5][0x0]5m[0xa8][0xef]x[0x0][0x0][0x0]"
21:57:46.575 [main] DEBUG org.apache.http.wire -  << "[\r][\n]"
21:57:46.575 [main] DEBUG org.apache.http.wire -  << "0[\r][\n]"
21:57:46.575 [main] DEBUG org.apache.http.wire -  << "[\r][\n]"
21:57:46.575 [main] DEBUG io.restassured.internal.RestAssuredHttpBuilder - Parsed data to instance of: class org.apache.http.conn.EofSensorInputStream
21:57:46.577 [main] DEBUG org.apache.http.impl.conn.BasicClientConnectionManager - Releasing connection org.apache.http.impl.conn.ManagedClientConnectionImpl@6a4f7c17
21:57:46.577 [main] DEBUG org.apache.http.impl.conn.BasicClientConnectionManager - Connection can be kept alive indefinitely
21:57:46.578 [main] DEBUG net.thucydides.core.steps.StepInterceptor - STEP DONE: I send POST HTTP request product2
  &amp#27;[32mWhen &amp#27;[0m&amp#27;[32mI send POST HTTP request product2&amp#27;[0m              &amp#27;[90m# starter.stepdefinitions.ProductSteps.sendPostHttpRequestProduct2()&amp#27;[0m
21:57:46.584 [main] DEBUG net.thucydides.core.steps.StepInterceptor - STARTING STEP: ProductSteps.receiveValidHttp500Product - I receive valid HTTP response code 500 product
21:57:46.586 [main] DEBUG net.thucydides.core.steps.StepInterceptor - STEP DONE: I receive valid HTTP response code 500 product
  &amp#27;[32mThen &amp#27;[0m&amp#27;[32mI receive valid HTTP response code 500 product&amp#27;[0m &amp#27;[90m# starter.stepdefinitions.ProductSteps.receiveValidHttp500Product()&amp#27;[0m
21:57:46.589 [main] INFO  - 
  _____   ___   ___   _____     ___     _     ___   ___   ___   ___  
 |_   _| | __| / __| |_   _|   | _ \   /_\   / __| / __| | __| |   \ 
   | |   | _|  \__ \   | |     |  _/  / _ \  \__ \ \__ \ | _|  | |) |
   |_|   |___| |___/   |_|     |_|   /_/ \_\ |___/ |___/ |___| |___/ 

POST - Add new product without Name payload
----------------------------------------------------------------------
]]></system-out>
  </testcase>
  <testcase name="POST - Add new product without Description payload" classname="Product" time="0.284">
    <system-out><![CDATA[
Scenario: POST - Add new product without Description payload &amp#27;[90m# src/test/resources/features/5. Product.feature:17&amp#27;[0m
21:57:46.595 [main] DEBUG io.cucumber.core.plugin.SerenityReporter - Running feature from file:///D:/download/API_Minpro%20(1)/APIMinpro/API/minpro/src/test/resources/features/5.%20Product.feature
21:57:46.599 [main] INFO  - 
  _____   ___   ___   _____     ___   _____     _     ___   _____   ___   ___  
 |_   _| | __| / __| |_   _|   / __| |_   _|   /_\   | _ \ |_   _| | __| |   \ 
   | |   | _|  \__ \   | |     \__ \   | |    / _ \  |   /   | |   | _|  | |) |
   |_|   |___| |___/   |_|     |___/   |_|   /_/ \_\ |_|_\   |_|   |___| |___/ 

POST - Add new product without Description payload(product;post---add-new-product-without-description-payload)
--------------------------------------------------------------------------------
21:57:46.611 [main] DEBUG net.thucydides.core.steps.StepInterceptor - STARTING STEP: ProductSteps.setPostApiEndpointsProduct - I set POST api endpoints product
21:57:46.612 [main] DEBUG net.thucydides.core.steps.StepInterceptor - STEP DONE: I set POST api endpoints product
  &amp#27;[32mGiven &amp#27;[0m&amp#27;[32mI set POST api endpoints product&amp#27;[0m                     &amp#27;[90m# starter.stepdefinitions.ProductSteps.setPostApiEndpointsProduct()&amp#27;[0m
21:57:46.617 [main] DEBUG net.thucydides.core.steps.StepInterceptor - STARTING STEP: ProductSteps.sendPostHttpRequestProduct3 - I send POST HTTP request product3
21:57:46.620 [main] DEBUG net.thucydides.core.steps.StepInterceptor - STARTING STEP: Product.sendPostHttpRequestProduct3 - I set POST api endpoints product
21:57:46.620 [main] DEBUG net.thucydides.core.steps.StepInterceptor - STEP DONE: I set POST api endpoints product
21:57:46.637 [main] DEBUG org.apache.http.impl.conn.BasicClientConnectionManager - Get connection for route {s}->https://altashop-api.fly.dev:443
21:57:46.637 [main] DEBUG org.apache.http.impl.conn.DefaultClientConnectionOperator - Connecting to altashop-api.fly.dev:443
21:57:46.785 [main] DEBUG org.apache.http.client.protocol.RequestAddCookies - CookieSpec selected: ignoreCookies
21:57:46.785 [main] DEBUG org.apache.http.client.protocol.RequestAuthCache - Auth cache not set in the context
21:57:46.785 [main] DEBUG org.apache.http.client.protocol.RequestTargetAuthentication - Target auth state: UNCHALLENGED
21:57:46.785 [main] DEBUG org.apache.http.client.protocol.RequestProxyAuthentication - Proxy auth state: UNCHALLENGED
21:57:46.785 [main] DEBUG org.apache.http.impl.client.DefaultHttpClient - Attempt 1 to execute request
21:57:46.785 [main] DEBUG org.apache.http.impl.conn.DefaultClientConnection - Sending request: POST /api/products HTTP/1.1
21:57:46.785 [main] DEBUG org.apache.http.wire -  >> "POST /api/products HTTP/1.1[\r][\n]"
21:57:46.785 [main] DEBUG org.apache.http.wire -  >> "Accept: */*[\r][\n]"
21:57:46.785 [main] DEBUG org.apache.http.wire -  >> "Content-Type: application/json[\r][\n]"
21:57:46.785 [main] DEBUG org.apache.http.wire -  >> "Content-Length: 48[\r][\n]"
21:57:46.785 [main] DEBUG org.apache.http.wire -  >> "Host: altashop-api.fly.dev[\r][\n]"
21:57:46.785 [main] DEBUG org.apache.http.wire -  >> "Connection: Keep-Alive[\r][\n]"
21:57:46.785 [main] DEBUG org.apache.http.wire -  >> "User-Agent: Apache-HttpClient/4.5.13 (Java/19.0.2)[\r][\n]"
21:57:46.785 [main] DEBUG org.apache.http.wire -  >> "Accept-Encoding: gzip,deflate[\r][\n]"
21:57:46.785 [main] DEBUG org.apache.http.wire -  >> "[\r][\n]"
21:57:46.785 [main] DEBUG org.apache.http.headers - >> POST /api/products HTTP/1.1
21:57:46.785 [main] DEBUG org.apache.http.headers - >> Accept: */*
21:57:46.785 [main] DEBUG org.apache.http.headers - >> Content-Type: application/json
21:57:46.785 [main] DEBUG org.apache.http.headers - >> Content-Length: 48
21:57:46.785 [main] DEBUG org.apache.http.headers - >> Host: altashop-api.fly.dev
21:57:46.785 [main] DEBUG org.apache.http.headers - >> Connection: Keep-Alive
21:57:46.785 [main] DEBUG org.apache.http.headers - >> User-Agent: Apache-HttpClient/4.5.13 (Java/19.0.2)
21:57:46.785 [main] DEBUG org.apache.http.headers - >> Accept-Encoding: gzip,deflate
21:57:46.785 [main] DEBUG org.apache.http.wire -  >> "{"price":"","name":"XBOX1","categories":[12541]}"
21:57:46.861 [main] DEBUG org.apache.http.wire -  << "HTTP/1.1 400 Bad Request[\r][\n]"
21:57:46.861 [main] DEBUG org.apache.http.wire -  << "content-type: application/json[\r][\n]"
21:57:46.861 [main] DEBUG org.apache.http.wire -  << "date: Wed, 10 May 2023 14:57:46 GMT[\r][\n]"
21:57:46.861 [main] DEBUG org.apache.http.wire -  << "content-encoding: gzip[\r][\n]"
21:57:46.861 [main] DEBUG org.apache.http.wire -  << "transfer-encoding: chunked[\r][\n]"
21:57:46.861 [main] DEBUG org.apache.http.wire -  << "server: Fly/3f2597ca (2023-05-03)[\r][\n]"
21:57:46.861 [main] DEBUG org.apache.http.wire -  << "via: 1.1 fly.io[\r][\n]"
21:57:46.861 [main] DEBUG org.apache.http.wire -  << "fly-request-id: 01H032P4MVFCZ49DFEYFHNS2XZ-sin[\r][\n]"
21:57:46.861 [main] DEBUG org.apache.http.wire -  << "[\r][\n]"
21:57:46.861 [main] DEBUG org.apache.http.impl.conn.DefaultClientConnection - Receiving response: HTTP/1.1 400 Bad Request
21:57:46.861 [main] DEBUG org.apache.http.headers - << HTTP/1.1 400 Bad Request
21:57:46.861 [main] DEBUG org.apache.http.headers - << content-type: application/json
21:57:46.861 [main] DEBUG org.apache.http.headers - << date: Wed, 10 May 2023 14:57:46 GMT
21:57:46.861 [main] DEBUG org.apache.http.headers - << content-encoding: gzip
21:57:46.861 [main] DEBUG org.apache.http.headers - << transfer-encoding: chunked
21:57:46.861 [main] DEBUG org.apache.http.headers - << server: Fly/3f2597ca (2023-05-03)
21:57:46.861 [main] DEBUG org.apache.http.headers - << via: 1.1 fly.io
21:57:46.861 [main] DEBUG org.apache.http.headers - << fly-request-id: 01H032P4MVFCZ49DFEYFHNS2XZ-sin
21:57:46.861 [main] DEBUG org.apache.http.impl.client.DefaultHttpClient - Connection can be kept alive indefinitely
21:57:46.863 [main] DEBUG io.restassured.internal.RestAssuredHttpBuilder - Parsing response as: application/json
21:57:46.863 [main] DEBUG org.apache.http.wire -  << "71[\r][\n]"
21:57:46.863 [main] DEBUG org.apache.http.wire -  << "[0x1f][0x8b][0x8][0x0][0x0][0x0][0x0][0x0][0x4][0xff][0xab]VJ-*[0xca]/R[0xb2]R[0xca]*[0xce][0xcf][0xb3]RHN[0xcc][0xcb][0xcb]/Q([0xcd][0xcb]M,*[0xce]H[0xcc]Q(.)[0xca][0xcc]KW[0xc8][0xcc]+[0xc9]Wp[0xcf][0x7]qK[0x93]K[0x14][0xd2]2SsR[0x14][0x2][0x8a][0xf2]SJ[0x93]K[0x9c][0x8b]R[0x13]KR[0xf5][\n]"
21:57:46.863 [main] DEBUG org.apache.http.wire -  << "[0x8a]2[0x93]S[0x15][0xf2][0xd3][0x14]J*[0xb]R[0x15]J3[0xf3]J[0x94]j[0xb9][0x0][0xd2][0x2]#[0xd6]`[0x0][0x0][0x0]"
21:57:46.863 [main] DEBUG org.apache.http.wire -  << "[\r][\n]"
21:57:46.863 [main] DEBUG org.apache.http.wire -  << "0[\r][\n]"
21:57:46.863 [main] DEBUG org.apache.http.wire -  << "[\r][\n]"
21:57:46.863 [main] DEBUG io.restassured.internal.RestAssuredHttpBuilder - Parsed data to instance of: class org.apache.http.conn.EofSensorInputStream
21:57:46.866 [main] DEBUG org.apache.http.impl.conn.BasicClientConnectionManager - Releasing connection org.apache.http.impl.conn.ManagedClientConnectionImpl@3c108c05
21:57:46.866 [main] DEBUG org.apache.http.impl.conn.BasicClientConnectionManager - Connection can be kept alive indefinitely
21:57:46.866 [main] DEBUG net.thucydides.core.steps.StepInterceptor - STEP DONE: I send POST HTTP request product3
  &amp#27;[32mWhen &amp#27;[0m&amp#27;[32mI send POST HTTP request product3&amp#27;[0m                     &amp#27;[90m# starter.stepdefinitions.ProductSteps.sendPostHttpRequestProduct3()&amp#27;[0m
21:57:46.871 [main] DEBUG net.thucydides.core.steps.StepInterceptor - STARTING STEP: ProductSteps.receiveValidHttp400Product - I receive valid HTTP response code 400 product
21:57:46.872 [main] DEBUG net.thucydides.core.steps.StepInterceptor - STEP DONE: I receive valid HTTP response code 400 product
  &amp#27;[32mThen &amp#27;[0m&amp#27;[32mI receive valid HTTP response code 400 product&amp#27;[0m        &amp#27;[90m# starter.stepdefinitions.ProductSteps.receiveValidHttp400Product()&amp#27;[0m
21:57:46.874 [main] INFO  - 
  _____   ___   ___   _____     ___     _     ___   ___   ___   ___  
 |_   _| | __| / __| |_   _|   | _ \   /_\   / __| / __| | __| |   \ 
   | |   | _|  \__ \   | |     |  _/  / _ \  \__ \ \__ \ | _|  | |) |
   |_|   |___| |___/   |_|     |_|   /_/ \_\ |___/ |___/ |___| |___/ 

POST - Add new product without Description payload
----------------------------------------------------------------------
]]></system-out>
  </testcase>
  <testcase name="GET - Get product by ID" classname="Product" time="0.868">
    <system-out><![CDATA[
Scenario: GET - Get product by ID                     &amp#27;[90m# src/test/resources/features/5. Product.feature:22&amp#27;[0m
21:57:46.882 [main] DEBUG io.cucumber.core.plugin.SerenityReporter - Running feature from file:///D:/download/API_Minpro%20(1)/APIMinpro/API/minpro/src/test/resources/features/5.%20Product.feature
21:57:46.885 [main] INFO  - 
  _____   ___   ___   _____     ___   _____     _     ___   _____   ___   ___  
 |_   _| | __| / __| |_   _|   / __| |_   _|   /_\   | _ \ |_   _| | __| |   \ 
   | |   | _|  \__ \   | |     \__ \   | |    / _ \  |   /   | |   | _|  | |) |
   |_|   |___| |___/   |_|     |___/   |_|   /_/ \_\ |_|_\   |_|   |___| |___/ 

GET - Get product by ID(product;get---get-product-by-id)
--------------------------------------------------------------------------------
21:57:46.902 [main] DEBUG net.thucydides.core.steps.StepInterceptor - STARTING STEP: ProductSteps.setGetApiEndpointsProduct - I set GET api endpoints product
21:57:46.902 [main] DEBUG net.thucydides.core.steps.StepInterceptor - STEP DONE: I set GET api endpoints product
  &amp#27;[32mGiven &amp#27;[0m&amp#27;[32mI set GET api endpoints product&amp#27;[0m               &amp#27;[90m# starter.stepdefinitions.ProductSteps.setGetApiEndpointsProduct()&amp#27;[0m
21:57:46.908 [main] DEBUG net.thucydides.core.steps.StepInterceptor - STARTING STEP: ProductSteps.sentGetHttpRequestProduct - I send GET HTTP request product
21:57:46.910 [main] DEBUG net.thucydides.core.steps.StepInterceptor - STARTING STEP: Product.sendGetHttpRequestProduct - I set GET api endpoints product
21:57:46.910 [main] DEBUG net.thucydides.core.steps.StepInterceptor - STEP DONE: I set GET api endpoints product
21:57:46.929 [main] DEBUG org.apache.http.impl.conn.BasicClientConnectionManager - Get connection for route {s}->https://altashop-api.fly.dev:443
21:57:46.930 [main] DEBUG org.apache.http.impl.conn.DefaultClientConnectionOperator - Connecting to altashop-api.fly.dev:443
21:57:47.064 [main] DEBUG org.apache.http.client.protocol.RequestAddCookies - CookieSpec selected: ignoreCookies
21:57:47.064 [main] DEBUG org.apache.http.client.protocol.RequestAuthCache - Auth cache not set in the context
21:57:47.064 [main] DEBUG org.apache.http.client.protocol.RequestTargetAuthentication - Target auth state: UNCHALLENGED
21:57:47.064 [main] DEBUG org.apache.http.client.protocol.RequestProxyAuthentication - Proxy auth state: UNCHALLENGED
21:57:47.064 [main] DEBUG org.apache.http.impl.client.DefaultHttpClient - Attempt 1 to execute request
21:57:47.064 [main] DEBUG org.apache.http.impl.conn.DefaultClientConnection - Sending request: GET /api/products HTTP/1.1
21:57:47.064 [main] DEBUG org.apache.http.wire -  >> "GET /api/products HTTP/1.1[\r][\n]"
21:57:47.064 [main] DEBUG org.apache.http.wire -  >> "Accept: */*[\r][\n]"
21:57:47.064 [main] DEBUG org.apache.http.wire -  >> "Host: altashop-api.fly.dev[\r][\n]"
21:57:47.064 [main] DEBUG org.apache.http.wire -  >> "Connection: Keep-Alive[\r][\n]"
21:57:47.064 [main] DEBUG org.apache.http.wire -  >> "User-Agent: Apache-HttpClient/4.5.13 (Java/19.0.2)[\r][\n]"
21:57:47.064 [main] DEBUG org.apache.http.wire -  >> "Accept-Encoding: gzip,deflate[\r][\n]"
21:57:47.064 [main] DEBUG org.apache.http.wire -  >> "[\r][\n]"
21:57:47.064 [main] DEBUG org.apache.http.headers - >> GET /api/products HTTP/1.1
21:57:47.064 [main] DEBUG org.apache.http.headers - >> Accept: */*
21:57:47.064 [main] DEBUG org.apache.http.headers - >> Host: altashop-api.fly.dev
21:57:47.064 [main] DEBUG org.apache.http.headers - >> Connection: Keep-Alive
21:57:47.064 [main] DEBUG org.apache.http.headers - >> User-Agent: Apache-HttpClient/4.5.13 (Java/19.0.2)
21:57:47.064 [main] DEBUG org.apache.http.headers - >> Accept-Encoding: gzip,deflate
21:57:47.540 [main] DEBUG org.apache.http.wire -  << "HTTP/1.1 200 OK[\r][\n]"
21:57:47.540 [main] DEBUG org.apache.http.wire -  << "content-type: application/json[\r][\n]"
21:57:47.540 [main] DEBUG org.apache.http.wire -  << "date: Wed, 10 May 2023 14:57:46 GMT[\r][\n]"
21:57:47.540 [main] DEBUG org.apache.http.wire -  << "transfer-encoding: chunked[\r][\n]"
21:57:47.540 [main] DEBUG org.apache.http.wire -  << "content-encoding: gzip[\r][\n]"
21:57:47.540 [main] DEBUG org.apache.http.wire -  << "server: Fly/3f2597ca (2023-05-03)[\r][\n]"
21:57:47.540 [main] DEBUG org.apache.http.wire -  << "via: 1.1 fly.io[\r][\n]"
21:57:47.540 [main] DEBUG org.apache.http.wire -  << "fly-request-id: 01H032P4XA1ZH10J4RBDA4RB8A-sin[\r][\n]"
21:57:47.540 [main] DEBUG org.apache.http.wire -  << "[\r][\n]"
21:57:47.540 [main] DEBUG org.apache.http.impl.conn.DefaultClientConnection - Receiving response: HTTP/1.1 200 OK
21:57:47.540 [main] DEBUG org.apache.http.headers - << HTTP/1.1 200 OK
21:57:47.540 [main] DEBUG org.apache.http.headers - << content-type: application/json
21:57:47.540 [main] DEBUG org.apache.http.headers - << date: Wed, 10 May 2023 14:57:46 GMT
21:57:47.540 [main] DEBUG org.apache.http.headers - << transfer-encoding: chunked
21:57:47.540 [main] DEBUG org.apache.http.headers - << content-encoding: gzip
21:57:47.540 [main] DEBUG org.apache.http.headers - << server: Fly/3f2597ca (2023-05-03)
21:57:47.540 [main] DEBUG org.apache.http.headers - << via: 1.1 fly.io
21:57:47.540 [main] DEBUG org.apache.http.headers - << fly-request-id: 01H032P4XA1ZH10J4RBDA4RB8A-sin
21:57:47.540 [main] DEBUG org.apache.http.impl.client.DefaultHttpClient - Connection can be kept alive indefinitely
21:57:47.541 [main] DEBUG io.restassured.internal.RestAssuredHttpBuilder - Parsing response as: application/json
21:57:47.541 [main] DEBUG org.apache.http.wire -  << "2D1[\r][\n]"
21:57:47.541 [main] DEBUG org.apache.http.wire -  << "[0x1f][0x8b][0x8][0x0][0x0][0x0][0x0][0x0][0x4][0xff][0xaa]VJI,IT[0xb2][0x8a][0xae]V[0xf2]tQ[0xb2]2413[0xb7][0xd4]Q[0xf2]K[0xcc]MU[0xb2]R[0x8a]p[0xf2][0x8f]0T[0xd2]QrI-N.[0xca],([0xc9][0xcc][0xcf]S[0xb2]RR[0xd2]Q[\n]"
21:57:47.541 [main] DEBUG org.apache.http.wire -  << "([0xca]LNU[0xb2]2[0xb1][0xb4][0xd4]Q[\n]"
21:57:47.541 [main] DEBUG org.apache.http.wire -  << "J,[0xc9][0xcc]K/V[0xb2]2[0xd0]QrN,IM[0xcf]/[0xca]L-F[0x98]hdjb[0x8]7[0xd1]=173/[0x1d][0xc3]H[0xb7][0xfc]"[0x85]t[0xb0][0x94]BAiQA~qj[0xb1]Rml[0xad][0xe][0xdc]Q[0x16]Fp#[0x2][0x8a][0xf2]SJ[0x93]K[0x14][0x1c]Ks2[0x13][0x15][0x8c]1[0xcc][0xca][0xcc][0xcb]T([0x80][0xaa]I[0x84][0xab][0x81][0xba][0xd8][0x0][0x8f]{Q[0xec]3[0x86][0xdb][0x97][0x9d]Y[0x90]X[0xac][0x90][0x98][0x97][0x9e][0x99][0x87]aWnj^zjNibQvb[0x1e]D[0x89]Bqb^zb[0x89]Bvj^r"[0xd8][0xa7]P[0x9b][\r][\r][0xf0][0xd9][\r][0xf5](5[0xc2][0xca][0xdc][0xcc][0x1c][0xee][0xf6][0xe0][0x9c][0xd4][0xd4]l[0x85][0x80][0x9c][0xc4][0xe2][0x92][0xcc]d[0x5][0xe7][0xc4]"[0xc][0x1f][0x4]g[0xe6]d#E[0xa8][0xb9][0x81][0x19]q!dn[0x86]H&[0xae]y[0xf9]E[0xb9][0xf9][0xa5][0xc5][\n]"
21:57:47.541 [main] DEBUG org.apache.http.wire -  << "[0xce][0xf9]y[0xc9]E[0xa9]%[0xa9][\n]"
21:57:47.541 [main] DEBUG org.apache.http.wire -  << "[0xe1][0x89]99[0xa9]%[0x18][0x96][0x5][0x95]&%[0xa5][0x82][0xdc][0x0][\r][0x13]KSC[0x13]"[0xad]3GN[0x0][0x89][0xc9]%[0x99][0xc9][0x89]9[\n]"
21:57:47.541 [main] DEBUG org.apache.http.wire -  << "[0xc1]%[0xa9][0xa9]9[\n]"
21:57:47.541 [main] DEBUG org.apache.http.wire -  << "[0xce][0x19][0x89][0x99] CQS[0xa9]c[0x8a]Bj[0xa2]B^jn[0xbe]BY~NiAIbIj[0xae][0x1e][0xc2][0xab][0xa6][0x86][0xc4][0xda]l[0x2][0xf]N[0x97]0[0x17][0x5][0xdf][0xd2][0xf4][0xd4]<[0x85][0x90][0xa2]D,[0xc9][0x1]a[0xba][0xa1][0x91][0x81][0x1][0xde][0x8]GJl[0xe6][0xe6][0xa6]p[0x1b]<[\n]"
21:57:47.541 [main] DEBUG org.apache.http.wire -  << "[0x14][0xc2]2[0xcb][0xf2][0x15]"[0x8d][0x8c]0B/7573'3;S[0xa1][0xb8] [0xb5]83-3;[0xb1]8S[0xa1]21/]![0xb1] [0x13])[0x12][0x8d]AV[0x13]o[0xb9][0x19][0xdc][0xf2]![0x97][0xd2][0xcd][0x11])[0x9d][0xfe][0x1]g[0x81]H[0x17][0xc1][0xb9][0x89]99[\n]"
21:57:47.541 [main] DEBUG org.apache.http.wire -  << "[0x8e]9[0xa5][0xb9][0x99]y[0xa5][0xb9][\n]"
21:57:47.541 [main] DEBUG org.apache.http.wire -  << "[0xce]9[0xf9][0xc9][0xa0][0xf8]@K[0x90][0xa5]%[\n]"
21:57:47.541 [main] DEBUG org.apache.http.wire -  << "y[0x99][0xc5][0x99]H[0xc9]Q[0xa1]([0xb5] 5''[0xb1]D![0xb5]D!?7/[0xb3][0x18][0xc4][0x80][0x9]"%V#c"[0x13][0xab][0x5]")[0xc1]s%[0xc2]]X3JXjNf[0x89]Bf^Yj^I~Q[0xaa]BJ~N~Qj1[0x92][0xed]f[0x16][0xc4][0xda][0x8e]HK[0x3][0x10][0x1f][0x88][0xc4][0x10][0x9c][0x9f]W[0xa9][0x10][0x10]l[0x8a][0x91][0x85][\n]"
21:57:47.541 [main] DEBUG org.apache.http.wire -  << "r[0x12]+[0x15]2[0x12][0x8b][0x15][0xf2][0xf2][0x15]r2s3K[0x8a][0x11]Y[0xd6][0x8]oe[0x86][0x9c]_-[0x10]E[0x1f]$[0xe6]a[0x5][0xac]wjeR~bQ[\n]"
21:57:47.541 [main] DEBUG org.apache.http.wire -  << "[0x86][0xbd][0x9e]E[0xf9][0xa0][0xca][0x3]V[0xec][0x99][0x19][0x13]Y[0xf8]X[0x18]"[0xea]![0x98][0xa7][0x14][0x82]s2s1l[0xa0][0x8a][0xcf],@[0xc5]1[0xb4][0xee][0xa7][0x87]uF[0x6][0xf0][0xb2][0x7]f[0x1d][0x8d]<fL[0xaf][0xc4]aaB7?!5[0xab]h[0x1c]z&[0x88][0xca][0xd7]-1[0xaf]$[0x11][0x0][0x0][0x0][0xff][0xff]"
21:57:47.541 [main] DEBUG org.apache.http.wire -  << "[\r][\n]"
21:57:47.541 [main] DEBUG org.apache.http.wire -  << "3F4[\r][\n]"
21:57:47.541 [main] DEBUG org.apache.http.wire -  << "[0x2][0xb7]&|[0x13][0x8b][0x92]rR[0x15][0xdc]s[0xf2][0xcb]RA[0xd9][0x8][0xb5][0xb4][0xb][0x83][0xd4][0xb9][0xc5][\n]"
21:57:47.541 [main] DEBUG org.apache.http.wire -  << "[0xc9][0xf9]EE[0xa5][0x5]%[0x99][\n]"
21:57:47.541 [main] DEBUG org.apache.http.wire -  << "y[0xf9][0xc5]%E[0xa5][0xb9][0xa0]2[0xaf](5#5/%[0xb5]([0xb3]D!'1)[0xbf]([0x15][0xa9][0xb0][0xb1] 6k[0x98] [0x95][0xbf]4[0xcd][0xef][0x16]&[0x88]B[0x95][0xd6][0x1][0x8d](@][0x8b][0xd2][0xf3][0xf3][0xf2]s3[0x93][0x15]|R[0x13]K2R[0x8b]p5[0xaa]\K[0x14][0x8a]R[0x93]K[0x8b][0x13][0xf3]R[0x12]S[0x15][0x92][0xf3][0xf3][0x8a]S[0xb]K[0x13]KJ[0x8b][0x14]R3K[0x8b][0x15]R2[0x8b]K2[0xf3][0x92]K2[0xf3][0x15][0x12]KK[0x90][0x3][0x9a][0xc8][0xa6][0x97][0x85][0x9]R[0xde][0x1][0xb7]'[0x11][0x15]J~nAi[0x9][0xb8]E[0x87][0x1a][0xfb].[0xa0]:$3[0xa9][0xb4]X[0xa1]85E!5'3=5/%S[0xa1][0xb0]4S!)'1/%[0xb3]$[0x13]\[0xd7]!9[0x7][0x94]Cqv%[0x90]J_[0xb][0x13][0xa4][0xd2][0x97][0xb6][0xf1]nJ[0xb7][0xac][0xc]j[0x8c][0xa2][0x95][0xbb]4*[0x8]M1+[0x14][0xdc]6[0x91]VER[0xb1][0xf]caJ[0xb7][0xcc]mJ[0xb7][0xcc]m[0x8a][0x94][0x8f][0x8]&[0xdc][0x1][0xc]z[0xb]zU[0xca][0xe6][0xf4][0xb3][0x9]Qf[0xc][0xb5]N[0x8e]%[0xa8][0xed][0xf]-[0x1b]JRAey:lx[0x3]#[0xe3][0x96]dd[0x16]+d[0x16]+[0x94]d[0xa4][0xc2][0xd4]([0xa4] [0x8d][0xdd][0xc0][0x7]n[0xc]A]D[0xe2][0x1a][0xf5][0x96]F[0x88][0xac]80[0xf6]#2[0xe8][0xc0][0xd8][0x8f][0xa8][0x93][0x7][0xc6]~D[0xb1]10[0xf6]#r[0xe9][0xc0][0xd8][0x8f][0xc8][0xbb][0x3]b[0xbf]1[0xa2][0x15]00[0xf6]#FO[0x7][0xc6]~D[0xe3]`[0xec]G[0xb4]X[0x6][0xc4]~[0xa4][0x81]N[0xda][0xb6][0xfe]-[0xcd][0x11]%[\r][0xad]mB[0x94])4[0xb6][0x9][0xd4][0x9d][0x83][0xd6]^4[0xb5][0xc9][0xd8][0x18])[0x9e][0xa8][0x96]N[0x90][0x87][0xec][0x8d][0xd1][0xa6]7[0x10]}[0x12]ccs:[0xe4]QS|[0xf6][0xd3]([0x8f]"5[0x11][0xf0]ZO[0x87]&[0x2]^[0xfb][0x11][0xc9][0x99]jQO|[0x13][0xc9][0xd8][0x18][0xa9]!K3[0xfb]M[0xf0]E[0xff][0x80]V[0x91][0xc6][0xc6][0x16]t[0xa8]"[0xf1]e?[0xa4][0xd9]A[0x9a][0x85]?[0xfa][0xec]&r[0xf6][0xb7][0x18][0xd0]*[0xca][0xd8][0x18]i*[0xc2]#@!7[0xb3]$[0x1f][0xa3]k[0x0][0x1e][0x1f].I-JJD[0x9e]*2[0x5][0xcd][0x15][0x12]1[0xea]bll[0x81][0xc8]b[0xa4][0xcd][\n]"
21:57:47.542 [main] DEBUG org.apache.http.wire -  << "[0xa3][0xe7][[0xea][0x8d][0x12][0x18][0x1b]#[0xf][0xc4][0x13][0xec]Q[0x13][0x1c][0xf2][0xc7][0x97][0xc2],[0x11]1[0x1c][0x10][0xac][0x80]9[0xb1][0x90][0x9e][0x98][0x9b][0xaa]`[0xaa]P\[0x2][0x9e]b[0x85][0x8e][0xf3][0xa3]N[0x8f][0xe3][0xcb][0xc0][0x96][0x88][0x2][0xd4][0xad][0xb4](/[0xb3][0xa4][0xb4](U!$[0xbf][0x0]#[0x1a][0x11][0xb2])[0x89]E[0x99][\n]"
21:57:47.542 [main] DEBUG org.apache.http.wire -  << "^[0xa9][0x5][0x89]E[0x89][0x88]9[0xc]C[0xd0][0xe0][0x18]1[0xf1]i[0x2][0x9a][0x1f][0xa4]K[0xbd]lb[0x80][0xa8][0x1b][0x11][0xae][0xa7][0xad][0xdf][0x10][0x91]E[0xdb]6[0x87][0x89][0x1]"[0xde][0x2][0x8a]`[0xb3][0xd2][0xe1][0xf9][0xf9])[0xa9]y[\n]"
21:57:47.542 [main] DEBUG org.apache.http.wire -  << "[0xde]y[0x99]i[0xa9][0x18][0x11][0xe8][0x98][0x93][0x99]X[0xac][0x90]V[0x9a][0x9e][0xa8][0x80]2[0x1a][0x8b]y[0x0]Racb[0x80][0xc8][0x89][0x9e][0x5][0x19][0xf9]y[0xa9][\n]"
21:57:47.542 [main] DEBUG org.apache.http.wire -  << "[0x86][0x86][\n]"
21:57:47.542 [main] DEBUG org.apache.http.wire -  << "f&[\n]"
21:57:47.542 [main] DEBUG org.apache.http.wire -  << "[0xe9]I[0x18][0x96][0x81]3=[0x85][0xd3]][0xc6]&[0x6][0x88][0xda][0x5]f[0xa1][0x11]M-4DT'0[0xb]i[0xeb]CCD[0x12][0xa5][0x93][0x85][0x88]1[\r]h[\n]"
21:57:47.542 [main] DEBUG org.apache.http.wire -  << "5[0xa7]Q[0xe4][0x19]"RK@bN[0xa2]O[0xbe][0xf][0xa8][0xb8]@[0x1d][0xad][0x87]'[0x13],[0x83][0x8e][0xc6][0xc8]3[0xcf]x[0x8a]0[0x13]C[0xc4]0[0x1][0xb9]%$[0x9e]*[0xd6][0xc4][0x10][0x91][0x8]ia<[0xd2]L[0xa4]SQbr*[0xb6][0xd5]+[0xbe][0x89])[0xa9][\n]"
21:57:47.542 [main] DEBUG org.apache.http.wire -  << "[0xf9]i[\n]"
21:57:47.542 [main] DEBUG org.apache.http.wire -  << "[0x19][0x99][0xe9][0x19][\n]"
21:57:47.542 [main] DEBUG org.apache.http.wire -  << "[0x85][0xa5][0x89]9[0x99]%[0x95][\n]"
21:57:47.542 [main] DEBUG org.apache.http.wire -  << "[0x5][0xa9][0x89]E9[0xa0][0xe9]/h[0x99]o[0x4]2[0x89][0xa8][0x12][0xd8][0x8][0x91][0xe8]h[0xe2]#D[0x97][0x80]&[0xc6]#[0xca]X[0xba][0x5][0x18][0xa2][0xb0][0xa5][0x9b][0x95][0x88]|JM+[0xf1][0xe5]##[0xc4] [0x0]5[0xad][0xc4][0x97][0xb7][0x8c][0x10]e[0x4][0xb4]4[0xc2]l[0xe0][0xc0][0xcb][0x8][0x82][0xcd]([0xbc]6!r1[0x8d][0x1a][0xaa]&H[0xc3]u[0xb4][0xc]?X3[0xd6][0xc2][0x10][0x91]D[0x1c][0x93][0x93]S[0x8b][0x8b]![0xcb][0x1f][0xd1][0x17]M[0x96][0xe4]+[0xa4][0xe6]e$[0xe6]%[0xa7]*$[0x16][0x80][\n]"
21:57:47.542 [main] DEBUG org.apache.http.wire -  << "[\r][0x10][0x13]y[0x8d][0xa3][0xb1][0x9]hQ[0x8][0xb4]IV[0x9c]Z[0x90][0x9a][0x82]YP'fV[0x82][0x4]aE[\r]h~[0x92][0xa8][0xa2][0xc6][0x18]Q[0x16]P%L[0x0][0x0][0x0][0x0][0xff][0xff]"
21:57:47.542 [main] DEBUG org.apache.http.wire -  << "[\r][\n]"
21:57:47.542 [main] DEBUG org.apache.http.wire -  << "649[\r][\n]"
21:57:47.542 [main] DEBUG org.apache.http.wire -  << "[0xc2][0xb1][0xe0][0x13][0xb9][0x95][0x2][0xaa]7h[0xe4][0x19][0xfa][0x17][0x3][0xc6][0x88]8[0xe][0x6][0xc7][0x8c][0x82]OfqI[0x11][0xb8]'[0x85]Z[0x95]B[0xa5]s [0xd2][\n]"
21:57:47.542 [main] DEBUG org.apache.http.wire -  << "y[0xe9][0xa9]I[0xa5][0xa0]u[0x90][0xa4]G[0x19][0xa2][0x18][0x80][0x9a][0x9][0xb5]R[0xc1])1'[0x11][0xb3]c[0x0]U[0x84]j[0xb1]BRb^:x[0x1d]&[0xd4]~S[0xe2][0x93][0xc][0xa2]L[0xa0][[0x92]A[0xb4] [0xe8]f%[0xa2]<[0xa2][0x97][0x95]H[0xeb][0x83][0x82]J[0xc1][0xb]i[0xa0][0xfd][0x5][0xa7]D[0xcc]u[0xd1][0xa1]%[\n]"
21:57:47.542 [main] DEBUG org.apache.http.wire -  << "[0xa9]EE[0xf9]E[0xc8]+<[\n]"
21:57:47.542 [main] DEBUG org.apache.http.wire -  << "[0xf2][0x8b][0x8b]3sK[0x8b][0x15]r[0xf3]s@[0xf3][0x81][0x89][0xa9][0xe0]E[0x16][0x99][0xb9][0x5][0xa9])[0x99][0xc8][0xb]<[0x88][0xef]R [0xad]$Btc|2[0xf3]R[0xf3][0x14][0x9c][0xf2]KJr[0xb0]tcJK[0x14][\n]"
21:57:47.542 [main] DEBUG org.apache.http.wire -  << "R[0x8b][0x8a][0xb]2[0x93]3[0x13]K2[0x8b][0xa1][0xab][0x6][0x15]R2[0x93]K[0x12][0x15][\n]"
21:57:47.542 [main] DEBUG org.apache.http.wire -  << "[0xf2][0x8b][0x8a][0xf2][0x15]2[0xb][0x8a]Ks[0x15]R[0x13][0x91][0x16]y[0x90][0xe0]$[0xfa][0x17]Y&[0x88]&[\r]d[0xdd]4$[0x4]p,p[0xf2]OK[0xcb]L[0x6][0xad]bA^q[0x93][0x98][0x97][0x99][0x9b][0x9][0x8f][0x98]b[0xc4]RO[0x85][0x94][0xd4][0x9c][0xd4][0xbc][0xcc][0x92]L[0xf2][0x2][0x83][0xfe]E[0x1e][0xd2][0x9a]'[0xf7][0xfc][0xa2][0xf4]T[0xd0][0xf2]n[0xc8][0xf2]m[0xac][0xcb][0xc8][0xfd]S2K i[0xa0]4[0x17][0xb4][0xce][0x8][0x9a][0x4][0xc0][0xab][0xbb]2[0xf3][0x8b][0x13]s[0xc1]k[0x12]s2[0xb]K3S[0x14][0x8a][0xc9]M[0xa7][0x88]B[0x11][0x91]N[0xdd][0x8b][0x12][0xf3]2KR[0x15][0x9c][0xf3][0x13]A%-jy[0xec]Z[0x2][0xea]kg&[0xc2][0x96][0xd7][0xe6]f[0xe6]e[0xe6]&*[0xe4][0x95][0xe6][0x16][0x96]&[0xe6]*[0x14][0x97][0x16]'g[0x16][0x90][0xeb][0x1a]D[0x11][0x19]\[0x99][0x97]Z[0x94][0xe]Zi[0x95][0xac][0x10][0x9e][0x9f][0x9f][0xa3][0x10][0x9c][0x91]Y[0x84][0xd5]5[0xa9][0xc5]%[0xf0]T[0x1]^ U[0x90][0x93][0x98][0x9c][\n]"
21:57:47.542 [main] DEBUG org.apache.http.wire -  << "^[0x1]LV[0xd2][0x0][0x15][0xe8][0xd0]zV[0x81]F]HSDV$[0xab]y[0x88]<[0x89][0x82][0xaf]qH[0xd2][0xd2]$[0x8a][0x9a][0xa1]H[0xab][0x8b][0xe8]U[0xec]#-3[0xa2][0x9b][0x95][0x88][0xdc]B7+[0x11]Y[0x82]nV"Z[\r]d[0xa5]Nb[0x97]}[0x1b][0x9b][0x98]"[0x1a][0xb]4[0xb6][0xc9][0xc]1[0x0][0x6][0xb5][0x9]s[0x17][0x16][0xbe][0xe][0x19][0xea][0xc0]3z[0x9e][0x83]u]([0xdf][0x97]elb[0x86][0x18][0xc4][0x80][0xba][0x94]V]G3[\n]"
21:57:47.542 [main] DEBUG org.apache.http.wire -  << "K![0xe2][0xe3][0xd9][0xc][0xa9][0x1d]@[0xf9][0xac][0x2]z[0xe8]#w[0x92][0xcc][0x10][0xf5]:[0xad]C[0xf][0xa9][0x7]Cc?!J[0x1d][0xa8][0x9f][0x6]m[0xda]E[0x14]V8][0x8a][0x98]Z[0xc1]W[0x8b]Q5Ga[0x94]g[0x94][0x84][0x1f][\r]g[0xdf]L[0x90][0x16]\[0xc][0xa2][0xf0]3[0xc7](;iU"!-[0xfa][0xf0][0x3]m[0xc5]sI,[0xcd]S[0xf0]J-*[0xc5][0xdc][0xfb][0x5][0x96]/O[0xcd]K[0xcc][0xce]V(I[0xcd]K[0xcc]S[0xc8]--[0xca][0x5]/[0x9c][0x87][0xf6][0xcc][\r]-[0xf1][0xef][0x17][0x84]%1[0xb]KD[0xaa]M[0xce][0xcf]+[0xc9][0xcf][0xd0]MFl[0xba]E[0x1f]urK,[0xce][0xc8][0xcc][0xcf]KL[0xca]IE[0x1d]kB[0xda]N[0x9]v[0x1b][0xc2][0xed][\n]"
21:57:47.542 [main] DEBUG org.apache.http.wire -  << "[0x89][0x95][0x89][0xb9][\n]"
21:57:47.543 [main] DEBUG org.apache.http.wire -  << "[0xe9][0xf9]E[0xa9][0xe0][0xdd][0xab][0xa8][0xcd]i[0xb0]Z*[0xf9][0x3][0x91][0xce][0x9][0xfb][0x3]S[0x5][0xd2][0xee]`c[0x13]s[0xba][0x95][0xd8]H[5[0xa1]i[0x9e]f[0xa9][0xb][0x11][0xcf][0xb4][0xb6][0x89]n[0xed][0x1a][0xba]-[0x6]3AZ[0x91][0x11][0xe1][0x94]_[0xa1][0x80]Y[0x86][0xd2][0xbf]dGZ[0xa5][0x81][0xc3]M[0x88]m[0xf0][0x8][0xd7][0xd1][0xaf]-g[0x81][0xc8][0x91][0x83][0xd3]}tK[0xa7][0x96][0x88]V-[0x8e][0x90][0x18][0x88][0xf8][0xb1]D[0xb4][0x80][0x7][0x93][0xab][0xe8]V[0xf6]"-[0x92][0xc1][0xbe][0x4]i`[0xb3][0x8f]%[0xa2][0xe1][0x8b][0xdd]y[0x3][0x92]f[0x90][0xf3]4[0xb6][0xc3]<[0x6]4[0xcc]L[0x91]V![0x91][0x16]f4l[0xd7][0x9a]"-X[0xa2]m[0xcd]kj[0x80][0xc8];[0xd8][0xbd]?[0xc0][0xb1][0x83][0xe8]4bw[0xde][0x0][0xa4]hS[0xd0][0x1]%[0xd0][0x1]OZ[0xc7][0xe][0xe5]y[0x87][0x96][0xc9][0x14]i[0x95][0xd4][0xe0][0x89][0x1d][0xa4][0x95]T[0xd8][0x1d]5[0xb0])[0x1a][0xe9]8[0x5][0xec][0xce][0x1b][0x88][0x14][0x8d][0xe5][0xd0][0x5][0xda][0x8c][0xe4][0x9b]"[0xad]U[0xa0]q[0xde]1DT[0x86][0xb4][0xb6][0x89]^[0xfd]$S[0xa4][0x15]n4[0xf6][0x13]h[\r][0x19]}[0xca]8#D[0x9b][0x92][0xd6]~[0xa2][0xd7]X[0xa7][0xa9][0x11][0xa2][0xda][0xa2][0xb5][0x9f][0xe8][0x96][0xca][0xe9][0xb6]D[0xcb][0xd4][0x8]Q[0xeb][0xd1]:[0xf4][0xe8][0xd5][0x9f]3EZ[0x13]Fc?![0xad][0xe1][0xa2][0xb5]M[0x88][0x9c][0x8b][0xbd]*[0x1b][0xd8][0x9a][0xd6][0x18][0x91][0xdd][0xb1];o jZ[0xe4]u\4[0x9d][0x5]15[0xa6][[0xc9][0x0]:7[0x5]ZWx[0x4](8[0x83]N[0xf0][0xca][0xc4][0xb2]A%'[0xb5][0xa0]$[0xbf]@[0x1]c[0x7][0x90]%[0x8] m[0xf3][0xc3]3]ejL[0xd5][0xa2][0xc1][0x10][0xf7][0x86]6S[0xa4]ER[0x3][0xb1][0xa1][0xb]yf[0x94]j[0xf6][0xe3][0x9b]@B[0x9a][0x14]4E:l[0x89][0x90][0xdd][0x88]<[0x4][0xda][0xad]Hd,"-s"d>[\r][0xce][0x93]06E:[0xb7][0x89][0xaa][0xf6][0x13][0xeb]}D[0xce][0xa4][0xaa][0xf5]DG/"[0x13][0xd1][0xcc]~[0xf4]n'J[0xf2]B[0xd4][0xba]4[0xb3][0x1f]_![0x82][0xb4]`i`[0xec]G[0x8c][0xed][0xd2][0xcc]~#<E[0x1b][0xd2]j*[0x9a][0xd9][0x8f]7[0xfc][0x11]cN[0x3]c?[0xa2]a00[0xf6]#z[0x7][0x3]c?[0xa2][0xfc][0x81][0xb5][0x10]MMi4[0x89]h[0x8a]t[0xe4][0x14]u[0xb7][0x14][0x98][0x9a]"[0x8a]1[0xcf][0xbc][0x92][0xd4][0x1c][0xf0][0x11]o%[0xd0][0x13]y[0x83]3[0xf2][0xb1][0x1c][0x9][0xe8][0x99][0x2][0xda]5U[0x9c][0xa9][0x90][0x97]XRZ[0xc]Z[0x10][\n]"
21:57:47.543 [main] DEBUG org.apache.http.wire -  << ""[0x12][0x8b][0xc9]Z[0x13]kJ[0xb7][0xd5]X[0xa6][0x98][0xab][0xb1]h[0x15]]t[MeJ[0xb7][0xd5]T[0xa6]t[[0xe3][0x4][0xde][0xcb][0xe]m[0x9][0xc3]r[0x16][0x8d][0xc6][0xd1]@[0x7][0xe2]Bm[0x82][0x9f][0xb2][0xb];[0x3][0x16][0xfb]i[0xd4][0xf0][0xe3]03[0x8b]KR[0x15][0xf2][0xf2][0xf3]@[0xe7]s[0x95]e[0xa6][0xa4][0xe6][0x95]([0xa4][0x16][0x93][0xb5]j[0xdf][0x14]i[0xfd][0x8d]Ki[0x11]h[0x8d][0x7]d[0xed]1v[0x17][0x4]C[0x97]:+[0x14][0x96][0xe6]CN[0xdd][0x84][0xac][0xcb][0xce][0xcc]#g[0xdd][0xb1])[0xdd][0x96][0xd9][0x98]"-[0xb3][0xa1]q[0xb4][0xd2]m[0x19][0x89])[0xdd][0x96][0x91][0x98]"[0x1d][0x91]M[0xeb][0xd0]C4,il[0x13][0xd2]q#[0x1][0xc1]&[0x98]y[0xbc][0xd8]D!)[0xb1][0xa8][0x14][0xd1];2[0xc6][0xbf][0xb6][\n]"
21:57:47.543 [main] DEBUG org.apache.http.wire -  << "[0xb9]yL[0xb7]%*[0xa6]H[0x87][0x96][0xd0]:[0xbc][0x10]M>Z[0xdb][0x84]h[0xdc][0xd1][0xda]&D3[0x8e][0xd6]6a6[0xd8]0[0x93][0x1c][0x15][0xce][0x15]76E:c[0x85][0xd6]~B[0xb4][0xde]hm[0x13][0xdd]J[0x5]Kz-[0xfc]4EZ[0x1e]D[0xe3][0xd0]CZ[0xf2]Ck[0x9b][0xe8]VFX"[0xca][0x8][0xaa][0x97][0xde][0x96]t+[0x15][0x90]V[0xfb][0xd0]:f[0xe8][0x95]W[0xcd][0x90][0x16][0xbe] N[0x1f]G[0x1c][0xf6][\r]>[0xda][0x8]u=[0xb0]ci[0x89]BRjbIb*|S[j[0xae]BnbEfn*[0xe4][0xee][0x95][0xcc][0x9c][0x9c][0xd2]\[0xd0][0x86]?p[0xdf][0x8f][0x9c][0xa6][0xa6][0x19][0xd2][0x81]7[0xb4][\r]j3[0xa4][0x93]nhl[0xd3][0xe0]^'aF`[0x9d][0x4][0x0][0x0][0x0][0xff][0xff]"
21:57:47.543 [main] DEBUG org.apache.http.wire -  << "[\r][\n]"
21:57:47.543 [main] DEBUG org.apache.http.wire -  << "B68[\r][\n]"
21:57:47.543 [main] DEBUG org.apache.http.wire -  << "[0x1a][0x88];[0xa0][0x8c][0xcd][0xe8][0xb5]N[0xc2][0xc4][0x4][0xa9]*I[0xcc]K[0xcc][0x6]/[0x89][0xc7][0xa8][0xf3][0x8b]K[0x8b]K[0x15]@[0xd2][0x88]v[0xa6]%[0xb1]W[0x88][0x98]R[0xf7][0xe4]2[0xdc][0xe3]}&fH[0xab]zi[0x9a][0xa6]M[0xcc][0xe8][0xe6]'s$?9[0x96][0xa7][0x16][0xe7][0xe7][0xa6]*[0x80]nX[0x1]]tU[0x82]e[0xaf]:[0xf4]^[0x1e]D<Y[0x18][0x82]:`D[0x9c]cab[0x8e][0x94][0x14]|SS2[0xf3][0x93][0x8b]RA[0xd6][0x80]7[0xee][0xe3][0xd8][0x19][0xe][0xb9][0x18][0x3]a[0x9b][0xa9]%hN[0x9d]8[0xdb][0x10][0x83][0xd3][0x88][0x12][0x18]v[0xff][0x83]3[0xae][0xdb][0x16][0x9c][0xf3]KJ[0x90][0xef][0x97][0xb1]0[0x3][0xcd][0xb1][0x10]g![0xa2][0xda][0x87]o[0xf3][0x6]o`[0xc6][0xb1][0xef][0x1f][0xea][0x16]$[0xcf][0x99][0x83][0x6][0xad][0x88][0xb3][0xb]Q[0xf1];[0xa6][0x16][0xe5][0xa7]T[0xe6]%[0x82][0xae][0xb7][0x80][0x4][0x97]B[0x8]h[0x0][0x3]#[0x93][0x81]o[0xf8]B[0xd8]fijA[0xec][0xfd]dHM[0x1][0xe8]9[0xb][0x90][0xed][0xfc]8[0xae]&C[0xb3][0xc8][0x84][0xd8][0x93][\n]"
21:57:47.543 [main] DEBUG org.apache.http.wire -  << "L[0xcc][0x91]Z[0x2][0x88]8[0x83][0xdf][0x84][0x86]}([0x14][0x14][0xc4]H[0xbe]23[0xc6]w[0x8f][0x1e][0xa2]{jb[0x8e][0xb4][0xfb][0x7][0x96][0xf2][0xe1]V[0xe1]L[0x1f][0xd0][0x1d][0xf2][0x8][0xb]-[0x88][0xed][0xf][0x9b][0x98]["Z[0x1f][0xd0]`[0xc]H,[0x0]_FR[0x92][0x9c][0x81][0x11]][0xb0][0xc6][0x2][0xc2]*[0x13]K[0xd0]I[0x2][0xc4][0xa4][0xf][0xb][0xa4][0xc5][0xc0][0xf0][0xac][0x6]=[0x1b][0x3][0xa7][0xd7] G[0x12] [0xac]32[0x6]5b[0x88][0xb2][0xe]i"[0x86][0xb6][0x5][0xa3][0x85])[0x9d]z[0x90]&[0x16]H##4[0xf6][0x13][0xd2]8[0xc9][0x0]L[0xa3][0x98]X [0x8d][0x9e]P[0xcd]~[0xe2][0xa6]pM,[0x90].Y[0xa3][0x9a][0xdd]DO[0xe0][0x9b]X [\r][0x13]P[0xd5]z[0xa2][0xbd][0x8f][0xe8][0xd2][0xd3][0xcc]~[0xdc]3[0xd8]&[0x16]HU2[0xcd][0xec][0xc7][0xd3][0xa2][0xb2]@[0xea][0xfe][0xf][0x8c][0xfd][0x88][0x95]_[0x3]c?[0xa2][0xcd]00[0xf6]#[0xda][0x11][0x3]c?b[0x90]a`[0xec]GT'[0x3]a[0xbf]%[0xbd][0xd6][0xb6][0x99]X"[0xad]m[0xb]I[0xcc](UH*[0xcd][0xc1]r[0xc6][0xf][0xbe][0x93]0[0x88]=[0xf5][0xc1][0xc4][0x92][0xba][0x8b][0xdb][0xf0][0x94][0x1f][0x96]HU[0x17]m+ipw[0x14]:OIS[0x9b]L[0xc1][0xed]I[0xa8]M[0x83]e[0xb9][0xa7][0xa9][0x1][0xd2]p[0xce][0xe0]q[0x14][0xd2][0xc8][0xf]4N[0x8a][0xf1],'@?[0x91][0xd7][0x98][0xc8][0x11][0x6]S[0x3]CD-[0x11][0x92]X[0x94][0x99][0x91]_[0x94][0x8][0xba][0x82][0x14]u[0xfc].,[0xb3]83?O[0x17]tde^Ij[0x8a]Br~Fj[0x11]hN:1[0x7]t[0x8d]wI[0x6][0xe8][0xa2]Q[0xe8][0x9][0x5]F[0xa6]D[0x1e].nj[0x80]4|D[0xbb][0x11][0xb5][0x3][0xfd][0xed]F[0xd4][0xc][0xf4][0xb7][0x1b]Q+[0xd0][0xdf]n[0xc4][0x1e][0x1c][0xfa][0xdb][0x8d][0xe8][0xa0][0xd2][0xdf]nDK[0x98][0xee]v#[0xed][0x11][0xa2][0xbf][0xdd][0x88]a*[0xfa][0xdb]=[0x80][0xe5][0x1a][0xd2]U|[0xf4][0xf7][0xf7][0x0][0x96]kH;[0xaa][0xe8][0xef][0xef][0x1],[0xd7][0x90]v][0xd1][0xdf][0xdf][0x3]X[0xae][0x19][\r]`[0xb9][0x86][0xb4]W[0x8b][0xee]a[0x8e][0xb4]{[0x8b][0xfe]v[0xf]`[0xb9][0x86]tX7[0x9d][0xfd]ml[0x8a]4[0xa2][\r]m[0xf][0xe3]i[0xe]Sr[0xea][0xa7])[0xa8][0xe9][0xc][0xed][0xa3][0xd0][0xd6]&3[0x3]D\[0xd2][0xda]&D[0xad]@k[0x9b][0x10]m[[0x1a][0xdb]D[0xb7][0xbd][0xe3]fH;[0xba][0xb1]w[0x10][0x7]t[0xf][0xa5][0x19]R[0x13][0xf][0xbb][0xf3][0x10][0xf3][0x1e]t;%[0xca][0xc][0xe9][0xda][0x12][0x1a][0xa7][0x3][0xa4][0xd6]V@[0xb0][0xa1][0x1][0xc6]d[0x13][0xf1][0xe3]>x[0xee][0xdb]03[0xa2][[0xe]B[0xba][0xd9]c[0x88]]Bml[0x86][0xd4][0x12][0x82][0xcf][0x13];[0x15][0xe5][0xe7]U[0xa5]*`_n[0xe][0xb9][0xe7][0xaa]([0xb5] 5''5/[0xa5][0xb4]X!19[0xb9][0xb4]8[0x11]tp}a)Y[>[0xcc]@[0xd3][0xe8][0xd0][0x2][0x1c]}[0x82][0x10][0xc7]T[0xbc]#[0xd8][0xce][0xbc][0x92]L[0xd0]A[0xf4]%[\n]"
21:57:47.543 [main] DEBUG org.apache.http.wire -  << "[0xf9][0xe0]3[0xdb][0x13][0x15][0xca]Rs2K[0x14][0xf2][0xf2][0x93]2[0x8b][0xc9]Z[0x91][0x84][0xd4]>[0x1a]r1[0x89][0xd4][0xbe][0x1a]znG[0xf4];[0x87][0x9e][0xdb][0x11]m[0x82][0xa1][0xe7]v[0xc4][0x8c][0xf][0x8d][0xcb]|[0xa4]c[0x3]<[0xf3][0x92][0x8b]RS2[0x93]rR[0x15]`%MN~2[0xe6][0xd9][0xaa][0xae][0x89][0xf0]c[0xfc][0x15]R[0xf3]2![0x8b][\r][0x8b]A[0xf9];[0xb5]89[0xb3]4[0xaf]D![0xa5]4[0x19]|aFJ~N~Qj.YY[0x9e]nG[0x7][0x98]!Mz[0xd0]:[0xb0][0x11][0xdd]<[0x1a][0xdb][0x84][0xb4][0xe7][0x9c][0xd6]6[0xd1][0xad][0x99]j[0x82][0x18][0x98][0xa0]I[0x86]Fo[0xb4][0xc0]N[0x0]F>[0x9c][0xc0]=17[0x13][0xcb]1[0xbd][0x88]f[0xab]BAiQA~qj1[0xca][0xf1][0xbf]f&[0x88][0x1][r[0xe3][0x83][0xb8][0x15]K[0xc6]f&[0x88]q[0xc]r[0xad]"ng[0xbf][0x19][0xd2][0xce]rZ[0xdb][0x84][0xa8][0x87]hm[0x13][0xdd]J^[0xa4][0xb]*h[0xed]'[0xca][0x13][0x1f][0xb1])[0x82]n[0x5][0x1c]h[0x11]$[0xb4]iJ[0xe3][0xd0][0xa3][0xdb][0xed][0x4]fft+JA[0xb7]P[0xd3])[0xf4][0xe8][0x96]"[0xe8][0xb6]m[0xd5][0xc]i[0xdb][0xaa]G[0x81]BXfY[0xbe]B[0xa4][0x91][0x11]Fw97573'3;S[0xa1][0xb8] [0xb5]83-3[0x1b]tf}eb^[0xba]Bb[0x1][0xf8]&;[0xe8]<[0xaf][0xb1][0x1][0x18] e1[0xf4][0x9a][0x8][0xb1] [0xd5][0xd8][0xcc][0x9c][0x94][0xee]3[0xfa]l6[0xfe][0xd5][0x19][0xd4][0xab][0xf0]LL[0x90][0xee][0xef][0x86][0xe6]Oc[0x8c][0x0]"~<[0x1][0xcf][0xea][0xe][0x13]KR[0x2][0x84][0x82][0xf1]L[0x13][0x13][0xa4][0x85][0xc7][0xa0]m[0x8]4[0xd8][0xa5][0x80]t[0xc4]([0x99][0xeb]o[0x88]\Sh[0x8a][0xb4]*[0x82]L[0x9b][0xf0][0xa7]%D[0x92]51E[0xda]GB{[0xbb][0x10][0x8d]Dh[0xba][0xa3][0xcd][0xe8][0xb6][0x89])[0xd2]E[0xcf]4[0xb6][0x9]i[0xfd]#[0xad]mB[0xf4][0x99]im[0x13][0x9d][0xda]Y&[0xa6]t+[0x1f]L[0x91]v@[0xd0]:[0xf4][0xe8][0x96][0xca][0xe9]5[d[0x82][0xbc][0x19][0x12][0x1c]zf[0x6][0x6][0xa4][\r]A[0x83][0xe7][0x9b][0x88][0xd9][0x89][0x80]m[0xba]H[0x17]so[0x5][0xbe][0xea][0xc9][0x18][0xb4]w[0x82]8[0xbb][0xd0][0x12]:-[0xbd][0x85]Y[0x13][0xea][0x96][0x93]T[0xeb][0x92][0xe0]-[0xcc][0xb6][0xaa]n[\n]"
21:57:47.544 [main] DEBUG org.apache.http.wire -  << "[0x15][0xed][0x82][0xb6]E[0x8c]-@;u[0xa0]M[0xd5]tp[0xe7][[0xd7][0xc][0xc3][0x9a][0xb4][0xfc]"[0x5][0x88]$[0xd6][0xee][0xb7][0x89][0x19][0x96]3[0xcc]u[0xcb]0[0x8c]!?[0xc2][0xa9][0xeb]Z[0xa4][0xf5][0xf6][0xe0][0x9c][0x10][0x10]L[0xa3]:[0xcc][0x8c]ne[0xa3]9[0xd2][0xc6]z[0xf8][0x9]>[0xce][0xf9][0x5][0xa0][0x9d]M[0xce]X[0xf6]9[0xa3][0xed][0xe]32[0x2][0x8d]j[0x10][0x93][0xdf],[0x90][0xa6][0x82][0xc1][0x97]'[\r][0xe5][0x8b][0x96]L,[0x90].,[0xa0]mR[0xb0][0xa0][0xd7][0xa1][&[0x16]HW[0x5][0x11]ZN[0x8f][0x98]o%e[0xbb][0xe][0xa2][0x18]$d>[\r][0xce][0xdb]4[0xb1]@Z[0xf6][0x80]1u[0x87]%[0xa9];[0x96][0x96][0xa4][0xe6]B[0xae][0xf2]M-V(K[0xcd][0xcb][0x4][0xdd][0x93][0x9b][0x9f]SZ[0x92][0x8][0xdb][0xd8][0x9f]\Z[0x90][0x99][0x92]Y[0x92]X[0x92][0xaa][0x90][0x9f][0x9c][0x9c][0x98][0x9a][0x9c][0x88]r[0xaf][0xb1]9R[0xd7][0x11]OO[0xc9][0xd2][0x0]Qf[0xf]D[0xc0]X"[0xcd]5@[0x13][0xb3][0x5]Ie0[0xd1]=[0xe]KzM[0x1e][0x98]X"UO[0xb0]3[0xc1][0xa0][0x93]'[0xd8]o$[0xe]I[0xcd]-[0xc8]/[0x2]_D[0x9c][0x9b][0x98][0x99]_[0x94]Z[0xac][0x0][0xb9][0xc3]:[0xb1][0xb4][0x4]tB_"[0xe8]nq[0xa4][0x9][0x13][0xd0]<0[0x11][0xe5][0x9e][0xa9][0x1]R[0xb9][0x7][\r]\[0x1c][0x95]FyfI[0x86]BVjq[0xb1][0x2][0xac]3[0x8c][0xc8]e[0xc4][0xaf]vG*[0x98][0x2][0x8a][0xf2]SJ[0x93]1/_[0xce][0xcc][0xcb]THI-[0xce].[0xca],([0xce][0x4][0x1d][0xbf][0x96][0x2][0xbe][0xa8][0xf]:[0xea]A\G[0xd5][0xd4][0x0][0xa9][0xea][0xa6][0xad]EH[0xa9][0x93][0xce]k[0xb2]L[\r][0x90][0xd2][0xeb][0xe0]Yx[0x2][0xda][0xb2][0xf]myAC^[0xc1][0xb1]4'3Q[0x1]s$[0x7][0x14][0xd5][0x5][0x90]d[0xa0][0x90][0x8]WCRL[0x1b][0x9b][0x99][0xd3][0xa9]Sclf[0x8e][0x98]"[0xc1][0x1e][0xdc][0x88][0xf9][0x1c]D[0xde][0xa0][0xdf][0x8a][0x1f][0xa4]M[0xc5][0xd8][0x9d][0x87][0xcb]Q[0xe8][0x9b]8[0xa1][0xcd]R#j[0xcc]`![0xed]?[0xc6][0xee][0xa8][0x1][0xe]3D7[0xb][0xbb][0xf3]p[0x85][0x19]z[0x85]I[0xd5]0C[0xb4]D[0xc0]9([[0xc1]=35[0x7][0xa3][0xce][0xb]I-.[0xc9][0xcc]KG[0x14][0x96][0x8][0xb7][0xa2][0x1d][0x16][0x8f]o`[0x18]i[0x93]4[0x92]e[\n]"
21:57:47.544 [main] DEBUG org.apache.http.wire -  << "[0xd9][0xa9][0xba][0x98]C[0xd3][0xc4][0xdb][0x88][0x1e]<[0x88]q=c3[0xd0][0xd1][0x10][0xc8][0x5][0x4][0xc4]{ [0x1b]1K[0x8]*[0xd9][0x88][0x98][0xc9]r+-[0xca][0xcb],)-JU[0x8][0xc9]/[0xc0][0x8]R[0x84]lJbQ[0xa6][0x82]WjAbQ""X[\r][0x89][0xdc]Ye[0x8c]|[0xc6][\n]"
21:57:47.544 [main] DEBUG org.apache.http.wire -  << "8T[0x93]Kh[[0x8]"[0xf5][0xfd][0x10]~[0xa0][0xa9][0xf][0x91]zf[0xf8][0x1b][0xe][0x19][0x89][0x88]&C1",[0x89]m[0x95][0x19][0xd3][0xad][0xb7]il[0x86]4ROk?![0xaa][0x12][0xda][0xda]d[0xe][0x1a]q[0x82][0xe6]6Z[0xdb][0x84](Kim[0x13][0xbd][0xaa]|s[0x3][0xba][0xc5][0x13][0xd2][0x1c][0xe][0x8d]C[0xf]i[0xc7][0xa9]g[0x80][0x87][0xbf][0x9f][0xab][0x82][0xa1][0xa9]B@[0x90]?Fi[0xe8][0xe1][0xea][0xe7][0x1e][0xe0][0xef][0x87][0xc8][0xb3]&[0xa0][0xa5][0x1b]Dt+[0x8c][0xcd][0x91]v[0x96][0xd2][0xda]7[0x88][0xde])[0xed]|C[0xb7][0xf4][0x86][0xb4][0xd2][0x9d][0xc6][0xe1][0x86][0xb4]h[0x9d][0xd6]6[0xd1]iv[0xc8][0xd8][0x9c]nk[0xc4][0xcd]A[0xfd]kh[0xa9][0xea][0x96][0x98]W[0x92][0x8]>g[0xc]zB[0x96]Ob.f[0xcb][0xc2][0xb5]D!#3Y!3''[0x1f][0xa9][0x9b][0xe]Z[0x8e]BT~BZR[0x9d][0x94]X[0x9c][0x9a]R[0x94][0x96]Y[0x81][0x91]_[0xc1]2[0xa9]i[0x89][0xa5]9%)E[0x88]\kf[0x9]:[0x81][0x9c]8k[0xe8][0xb5][0xec][0xc2][0xdc][0x18][0x91](h[0xb3][0x18][0x2]O[0xb][0xd4][0x1c]i[0x1f][0x15][0x8d][0xd3]>[0xbd][0xce][0xe0]06[0xa7][0xdb]rTsz[0x9d][0xc0]alnB[0xaf][0xf5]{[0xe6][0xa0][0x83][0xf8][0xa0][0xf9][0x99][0xc6])[0x82][\n]"
21:57:47.544 [main] DEBUG org.apache.http.wire -  << "K:[0x89][0x1a][0xb7]56[0x7]uV[0xa0]~[0xa2]Y[0xcd][0x8]j[0x10]@[0xed][0xa0]66E$[0x8f][0x1][0xb0][0x1c]Q[0x80][0xd1]8[0xc5][0x98]"[0x86][0x3]hm[0x13][0xa2][0x9d]3[0x0][0x1][0x8a][0xe8][0xa4][0xf][0x80][0xe5][0x88]v[0xfe][0x0]X[0x8e][0xa8]u[0xe9]o9[0xd2][0x4][0xde][0x0]X>[0x90]9[0x18][0xe9]n[0x1d]z[0x8c][0xd1][0x98][0xd3]mE[0xb0]9[0xdd][0xee][0xf2]1GZ[0x11][0x8c]}[0xfc]t@[0x87]w[0xcd]A[\r]_h[0xf5][0x84][0xdd]y[0x88]V2[0xdd][0xc6][0xe9][0xcd][0xe9]v%[0x8f]9[0xd2][0xda]f[0xec][0xde][0x1f][0xd8][0xd8]AZ[0x10][0x8d][0xdd]y[0x3][0x12];[0x88][0xda]v[0x10]9[\n]"
21:57:47.544 [main] DEBUG org.apache.http.wire -  << "Q1cw[0xd4][0x0]G$[0xa2][0xf6][0xc4][0xee][0xbc][0x1][0x89]HD[0xad]:x[0x1c]5[0xb8][0xa7][0xc3][0xcc][0x91][0xd6][0xd8][0xc][0xa2]0C[0xe4]H[0x97][0xd2][0xec]R[0xcc][0xd3][0xf1][0x10][0xa9][0xb][0xb4]J[0x92][0xc8][0xde][0x11][0xd2],[0x14]v[0xaf][0xe]l[0x96]B::[0x1f][0xbb][0xf3][0x10][0x9e][0xa6]_[0xcd][0x85]ts[0x0]vG[\r]l[0x98]!-x[0xc7][0xee][0xbc][0x81][0x8]3[0xa4][0x1d]-[0xd8][0x1d]5[0xc0]a[0x86][0x18]>[0xc7][0xee][0xbc][0x1][0x9][0xb3][0xc1]][0xdd]![0x9d][0xb5]?[0x88][0xc2][0x8c]Pu7[0xa0][0xe9][0xcc][0x2]t[0xdc][0xff]`k[0x89]#/[0xfa][0xa5][0xc9][0xd6]p[0xf4]1h*.[0x12]A^[0xe2];[0xf4][0xdc][0x8e][0xa8][0xd1][0xb1]g[0xa0][0x1]N[0xab][0x84][0x8a][0x9f][0x1]([0x13]-[0xe8]v[0xbb][0x96][0x5][0xd2]q[0xcc]t[0x1f][0x11][0xb2]@[0x9a][0x6][0x1f][0x8c]I[0x3]i[0xee][0x1c][0xbb][0xf3][0x6]"i M[0xb6][0xf][0xb9][0xa2][0x0]i[0x93]'[0xf6][0x0][0x1d][0xd8][0xa2][0x0][0xe9][0x8c];[0xec][0xce][0x1b][0x90][0xf8]F[0x8c][0x94][0xd3]vB[0xc0][0x2]i9[0xc2][0xd0]KY[0x88][0x6][0x11]8[0x94][0x1c][0x8b]2[0xd3][0x13][0xf3]K@[0xd7][\r][0xa3][0x1e][0xae][0x8e]o[0xff][0x16][0xd1][0xab][0xd4],[0x90][0xd6]S[0xc][0xb9][0xa0]B:+[0x90]>[0xab][0x7]-[0x90][0xce][0xc][0x4]G[0xe][0xad][0xf6][0xaa][0x19][ [0xad][0x9][0xa1][0x97][0xdf][0x10][0xcd][0x7]Z[0xfb][0x8d]n[0x5][0x1][0xd2]Iz4[0xf6][0x13][0xd2][0xb9]w[0xb4][0xb6][0x9]1[0xf9]4[0xe4]r,[0xd2][0xfe]![0x1a][0x87][0x12][0xd2][0xf1]Y8mBT[0x82][0xc4][0x97][0x97]H[0xeb] [0x14]0V2Q[0xa7]HFZ[0x0][0x81][0xd3][0xe9][0xd4][0xb1][0x9]i[0x19][0xc4][0x90]KJH[0xab](h[0x1d]J[0xf4]Z2aaJ[0xaf][0xa5][0xc8][0x16]t[[0x9c]aA[0xb7][0x83][0xbf][0xe8]v[0xf][0xa2][0xb1][0x85])[0xdd]*0SDkp[0xc8][0xe5]P[0xa4]%[0x1a]C[0xcf][0xed]C[0xb8][0x92]EZ 2[0xf4][0xc2][0x1d]Q[0x2][0xe]=[0xb7]#[0x1a][0xd0][0x99]y)[0xf9][0xb9][0x99][0x98]wE'f[0x97]*[0x14][0x97]f'* [0x14]@[0xb7][0x8d][0x1a][0x81][0xef]8#f[0xb5][0xb3][0x5][0xd2][0xe2][0x15]h[0xcd]gHRK[0x84]n[0x13]o[0x16]f[0x88][0x9]v[0x9c].E4[0xc2][0xf0][0xed][0x91][0xa6][0xe6][0x10][0xb4]9z}^l[\n]"
21:57:47.544 [main] DEBUG org.apache.http.wire -  << "[0xda][0xe0][0x85][0xa3]w[0x8d]~[0xa8][0x9c][0x99][0x19]qWD[0x1b][ M[0xd5]"[0xa2][0x1b][0xd5][0x16][0xaa][0xa4][0x7][0xa4][0xb][ik[0xf]"6ik[0xf][0x0][0x0][0x0][0xff][0xff]"
21:57:47.544 [main] DEBUG org.apache.http.wire -  << "[\r][\n]"
21:57:47.544 [main] DEBUG org.apache.http.wire -  << "3AB[\r][\n]"
21:57:47.544 [main] DEBUG org.apache.http.wire -  << "B[0xd4]y4[0xb5][0x7]i[0xde][0x95][0xb6][0xf6] [0xd2][0x1b]m[0xed]Aj[0x95]T[0xe6][0xa5][0x16][0xa5]g[0x82][0xb7]w[0x80][0xf][0x97][0xc1]q[0x8c]>[0xe8]Z{D[0x6]4[0xb2][0x4][0xed][0xaa]%[0xa6][0xc][0xb2]D[0xda][0x9e][0x87][0xb8][0x95][0x1c]d[0x9a][0x2][0x8e][0x9b][0xdd]a[0xd7][0x88]#l37[0x7]eD[0xe2]lC[0xd4][0xc6][0xc1]9[0xa9][0xa9][0xd9][\n]"
21:57:47.544 [main] DEBUG org.apache.http.wire -  << "[0xd0]+[0xc7][0x15]p[0xdc][0xb6][0x8e][0xe5][0x9e]p[0x3][0xd0]6s[0xe2],C[0x4][0xe3][0x10][0xab][0x82]LL[\r][0x10]3T[0xd0][0x2][0x17][0xc7][0xb1][0x18][0x14][0xee]n51E[0xda]aH[0xf3]S[0xe][0x91]fv[0xf0][0xd8][0x85]HY[0xc4][0xf6][0xe6]ML[0x91][0xe6]E[0xf0][0x98]L[0x8d][0xce][0xb6][0x89][0xa9]![0xa2]X[0xa3]q[0xdc] [0x8d][0x8b][0xe][0x96][0xd1][0x13]Sz[\r][0x9d][0x9a][0x98]"]'G[0xeb][0x80]F[0x14][0x15]4[0xb6][0x9]i[0xed][0x86]/[0xe8][0xf8][0x91][0xe0][0xfc][0xe4][0xe4][0xd4]"[0x5][0xcc][0xb3][0xe][0x92][0xf3][0x93][0x12][0x15][0x92][0x8b]RA[0xa7]'[0xc1][0xce]([0x1][0xa9][0x82]63[0xc1][0xfb][0xaa][0x89]([0x6]M[0xc0][0xc7][0xb]BW>[0xd0][0xc7]F3[0xa4]:[0x5][0xd9]F[0xcc][0xd3][0x15][0xb0][0xf9][0x11][0xa4][\n]"
21:57:47.544 [main] DEBUG org.apache.http.wire -  << "[0xab][0x1f][0x8d]u[0x94][0x9c][0x13]KRA[0xf7][0xcd][0xa6][0x16]+YE#[0x8e]t01Cj[0x1][0xd0]6[0xfe][0xcc][0x90][0x8e][0x1d][0x8]H[0xcc]I[0xf4][0xc9][0xf7][0x1][0x9d][0xcf][0x80][0xda][0x18][0x84][0x17]3[0xe8]MN#KK[0xd0][0xd6]?b[0xa2][0xcd][0x2][0xa9][0x6][0xf0][0xcc]+(-Q[0xc8]K[0xcc][0xc5][0xec][0x87]@[0xa4]RR[0x8b][0x93][0x8b]2[0xb]J2[0xf3]A[0x8b][0x13][0xa1][0xa1]Gt[0xe1]i[0x81]t[0xc0][0x16][0xc4]<[0x1a]Z[0x85][0xe8]Z[0xd1]6[0xa2][0xe8][0xb6]^[0xc1][0xc4][0x2][0xa9][0x9b][0xee][0x91][0x9a]XV[0xa9][0xe0]RZR[0xa9][0x10][0x9e][0x9f][0x9f][0x92][0x9a][0xa7][0x10][0x9e]X[0x92][0x8c]yF[0xa7]s~nn~J[0xa6]BjbQi[0xae]Br~^qjaii^Ii[0x91]Bi[0x89]Bb[0x8a]B1[0xe8]>[0x92][0xd4][0x12][0xa4][0xad][0xba]F[0xa0]\ET[0xca]A:[0xfb]t[0xa8][0xb5]{,[0x90][0x8a]G[0xda][0xa6][0xf]K[0x13][0x3][0x1d]%h[0xb1]8[0xd4]B[0xc9][0x12]i'[0xf]b[0xf7]7[0xac])[0xed][0x9d][0x97][0x99][0x86]YP`6[0xdb]-[0xcc]@[0xf3][0x13][0xc4][0xa4](K[0xa4][0x13][0xfe][0x1d]S[0x8b][0xf2]S*[0xf3][0x12]s3[0x93][0x15][0x9c][0xf3]KJ[0xf2][0xf3][0x14][0x2][0x12][0xf3]J0[0xfb][0xdd][0x90]S2[0x11]m9[0xb][0xa2][0xcf][0xc2][0xb4]D[0x1a][0x17][0x9][0x8]6[0xc1][0x1c][0x12])6QHJ,[0x2]M[0xa4]C[0x8b]:cb[0xc7]\L,[0xe9][0xb5][0xf9][0xc5][0xc4][0x92][0xa4][0x13][0xef]ag[0xda][0x81][0xc2][0x11][0xea])[0xa2][0xcb]oK[0xa4][0x13][0xcf]h[0x9c]i[0x90][0xd6][0xe7][0xd3][0xda]&D[0x7][0x8][0x91][0xc4]!=`[0xec]E[0xaa]OjbIF*[0xd2][0xb1][0x3][0xc6][0x6][0xa0]tDT[0xfa][0x6][0xf5][0x96][0xa1]e[0x1]R[0x9][0xe][0xeb]|[0xe2]H[0xe0][0xa0]N2"y[0x9b][0x1b][0x82][0x16][0xc8][0x11]g[0x1b][0xa2][0xe]t,O-[0xce][0xcf]MU[0x80][0xe5]N[0x5][0xec][0xa7]/[0xc2]\[0x82]d[0x9d])[0xb1][0xd5][0x81]%[0xd2][0xa8][0x12][0xfc][0x8][h[0xe5][0x84][0xf5][0xa4][0x88][0x80][0x1c][0xf0]i[0x12][0x8][0xbb][0x8c][0xc]A[0xe5][\r]q^C[0x8c],![0x17][0x14]P#[0x15]B[0x12][0x93]r0[0x8b]&L[0xdf]Y[0x98][0x81]v[0xde][0x13]g#[0xa2]3[0x16]T[\n]"
21:57:47.544 [main] DEBUG org.apache.http.wire -  << "[0x19]&[0xc9][0xcc][0xc9]V[0xf0]H[0xc4]<[0xd8][0x11][0x16][0xc8]H>3#r[0xe4][0xc2][0xc4][0x12][0xe9][0x80]+[0xcf][0xbc][0x92][0xd4][0x9c][0x9c][0xcc][0xf4][0xd4][0xbc][0x12][0x5]P"Pp[0xce][0xc7]b[0x1b]$[0x88][0x11]v[0x99][0x98][0x83]zsD[0xf9][0x9][0xa9]5[0x8b][0x94][0x1c][0xa1][0xa7]{`O[0xfd][0xe8][0xa5][0xad][0xa9][0x9]hj[0x8b]8[0xdb][0x10][0xa3]Z>[0x99][0xe9][0x19]%[0xe5][0xa9] R![0xa8]4))[0xb5][0x8]G[0x94][0x5][0x97][0xa4][0x82][0xf][0x84][0x83][0x16]U[0x16][0xa6][0xa0][0xe3]4[0x88][0xb3][\r]1/[0x0]?e[0x16]Z[0x8f]`[0xaf][0xb8] [0xee]@[\n]"
21:57:47.544 [main] DEBUG org.apache.http.wire -  << "G3CS[0xa2][0xb6][0xd8][0x98]X"[0x1d]l[0x1f]P[0x94][0x98]\[0x92][0x99][0x9c][0x98][0x3][0xf3]W@Nb[0x9]fR[0xc4][0x88]4[0x13][0xd0][0xc2][0x13][0xe2]<F[0xaf].[0xa4]%R[0x1b][0x9]vv+[0xc4][0xdd][0xb8]F[0xd1][0xd0]c[0xcb][0x80][0xc8][0x10]45[0x80]vB[0x0][0x0][0x0][0x0][0xff][0xff]"
21:57:47.544 [main] DEBUG org.apache.http.wire -  << "[\r][\n]"
21:57:47.545 [main] DEBUG org.apache.http.wire -  << "3DF[\r][\n]"
21:57:47.545 [main] DEBUG org.apache.http.wire -  << "JU[0xb2]R[0x82]nQ[0xc6][0xa8][0x8d]A[0x9d]X*[0x1c][0x97][0x8a][0xd8][0x6]Bc[0x8b]0[0xa2][0xa9][0x18][0xcf][0xc8][0x1a]z[0x7][0x8e][0x84][0x83]f[0x11]%![0xb4][0xa6][0xa4][0x85]=[0xc6][0x16][0xa0][0x8c][0x7][0x8d]![0xa8]=x[0xbc]CA+[0xc3][0xd8][0x2][0xe9][0xa0]YZ[0xdb][0x84][0x8];[0xe2]k[0x11][0xd7][0x8a][0x82]T[0xd0]a[0xd3][0xa0][0xe]TYj[0x8e]Br~[0x11][0xe8][0xc4]b[0xb2].n[0xb5]@[0xea][0x1c][0x4]#[0x8d][0xc0][0xfb]d[0xe6][0xa5][0xe6])8%[0xa6]c[0xe4][0x2][0xd7][0xe2][0x12][0x85][0xd4][0xa2][0xa2][0xfc]"[0x85][0xbc][0xcc][0x8c][0xcc][0x1c][0xe8][0xcd][0xb1][0xc5][0x99]y%[\n]"
21:57:47.545 [main] DEBUG org.apache.http.wire -  << "E[0xa9][0xa0]>^iNN"Y7JZ[0x80][0xaa]B[0xfa][0xc4][0xb0][0x9][0xa2]&[0xa0]q[0xc][0xd3][0xed][0x9e]G[0xb][0xba][0x1d][0xac]ca[0x82]([0xc2]h[0x1c]z[0xa6][0x88][0xfc]1[0xc4][0xba][0xae][0xc6][0x16]H'"@Ci[0xb0][0xce]yc[0xf6][0x14]1][0x8a]h[0x96][0xd0]m[0xce][0x1b]i[0x6]-?[0xaf]R[0x81]v[0xb][0x97]1[0xfb][0xaf][0x98][0xfe][0x87][0x8f]tb[0xa9]Y[0xe8][0xb7]:[0x1][0xb3][0xff][0x8b][0xe9][0xd2][0x1][0x88])D7o[0xb0][0xa7]t[0x8c]6[0xd1][0xa0][0x8]?D)[0x87]}[0xf2]k`w[0xe6][0x80][0xa6][0xa1][0xa1][0xd5]2v[0xe7]!R[0x1c][0xfd]r[0x2][0xd2][0xf1][0xe]4][0xa1]`[0x81][0xd1]R[0xc0]L1[0x83][0xa3]l[0xc0][0x1c][0xb1][0xc2]t)"[0xa6][0xe8]U[0x8a][ F[0xb7][0x6]y[0xd9][0x80]44[0x86][0xd3][0xa5][0xf4][0xf]?KD[0xf8][0xd1]4[0x9d]#[0x1f][0xc8][\r]^[0xaf][0x2][0x1b][0xab][0xc2]1[0xaf][0x83]1[0x8]iadJ[0xec]*3[0xa4]n=dmLx~~[0xe][0xae].=[0xcc][0x1d][0x88][0xa0]72[0x2][0x95]HD[0xc]U[0x18]#[0xdf][0xf4][0x83][0xdc][0xbb][0x9][0x6][\r][0x9c]9[0xe7][0xe4]'gcto w[0xc3][0xa0]XF[0xa4][0xb7],[0x91].xA[0xc][0xe4]B[0xcc][0xc3]>p[0x16][0xc][0xb9]C([0xb5]D[0x1]q[0x10][0xd2]<[0x98]![0x91][0x3][0x9f][0xc6][0x96]H[0x83][0x17][0xc8][0xde][0x84][0xc][0x95])`[0x1f]m[0x82]8[0xc][0xe1]Q[0xb]KP[0x7][0x9b][0x98]PE[0xbe][0xa6]h[0xa8][0xb5][0xca]-[0x91]n[0xab][0x81][0xa4]=[0xe8]`#[0xf6][0xa9][0x1d][0xf4]!9S3s[0xe2][0xee]r2[0xb6]DZm[0x4][0xb1][0x8][0x96][0x90]q[0xc][0xb2][0x7][0xa0][0xf]F[Z[0x98][0x1a][0x11]5[0xfc]gl[0x89][0xb4][0xda][0x8]y[0x18][0x1]n[0xa3]wjeR~b[0x11][0xe6][0xf5][0x18][0xb9][0xd8][0xc]|[0x9e]8Q[0xa9][0x0]i[0xff][0xf8][0x90]K[0x5]H[0x97][0xeb][0x6][0xe7]&[0xe6][0xe4]([0xc0][0x83][\n]"
21:57:47.545 [main] DEBUG org.apache.http.wire -  << "{[0xa9][0x80]%r@[0x9][0x89][0xb8]pB[0xb4] [0x90][0xc7][0xd3]!#,[0xd8][0x93][0x1d][0xda]0[0xa6][0xb9][0x5][0x91][0xc3][0x98][0xc6][0x96]H[0x1b][0xd4][0x91][0x6][0xd4][0xe1][0xbe][0xc3][0x99][0x10]@[0xa3][0xfb][0x88][0xb2][0xc0][0x1c]<[0x14]C[0x9c][0xef][0x10][0xf5][0x93]ojJf~r[0x11]h[0x8e][0x7]<[[0x8a]c[0xa5]#$[0xc3]!,3[0x1]g[0x15][0xe2],C[0x1a]x@[0x1a][0xac][0x2]9^[0xc1])5[0xf][0xcb][0xf2][0x3][0xcc]R[0xe][0xb4]f[0x80]8[0xcb][0x10][0xbd][0x1a][0xc4][0x98]:[0xc4]<[0xac][0x93].[0xd0]Yi[0x84][0xc7]L[0x8d]A;[0x95][0x89][0xb3][0xb][0xa9]_[0x2]N[0x8f][0x1][0x89][0xa0][0x8b][0x17][0xb1][0xcf][0x80][0xa0][0x7][0xa0][0x91]1h[0xe7]-q[0xf6] z[0x1a][0xd0]9$h[0x1d][0x81]ub[0x7]"[0x87][0xf0][0x90][0xa5])[0xf1][0x16]!&[0xab][0x90]K$Hy[0x8a]5[0xf8] R[0x8][0xcb][0x8c]L@[0x97]@[0x11][0xe5]+P0C;([0x9e]y[0xc9]E[0xa9])[0x99]I9[0xa9][\n]"
21:57:47.545 [main] DEBUG org.apache.http.wire -  << "[0x90][0xc][0x86]=?[0xa3][0x7][0xa1][0x99]1([0xe3][0x10]g[0x19]";#O"AL[0xc4][0xea]3[0xc8][0x94][0x5][0xc2]g[0xa6][0x96][0xa0][0x9d][0xb7][0xc4]Y[0x86][0xc8]]C[0xae][0x8c]E^[0xd3][0x8]N[0xd3][0xb0]YIb+@3[0xf0][0xe6]B[0xe2][0xc2][0x9][0x91]W[0xe1][0xa5][0x10]$[0xb]a[0x9b][0x1e][0xc5][0xa8][0xf5][0x8c][0xc0]7C[0x13]g[0x13]"[0xa7][0xc2][0xe7][0x98][0xe1][0xc5]+[0xf6][0xd2][0x1c]=[0x1b][0x19]Y[0x80][0xa6]X[0x89][0xb3][\r][0x91]_[0x91][0xb3][0x11]n[0xaf][0x81]Z[0xb6][0x88][0x94]F[0xfc]}[0x4][0x96][0xa0][0xd9]?h[0x1e]BL[0xd5][0x83][0x8b]q[0xec][0x13][0xf5]hU[0x94][0x85]%[0xb1][0x17],[0x80][0x13]?[0xd4]&[0xc4]:|x[0xda][0xc0]Q[0x10][0x81]\[0x82][0xf0][0x97][0x85][0x5]h[0xaa][0x9f][0xa8][0x10]4F[0x8c]""l[0x83][0x16][0xd5][\n]"
21:57:47.545 [main] DEBUG org.apache.http.wire -  << "[0xd8][0xa7]FA[0xd5][0x9][0xc2].cc[0xd0][0xb9]r[0xc4][0xd9][0x85]([0x1a][0xa0][0xa5]+$[0xeb][0xe3][0xb0][0x7][0xa3]Qan[0x8][0x1a]m [0xce]*[0xc4][0xe4]2<[0x19]B[0x93]"
21:57:47.545 [main] DEBUG org.apache.http.wire -  << "[\r][\n]"
21:57:47.545 [main] DEBUG org.apache.http.wire -  << "18C[\r][\n]"
21:57:47.545 [main] DEBUG org.apache.http.wire -  << "[0xb5][0x2][0xd6][0xb5][0xe]P/#[0xfc]eaHtS[0x16][0xe9][0xf2]C[0xd8]4,<[0xc9]c[0xaf]vA[0x1d]:[0x84]Uf[0xc4][0xef]d@[0xba][a[0xc8][0x15]xH[0xb7]5 [0xd7][0xc][0xf0][0xa4][0xed][0x9e][0x93]_[0x96][\n]"
21:57:47.545 [main] DEBUG org.apache.http.wire -  << "Z[0xf6][0x84][0xba][0x86][0x16]5[0xb9][0x99][0x9a][0x80][0xe6][0xa6][0x88]K[0x3][0x88]:[0x16][0xd9]>x[0xd4]`+[0xfa]P#[0xc6][0xd4][0x10][0xb4]q[0x89]([0xcb][0x90][0xe6][0x9][0x91]-[0x83]&p[0xe7][0x8c][0xc4]L[0xd0][0x82]$T[0x9f][0xa1]W[0xe9]&[0x86][0xa0][0xb3]6[0x89][0xb3][0xe][0x91]m[0x91][0xaa]tp[0xa1][0x83]c_[0x10]X[0xe][0x91][0xe6][0x8c][0x8c][0x89]\ll[0x9][\n]"
21:57:47.545 [main] DEBUG org.apache.http.wire -  << "ph[0x81][0x84]d[0x17][0xb4]B[0xc7][0xde]~[0x80][0xc5])[0xc2]>c[0xf0][0xa1][0xe3][0xc4][0xf9][\r])[0xef][0x16][0xa5][0xe7][0xe7][0xe5]#[0xad]0[0xc][0xce][0xc8][0xc7][0x92]DPKusC[0xd0]r[0xf][0xe2][0xac]B[0xb4][0x1f][0x90][0x7][0x6][0xa0][0xb1][0x86]#[0x81][0xa4][0xa4]"[0xad][0xad]6[0x3][0x7][0xf]q[0x96]!Z[0xe7][0xf0][0x5]/[0x90][0x9a][\n]"
21:57:47.545 [main] DEBUG org.apache.http.wire -  << "{;[0x16]=[0xc6]L@#[0x98][0xc4][0xd9][0x84][0xa8][0xee]![0xdd]7h[0xe9][0x86][0xa3][0xa0][0x85][0xca]""[0xcb][0xd2][0x94][0xc8]u^[0xc6][0x96]H[0x87]g`[0xc][0xea]`[0xb]?p[0xab][0x13]a[0x93][0x99][0x1][0xd1][0xa3]*[0xa0]5[0xaa][0xd0]d[0x8][0x19]0[0x80][0xb4][0x1b][0x88][0xf5][0x93][0xb1])[0xe8][0xe6]"[0xa2][0x82][0xf][0xe9][0x1c][0x8a]!W[0xc8][0x82][0xc6]D`[0xa1]D[0xd3]YAK[0xa4][0x93]-[0x90]K<h[0xad][0xad][0x80][0xa3]4[0x87]D[0x1a]"[0x1][0x98][0x9a][0x80][0x6][0xe7][0x88][0x8b][0x16]DfEt8a[0x95]:[0xf6]r[0x8]#e[0x9b][0x98][0x82][0x8e]0 [0xce]:DvE[0x1a]*[0x0][0xd5]F8F[0xc][0xa1]>G[0xf8][0xcd][0xc8][0x90][0xd8][0x8d][0xc5][0x96][0xa0][0xb1]ah[0xb4][0x81][0x3][0x13][0x0][0x0][0x0][0xff][0xff]"
21:57:47.545 [main] DEBUG org.apache.http.wire -  << "[\r][\n]"
21:57:47.546 [main] DEBUG org.apache.http.wire -  << "511[\r][\n]"
21:57:47.546 [main] DEBUG org.apache.http.wire -  << "[0x82].[0xbd][0x3][0x17][0x1]8[0xfa][0x3][0xa8][0x85][0x9e][0x91][0x19][0xd1][0xcd]0[0xd0]z@[0xa8]][0xd0]f[0x18][0xbc]J[0xc4]Q[0xbc][0xa2][0xae][0xf1][0xb3]4[0x5][\r]m[0x11][0x17][0x86][0x88][0xf6]9[0xd4]*H[0xfc]+`[0x8f].[0xb0]w[0x11][0xe1]gb[0x8][0x9a][0xc5]"[0xce]"[0xec]u=8[0xb6][0xb0]W[0xbe][0xe0][0x92][0x17][0xc9].[0xe2][0x9b][0xb1][0xa0][0x14][0x4][\r]?xg[\n]"
21:57:47.546 [main] DEBUG org.apache.http.wire -  << "[0xea]-[0xec][0x1d][0x1c][0x8c][0x84]aa[0x4][0xda]<D[0x94][0xc7]@[0xdd][0x6][0xa8]e[0xc8][0xa3]c[0xa0]v[\n]"
21:57:47.546 [main] DEBUG org.apache.http.wire -  << "[0x8e]d[0x88]V[0xc2]Z[0x1a][0x82]:[0x9a][0xc4][0xd9][0x85]h[0x9f]#'BpH[0xe1][0x9a]~@[0x8b]2ss[0xe2]}[0x86][0xc8][0xce]H[0xf9][0xb][0xda][0xac][0xc0][0xde]lF[0xf3][0x1a][0x9][0xcd]3PF[0x84][0x6][0xe3][0x90]+[0xd2]A[0x8b][0xd7][0xa1]n[0x87]N[0xbc][0xd1]ha[0x9f]%[0xe6][0xe1][0xe]4[0xb3][0x9][0x91]_i[0xec]'[0xa4][0xc5];[0xb4][0x9c] [0xb4][0x4][0xad][0x1f][0x87][0xc6][0x12]m[0xed]Ad[0x1b][0xda][0xda][0x83][0x88]![0x9a][0xda][0x3]*[0xe2][0xe9][0x11]nHGw[0x4][0x4]+`[0xa6][0xeb][0xf4][0xc4][0xdc]T[0x5]S[0x85][0xe2][0x92]DPG[\r][0xba][0x9c][0x1d][0xff]z[\r][0xc4][0xbe]ScKP[0xcf][\r][0xea][\r][0x1a]'hP[0x97][0x94]>6[0x81][0x86][0xe1][0xe8]d[0x13][0xa2];K[0xe3][0xd0][0x3]UOt[0xf2][0x13][0xa2][0x1b]KS?[0x99][0x18] [0xcf][0xd6][0xd1][0xb2][0xcd]ob[0x80]t[0xb8][0x2][0xad][0xfd]D[0xbf][0xd0]C[0x14][0xa8][0xb4][0xf6][0x13][0xa2]GAk[0x9b][0x90][0x6][0x0]h[0x9c]"[0x10][0xe3][0xfd][0x99][0x1][0x19][0xf9]y[0xa9][0x86][0xa0]m[0xfb][0xa8][0xe3]\[0xe0][0xbd][0x13][0xa9])[\n]"
21:57:47.546 [main] DEBUG org.apache.http.wire -  << "[0xd0][0xc3][0xb][0x90][0x1a][0xdd][0x96][0x96]D[0xcd][0xe0][0x9b][0x18] [0x1d][0xff]L[0xeb][0xa0]C[0xd4]{4[0xb6][0x9]iZ[0x8e][0xd6]6[0xd1][0xa9]x510Bt!h[0xed]'[0xba][0x15][0x10]H7l[0x13][0xef]'D"'z[0xf7][0xae][0x1]h[0x80][0x8a][0x1e]u[0x93][0x89][0x1][0xd2]hunf[0xe][0xe6]*/[0x84][0xeb][0xf1][0xad][0x83]D[0xb4]L[0xc][0x90][0xf6][0xa6]P[0xcb]DD[0x4][0xd3][0xe5][0xb8]l[0x13][0x3][0xa4][0x3][0x86]=[0xb]@e[0x99][0x82][0xa1][0xa1][0x82][0x99][0x89]Bz[0x12][0xc6]28|KZ[0x89][0x8f]p[0xa4]#[[0x7][0xcb][0xca]a[0x13][0x3][0xa4][0xa1]([0xda][0x85][0x2][0xf5][0xe][0xff]3[0x1][0x8f][0xeb][0xc2][0xb2]MvU~[0xbe]Bx~NZrF"h[0x94][0x1e][0xb5]"[\n]"
21:57:47.546 [main] DEBUG org.apache.http.wire -  << ".)J[0xac][0xcc][0xce]L[0x1]M2A[[0xf8][0x86]f[0xa0][0xc5]aD[0xc][0x8f][0x98][0x98]"M[0x95][0x6]'[0xe6][0x16][0x97][0xe6][0xa5]+[0x4][0x1b][0x19]+[0x84][0xe6][0x94][0x14]a[0x9e][0xfc][0xe2][0x9e][0x98][0x93]XQIr>[0x2]o[0x9f][0x85]zf[0xd0]$[0x9]S[0xd0]T[0x11][0xd4]Q[0x84]}[0x8e][0xf0]3)a[0x8b][0xd4][0x8]#[0x18][0xb6][0x19][0x99][0x95][0x89][0xa0][0x10][0x87]F![0x91]E[0x94][0xa9]1[0xa2]Q4x[0x82][0x16]i[0xff][0xdb] r[0x14]Rl[0xd0][0xb4][0xf9]hj[0x82]h[0x12][0xf]"[0xef][0xf][0xc6][0x84][0x82]t[0xb0][0xfb][0xe0][0x9])[0xa4][0x99][0xb2]A[0xe4](D[0x9a][0x82]L[0x14]B[0xc7][0xdf][0xb1].>s[0xad]H-J[0xce],I[0x4][0x9d][0x98][0x95][0x9a][0xab][0x90][0x9b][0x98][0x9e][0x97][0xa9][0x90][0x9f][0x92]Y[0xa2][0x90][0x92][0x9f][0x93]_D[0xc6]rs[0x13]S[0xa4][0x1a]t[0xf0][0x84][\n]"
21:57:47.546 [main] DEBUG org.apache.http.wire -  << "[0xd2][0xd9]T[0xc4][0xb7]b[0x91]*J[0xa2][5f[0xa0][0xe3]O`[0xb5][0x5]MK[0xf]3[0xe4]5[0xe4]P[0x9b]t1O[0xfb][0xc0][0xd7]V3[0xc6][0xbb][0x87][0x0][0xda]J1[0xb6]@[0xba][0xe4]"=173/][0xd7][0xc][0xa3]I[0x98][0x96]_[0xa4][0x0][0x91]T((-*[0xc8]/N-V[0xaa]Ej"[0x83][0x1b][0x1a]h[0xe1][0xa2][0x8b]y [0xd8]`q-h[0x8e][0xf][0xdd][0xb5][0x15][0x18][0x9e][0x1e]4[0xae][0xc5][0xec][0xe1]b[0x89][0xa2]A[0xe3]ZD[0x5][0x3][0xcb][0x8b][\n]"
21:57:47.546 [main] DEBUG org.apache.http.wire -  << "[0xc1]9[0x99][0xb9]$[0x5]/[0xf1][0x19][0xd2][0x10]1FC[0xf][0xeb]@[0xab]o[0xd0]R[0xe][0x8d]<[0x86][0xb4])[0x8b][0xa6]G0[0x9a]![0xef][0xc8][0x82][0x16]4[0xb8][0xbd][0x4][0x1e][0xee]"[0xba][0xe4][0x84][0x96]1F[0xa6]H=hwp[0x19][0x83]a[0x3]b[0x9b]+[0x8e][0x12][0x6]4[0x9c]Ft[0xc8][0xf][0x98]3[0xc1][0x7][0x96]B[0x9d]I[0xed]S[0xdd][0xcc][0x91]nw[0xa5][0xb6][0xd9][0x16]X[0xaa][0x1b][0x8c]8[0xc2]W[0xc4][0x10][0x9d]c-@[0xcb][0xaf][0xa0]![0x4][0xcb][0xb1][0xb4][0xb2][0x9][0xd1][0xd4][0x1f]4m[0x15][0xb][0xa4][0xd9][0xfa]A[0xe4]([0xc4]Z[0x16]Z[0xc7][0x9]b[0x8][0xda]#@[0xc1]9[0xbf](U![0x13][0xcb][0x8c]eNjAI~[0x81]BIjQRb&h[0xc][0xf][0xda][0x1f][0xb6][0x4][0x1][0xe2][0xc6][0xd5]-[0xcc][0x11][0xf5][0xa6][0x2][0xe6][0xe5]WT[0xb1][0x1]1[0x8c]7[0xc4]V^[0x98]X`[0x1e]|[0x81]9oL[0x95][0xc][0x8f]|[0xf8]>m[0x13][0x97]%R5[0x83][0xbc]e[0x2][0xba]q[0xb][0xc7]Q[0xff][0xb0][0x5]b[0x88][0xb1][0x1d][0xb]S[0x13][0xb][0xe2][0xd2][0x18]x[0x81],[0xb4]0C^V[0x4]]d[0x8b]u5>d9[0x15][0xc2]6K3[0xd0][0x1a]{bF[0xe9],[0x91][0x6]T k_![0xcb][0x97]px[0xc][0xba]|[0x10]a[0x93][0xb1]1[0x91][0xcb][0xa5]L,[0x91][0xe][0x14][0x82][0xaf][0x3][0x83][0x5][0x14][0x91][0xdb][0xed]L[0x8d]Agi[0x11][0xe7]/D[0xaf][0x16]9[0x14][0xc1]+[0xdc][0xb0][0xef][0xd3]@[-efA|[0x18]"[0xb5]O[0xc1][0x9b][0xdd][0xa1][0xab][0xb2]p[0xec]X[0x84][0xa4][0x1d]D[0x18][0x9a][0x11][0xbb]U[0xda][0x4]y[0xf9]0b[0xfb][0x9][0xac][0xbf][0xee][0xc]^[0x8a][0x81]:[0x84][0x8b][0x11]af[0xe0][0xee]6qA[0x88]([0xc1][0xe1][0x11][0x6]^[0xbf][0x86][0xe3]lC[0xc8]i[0x84][0x8]Y[0x18][0x80]v[0x1][0x11]g[0x15][0xa2][0x8][0x87][0x8c]A[0xc0]V[0xc4][0x13][0x99][0x86]%[0xf1][0x7]{"[0x8d][\r]A[0xd2]<[0xc4]WX[0xf7][\n]"
21:57:47.546 [main] DEBUG org.apache.http.wire -  << "A[0xb2][0x1d][0xc2]SF[0xe6][0xa0][0x1c]C[0x94][0xa7][0x90][0xd6][0x16]c[0xec]s[0xc1][0xbe]r[0x14][0x1a][0x93][0x8][0xdb],[\r]@[0xc7]>[0x11]g[0x1b][0xa2]e[0x82]\PA[0x8a][0x6][0xa2][0x8f]G52"
21:57:47.546 [main] DEBUG org.apache.http.wire -  << "[\r][\n]"
21:57:47.546 [main] DEBUG org.apache.http.wire -  << "3B2[\r][\n]"
21:57:47.546 [main] DEBUG org.apache.http.wire -  << "%r3[0xa1][0x89]%[0xd2][0xb5]vH[0xb][0x12]A[0xcb]lq[0xac]1[0xc7]H[0x8b]&[0xc6]D[0xee][0x19]2A^[0xf0][0x8b][0xbc][0xf3][0x0][0x9c][0x9d][0xb1][0xa5]{X[0xc1][0x82][0x14][0x94][0xa6][0xa0][0xb5][0xa1][0xc4][0x5]%[0xa2][0x3][0x8][0xdb][0xbc][0x6][0x8d][0x19]\[0xcb][0xb4][0xc1][0x9][0x8]a[0x97][0xa9]9[0x91]{[0xf]L,[0x91][0x8e]$C[0xf6][0x18][0xb8]0[0xc2]~[0xcc][0x3][0xc8][0xcf][0x8][0xab],[0xc]@K[0xa9][0x88][0xf3][0x16]"[0x93]![0xa7][0x10][0x90]yX[0x8f][0xe6][0x83][0x94]b[0x8][0xab][0x8c]LAw~[0x13]e[0x15][0xd2][0x9a]_X[0x8]Bc[0x1f][0xc7]Rf[0xcc][0xf8]21':[0xe9][0x83]"[0x16]Zc[0xc2]w[0x8a]@[\n]"
21:57:47.546 [main] DEBUG org.apache.http.wire -  << "Y[0x1c]k~a[0xa5][0xb][0xc2]o&[0xe0][0xeb][0x86][0x89][0xf3][0x1b][0xd2][0x9c]=[0xfa][0xae]q[0x1c]%>(S [0xd9]e[0x6][0x9a]"'[0xce].D[0x11]L[0xb8][0x9d]3P=TcKsD[0x5]H[0xd3][0xc5][0x8f][0xa0]-[0xdc][0xd0][0x88][0x1e]b[0x8d]ccKP[0x89][0x0]u;M[0x16]T"[0x8a][0x9a][0x18][0x8f]hN[0xd1][0xc4]xD[0x89]K[0xb][0xe3][0x91]N="[0x9c][0x8d][0xb0][0x9c][0xc8]G[0xec]H[0x84]1[0xf2][0xc9][0xc9][0xb4][0xb6][0x9][0x91][0xe7]hm[0x13]"rhm[0x13])[0xc5][0x1d]e[0xf1][0x84][0xa8][0xb]i[0xea]'[0x13][0xf0][0x5][0xb][0xd0]|Ok[0x9b][0x10][0x83][0x13][0xb4][0xb6][0x9][0xa9][\n]"
21:57:47.546 [main] DEBUG org.apache.http.wire -  << "$8[0xbe]KA<[0x99][0x18][0x18] [0x86]Ch[0xed]'D[0x1]Jk[0x9b][0x10]e)[0xad]mB[0x94][0x11]C[0xac][0xbe]41@[0x9a][0x16][0xc5]>[0xa8][0x89][0x18][0xde]GjZ[0x81][0x86][0xf4]q[0xb6][0xac][0xa8]8w`[0x0]Z[0x6][0x5][0xcd][0xd6][0xd8][0x9d]7[0x10][0x8e]B[0x9a][0x84][0x1c]r[0xf1][\r]:[0xb][0x8][0x1a][0xa0][0xc4][0xe7][\n]"
21:57:47.546 [main] DEBUG org.apache.http.wire -  << "D [0x13][E[0x9b][0x18][0x80][0x6][0xac][0xe8]c[0xd1][0x10][0xce]}[0xa0][0x91][0x1b]h [\r][0xb9][0x94][0x4][0x1a][0xc1][0x80][0xba][0x9d][0xb6])[0xc9][0x98][0x9c][\n]"
21:57:47.546 [main] DEBUG org.apache.http.wire -  << "[0x97][0x9c]$[0xb][0xda][0xf4][0xf][0xf5][0x11][0x95]V[0xb]#-Q[0xa4][0x96][0x89][0x88][0xfa][0x93]Z&[0x92]SO[0x92][0x15][0xbc][0x88][0x8c]J[0xe3][0x4][0x83]hI[0xf][0xbd]\[0x85]h[0x9b][0xd3]k}9[0xa2][0x95]I[0xbd][0x95][0xd5][0xa6][0xb8]/[0xc3]4@Z]I[0xed][0xc9]p[0x3][0xa4][0x83]?h[0x9b][0xc6]@[0xf3]L[0xd0][0xb2][0x82][0xfa]]i[0x13][0x3][0xe4]cEh[0xdb][0xf4]G[0x1e][0xa5][0xa7][0xb1]M[0xe4][0x94][0xe3]H+V[0x88]\Qm[0x80]eB[0x0][0xef]0e`if[0xa2]Bj~[0xb1]B[0x11]d[0xbd][0xa5]B^jrjq1x[0xf9]eRi[0xb1]BZizfb[0x89]Bb^fn&[0xd2][0xca]K[0xa2]/[0xbc]4@:[0x93][0x84][0xf8]DI[0x8e][0xc7][0x11][0xe5][0x1e]Y[0xf6][0x10][0xdf][0xb8]C[0x1a]NG:|[0x89][0xc0][0xe8][0xbd]k[0x85]BaibjQb[0x89]BYj[0x11]8x[0xc9][0xb9][0xfd][0xc6][0xc4][0xc0][0x94]n[0xa3][\n]"
21:57:47.547 [main] DEBUG org.apache.http.wire -  << "H[0x3][0xec][0xf0]!o[0xf0]$[0x84][0x82]s~nAi[0x9][0xf8]>?[0xd4][0xa9]@[0xc7][0xe2][0x82][0xd4][0xa2][0xcc][0xfc][0xa2][0xd4]b[0x5][0xf0][0xf5]:[0xf9][0xc9][0xc9][0x89][0xa9][0xc9][0x89]%[0x99][\n]"
21:57:47.547 [main] DEBUG org.apache.http.wire -  << "[0x85][0xa5][0xe4]%[0x1f][0xa4]qw[0xea][0x15][0xd0][0x6]h[0x5]45;mH[0xeb][0x84]h[0xb9][0xfb][0xd2][0xc][0xd1][0x14][0xa2][0xa9]5[0x88][0xf6][0x11]M[0xad]Aj[0x1d][0xa1][0xcf]w[0xe0]8[0xb5][0xc8][0xb1][0x14][0xba][0x1e]<5W[0xa1]([0xb5] 5''5/[0xa5][0x14]9O[0x11]_F![0x1d][0xb2][0xe1][0x19][0xe0][0xe1][0xef][0xe7][0xaa]`h[0xaa][0x10][0x10][0xe4][0x8f][0xb1][0xc0][0xcb][0xc3][0xd5][0xcf]=[0xc0][0xdf][0xf][0xd1][0x0]4[0x1][0xd5] 8[0x7][0x3][0x90][0x96][0x1a][0x83]'Y[0xa1]u&[0xcd][0xec]@:X[0x83]vv *2[0x1a][0xce][0xc3][0x98][0x18][0x98]#F[0xe5]hk[0xf]R[\n]"
21:57:47.547 [main] DEBUG org.apache.http.wire -  << "[0xcf]K[0xc9][0xcf][0xcd][0xc4][0xbc]x01[0xbb]T[0xa1][0xb8]4;Q[0x1][0xe1][0x10][0xe8][0xba].#[0xf0][0xd0]+Q[0xf1][0xf][0x9a][0x86][0x86][0xc6]?[0xc2][0x18][0xd4][0xd2][0x93]*[0xf6][0x80].[0x1a][0x80][0xda]C[0xe3]z[0x10][0xe9][0x98][0x10][0x9a][0xa5]6[0xd0][0xe9][0xa2]P[0xdf][0xd0][0xce][0xe]DJ[0xa3][0x9d][0x1d][0x88][0xe2]z[0xf0][0xc][0xe5]![0x9d][0xbf]B[0xcb][0xc2][0x1d]t[0xf0]-4[0xe][0x7][0x8f][0xdf][0x91][0xae]q[0xc5][0x99]M[0x10][0xc5]<[0xf1][0x8d]Cz[0x1d]fbb[0x80]4[0xe1]8[0x88][0x82][0x15][0xa9]"'[0xba]CEV8#[0x9a][0xfb][0x83][0xc8][0xf7][0xa0][0xb6]9[0x0][0x0][0x0][0xff][0xff]"
21:57:47.547 [main] DEBUG org.apache.http.wire -  << "[\r][\n]"
21:57:47.547 [main] DEBUG org.apache.http.wire -  << "120[\r][\n]"
21:57:47.547 [main] DEBUG org.apache.http.wire -  << "[0x82][0xdc][0xc8][0x8a]3Qa,N%[0xc3][0xf7][0xe0]kV[0xa0][0x16][\r][0x1a][0xdf][0x1b]"]&Cc[0xdf]#[\n]"
21:57:47.547 [main] DEBUG org.apache.http.wire -  << "l[0xe2]-B[0xea]R[0x12][0x9d][0x9b][\r]A[0x7]a[0xe][0xbe]p&'[0x8f][0x91][0xe7]}D&[0xa3]U[0xcd]hH[0xb7][0x1d][0x1c][0x86]H[0xd3]i[0xd0]k[0x8c][0x15][0x1c]Ks2[0x13][0x15]0[0x8f][0xc7][0x1][0xdd][0x9b][0xc]=[0x1a]G![0x11][0xae][0x6][0xda][0xe8]#r([0xc6][0x10]i[0xa6][0x8c]>[0xf6]!Z[0xe6]4[0xce][0x16]HgN[0xd1][0xc7]g[0x88][0xc]O[0x1f][0xfb][0x10][0xad]5[0xfa][0xd8][0x87][0xe8][0x83][0xd0][0xc7]>D[0x9][0xe2]T[0x94][0x98][0x9c][0x9a][0x93][0x8a][0xb9]E[0xd7]71%U!?M!#3=[0x3]4t[0x95][0x93]YR[0xa9]P[0x90][0x9a]X[0x94][0x83]\[0x94][0x80][0xe]L"[0xa6][0xfb]c[0x88][0xb4][0xe1][0xd1]%[0xcc]E[0xc1];37[0xb5][0xa4][0xb8]T!/_!213[0x9]tt[0x4]j_[0x8]Q+[0x1a][0x82]:Y[0xc8]y[0xe][0xcf][0xf0][0xba]![0xd2][0xa1]T k|K[0xd3]S[0xf3][0x14]B[0x8a][0x12]31O[0x1e][0xc1]c[0x3][0xfa][0xf8][0x10]R?[0xde][0xd0][0x10]Q[0xc7][0xd3][0xc8][0x6]P[0x98]B+[0x1d]Z[0xd9][0x80]()he[0x3]b^e[0xf0]4P[0x90][0xa6][0xff][0x7][0x91][0xa3][0x10]yq`[0x1c][0x5][0x0][0x0][0x0][0xff][0xff]"
21:57:47.547 [main] DEBUG org.apache.http.wire -  << "[\r][\n]"
21:57:47.547 [main] DEBUG org.apache.http.wire -  << "188[\r][\n]"
21:57:47.547 [main] DEBUG org.apache.http.wire -  << "[0xc2][0xb2]/[0xde][0x90]n[0xc7]^[0x19]"-[0x2][0xc0][0xee][0xfd][0x1]][0x82]c[0x88]4[0xfd][0x8e][0xdd]y[0x88]R[0x4][0xff][0xc1][0xa4]T[0x1c]b6D[0x9a][0xaa][0xc7][0xee][0xa8][0x1][0xe]3D[0xed][0x89][0xdd]y[0x3][0x12]f[0x88]*[0x16]r"[0x4][0xc6][0xd8].[0xb6][0xc3]"t[0x94][0xa0]m>[0xe2][0xbb][0xc]HG[0x1a][0xd1][0xb8][0x15][0x86]t[0xf1][0xc][0xe6]>Q[0x8c]n&r[0xad][0x8d]w[0x5][0x1b]re[0x87]t?[0xc]Y[0x9e]A[0xae][0xb6][0xf1]U[0xaa]H[0x87]y[0x90]e[0xf][0xf1][0xd1][0x83]t[0xcc][0x1e][0xad]mBT[0xb2][0xb4][0xb6][0x9]Q[0xd9][0xd2][0xda]&D.[0xa2][0xb5]M[0x88][0xa5] 4[0xb6][0x9][0xe9][0xc0]$[0xc2]6[\r][0xd4][0xfe][0x17][0x13]C[0xa4][0x89]}[0xc2][0xce][0x84][0xad][0x87]F[0x94][0xb4][0xc4][0xe7][0x10]J'[0xec]I[0xb0][0x9][0xd1][0xf4]![0xde]Kd[0x95]ct[0x9b]47D[0x9a]4[0xa7][0xb1][0x9f][0x90]f[0xc6][0xa1]6[0x99]`[0xd4]i[0xe0]Z[0xa0]<[0xb3]$C!+[0xb5][0xb8][0x18][0xd4][0xdb][0x2]'`D[0xb2][0xc0][0xdf]hA[0xae][\n]"
21:57:47.547 [main] DEBUG org.apache.http.wire -  << "[0x90][0xe][0xab][0xa2]m[0x5][0x8a]4[0x81]>[0xd4][0x16][0xb0][0x19][0x9a][0x91]R>[0x82][0xa3][0x82][0xe8][0xe4]L[0xcd][0x6]$[0xd2]a[0x1e][0xd0][0xa4][0x83][0xe7][0x10][0x85][0x1]t&b[0xf8][0x11]{Cr`[0xdb][0xb9][0xa0][0xbd][0xa3][0xd0]~:4[0x14][0x89][0xce][0x80]H[0xb1]N|[0xe]D[0x9a][0xdd][0xc7][0x1e][0x1c][0xc4]fkj&%[0xa4][0xd3]JH[\r][0x4]b[0x9d][0x8b]\[\n]"
21:57:47.547 [main] DEBUG org.apache.http.wire -  << "!][0xe9]1[0xe4][\n]"
21:57:47.547 [main] DEBUG org.apache.http.wire -  << "[0x7][0xa4][0x15][\r][0xd0][0xa0][0x1a][0x94][0xb9][0xe][0xf3][0x84][0x15][0xa2][0x93]5Y1:4[0x8a]L[0xa4][0xed][0xc7]C/[0xe1]![0xca][0xd1]A[0x9d][0xf0]Hi[0xf2][0xf]\[0xad]d[0x8e][0x18][0x0][0x1e]r)[0x81][0xa4][0xc5]A[0x3][0x17][0xc4]H+[0x8b][0x6]s[0x82]EZ[0x9c][0x84]'%[0x0][0x0][0x0][0x0][0xff][0xff]"
21:57:47.547 [main] DEBUG org.apache.http.wire -  << "[\r][\n]"
21:57:47.547 [main] DEBUG org.apache.http.wire -  << "21C[\r][\n]"
21:57:47.547 [main] DEBUG org.apache.http.wire -  << "R[0xca]M[0xcd]KO[0xcd])M,[0xca]N[0xcc]SH[0xcc]K[0xcf][0xcc]S(N[0xcc]KO,Q[0xc8]N[0xcd]KN[0xcc]KG[0x14][0x9b][0xe0][0x89]}[0x9c][0xf3])[0xd4][0xac][0xb7][0x91][0x8e][\n]"
21:57:47.547 [main] DEBUG org.apache.http.wire -  << "[0xa0][0xd9][0xd4][0xae][0x5]b [0x10][0x1a][0x8d][0x86][0xd8]{([0x19][0x89][0x88][0xbe][0x9][0xd1]M#[0xaa][0x86][0x6]F%[0x84][0xe9]RD,[0xe1][0x1b][0xd5][0xa2][0xaa][0xab][0x10][0xfd]c[0x8f][0x2][0x85][0xb0][0xcc][0xb2]|[0x85]H##[0x8c] [0xcc]M[0xcd][0xcd][0xcc][0xc9][0xcc][0xce]T(.H-[0xce]L[0xcb][0xcc]N,[0xce]T[0xa8]L[0xcc]KWH,@>[0x84][0xce][0xd8][0x0][0xc][0x88];"[0xcc][0x10]i[0xd5][0x16]4[0xf2]h[0xda][0xc][0x0][0x9d]0Cfc[0x1a][0x11]1[0xc4][0xb7][0xa5][0xe9]uc[0x97][0x89]![0xd1]7v[0xe1][0xeb][0xa6][0x1b][0x13]=bK[0xcc][0xba]6[0xf0][0xa8][0x0][0x8e]<G[0xfc][0xe8][\r]I+[0xdd][0x6][0xae].[0x1][0xdd][0xc1][0x8a][0x9a][0xb0]p[0xb4][0xba][0xa9][0x14][0xfe][0x18]e[0x1e][0xe][0xeb]@[0xe1]?[0x80][0xa1][0x82]Q[0xe0][0xe1]p&[0x95]B[0x5]Q[0x92]A[0xb][0x13][0x1c][0xd6][\r]p[0xa8][0xc][0x8d][0x86]2[0xd2][0xd1][0xc7][0xd8][0x7][0x2][0x6]t\[0x4][0xbc][0xed][0x2][0x9a][0xe3][0x6][0xa5][0xf3][0x10][0xb3]%[0xd8][0x9d]Gl}B[0xc5][0xaa][0xde][0x8][0xe9][0xc][0x12][0xec][0x8e][0x1a][0xe0](E[0x14][0x17][0xd8][0x9d]7 a6$[\n]"
21:57:47.547 [main] DEBUG org.apache.http.wire -  << "[0x15]#[0xa4]CF[0x6]q[0xd9]g[0x84][0xb4][0xe][0x13]{[0x14][0xf]l[\n]"
21:57:47.547 [main] DEBUG org.apache.http.wire -  << "DZL[0x89]|[0x9e][0xa6]G"[0xe6][0xca]5[0xa7][0x9c][0xc4][0xbc][0x94][0xcc][0x92][0xcc][0xcc]b[0x85][0xe4][0xd2][0x9c][0x82]D[0x85][0xd4][0xbc][0xcc]\[0xd0]F[0xd6]D[0xa4][\r][0xac][0xa0][0x8b][0xc5]pv[0xb4][0x90]F[0x1c][0x8d][0x90]n[0xf2][0x1c][0x94][0xe1][0x82]X[0x1a]I[0x9b][0xa5]\F[0xa0][0x3][0x19][0x7]qqnHl)@[0x95][0x96][0x8c][0x11][0xda]:F[0xea]/04BZ[0xc2]8[0x98][0xcb][0xb][0xa4]u[0x90][0xf8][0x9d]I[0x9d]pGZ[0x14]I[0x17][0xeb][0x10][0x8b]7|A[0x8b][0xc1][0x83][0xf3][0x93][0x93][0xb1][0xec]wN[0xce]OJTH.JM,I[0xc5][0xbc]J[0x15][0xff]E6[0xc8]e[0xc][0xd2][0x15][0x9d]T[0xb2][0xcd][0x10]m[0x87]3[0x8a]m[0x88]"[0x83][0x6][0xa7]7[0x18]![0xad][0xb2]$5[0xa6][0x88][0x1e][0xfb]A[0xf1][0xe][0xa2]m[0x2][0xb5][0xf]s[0xec][0x6]_[0x8f][0x17][0xff][0xa0][0x1]5[0x1b]yF[0x18]E[0x15][0xa6]K[0x11][\r]):[0x8d]2[0x19][0x81][0xe][0x8a][0x85][0x96][0xef][0xd0][0xf0][0xc3][0xd1]7[0xa3]RFF[0x8c][0xf2]S[0xa7]>[0x5][0x0][0x0][0x0][0xff][0xff]"
21:57:47.547 [main] DEBUG org.apache.http.wire -  << "[\r][\n]"
21:57:47.547 [main] DEBUG org.apache.http.wire -  << "119[\r][\n]"
21:57:47.547 [main] DEBUG org.apache.http.wire -  << "[0xb2][0x8a][0xa6]f[0x1c][0x11]}[0xb0][0x13]uB[0x3]i})[0x8d][0xaa]o[0xa4][0xc5][0xa2][0xb4][0xb2][0x1]Q[0x9e][0xc][0xca][0x18]E[0x94][0xf][0x83][0xd2]y[0x88]1[0x7]j[0x1f][0x8]d[0x84][0xb4]|[0x93][0xfa]f#[0xa6][0xc1][0xf0][0x17][0x1b][0x3]:[0xa4]cD[0xb7][0xf5][0x9e]FH[0xb7]x[0xc0][0x2][0x84][0x86]7[0x88][0x19][0x99][0x10][0x1a][0xc6][0x18][0xd8][0xfe][0x1a][0xd2]M[0x1c][0xb0][0xd0][0xc0][0x98][0xb8][0x0][0xd7][0xca][0xd4])G[0x91].[\n]"
21:57:47.548 [main] DEBUG org.apache.http.wire -  << "[0xc0][0x9e][0xc9][0x11][0xf5]*[0xfd][0xea]{[0xcc][0x15]z8jVP[0x16][0x81]-[0xd9]Dj[0x3][0x11]=[0x16]o[0x84][0xb4]f[0x8e][0x1e][0xa1][0x8d]t[0xf8][0xc][0xf6][0xd0][0x1e][0xd8][0xb4][0x87]4[0xb7][0x99][0x92]Z[0x9c]\[0x94]Y[0x0][0xba]J[0x14]#[0xf9]![0x92][0x4][0xbe][0xa6][0x16]rS[0x13]iB[0x93][0xca][0x6]#[0xea]([0x1a]U[0xd2]Hg=P[0xd9][0xe9][0x88][0xfa]kP[0xa6][0x5]D5[0x85][0xdd]y[0x88]T@[0xbf][0x82][0x1]iN[0x10][0xbb][0xa3][0x6]6[0xff] [0xcd][0xec]aw[0xde][0x80][0x84][0x19][0xa2][0x95][0x89][0xbf][0x88][0xa3][0xb8]0[0xb5]DL[0xe1]a[0xf7][0xfe][0x0][0xc7][0xe][0xa2][0x17][0x89][0xdd]y[0x3][0x12];[0x88]^[0x1d][0xad]c[0x87]P[0x86][0x1e][0xd0][0xd8]1F[0xba][0xec]r[0xd0][0xc4][0x8e]1[0xd2][0xc9][0x1c][0xb4][0xa9]^[0x8c][0x9][0x1e][0x94]A[0xfb]X[0x1][0x0][0x0][0x0][0xff][0xff]"
21:57:47.548 [main] DEBUG org.apache.http.wire -  << "[\r][\n]"
21:57:47.548 [main] DEBUG org.apache.http.wire -  << "2E9[\r][\n]"
21:57:47.548 [main] DEBUG org.apache.http.wire -  << "[0x2]_[0xd0][0x8a]}?[0xab]1[0xd2][0xe4][0x6][0xad][0x2][0x0][0x91],id[0x3][0xd2][0xc][0x8][0xad]l@[0xc]z[0xd2]``[0xd0][0x18][0xe9][0xd4][0x8][0xec]Yc`[0xd3][0xc8][0xe0][0x9e][0xe7]0F[0x9a][0xe7][0xc0][0x1e]z[0x3]P[0xec][0x1b]c[0x99][0xab][0xa0]a[0x9f][0xd7][0x18]i[0xce][0x1]{[0x18][0xc]l[\n]"
21:57:47.548 [main] DEBUG org.apache.http.wire -  << "2B[0xe4][0x1f][0xec][0xce][0x1b][0x88](B[0x9a][[0xa0]Q[0xb1]a[0x84]h[0x99]!][0xd2][0x7]=u[0x18][0xfb]=[0x98][0x8e][0xa5]%[0xa9][0xb9][0xe8]G[\r][0x17][0xa5][0x16][0x95][0xe6]"M[0xd1][0xe2]_[0xc][0x8b][0xd4]/3F[0x9a]r[0x80]][0x5][0x7][0xb9]b[0x14][0xeb]u[0x8b][0xae][0xf9][0xc5][\n]"
21:57:47.548 [main] DEBUG org.apache.http.wire -  << "[0x99][0x5][0xc5][0xa5][0xb9][\n]"
21:57:47.548 [main] DEBUG org.apache.http.wire -  << "[0x99]%[0x89][0x85][0xa5][0xa9][\n]"
21:57:47.548 [main] DEBUG org.apache.http.wire -  << "9[0x89]I[0xf9]E[0x99][0xf9][0xc5][0x89][0xb9][\n]"
21:57:47.548 [main] DEBUG org.apache.http.wire -  << "[0xa9]`[0x81][0xd4][0x12][0xd0]tqf[0x9]9[0x8e]1[0x5]][0xe9][0x9][0x1d]O[0x1f]4[0xa9][0xc0][0x14]i[0xaf]8m[0xdb]g[0xa6]Hc[0x8e][0x83][0xc8][0xfb][0x88][0xda]y[0xf0]8[\n]"
21:57:47.548 [main] DEBUG org.apache.http.wire -  << "ihr[0x10]9j[0x10][0x96]a[0xa6][0x4][0xc7]:[0x7][0xa0]`5E:m[0x10]E[0x1f][0xa2][0x1f]6[0x88][0x1c]5[0x18]s[0x1f][0xd2]~[0xfa][0xc1][0x13]R[0xa6][0x88][0xa1][0x7][0xe4][0xeb]S![0xa7][0xae][0xe3][0xb8]/[0x1b][0xb4][0x8a])?/[0x15][0xb2][0xca][0x9][0xbc][0xd4])/3#3G!9[0xbf][0xa8][0xa8][0xb4][0xa0]$S!%?[0x7]|"{n"[0xe4]d[0xf6]T[0xf2][0xea]5[0xa4]c[0xef]i[[0x85][0x98]!u[0x14]`6[0xe9][0xe2][0xd8]|[0x80]c[0xb0][0x7][0xff][0xd2][0xb][0xe8]|[0xb1][0xb1][0x5][0xd2][0xb1]#[0x90][0xee][0xa3][0xae][0x19][0xc6](1[0xb6]caj[0x91][0x1a][0x1f]f[0x86][0x88][0xe6][0xf][0xdc][0xb5][0x98][0xc6][0x80][0xe7]:[0x6][0x83]k[0x11])[0xc][0xee][0xda]"[0xc]O[0xf][0x1a][0xd7]"[0x8a]3[0x98]ki[0xd8][0xbf]0C[0xea]_[0xd0][0xc1]:s[0xa4]a[0x19][0x98]u$[0xc5][0x4][0xd1][0xf3]C[0xe6][0x6][0x88][0xf9][0x5][0xcf][0xbc][0x92][0xd4][0x9c][0x9c][0xcc][0xf4][0xd4][0xbc][0x12][0x5][0xb7][0xa2][0xfc][0xaa][0xd4]<[0x5][0xe7][0x8c][0xc4][0xcc]"[0xdd]$[0x92][0xec]&.[0x87]Y"[0xb5];[0xa1]9,[0x1f][0xc3][0x1a]B9[0xcc][0xdc][0x0]1[0xe2]I[0xeb]pBLf[0xc0]l[0xa2]az3[0xc7]Rt`[0x84][0xe]8+Re[0x92][0xd4][0x2][0xe9][0x0]T[0x98][0xef][0xb0][[0x87][0xa3][0x9c]":[0xbd]Y [0x8d]U[0xd1][0xda]&D{[0x15]f[0x13][\r]c[0xcc][0x2]K[0xd5]DS[0xeb][0x10][0xf9][0x96].[0xbe][0xa3]WF[0x3][0xdf][0x84][0xe][0xed]$[0xc3]<F[0xa3][0xa4]H[0xd6]U[0x8c][0xe4]L[0xc2][ [0x1d]eHc?![0xdd][0xac]Gk[0x9b]0+`[0x1a][0xc5][0x13]R[[0x8c][0xc6]~2A4[0xd8]|SS2[0xf3][0x93][0x8b]R[0x15]|R[0x13]K2R[0x8b][0x14]p\6[0x13][0x92]_[0x2][0x1e][0x1c]R([0xcd]KI[0x5]_m[0x84]44[0x4]2[0xf][0xd4][0x8][0xcf]K/V[0xb2][0xc2]s[0xca][0x9d][0x5][0xd2][0xb5]i[0x90]=[0xc][0xe1][0xf9][0xf9])[0xa9]y[\n]"
21:57:47.548 [main] DEBUG org.apache.http.wire -  << "[0x1][0x89]y%[0xa0][0x14][0x87]z[0x2][0xae]k[0x5]h[0x94]*Q!?%[0xb3]D!'[0xb1]4%1[0xaf]$[0xb3]4W![0xb5][0x18][0xb9][0xfd][0xe][0x9a]J&[0xca]r[0xa4][0x93]S[0x14]0[0x8f][0xb]Dt[0xa0]-A[0x80][0xb8]=[0xc2][0x16]H[0x87]b[0xc][0x9a]>[0x94]%[0xd2][0xc][0x1c]m[0x13][0x92]%R[0xfb][0xad]$[0xb5][0xb8]$3/[0x1d]i[0x11]8jd[0x96]dd[0x16]+d[0x16]+[0x94]d[0xc0][0x17][0x8a]+@[0xd7]a[0x0][0x0][0x0][0x0][0xff][0xff]"
21:57:47.548 [main] DEBUG org.apache.http.wire -  << "[\r][\n]"
21:57:47.548 [main] DEBUG org.apache.http.wire -  << "C3[\r][\n]"
21:57:47.548 [main] DEBUG org.apache.http.wire -  << "[0x82][0xae]M[0x81][0x1e]4i[0x8][0xda][0xa3]M\[0xf0]["m[0x1a][0xa3][0x9a][0xfd]D.[0x85][0xb1]D[0x9a][0xf0]#d7"m[0x81]<G[0xac][0xdf][0x10]U[0x11]![0xf3]I[\n]"
21:57:47.548 [main] DEBUG org.apache.http.wire -  << "[b[0xad]G[0x94]{T[0xb5][0x9e][0xe8][0xe0]E[0xc][0x99]P[0xcd]~b[0xed]Fj[0xbc]Q[0xcd]nP[0xcc][0x13]m?[0xa2]IG[0xc8]~[0xb2][0x92][0x16]R[0x1b][0x8e][0x90][0xf9]$%-[0xa2][0xfd][0x87][0xa8][0xa8]j?[0x91]I[0x1b]i"[0x91][0xaa][0xd6]#{[0x1f][0xcf][0x11][0xed][0x96]H;[0xa8]hf?[0x9e]Z[0xd8][0x12]i[0xce]r`[0xec][0xa7]A[0xd6]&%{![0xcd]R[0xe][0x88][0xff][0x91]&$if?[0x9e][0xf4]g[0x84]t[0x3]/[0xf6]F[0xcb][0x80]N"[0x1b][0x11][0x9c]V[0x18]`[0xe7]!R[0xef]`[0xc]=[0xa4][0xc3]|[0x7][0xa5][0xf3][0x10]E[0xff][0xa0]t[0x1e][0xa2][0xd1][0x85][0xbb][0xe9][0xc][0x0][0x0][0x0][0xff][0xff]"
21:57:47.548 [main] DEBUG org.apache.http.wire -  << "[\r][\n]"
21:57:47.548 [main] DEBUG org.apache.http.wire -  << "D8[\r][\n]"
21:57:47.548 [main] DEBUG org.apache.http.wire -  << "[0xca]I[0xac]T[0xa0][0xca]x[0x94][0x91])b[0xb4]mP[0x86][0x6][0xa1][0xa4][0x8e]h}[0xd0]o[0xe9]0[0xdd][0xce][0x17]6B:$[0xd6]7[0xbf][0xb4][0x18][0xf3]ZLpJ[0xc0]1T[0x88][0xdc][0x18][0xc0]S[0x19][0x1b][0x99]![0x92][0x0][\r]-A4[0xe6]i[0xb3][0x4][0xc6][0x8][0xf3](X[0x1c];=[0xa8][0x93]q[0x90]N[0x82]E[0xed]D[0xa2]v:[0x11][0xe9][0x93][0xd8][0xe8]@:[0xcd][0x95][0xca][0x6][0xf][0xee][0xdd]JHg[0x9e]b/[0x89][0x10]AI[0xbf][0xac]n[0x8e][0x18][0xfc][0xa5]Q[0xb2]%8~3[0xb0]m[\r]sD[0xbe][0x1d]D[0xb1][0x82][0xa8][0x15]h[0x14]+[0x98][0x87]tbn[0x13][0xc7]W[0xf6][0x1a]YZ[0x12]}-[0xb1][0x11][0xd2]Q[0x9b][0xb4][0xf2][0xe]"[0xeb]C[0x1b][0x15]4[0xf4][0x8e]%[0xa2]>[0x81]Z[0x86][0xa3] [0xc6]Qo[0x11]=[0xc5]e[0x8c]4[0xf8]F[0x9b][0x80]3F[0x9a][0xf6][0xc4][0x9e][0xfc][0x7]4w[0x1a]#[0xf5][0xe3]i[0x14][0x0]HS7[0x14][0xd8][0x0][0x0][0x0][0x0][0xff][0xff]"
21:57:47.548 [main] DEBUG org.apache.http.wire -  << "[\r][\n]"
21:57:47.549 [main] DEBUG org.apache.http.wire -  << "3A3[\r][\n]"
21:57:47.549 [main] DEBUG org.apache.http.wire -  << "[0xc2][0xd3][0xfc]0F:[0x91]a0[0x6]1[0xd2]5\[0xd8][0x9d]7[0x0][0xd5][0x92]1[0xd2]4[0x17]vG[\r]l[0xb2]D:Q[0x1][0xbb][0xf3][0x6]"[0xcc][0x90][0xe]a[0xa0][0xd5]i[0xbb][0xc6]H[0x93][0x82][0xb4][0xb3][0x3]s[0xf5][0x10][\r][0xa7][0xbf][0x8d][0x91][0x96]R{[0xe6]%[0x17][0xa5][0xa6]d&[0xe5][0xa4]*[0xf8]d[0xe6][0xa5][0xe6])x[0xe7]e[0xa6]a[0xf6]I[0xc2][0xf2]sJ[0xb]J[0x12][0x8b][0x15][0xca]R[0xf3]2[0x13]s[0x15][0x12]s2[0xb]K3S[0x90]f[0xeb]PW[0x95][0x9b][0xe0]>'[0xc7][0x18][0xe9]&/[0xd7][0xbc][0xfc][0xa2][0xdc][0xfc][0xd2]b[0x5][0xdf][0xc4]"[0x90][0x13][0xb0][[0xee][0x99][0xa2]P[0x6][0xb1][0xbf]$3[0xa9][0xb4]X[0xa1],[0xb3]$1U[0xa1][0xb8][0xb4]89[0xb3] [0xb3][0x4][0xbe][0xe]/1I!'3)[0xb5]([0x1f][0xa7][0xab][0xf0][0x15]Y[0xc6][0x88][0x1a][0xe]y)[0x8f]{Qb^fI[0xaa][0x2][0x8e]E[0x82][0x81][0xa5][0x99][\n]"
21:57:47.549 [main] DEBUG org.apache.http.wire -  << "[0xc5][0xa5]y%[\n]"
21:57:47.549 [main] DEBUG org.apache.http.wire -  << "[0xb9][0xf9]9[0xa0][0xa9][0xaa][0xc4]T8[0xab]X[0xa1]([0xb5] 5''5/[0xa5][0xb4][0x98]<'[0x11]j[0xa7][\r]l[0x89][0x80][0xb4][0xce][0xda]-1[0xaf]$[0xb1][0xb8]$3Y[0xc1]9[0x1f][0x94][0xa0]JRq[0xa4][0xa3] D[0x90]([0xa4][0x82][0xd2]Rj[0x89]Bai~[0x8a]Baif"4&sA{[0x7][0x12]S2[0xb]2[0x8b][0x93]3q[0x6][0x1c][0x9e][0xa1]Hc[0xa4]##[0xb0][0x97]U[0x3][0x1c]p[0x88][0xd1]*[0xd8][0xb6][\n]"
21:57:47.549 [main] DEBUG org.apache.http.wire -  << "[0xe8][0xae][0xe][0xec][0xe9][0xdf])5[0x11][0x94][0xe0][0xa1]yN[0x1]O[0xb6][0xc3][0x97][0xc0][0x91]N[0x8e][0x18][0x94][0x81][0x82][0x18]#[0xa3]Q[0xa3]dp[0x8f][0x0][0x1b][0x9b] :@[0x83]1~[0x6][0xf7][0x8][0xb0]1[0xd2][0xed]j>[0x99][0xe9][0x19]%[0xe5][0xa9] R!<??[0x7][0xb2][0xe][0x13]cy[0x8d][0xf]hwR*[0xbc]fI-VH[0x82][0x1f]p[0x89]T[0xea][0x80][0x9a]e[0xc4],[0x4]1FZc[0x8e]=[0xfe][0x6][0xa2][0x81]dJ[0xf3]\[0x85]4[0xd8][0x9c][0x9b][0x98][0x99][0x7][0xbe][0x8a]!1[0x1b]#[0xb4][0x8b]KRS[0x8b]@+9[0xca]3RSs[0x10]AA|[0xc7][0x10]i[0x9d]<[0xf6][0xf0][0x1d][0xd8]B[0x1d]i[0x0][0x19][0xbb][0xf3][0x10]~[0xa6][0xdb]P[0x97]1[0xd2]I94*T[0x91][0xae][0xaf][0xa3][0x95][\r][0x88][0xda][0x92][0x9a][0x97][0xaa][0xe3]9[0xc9][0xd1][0x18][0xe9][0x1c][0x9e][0xe2][0xd2][0xe2]R[0x85][0xec][0xd2][0x94]D[0x85][0x9c][0xcc]D[0xcc][0x5][0xfd]`[0xe9][0xc4]<p[0x82][0x87][0xae]4[0xb2]D[0xb9]S[0x0]_3[0x5][0xe9]V;[0xda]f[0x1d][0xa4])[0x7][0xe8][0xe8][\r][0x9e][0x8d][0x14][0xe8][0x87][0xe7][0x1b][0x12][0x9f]E[0x91]f[0x1d]h[0x95][0x18][0x10]Mbp[0xd0]S[0x10]3[0xf8][0xda]JH[0xf3][0xe][0xd4]Ls[0xf8][0xac]D[0x9a]{[0x80][0xc6][0x11][0xad]F[0xd8][0x90]V,[0xd2]([0x96][0x90]nd[0xa3]e,![0xcd].[0xd0][0xd4][0x1a]Z[0xcf][0x17][0x18]#[0xcd][0x17][0x80][0xca][0x12][0x85][0xc4][0xca][0xc4]\[0xcc][0x1a][0x14]T[0x12][0x81][0xa4][0x11][0x15][0x9]jQ[0x83]7u!z[0xb7][0xb4]N][0x88][0x1c]J[0xab][0xd4][0x85]h([0xd3][0xd8]/H[0x83][0xf8][0xb4][0xb6][0x9]Q[0xc9][0xd1]([0xd4][0x90][0xce]X[0xa3][0xb5]_[0x10]mN[0xec]-[0xa1][0x81]m[0xa8]![0xdd][0x88][0x84][0xdd]y[0x88][0xfc]E[0xbf][0x86][0x1a][0xd2][0xbd]I4[0x8a][0xd0][0x82]v[0xe8][0xce][0x10]Z[0xd9][0x80]X_J[0xaf]J[0x93][0xe0][0x89]j[0x3][0x9b][0xd4][0x8][0x9e]x[0x86]+[0xa9][0xa1][0xf][0x9f]Bw[0xd6][0x1a][0x99]"[0x8d]l[0xb9][0x83][0xf]f[0xc2][0xa8]&[0x10]>[0xc6]qf[0x93]%[0xcd][0xab]3KD[0x1]@[0xab][0xa4][0x86][0xa8][0xce]he[0x3][0xcd][0xab]1P7[0x81][0xa6][0x19][0xd2][0xc4][0xc0]@G[0x9]j[0x3]m[0x8b]|[0x13][0xa4][0xbd]!HG[0xd5]@[0x7][0xf5][0xc1][0xdb]`1[0xd2][0xa9]kfi[0xb1]BAjQqAfrfbIf1h[0x8][0x18]i[0xdc][0x5][0x94]L[0x89][0x19]w1A[0xda]-B[0x9b][0xb4]`B[0xf3])i[0x13][0xa4]][0x1f][0xee][0xf9]E[0xe9][0xa9][0xa0])[0x11][0xe8]&&g,[0xbd]N[0xd0][0xd6]%[0xf8]9[0x4][0xb0][0xb9][0x91]T[0xe4]C~L-[0x89][[0xb6]n[0x82][0xb4][0x85][0x99]V[0xc1][0x87]([0xe]h[0x9d][0xc]i[0x9d]iM[0x88][0xde][0xea]K[0x95][0x5]i&H[Fh[0x14]9H[0xd7][0xf0][0x90]h[0x3][0x0][0x0][0x0][0xff][0xff]"
21:57:47.549 [main] DEBUG org.apache.http.wire -  << "[\r][\n]"
21:57:47.549 [main] DEBUG org.apache.http.wire -  << "72A[\r][\n]"
21:57:47.549 [main] DEBUG org.apache.http.wire -  << ""r[0xed][0x9b][0x9][0xd2][0xb6][0x10]Z[0xd9][0x80]h<[0xe3]O`T[0x8a][0x14]D*[0xc3][0xde][0x80]DT[0xc1][0xb8][0xea]w[0xf4][0xae][0x1a][0x15][0xeb]w[0x13][0xa4][0x1b]][0xb0];o@[0x1c][0x85]h[0x1b][0xe][0x1a]G[0x99]b[0xe][0x8b][0xd1]h[0xc8][0xc5][0x14][0xcb][0xe0][0xe][\r][0xe7][0xf7]M[0x91]Fx[0x2][0x9c][0x15][0xdc][0x1d]}=[0xfd][0xdc]1*[0xe0][0xe0][0x0]Wo[0x5][0xf]Ow[0xf]Dz[0xb0]$6S[0x9b]"[0xad][0xa5][0xb]H[0xcc]I[0xf4][0xc9][0xf7]I[0xc4][0xb0][0x0][0xbe][0x96][0xe]}D[0xd1][0xc8][0xd2][0x12][0xb4][0xa8][0x82][0x98][0xda][0xdd][0x14][0xe9].h[0x1a][[0x84]X[0x82]A[0xa7][0xde][0x8b][0xa9][0x5][0xa2]%Nc[0xbf]![0x9a][0xcb]t[0xf2][0x9b][0x19]R)[0x4]+[0x93]i[0x98][0xe2][0xcd][0x90][0x96][0xb4]![0xad]h[0x81][0x9e][0xc3][0x12][0x90]YU[0x95][0xa8][0x9b][0x8c];[0x81]b[0xb9]#[0x80][0xb8]sX[0xa8]s[0xd2][0x11][0xd2]j9[0xf8][0x82][0x98][0xe0][0xcc][0x9c]l[0x5][0xec][0x87]<z[0xe6])$[0xe7][0xe7][0x15][0xa7][0x16][0x96][0x96][0xe6][0x95][0x94][0x16][0x81][0xda][0xcd][0x90]C[0xaa][\n]"
21:57:47.549 [main] DEBUG org.apache.http.wire -  << "K[0x13][0x8b][0x15]2K[0x8b]K[0xf2]Ab[0xc5][0x85][0xa5][0x89][0xc8]-B[0xd4][0x5]:[0xe8]5[0x10][0xf2][0xc9]KXn.[0xa2]i[0xdc]![0xc6][0xf3][0x90]W[0xde][0x4][0xe7][0xa7][0x95]([0x4][0xe7]'[0x16][0xe8][0x1a][0xc][0xda][0x98]C[0xba][0xd5][0x8])[0xd9][0x5][0x95]&%[0xa5][0x16])x$[0x96][0xe8]b[0xae][0xa4][0x82][0x97][0x8a][0x3][0x9c][0xe8]@%0[0xb4]s[0xe8][0x91][0x98][0x97][0x92][0x9b][0x98][0x92][\n]"
21:57:47.549 [main] DEBUG org.apache.http.wire -  << "Jo[0xe0]E<[0xc1][0x19][0xf9][0xa9][0xc5][0xba][0x98]7[0xa2]S[0xc1][0xed][0xa0]C[0x1d][0xa0][0xd6]B[0xf].[0xc2][0xbc]h[0x92][0xd0][0xc1]Ef[0xc6][0x88][0xb2][0x1a]~[0xd2][0x4][0xe4],7[0xec]9[0xc6][0x19]vd[nf^i[0xb1]BJfrI[0xa2]Bq~NiI"l[0xfe][0x9f][0xac][0x15]ZfH[0xb][0xe9][0xe0]97 [0x7][0xb2][0x12][\n]"
21:57:47.549 [main] DEBUG org.apache.http.wire -  << "[0xfb]Z[0x1e][0xd0]![0xa9][0x89][0x5][0xa9]E[0xa0]Et[0xa9][0x15][0x5]9[0x99][0xc9][0x89]I[0xf9][0xa0][0x3])[0xc8];[0xa2][0xd5][0xc]i1[0x1d][0xac][0x9c][0xc5][0x9d][[0xb0]T[0xc4]xz[0x89]Tl[0x94][0x9a]![0x8d][A[0x9d]I[0xda]bu[0xba][0x8d][0xc4][0x9a]![0x9d][0x89][0x89][0xd3][0xa5][0x88][0x16][0x13][0xbe]N[0x10]5[0xc3][0xf][0xe9][0x1e][0x1e][0xe4]2[0xd2]1[0xa7][0x14][0x94][0xa4]s[0x15][0x9c][0x12][0xd3]1[0xa2][0xdd]71=/S!/[0xbf][0xb8][0xa4][0x8]t&o[\n]"
21:57:47.549 [main] DEBUG org.apache.http.wire -  << "h=biJfb^Jb[0xaa][0x2][0xb8][0xae][0xc8]K,)-[0x86][0x1c][0xd3][0xb][0x12]A^l[0x7][0xbe]m[0x9a][0x98][0x16][0x9a][0x19][0xd2][0x12][0x13]h[0x80][0xd1][0xa8][0x15]m[0x86]t[0x1b][0xcf][0xa0][0xe9]D[0x98]![0xad][0x15][0x18]D[0x8e]B[0xb4],[0x83]sRS[0xb3][0x15][0xe0][0x9]%$1)[0x7][0xb3]Rr-*[0xca]/R(I[0xcd]-[0xc8]/[0x2][0xa7][0x84]D[0xc8]A[0xcd][0xc8][0xe7][0xe3][0xe4][0xa5][0xe6][0x92][0xb5][0xb2][0xd6][0xc][0xa9][0x9b]5[0x88]B[0x8][0xd1]$[0x1e]D[0x8e]B[0x8c],[0xb8][0x94][0x16][0x81]b[\n]"
21:57:47.549 [main] DEBUG org.apache.http.wire -  << "~[0x80][0x12][0x8e][0xf5][0xc7][0xc1][0x99]%[\n]"
21:57:47.549 [main] DEBUG org.apache.http.wire -  << "[0xa0][0x96]`&[0xe8][0xf8]"[0x85][0xcc][0x9c][0x1c][0xd0]AF[0xd0]u[0xb5]y[0xa5]99[0x89][\n]"
21:57:47.549 [main] DEBUG org.apache.http.wire -  << "[0x89][0xc9][0xc9][0xa5][0xc5][0x89][0xb9][0xe4]-A6CZ[0x8]A8s[0xf]\[0xf5][0x82][0xb4][0xbf]rP;[0x13][0xb1]e+[0xa0](1[0xb9]$391G[0x1]r[0xa2]:[0xb8][0xc9][0x85]Q[0x84][0xbb]V$[0xa7][0x16][0x94][0x94][0x16]eB[0xa3]61[0x97][0xbc]Cf[0xcd][0x90]f[0xb2]i3[0x8]g[0x86]4[0xbf][0xec]Z[0x94][0x9e][0x9f][0x97][0x9f][0x9b][0x99][0x8c](v|[0x12]s[0xb]0|[0xe7][0x97]Z[0x9c][0x9c][0x9]Z<[0x9f][0x9a][0x8]J[0xbe]H[0x83][0xff][0xc4][0xf7]U[0x90][0xfa][0xd0][0x84]c[0x1e]K[0x93][0x9b][0xe8][0xc5]Mf[0x16][0x88][0x12]#[0xa8][0x14][0xdc]L[0x86][0x8e][0xd0]cos[0x6][0x96]f[0x82]{`[\n]"
21:57:47.549 [main] DEBUG org.apache.http.wire -  << "[0xb9][0xf9])[0xe0][0xdc][0x89][0xe4]=[0xa2]+Ws[0xa4][0xb]Vh[0xeb]=s[0xa2]G[0xb6])[0xdd][0xe1]g[0x8e]t![0x8][0x8d][0xfd][0x84]9[0x8]a[0x8e][0x91][0x8][0xf1][0xf5]i[0x88]N[0x1c][0xe6]H[0x87][0xbf]@[0xfd]dA+[0x9b][0x10]e[0xc8][0xa0][0xa9][0xb8][0xcc][0x91].[0x8a][0xf0](P[0x8][0xcb],[0xcb]W[0x88]4[0xc2][0xec]?[0xe6][0xa6][0xe6]f[0xe6]dfg*[0x14][0x17][0xa4][0x16]g[0xa6]ef'[0x16]g*T&[0xe6][0xa5]+$[0x16]d[0x82][0xd6][0xc]C[0x97]P[0x1a][0x83][0xa6][0x17][0x88][0x1d][0x8b]4G[0x1a][0xfb][0xa1]u[0xd8][0xd3]k&[0xcb][0x1c][0xcb][0x10][0xc][0xf6][0xf4]D[0x95])[\r][0xf3][0xc1][0xb8]![0xd2][0x1c]ip[0xc5][0x19]t[0x1f]|JiN)F [0x80].[0x91][0xcf]H[0xcc][0xab]L[0x4][0xcd]%[0x83][0xae][0x8d]O[0xcc]S([0xc8]/[0x6][\r]*@[0x13][0x93])[0xf1][0x7]/[0x9a]#mr[0x84]&%[0x1a][0xf5]e[0xcc][0x91]w.[0x82]vLA[0xb6][0xe0]Ag[0xcc][0xb1][0xd7]([0xce][0xf9][0x5][0x5][0xa9][0xa0]%[0xc8]P[0x8f]Y[0x1a][0x82][0xfa][0xaa][0xc4][0xf4][0xd1][0xcc][0x91][0x6]{[0x90]wG@w[0xfc][0xa5]V&[0xe5]'[0x16][0xa5]`[0x84]-h[0xf3][0x4][0xa2][0xab]klii[0x81]g[0xb4][0x0]i[0x0][0xd1][0x1c]i|[0x6][0xb6][0xc1][0x9][0xea]3[0xa7][0xd4][0xbc][0xe4][0xc][0xc][0x8b]`[0x9b][0xc6][0x10][0x96][0x99][0x19][0x82][0x16][0x96][0x13][0xe7]7D_[0x7]>w[0xe][0x1b][0x83][0xc1][0xbe][0xf4][0x0][0xba][0xa7][0xf]a[0x9b][0xa9]9[0xa8]}D[0x9c]m[0x88]"[0x0][0xb9]#[0xe][0xf5][0x1e][0xd6]f[0x8e]s~II~[0x1e][0xc2]6s[0x3][0xd0]^C[0xe2]lC[0xb4]9[0xe0][0x3]]0[0xbf]y[0xe3][0x8a]6[0xcc][0xd0][0xb4]4[0x0]m[0x4] [0xce]FD[0x17][0x4]n#([0x1d](`o[0xa0]B[0x86]:[0x11]~[0xb3][0xb0][0x0][0x1d][0x3]G[0x9c]M[0x88]a_x[0xbc]A[0x12]$[0xd6][0xdb][0x85] ![0x8c]d[0x93]![0xb1]+D[0xcc][0x91]6*bt[0xab][0xb0][0x8c][0x9b][0xa0][0xfb][0xc9][0xc8][0x4][0xb4]s[0x8c](?![\r]s![0xe7]3X[0x94]9[0xe7][0xe4]'[0x83][0xaa]9[0xd4][0xe3]d`}s[0x84][0xdf]LLA[0xb7]h[0x10]g#[0xd2][0xdc]we^jQz&[0xb8]i[\n]"
21:57:47.549 [main] DEBUG org.apache.http.wire -  << "[0x9]-\[0xbb]VA[0x93][0xb][0x8][0xdb]L[\r]@[0xb]\[0x88][0xb3][\r][0x91][0xd7][0x90][0xc6][0xbb][0xa1][0xed]`[0xac][0xd1][0x6]=[0x0][0x18]a[0x9b][0x11][0xf8]x~[0xe2]l[0xc3][0x9e][0xd7] [0xf1][0xa3][0x10][0x9c][0x91]Y[0x4]*[0xe6]Q[0x3][0x13][0xe2]q[0x84]u&F[0xa0][0xb5]I[0xc4]Y[0x87][0xc8]l[0xc8][0x97][0x84]@}[0xa0][0x80]}[0xe4][0x4][0xbd]P62[0x5][0xad]/%[0xce]>DVCN,[0xb0][0xe4][0x80][0xe3][0xf8]b[0x88][0xef][0x91]=[0x8][0xda][0xfa]F[0x9c][0x85][0x88][0x1c][0x87][0xd8][0xb0][0xb]J[0xb]X[0x87][0xf]a[0xee]@Xef[0x9]Z[0xdc]M[0x94]U[0xa6][0x88][0xa5]g[0xc8]~[0x83][0x85][0xa5]s~nAi[0x9][0xb8]2C[0x8d]>[0xf4][0xb2][0xd2][0xd4][0x8c]x+[0x11]K[0xc][0xa0][0xfd]3[0xcf][0xa2][0xfc]<[0xac]^[0x83][0xe6]G[0x84][0xcf]L-A[0x83]T[0xc4][0xf9][0xc][0xd1][0xfe][0x86][0xc][0xad][0x81][0x3][0x90][0xb8][0xc4]al[0x9][0xaa][0xf6][0x89][0xb3][0x6][0x91][0xaf]aU($[0xa9])`[[0x10][0x6].7[0x11][0xde]16[0x1]5[0xc8][0x89][0xb3][0x7]1[0x95][0x12][0x8c]T~[0x80][0x8b]|[0xec][0xe7]g[0xa3]'@[0xb][0x13][0xd0][0x11][0xe3][0xc4]Y[0x86](>[0x10][0x9e][0x2]U[0x8e][\n]"
21:57:47.549 [main] DEBUG org.apache.http.wire -  << "[0xe1][0x89]99[0xa9][0x98][0xb9][0x19][0xb2]-[0x1a][0xd9]cD[0xf7][\n]"
21:57:47.549 [main] DEBUG org.apache.http.wire -  << "L[0x11][0xb9][0x19][0x12]O[0xd0]Z_[0x1]{![0x8c]^nX[0x9a][0x83][0xc6][0x94][0x88][0xf3][0x15]"[0x1f]#[0x15][0x8a][0xe0][0xc4][0x87]-[0xae][0xc0][0xe3]=[0x8]/[0x99][Z[0x1a][0x13][0xd9][0xac][0x2][0xad][0xe9][0x83][0xce][0x9d][0xa1][0xf][0x1f]a[0x8f]*H[0xc1][0x8c][0xb0][0xcb][0xc8][0x88][0xe8][0xc2][0x9]i;#47[0x81][0xd3]9[0xf6][0xf6][0x1b]F~22[0xb1]4$[0xd2]S[0xa0]v[0x1e][0xd4]S[0xc8][\r]*p[0xf0][0xe1]H[0x15]X[0xac][0x3][0xf5][0xbf][0x89][0x8a],[0xa4]9[0x4][0xe4][0x82][0x9][0x9a][0xb7]<[0x12]1[0xd3] fs[0xca][0xc2][0x0][0xb4]*[0x85]8[0xeb][0x90][0xb2][0x17]x [0x1e][0x12]%[0xa0][0xb9]a,[0xad]`PV@[0xc4][0x96][0x89][0x1]h[0xf9][0x1f]q[0xd6] 2[0x16]4[0xb6]`[0xa9][0x1d][0xfb],$z[0x1e]6361%6[0xbe][0x10][0x95]2[0xbc][0xd9][0x6][0xc9][0xa6]X[0x8b]Zh[0x89][0x8f][0xe4]+[0xf0][0x8a]Sb|eB[0xb7][0x81]"[0x13]CD[0xf8]a[0x1f]T[0x19][0xd8]%}HGBaw[0x1e]R[0xf0][0x82][0x96][0x95][0xe3][0xc]]*NI[0x9a] ]OJ[0x9b]!ep%[0x6]-[0x1a]h[0xdb][0x1b]7[0x1][\r]![0x1][0x0][0x0][0x0][0xff][0xff]"
21:57:47.549 [main] DEBUG org.apache.http.wire -  << "[\r][\n]"
21:57:47.550 [main] DEBUG org.apache.http.wire -  << "83[\r][\n]"
21:57:47.550 [main] DEBUG org.apache.http.wire -  << "[0xa2][0x93]M[0x88][0xec][0x83][0xdf]OT[0x19][0xd8]1A[0x1a]G[0xa2]U$!j?[0xfc][0x1e][0xa2]t[0xdc][0xd8][0x4]t[0x12][0x3]4[0x92]h[0xe4][0x17][0xa4][0x11]'[0x1a][0xfb][0x85]n[0x3]M&[0xa0][0x16]'4[0xd4]`~[0xa2][0xe1]b.[0x13][0xa4][0x91]&ZE[0x12]R[0x95][0x9a][0x9f]W[0xa9][0x10][0x10]L[0xa3]1:[0x13][0xa4][0xd5]=[0xd8][0x8b][0xdd][0x81][0xad][0x15]@[0xa3]H[0xd0][0x98][0x1d][0x94][0xce]C[0xf4]6[0xb1];o *-[0xe4][0xa1][0xa0]0[0x17][0x5][0xdf][0xd2][0xf4][0xd4]<[0x85][0x90][0xa2][0xc4]L[0xd0][0xf8][0x1c]jW[0x14][0xe1]<C#[0xd0]|"
21:57:47.550 [main] DEBUG org.apache.http.wire -  << "[\r][\n]"
21:57:47.550 [main] DEBUG org.apache.http.wire -  << "170[\r][\n]"
21:57:47.550 [main] DEBUG org.apache.http.wire -  << "[0x4]q[0xed]#[0x13][0xa4]! h~[0x1b][0xa4]+[0x9d]L@[0xa3][0xc7][0xd0][0xf4][0x83][0xd3][0xa5][0x88]@[0xa0][0xd3]J'[0x13][0xa4][0x5][0x82][0xd8][0x93][0xcd][0xc0]f:P;[0x19][0x1a]h[0x1][0xc1][\n]"
21:57:47.550 [main] DEBUG org.apache.http.wire -  << "[0x98]%Ozbn[0xaa][0x82][0xa9]Bq[0x9]x[0xdb][0x16]t[0xa4][0x1e][0xff][0xea]5[0xa4][0x91]s[0x13][0x13]D[0xf3][0x80]F[0xc5]'h,[0x13][0xea][0x81]A[0x19][0xbe][0x83][0xb1][0xd4]@[0x1a][0xcd][0xc2][0x99]S[0xf0][0xcd]#[0xe3][0x8f]j6[0xca][0x91]N[0xe9][0xc2][0xe9]R[0xfa][0xe7]i[0xd0]h64[0xcd][0xb9][0x95][0x16][0xe5]e[0x96][0x94][0x16][0xa5]*[0x84][0xe4]c[0xae][0x8]A[0xc8][0xa6]$[0x16]e*x[0xa5][0x16]$[0x16][0x81]6[0x96]@[0xf3][0x91]![0xe8][0x8c]4[0x9c][0x9d][0x1b][0xe4]|[0x84]t[0x18][0x17][0x8d][0xf2][0x11][0xd2][0x8a]LZ[0xd9][0x80]([0xb]p[0xc6]%[0xf1][0xa9][0xce][0x18][0xed]DN[0xaa][0xa6]:[0xa4][0xb1]6H[0x93][0xc][0xb3][0xce][0x1b][0x80]T[0x87][0xe8][0x99] [0xd2][0x15]MS[0x1d][0xd2][0xa0][0x19]U[0x8f][0xf9]7[0x1]M[0xdf]A3[0x10]4)`[0xd6]<[0xf8][0x92][0x2][0xd1][0xb]YL[0x90][0xc6][0xc7]hm[0x13][0xdd][0xda][0xf1]H[0xe7]l[\r][0xc6]*[0xf][0xe9][0xd4][0xac][0x80]`,[0xf7][0xb1][0x17][0x9b]($%[0x16][0x81][0x96]>@[0x8b]A[0xd0][0xf2][0x18]"[[0xa3]f[0x88]<0[0x18][0xbd][0x8e][0xb4]/rP:[0xf]1[0xd7]3([0x9d][0x87][0xc8]A[0xd8][0x9d][0x87](s[0xe9][0xd7][0x2]A:[0xcb][0x8a][0x16][\r]dsDU[0x83][0xdd][0xcf][0x3][0xdb]=0[0x1f][0x8c][0xcd]W[0xa4][0xcd][0xba][0xf0]]J[0xe0][0x9]>[0xac]3[0xf6][0x8e][0xe0][0x5][0xe3][0x90];q[0xf3]A[0xb7][0xa8]B[0x8f]e&k[0x87][0x94])h[0x16][\r]Rs[0x1][0x0][0x0][0x0][0xff][0xff]"
21:57:47.550 [main] DEBUG org.apache.http.wire -  << "[\r][\n]"
21:57:47.550 [main] DEBUG org.apache.http.wire -  << "2B9[\r][\n]"
21:57:47.550 [main] DEBUG org.apache.http.wire -  << "RB[0x9b]_[0x4][0xdd][0xd0][0x8b]}Q[0x89]+[0xf8]Lh[0xd0][0xb9][0xd0]d[0xda][0x89][0xc8][0x17][0xb4][0xad][0xc3]L[0x91][0xae][0x92][0xa1][0x82]M[0xe8][0xa7][0xfe] 5hM[0x91][0xb3]UQ~Jir[0x89][0x82]ciNf[0xa2][0x82]1[0xc6]<[0x12]hI\[0x1]TM"\[\r][0xb4][0xee][0xc0][0xd7][0x8d]G[0xb1][0xf][0x91][0xcf][0x2][0xa0]f[0xd1][0xd6]>DEE[0x1f][0xfb][0x10][0x19][0x95][0x1e][0xf6][0x99][0x81]&([0xa1][0xf9][0x0]>m[0x6][0x9d][0xb][0xc]N[0xcc]IL[0xd1][0xc5]s"'[0x96]e[0xeb]t[0xdd][0x9e][0x8c][0xa8][0x5]a[0x89][0x9c][0x86]#[0xc8]fH[0xf3]Jt[0xb1][0xe][0xb3][0xb0][0xa0][0xa9][0xef][0x10][0xe9][0x9c][0x1e][0xbe]C[0x9a]gpO[0xcd]K-[0xca]LV[0x80][0xcc][0xfd]BvV[0x93][0xb6]H[0x9d][0x9e][0x89][0xe]ip[0x1b]y1[0x16][0xb4][0xda][0xc2][0xb1]z([0xb0]4[0x1f]v3[0x5]h[0x7]|[0xa2]B^~R&Yu[0x88][0x99]1f<a[0x14][0xb4][0xf0][0x1e][0xd7][0xc0]m|[0x2]-[0xbd][0x81][0x16]+[0x88]%![0x90]@[0xc2][0xbe][0xd6]0/3[0x17][0xbc][0x1b]E!?7/[0xb3]X![0xb1][0xb4][0x4][0xb4][0xf5]F!?99159[0xb1][0x4]y[0xb]([0xf1][0x9b]p[0x90]F[0xd5]a[0x89]z0[0x6][0x16][0xd2][0xd0]2[0xd4][0x99][0x98][0xc3][0x14][0xf0]8[0xc5]R[0xe8][0xd2][0xad][0x11]m[0x86]tW[0x3]N[0x97]"[0x1a][0xf7][0xc8]u:z[0x1b][0x82][0x8a][0xc3]<fHc[0xdf]PW[0xd1]h[0x14][0xc2][0xc]i[0x18][0x1c]{+[0x1f][0xe1]y:F[\n]"
21:57:47.550 [main] DEBUG org.apache.http.wire -  << "[0xa2]H[0xa0][0xd5]E@f[0xa0][0x1]Nh~[0x1e]<[0x1e]G[0x1a]T[0x86][0xaf][0x9][0x87][0xae][0xeb][0x1][0x1d][0x19]Q[0x82][0xb9][0x9f][0xd8]%[0xb5]8[0xb5][0x8][0xb4][0xb3][0xaf][0x10][0xb6][0xb]./[0x15]t[0xab]KYj[0xe][0xb8][0xb8])#[0xf3][0x96][0x1e]3[0xa4][0x91][0xe4]A[0x14]>[0x88]&[0x4]r][0x5]9[0x91][0x2]k[0x1f]+[0xb4]D[0x1][0x12] [0x5][0xf9][0xc5][0xc5][0x99][0xb9][0xa5][0xc5][\n]"
21:57:47.550 [main] DEBUG org.apache.http.wire -  << "[0xb9][0xe0][0xcd][0xfa][0xa0][p[0x90][0xf6][0x9][0x12]_[0x2]#-[\r][0x84][0xad][0xac][0xf4]M-I[0xcc][0x81],[0xdb][0xd7][0xc5][0xec]$[0xe0]+[0xe7][0x88][0xac][0xe7][0x91][0xfa][0xba][0xd0][0xa3]<0[0x8f][0xd8]!x[0x94][0x7][0xd2][0x90][0xe9][0xe0][0x89]P[0xa4][0xe1][0xd6]A[0xe4](D3[0x9c][0x1e]=[0x16]s[0xa4]5q[0xb4]-[0xed][0xcd][\r]1&:p[0xd4]+TY[0x13]e[0x8e][0xb4][0x9a][0xe][0xbf][0xc7][0xa8]d[0x1d][0xa2][0xda][0xa0][0x8b]u[0x88][0x8e]-~[0xeb](][0x8f][0x5]^ [\r][0xad][0xab][0x8][0xdb]4`Mds[0xa4][0xcb][0x8]h3Qg[0xe][0xda][0xa2][0x0][\r][0x8][0xa4][0xd3]o[0xa1][0xc5]?x[0x1d][0x0][0xea][0xca][0x12][0xe8][0xcd]C[0xa9][0xa5][0xb9][\n]"
21:57:47.550 [main] DEBUG org.apache.http.wire -  << ")[0xa0][0xed]:y[0xc9]%[0x99][0xc8]Gk[0x80]:m[0xc4][0xcc]r[0x9a]#[0x95][0xc0][0xf0][0x81]=[0xf0]2m[0xec][0xdb][0x11]\[0xf3]2s[0x15]JK@G{$[0x82][0xfa]GH5[\r]h[0xe][0x82](+[0x91][0xc6][0x12][0xe9][0xbf][0xd3][0x17][0xb4]K[0xf][0x1a][0xd0]H+[0xed][0xc1]>[0xc6][0xbe][0x0][0x1e][0xbe][0x9]?[0x7]|1 [0xca][0x9]8[0xc5][0xa9])[0xd0]J[0xb8]8[0x15][0xe5]"C[0x13][0xe2][0xe6]V[0xcc]A[0x8b][0xc0][0xa1][0xae][0xa1]Q[0xc2][0xb2]@l[0x2]![0x1c][0xd8][0x0][0x0][0x0][0x0][0xff][0xff]"
21:57:47.550 [main] DEBUG org.apache.http.wire -  << "[\r][\n]"
21:57:47.550 [main] DEBUG org.apache.http.wire -  << "D[\r][\n]"
21:57:47.550 [main] DEBUG org.apache.http.wire -  << "[0xa2][0xce][0xb6][0xea][0xd8]Z.[0x0][0x0][0x0][0x0][0xff][0xff]"
21:57:47.550 [main] DEBUG org.apache.http.wire -  << "[\r][\n]"
21:57:47.550 [main] DEBUG org.apache.http.wire -  << "A[\r][\n]"
21:57:47.550 [main] DEBUG org.apache.http.wire -  << "[0x3][0x0][0x99])[0xaa][0xc][0xf6]`[0x2][0x0]"
21:57:47.550 [main] DEBUG org.apache.http.wire -  << "[\r][\n]"
21:57:47.551 [main] DEBUG org.apache.http.wire -  << "0[\r][\n]"
21:57:47.551 [main] DEBUG org.apache.http.wire -  << "[\r][\n]"
21:57:47.551 [main] DEBUG io.restassured.internal.RestAssuredHttpBuilder - Parsed data to instance of: class org.apache.http.conn.EofSensorInputStream
21:57:47.553 [main] DEBUG org.apache.http.impl.conn.BasicClientConnectionManager - Releasing connection org.apache.http.impl.conn.ManagedClientConnectionImpl@12811f95
21:57:47.553 [main] DEBUG org.apache.http.impl.conn.BasicClientConnectionManager - Connection can be kept alive indefinitely
21:57:47.710 [Finalizer] DEBUG org.apache.http.impl.conn.DefaultClientConnection - Connection 0.0.0.0:54393<->149.248.193.56:443 closed
21:57:47.711 [Finalizer] DEBUG org.apache.http.impl.conn.DefaultClientConnection - Connection 0.0.0.0:54394<->149.248.193.56:443 closed
21:57:47.711 [Finalizer] DEBUG org.apache.http.impl.conn.DefaultClientConnection - Connection 0.0.0.0:54395<->149.248.193.56:443 closed
21:57:47.712 [Finalizer] DEBUG org.apache.http.impl.conn.DefaultClientConnection - Connection 0.0.0.0:54396<->149.248.193.56:443 closed
21:57:47.730 [main] DEBUG net.thucydides.core.steps.StepInterceptor - STEP DONE: I send GET HTTP request product
  &amp#27;[32mWhen &amp#27;[0m&amp#27;[32mI send GET HTTP request product&amp#27;[0m                &amp#27;[90m# starter.stepdefinitions.ProductSteps.sentGetHttpRequestProduct()&amp#27;[0m
21:57:47.735 [main] DEBUG net.thucydides.core.steps.StepInterceptor - STARTING STEP: ProductSteps.receiveValidHttp200Product - I receive valid HTTP response code 200 product
21:57:47.736 [main] DEBUG net.thucydides.core.steps.StepInterceptor - STEP DONE: I receive valid HTTP response code 200 product
  &amp#27;[32mThen &amp#27;[0m&amp#27;[32mI receive valid HTTP response code 200 product&amp#27;[0m &amp#27;[90m# starter.stepdefinitions.ProductSteps.receiveValidHttp200Product()&amp#27;[0m
21:57:47.742 [main] INFO  - 
  _____   ___   ___   _____     ___     _     ___   ___   ___   ___  
 |_   _| | __| / __| |_   _|   | _ \   /_\   / __| / __| | __| |   \ 
   | |   | _|  \__ \   | |     |  _/  / _ \  \__ \ \__ \ | _|  | |) |
   |_|   |___| |___/   |_|     |_|   /_/ \_\ |___/ |___/ |___| |___/ 

GET - Get product by ID
----------------------------------------------------------------------
]]></system-out>
  </testcase>
  <testcase name="GET - Get all product" classname="Product" time="0.36">
    <system-out><![CDATA[
Scenario: GET - Get all product                       &amp#27;[90m# src/test/resources/features/5. Product.feature:27&amp#27;[0m
21:57:47.751 [main] DEBUG io.cucumber.core.plugin.SerenityReporter - Running feature from file:///D:/download/API_Minpro%20(1)/APIMinpro/API/minpro/src/test/resources/features/5.%20Product.feature
21:57:47.755 [main] INFO  - 
  _____   ___   ___   _____     ___   _____     _     ___   _____   ___   ___  
 |_   _| | __| / __| |_   _|   / __| |_   _|   /_\   | _ \ |_   _| | __| |   \ 
   | |   | _|  \__ \   | |     \__ \   | |    / _ \  |   /   | |   | _|  | |) |
   |_|   |___| |___/   |_|     |___/   |_|   /_/ \_\ |_|_\   |_|   |___| |___/ 

GET - Get all product(product;get---get-all-product)
--------------------------------------------------------------------------------
21:57:47.771 [main] DEBUG net.thucydides.core.steps.StepInterceptor - STARTING STEP: ProductSteps.setGetApiEndpointsProduct2 - I set GET api endpoints product2
21:57:47.771 [main] DEBUG net.thucydides.core.steps.StepInterceptor - STEP DONE: I set GET api endpoints product2
  &amp#27;[32mGiven &amp#27;[0m&amp#27;[32mI set GET api endpoints product2&amp#27;[0m              &amp#27;[90m# starter.stepdefinitions.ProductSteps.setGetApiEndpointsProduct2()&amp#27;[0m
21:57:47.777 [main] DEBUG net.thucydides.core.steps.StepInterceptor - STARTING STEP: ProductSteps.sendGetHttpRequestProduct2 - I send GET HTTP request product2
21:57:47.779 [main] DEBUG net.thucydides.core.steps.StepInterceptor - STARTING STEP: Product.sendGetHttpRequestProduct2 - I set GET api endpoints product2
21:57:47.779 [main] DEBUG net.thucydides.core.steps.StepInterceptor - STEP DONE: I set GET api endpoints product2
21:57:47.800 [main] DEBUG org.apache.http.impl.conn.BasicClientConnectionManager - Get connection for route {s}->https://altashop-api.fly.dev:443
21:57:47.800 [main] DEBUG org.apache.http.impl.conn.DefaultClientConnectionOperator - Connecting to altashop-api.fly.dev:443
21:57:47.967 [main] DEBUG org.apache.http.client.protocol.RequestAddCookies - CookieSpec selected: ignoreCookies
21:57:47.967 [main] DEBUG org.apache.http.client.protocol.RequestAuthCache - Auth cache not set in the context
21:57:47.967 [main] DEBUG org.apache.http.client.protocol.RequestTargetAuthentication - Target auth state: UNCHALLENGED
21:57:47.967 [main] DEBUG org.apache.http.client.protocol.RequestProxyAuthentication - Proxy auth state: UNCHALLENGED
21:57:47.967 [main] DEBUG org.apache.http.impl.client.DefaultHttpClient - Attempt 1 to execute request
21:57:47.967 [main] DEBUG org.apache.http.impl.conn.DefaultClientConnection - Sending request: GET /api/products/13500 HTTP/1.1
21:57:47.967 [main] DEBUG org.apache.http.wire -  >> "GET /api/products/13500 HTTP/1.1[\r][\n]"
21:57:47.967 [main] DEBUG org.apache.http.wire -  >> "Accept: */*[\r][\n]"
21:57:47.967 [main] DEBUG org.apache.http.wire -  >> "Host: altashop-api.fly.dev[\r][\n]"
21:57:47.967 [main] DEBUG org.apache.http.wire -  >> "Connection: Keep-Alive[\r][\n]"
21:57:47.967 [main] DEBUG org.apache.http.wire -  >> "User-Agent: Apache-HttpClient/4.5.13 (Java/19.0.2)[\r][\n]"
21:57:47.967 [main] DEBUG org.apache.http.wire -  >> "Accept-Encoding: gzip,deflate[\r][\n]"
21:57:47.967 [main] DEBUG org.apache.http.wire -  >> "[\r][\n]"
21:57:47.967 [main] DEBUG org.apache.http.headers - >> GET /api/products/13500 HTTP/1.1
21:57:47.967 [main] DEBUG org.apache.http.headers - >> Accept: */*
21:57:47.967 [main] DEBUG org.apache.http.headers - >> Host: altashop-api.fly.dev
21:57:47.967 [main] DEBUG org.apache.http.headers - >> Connection: Keep-Alive
21:57:47.967 [main] DEBUG org.apache.http.headers - >> User-Agent: Apache-HttpClient/4.5.13 (Java/19.0.2)
21:57:47.967 [main] DEBUG org.apache.http.headers - >> Accept-Encoding: gzip,deflate
21:57:48.087 [main] DEBUG org.apache.http.wire -  << "HTTP/1.1 200 OK[\r][\n]"
21:57:48.087 [main] DEBUG org.apache.http.wire -  << "content-type: application/json[\r][\n]"
21:57:48.087 [main] DEBUG org.apache.http.wire -  << "date: Wed, 10 May 2023 14:57:47 GMT[\r][\n]"
21:57:48.087 [main] DEBUG org.apache.http.wire -  << "content-encoding: gzip[\r][\n]"
21:57:48.087 [main] DEBUG org.apache.http.wire -  << "transfer-encoding: chunked[\r][\n]"
21:57:48.087 [main] DEBUG org.apache.http.wire -  << "server: Fly/3f2597ca (2023-05-03)[\r][\n]"
21:57:48.087 [main] DEBUG org.apache.http.wire -  << "via: 1.1 fly.io[\r][\n]"
21:57:48.087 [main] DEBUG org.apache.http.wire -  << "fly-request-id: 01H032P5V1SRK8A13HVSABDD40-sin[\r][\n]"
21:57:48.087 [main] DEBUG org.apache.http.wire -  << "[\r][\n]"
21:57:48.087 [main] DEBUG org.apache.http.impl.conn.DefaultClientConnection - Receiving response: HTTP/1.1 200 OK
21:57:48.087 [main] DEBUG org.apache.http.headers - << HTTP/1.1 200 OK
21:57:48.087 [main] DEBUG org.apache.http.headers - << content-type: application/json
21:57:48.087 [main] DEBUG org.apache.http.headers - << date: Wed, 10 May 2023 14:57:47 GMT
21:57:48.087 [main] DEBUG org.apache.http.headers - << content-encoding: gzip
21:57:48.087 [main] DEBUG org.apache.http.headers - << transfer-encoding: chunked
21:57:48.087 [main] DEBUG org.apache.http.headers - << server: Fly/3f2597ca (2023-05-03)
21:57:48.087 [main] DEBUG org.apache.http.headers - << via: 1.1 fly.io
21:57:48.087 [main] DEBUG org.apache.http.headers - << fly-request-id: 01H032P5V1SRK8A13HVSABDD40-sin
21:57:48.087 [main] DEBUG org.apache.http.impl.client.DefaultHttpClient - Connection can be kept alive indefinitely
21:57:48.087 [main] DEBUG io.restassured.internal.RestAssuredHttpBuilder - Parsing response as: application/json
21:57:48.087 [main] DEBUG org.apache.http.wire -  << "94[\r][\n]"
21:57:48.087 [main] DEBUG org.apache.http.wire -  << "[0x1f][0x8b][0x8][0x0][0x0][0x0][0x0][0x0][0x4][0xff][0xab]VJI,IT[0xb2][0xaa]V[0xf2]tQ[0xb2]24650[0xd0]Q[0xf2]K[0xcc]MU[0xb2]R[0x8a]p[0xf2][0x8f]0T[0xd2]QrI-N.[0xca],([0xc9][0xcc][0xcf]S[0xb2]RR[0xd2]Q[\n]"
21:57:48.087 [main] DEBUG org.apache.http.wire -  << "([0xca]LNU[0xb2]2[0xb1][0xb4][0xd4]Q[\n]"
21:57:48.087 [main] DEBUG org.apache.http.wire -  << "J,[0xc9][0xcc]K/V[0xb2]2[0xd5]QrN,IM[0xcf]/[0xca]L-V[0xb2][0x8a][0x86][0x9a]hdjb[0x8]7[0xd1]=173/[0x1d][0xc3]H[0xb7][0xfc]"[0x85]t[0xb0][0x94]BAiQA~qj[0xb1]Rmlm-[0x17][0x0][0xf1]sX[0xfa][0x9e][0x0][0x0][0x0]"
21:57:48.087 [main] DEBUG org.apache.http.wire -  << "[\r][\n]"
21:57:48.088 [main] DEBUG org.apache.http.wire -  << "0[\r][\n]"
21:57:48.088 [main] DEBUG org.apache.http.wire -  << "[\r][\n]"
21:57:48.089 [main] DEBUG io.restassured.internal.RestAssuredHttpBuilder - Parsed data to instance of: class org.apache.http.conn.EofSensorInputStream
21:57:48.091 [main] DEBUG org.apache.http.impl.conn.BasicClientConnectionManager - Releasing connection org.apache.http.impl.conn.ManagedClientConnectionImpl@4add4dff
21:57:48.091 [main] DEBUG org.apache.http.impl.conn.BasicClientConnectionManager - Connection can be kept alive indefinitely
21:57:48.092 [main] DEBUG net.thucydides.core.steps.StepInterceptor - STEP DONE: I send GET HTTP request product2
  &amp#27;[32mWhen &amp#27;[0m&amp#27;[32mI send GET HTTP request product2&amp#27;[0m               &amp#27;[90m# starter.stepdefinitions.ProductSteps.sendGetHttpRequestProduct2()&amp#27;[0m
21:57:48.099 [main] DEBUG net.thucydides.core.steps.StepInterceptor - STARTING STEP: ProductSteps.receiveValidHttp200Product - I receive valid HTTP response code 200 product
21:57:48.100 [main] DEBUG net.thucydides.core.steps.StepInterceptor - STEP DONE: I receive valid HTTP response code 200 product
  &amp#27;[32mThen &amp#27;[0m&amp#27;[32mI receive valid HTTP response code 200 product&amp#27;[0m &amp#27;[90m# starter.stepdefinitions.ProductSteps.receiveValidHttp200Product()&amp#27;[0m
21:57:48.104 [main] INFO  - 
  _____   ___   ___   _____     ___     _     ___   ___   ___   ___  
 |_   _| | __| / __| |_   _|   | _ \   /_\   / __| / __| | __| |   \ 
   | |   | _|  \__ \   | |     |  _/  / _ \  \__ \ \__ \ | _|  | |) |
   |_|   |___| |___/   |_|     |_|   /_/ \_\ |___/ |___/ |___| |___/ 

GET - Get all product
----------------------------------------------------------------------
]]></system-out>
  </testcase>
  <testcase name="POST - Add new orders" classname="Order" time="0.337">
    <system-out><![CDATA[21:57:48.106 [main] DEBUG io.cucumber.core.plugin.SerenityReporter - Running feature from file:///D:/download/API_Minpro%20(1)/APIMinpro/API/minpro/src/test/resources/features/6.%20Order.feature
21:57:48.111 [main] DEBUG net.thucydides.core.steps.StepEventBus - Test suite started for story net.thucydides.core.model.Story@421cad1d
21:57:48.111 [main] INFO  - Test Suite Started: Order

Scenario: POST - Add new orders                     &amp#27;[90m# src/test/resources/features/6. Order.feature:7&amp#27;[0m
21:57:48.117 [main] DEBUG io.cucumber.core.plugin.SerenityReporter - Running feature from file:///D:/download/API_Minpro%20(1)/APIMinpro/API/minpro/src/test/resources/features/6.%20Order.feature
21:57:48.119 [main] INFO  - 
  _____   ___   ___   _____     ___   _____     _     ___   _____   ___   ___  
 |_   _| | __| / __| |_   _|   / __| |_   _|   /_\   | _ \ |_   _| | __| |   \ 
   | |   | _|  \__ \   | |     \__ \   | |    / _ \  |   /   | |   | _|  | |) |
   |_|   |___| |___/   |_|     |___/   |_|   /_/ \_\ |_|_\   |_|   |___| |___/ 

POST - Add new orders(order;post---add-new-orders)
--------------------------------------------------------------------------------
  &amp#27;[32mGiven &amp#27;[0m&amp#27;[32mI set POST api endpoints order&amp#27;[0m              &amp#27;[90m# starter.stepdefinitions.OrderSteps.setPostApiEndpointOrder()&amp#27;[0m
21:57:48.205 [main] DEBUG org.apache.http.impl.conn.BasicClientConnectionManager - Get connection for route {s}->https://altashop-api.fly.dev:443
21:57:48.205 [main] DEBUG org.apache.http.impl.conn.DefaultClientConnectionOperator - Connecting to altashop-api.fly.dev:443
21:57:48.348 [main] DEBUG org.apache.http.client.protocol.RequestAddCookies - CookieSpec selected: ignoreCookies
21:57:48.348 [main] DEBUG org.apache.http.client.protocol.RequestAuthCache - Auth cache not set in the context
21:57:48.348 [main] DEBUG org.apache.http.client.protocol.RequestProxyAuthentication - Proxy auth state: UNCHALLENGED
21:57:48.348 [main] DEBUG org.apache.http.impl.client.DefaultHttpClient - Attempt 1 to execute request
21:57:48.348 [main] DEBUG org.apache.http.impl.conn.DefaultClientConnection - Sending request: GET /api/orders HTTP/1.1
21:57:48.348 [main] DEBUG org.apache.http.wire -  >> "GET /api/orders HTTP/1.1[\r][\n]"
21:57:48.348 [main] DEBUG org.apache.http.wire -  >> "Authorization: Bearer eyJhbGciOiJIUzI1NiIsInR5cCI6IkpXVCJ9.eyJGdWxsbmFtZSI6IkFkaXR5YSBOdWdyYWhhIiwiRW1haWwiOiJhZGl0QGdtYWlsLmNvbSJ9.VM2lARkmmliu1pWtk1uhb8z5fGaElvH1jIoYM72Te3g[\r][\n]"
21:57:48.348 [main] DEBUG org.apache.http.wire -  >> "Accept: */*[\r][\n]"
21:57:48.348 [main] DEBUG org.apache.http.wire -  >> "Host: altashop-api.fly.dev[\r][\n]"
21:57:48.348 [main] DEBUG org.apache.http.wire -  >> "Connection: Keep-Alive[\r][\n]"
21:57:48.348 [main] DEBUG org.apache.http.wire -  >> "User-Agent: Apache-HttpClient/4.5.13 (Java/19.0.2)[\r][\n]"
21:57:48.348 [main] DEBUG org.apache.http.wire -  >> "Accept-Encoding: gzip,deflate[\r][\n]"
21:57:48.348 [main] DEBUG org.apache.http.wire -  >> "[\r][\n]"
21:57:48.348 [main] DEBUG org.apache.http.headers - >> GET /api/orders HTTP/1.1
21:57:48.348 [main] DEBUG org.apache.http.headers - >> Authorization: Bearer eyJhbGciOiJIUzI1NiIsInR5cCI6IkpXVCJ9.eyJGdWxsbmFtZSI6IkFkaXR5YSBOdWdyYWhhIiwiRW1haWwiOiJhZGl0QGdtYWlsLmNvbSJ9.VM2lARkmmliu1pWtk1uhb8z5fGaElvH1jIoYM72Te3g
21:57:48.348 [main] DEBUG org.apache.http.headers - >> Accept: */*
21:57:48.348 [main] DEBUG org.apache.http.headers - >> Host: altashop-api.fly.dev
21:57:48.348 [main] DEBUG org.apache.http.headers - >> Connection: Keep-Alive
21:57:48.348 [main] DEBUG org.apache.http.headers - >> User-Agent: Apache-HttpClient/4.5.13 (Java/19.0.2)
21:57:48.348 [main] DEBUG org.apache.http.headers - >> Accept-Encoding: gzip,deflate
21:57:48.429 [main] DEBUG org.apache.http.wire -  << "HTTP/1.1 200 OK[\r][\n]"
21:57:48.429 [main] DEBUG org.apache.http.wire -  << "content-type: application/json[\r][\n]"
21:57:48.429 [main] DEBUG org.apache.http.wire -  << "date: Wed, 10 May 2023 14:57:47 GMT[\r][\n]"
21:57:48.429 [main] DEBUG org.apache.http.wire -  << "content-encoding: gzip[\r][\n]"
21:57:48.429 [main] DEBUG org.apache.http.wire -  << "transfer-encoding: chunked[\r][\n]"
21:57:48.429 [main] DEBUG org.apache.http.wire -  << "server: Fly/3f2597ca (2023-05-03)[\r][\n]"
21:57:48.429 [main] DEBUG org.apache.http.wire -  << "via: 1.1 fly.io[\r][\n]"
21:57:48.429 [main] DEBUG org.apache.http.wire -  << "fly-request-id: 01H032P65R4753X7NA4SJA2SAR-sin[\r][\n]"
21:57:48.429 [main] DEBUG org.apache.http.wire -  << "[\r][\n]"
21:57:48.429 [main] DEBUG org.apache.http.impl.conn.DefaultClientConnection - Receiving response: HTTP/1.1 200 OK
21:57:48.429 [main] DEBUG org.apache.http.headers - << HTTP/1.1 200 OK
21:57:48.429 [main] DEBUG org.apache.http.headers - << content-type: application/json
21:57:48.429 [main] DEBUG org.apache.http.headers - << date: Wed, 10 May 2023 14:57:47 GMT
21:57:48.429 [main] DEBUG org.apache.http.headers - << content-encoding: gzip
21:57:48.429 [main] DEBUG org.apache.http.headers - << transfer-encoding: chunked
21:57:48.429 [main] DEBUG org.apache.http.headers - << server: Fly/3f2597ca (2023-05-03)
21:57:48.429 [main] DEBUG org.apache.http.headers - << via: 1.1 fly.io
21:57:48.429 [main] DEBUG org.apache.http.headers - << fly-request-id: 01H032P65R4753X7NA4SJA2SAR-sin
21:57:48.429 [main] DEBUG org.apache.http.impl.client.DefaultHttpClient - Connection can be kept alive indefinitely
21:57:48.429 [main] DEBUG io.restassured.internal.RestAssuredHttpBuilder - Parsing response as: application/json
21:57:48.429 [main] DEBUG org.apache.http.wire -  << "20[\r][\n]"
21:57:48.429 [main] DEBUG org.apache.http.wire -  << "[0x1f][0x8b][0x8][0x0][0x0][0x0][0x0][0x0][0x4][0xff][0xab]VJI,IT[0xb2][0x8a][0x8e][0xad][0xe5][0x2][0x0][0xaa][0xe3][0xeb][0xc5][0xc][0x0][0x0][0x0]"
21:57:48.429 [main] DEBUG org.apache.http.wire -  << "[\r][\n]"
21:57:48.429 [main] DEBUG org.apache.http.wire -  << "0[\r][\n]"
21:57:48.429 [main] DEBUG org.apache.http.wire -  << "[\r][\n]"
21:57:48.429 [main] DEBUG io.restassured.internal.RestAssuredHttpBuilder - Parsed data to instance of: class org.apache.http.conn.EofSensorInputStream
21:57:48.431 [main] DEBUG org.apache.http.impl.conn.BasicClientConnectionManager - Releasing connection org.apache.http.impl.conn.ManagedClientConnectionImpl@1701beb3
21:57:48.431 [main] DEBUG org.apache.http.impl.conn.BasicClientConnectionManager - Connection can be kept alive indefinitely
  &amp#27;[32mWhen &amp#27;[0m&amp#27;[32mI send POST HTTP request order&amp#27;[0m               &amp#27;[90m# starter.stepdefinitions.OrderSteps.sentPostHttpRequestOrder()&amp#27;[0m
  &amp#27;[32mThen &amp#27;[0m&amp#27;[32mI receive valid HTTP response code 200 order&amp#27;[0m &amp#27;[90m# starter.stepdefinitions.OrderSteps.receiveValidHttp200Order()&amp#27;[0m
21:57:48.439 [main] INFO  - 
  _____   ___   ___   _____     ___     _     ___   ___   ___   ___  
 |_   _| | __| / __| |_   _|   | _ \   /_\   / __| / __| | __| |   \ 
   | |   | _|  \__ \   | |     |  _/  / _ \  \__ \ \__ \ | _|  | |) |
   |_|   |___| |___/   |_|     |_|   /_/ \_\ |___/ |___/ |___| |___/ 

POST - Add new orders
----------------------------------------------------------------------
]]></system-out>
  </testcase>
  <testcase name="GET - Get all order" classname="Order" time="1.397">
    <system-out><![CDATA[
Scenario: GET - Get all order                       &amp#27;[90m# src/test/resources/features/6. Order.feature:12&amp#27;[0m
21:57:48.461 [main] DEBUG io.cucumber.core.plugin.SerenityReporter - Running feature from file:///D:/download/API_Minpro%20(1)/APIMinpro/API/minpro/src/test/resources/features/6.%20Order.feature
21:57:48.464 [main] INFO  - 
  _____   ___   ___   _____     ___   _____     _     ___   _____   ___   ___  
 |_   _| | __| / __| |_   _|   / __| |_   _|   /_\   | _ \ |_   _| | __| |   \ 
   | |   | _|  \__ \   | |     \__ \   | |    / _ \  |   /   | |   | _|  | |) |
   |_|   |___| |___/   |_|     |___/   |_|   /_/ \_\ |_|_\   |_|   |___| |___/ 

GET - Get all order(order;get---get-all-order)
--------------------------------------------------------------------------------
  &amp#27;[32mGiven &amp#27;[0m&amp#27;[32mI set GET api endpoints order&amp#27;[0m               &amp#27;[90m# starter.stepdefinitions.OrderSteps.setGetApiEndpointOrder()&amp#27;[0m
21:57:48.509 [main] DEBUG org.apache.http.impl.conn.BasicClientConnectionManager - Get connection for route {s}->https://altashop-api.fly.dev:443
21:57:48.509 [main] DEBUG org.apache.http.impl.conn.DefaultClientConnectionOperator - Connecting to altashop-api.fly.dev:443
21:57:49.769 [main] DEBUG org.apache.http.client.protocol.RequestAddCookies - CookieSpec selected: ignoreCookies
21:57:49.769 [main] DEBUG org.apache.http.client.protocol.RequestAuthCache - Auth cache not set in the context
21:57:49.769 [main] DEBUG org.apache.http.client.protocol.RequestProxyAuthentication - Proxy auth state: UNCHALLENGED
21:57:49.769 [main] DEBUG org.apache.http.impl.client.DefaultHttpClient - Attempt 1 to execute request
21:57:49.769 [main] DEBUG org.apache.http.impl.conn.DefaultClientConnection - Sending request: GET /api/orders HTTP/1.1
21:57:49.769 [main] DEBUG org.apache.http.wire -  >> "GET /api/orders HTTP/1.1[\r][\n]"
21:57:49.769 [main] DEBUG org.apache.http.wire -  >> "Authorization: Bearer eyJhbGciOiJIUzI1NiIsInR5cCI6IkpXVCJ9.eyJGdWxsbmFtZSI6IkFkaXR5YSBOdWdyYWhhIiwiRW1haWwiOiJhZGl0QGdtYWlsLmNvbSJ9.VM2lARkmmliu1pWtk1uhb8z5fGaElvH1jIoYM72Te3g[\r][\n]"
21:57:49.769 [main] DEBUG org.apache.http.wire -  >> "Accept: */*[\r][\n]"
21:57:49.769 [main] DEBUG org.apache.http.wire -  >> "Host: altashop-api.fly.dev[\r][\n]"
21:57:49.769 [main] DEBUG org.apache.http.wire -  >> "Connection: Keep-Alive[\r][\n]"
21:57:49.769 [main] DEBUG org.apache.http.wire -  >> "User-Agent: Apache-HttpClient/4.5.13 (Java/19.0.2)[\r][\n]"
21:57:49.769 [main] DEBUG org.apache.http.wire -  >> "Accept-Encoding: gzip,deflate[\r][\n]"
21:57:49.769 [main] DEBUG org.apache.http.wire -  >> "[\r][\n]"
21:57:49.769 [main] DEBUG org.apache.http.headers - >> GET /api/orders HTTP/1.1
21:57:49.769 [main] DEBUG org.apache.http.headers - >> Authorization: Bearer eyJhbGciOiJIUzI1NiIsInR5cCI6IkpXVCJ9.eyJGdWxsbmFtZSI6IkFkaXR5YSBOdWdyYWhhIiwiRW1haWwiOiJhZGl0QGdtYWlsLmNvbSJ9.VM2lARkmmliu1pWtk1uhb8z5fGaElvH1jIoYM72Te3g
21:57:49.769 [main] DEBUG org.apache.http.headers - >> Accept: */*
21:57:49.769 [main] DEBUG org.apache.http.headers - >> Host: altashop-api.fly.dev
21:57:49.769 [main] DEBUG org.apache.http.headers - >> Connection: Keep-Alive
21:57:49.770 [main] DEBUG org.apache.http.headers - >> User-Agent: Apache-HttpClient/4.5.13 (Java/19.0.2)
21:57:49.770 [main] DEBUG org.apache.http.headers - >> Accept-Encoding: gzip,deflate
21:57:49.835 [main] DEBUG org.apache.http.wire -  << "HTTP/1.1 200 OK[\r][\n]"
21:57:49.835 [main] DEBUG org.apache.http.wire -  << "content-type: application/json[\r][\n]"
21:57:49.835 [main] DEBUG org.apache.http.wire -  << "date: Wed, 10 May 2023 14:57:49 GMT[\r][\n]"
21:57:49.835 [main] DEBUG org.apache.http.wire -  << "content-encoding: gzip[\r][\n]"
21:57:49.835 [main] DEBUG org.apache.http.wire -  << "transfer-encoding: chunked[\r][\n]"
21:57:49.835 [main] DEBUG org.apache.http.wire -  << "server: Fly/3f2597ca (2023-05-03)[\r][\n]"
21:57:49.835 [main] DEBUG org.apache.http.wire -  << "via: 1.1 fly.io[\r][\n]"
21:57:49.835 [main] DEBUG org.apache.http.wire -  << "fly-request-id: 01H032P7HP8TR7FYM3FAH2MHBT-sin[\r][\n]"
21:57:49.835 [main] DEBUG org.apache.http.wire -  << "[\r][\n]"
21:57:49.835 [main] DEBUG org.apache.http.impl.conn.DefaultClientConnection - Receiving response: HTTP/1.1 200 OK
21:57:49.835 [main] DEBUG org.apache.http.headers - << HTTP/1.1 200 OK
21:57:49.835 [main] DEBUG org.apache.http.headers - << content-type: application/json
21:57:49.835 [main] DEBUG org.apache.http.headers - << date: Wed, 10 May 2023 14:57:49 GMT
21:57:49.835 [main] DEBUG org.apache.http.headers - << content-encoding: gzip
21:57:49.835 [main] DEBUG org.apache.http.headers - << transfer-encoding: chunked
21:57:49.835 [main] DEBUG org.apache.http.headers - << server: Fly/3f2597ca (2023-05-03)
21:57:49.835 [main] DEBUG org.apache.http.headers - << via: 1.1 fly.io
21:57:49.835 [main] DEBUG org.apache.http.headers - << fly-request-id: 01H032P7HP8TR7FYM3FAH2MHBT-sin
21:57:49.836 [main] DEBUG org.apache.http.impl.client.DefaultHttpClient - Connection can be kept alive indefinitely
21:57:49.836 [main] DEBUG io.restassured.internal.RestAssuredHttpBuilder - Parsing response as: application/json
21:57:49.836 [main] DEBUG org.apache.http.wire -  << "20[\r][\n]"
21:57:49.836 [main] DEBUG org.apache.http.wire -  << "[0x1f][0x8b][0x8][0x0][0x0][0x0][0x0][0x0][0x4][0xff][0xab]VJI,IT[0xb2][0x8a][0x8e][0xad][0xe5][0x2][0x0][0xaa][0xe3][0xeb][0xc5][0xc][0x0][0x0][0x0]"
21:57:49.836 [main] DEBUG org.apache.http.wire -  << "[\r][\n]"
21:57:49.836 [main] DEBUG org.apache.http.wire -  << "0[\r][\n]"
21:57:49.836 [main] DEBUG org.apache.http.wire -  << "[\r][\n]"
21:57:49.836 [main] DEBUG io.restassured.internal.RestAssuredHttpBuilder - Parsed data to instance of: class org.apache.http.conn.EofSensorInputStream
21:57:49.838 [main] DEBUG org.apache.http.impl.conn.BasicClientConnectionManager - Releasing connection org.apache.http.impl.conn.ManagedClientConnectionImpl@63d9e1a
21:57:49.838 [main] DEBUG org.apache.http.impl.conn.BasicClientConnectionManager - Connection can be kept alive indefinitely
  &amp#27;[32mWhen &amp#27;[0m&amp#27;[32mI send GET HTTP request order&amp#27;[0m                &amp#27;[90m# starter.stepdefinitions.OrderSteps.sendGetHttpRequestOrder()&amp#27;[0m
  &amp#27;[32mThen &amp#27;[0m&amp#27;[32mI receive valid HTTP response code 200 order&amp#27;[0m &amp#27;[90m# starter.stepdefinitions.OrderSteps.receiveValidHttp200Order()&amp#27;[0m
21:57:49.845 [main] INFO  - 
  _____   ___   ___   _____     ___     _     ___   ___   ___   ___  
 |_   _| | __| / __| |_   _|   | _ \   /_\   / __| / __| | __| |   \ 
   | |   | _|  \__ \   | |     |  _/  / _ \  \__ \ \__ \ | _|  | |) |
   |_|   |___| |___/   |_|     |_|   /_/ \_\ |___/ |___/ |___| |___/ 

GET - Get all order
----------------------------------------------------------------------
]]></system-out>
  </testcase>
  <testcase name="GET - Get all order without login" classname="Order" time="0.239">
    <system-out><![CDATA[
Scenario: GET - Get all order without login         &amp#27;[90m# src/test/resources/features/6. Order.feature:17&amp#27;[0m
21:57:49.851 [main] DEBUG io.cucumber.core.plugin.SerenityReporter - Running feature from file:///D:/download/API_Minpro%20(1)/APIMinpro/API/minpro/src/test/resources/features/6.%20Order.feature
21:57:49.854 [main] INFO  - 
  _____   ___   ___   _____     ___   _____     _     ___   _____   ___   ___  
 |_   _| | __| / __| |_   _|   / __| |_   _|   /_\   | _ \ |_   _| | __| |   \ 
   | |   | _|  \__ \   | |     \__ \   | |    / _ \  |   /   | |   | _|  | |) |
   |_|   |___| |___/   |_|     |___/   |_|   /_/ \_\ |_|_\   |_|   |___| |___/ 

GET - Get all order without login(order;get---get-all-order-without-login)
--------------------------------------------------------------------------------
  &amp#27;[32mGiven &amp#27;[0m&amp#27;[32mI set GET api endpoints order&amp#27;[0m               &amp#27;[90m# starter.stepdefinitions.OrderSteps.setGetApiEndpointOrder()&amp#27;[0m
21:57:49.876 [main] DEBUG org.apache.http.impl.conn.BasicClientConnectionManager - Get connection for route {s}->https://altashop-api.fly.dev:443
21:57:49.877 [main] DEBUG org.apache.http.impl.conn.DefaultClientConnectionOperator - Connecting to altashop-api.fly.dev:443
21:57:50.006 [main] DEBUG org.apache.http.client.protocol.RequestAddCookies - CookieSpec selected: ignoreCookies
21:57:50.007 [main] DEBUG org.apache.http.client.protocol.RequestAuthCache - Auth cache not set in the context
21:57:50.007 [main] DEBUG org.apache.http.client.protocol.RequestTargetAuthentication - Target auth state: UNCHALLENGED
21:57:50.007 [main] DEBUG org.apache.http.client.protocol.RequestProxyAuthentication - Proxy auth state: UNCHALLENGED
21:57:50.007 [main] DEBUG org.apache.http.impl.client.DefaultHttpClient - Attempt 1 to execute request
21:57:50.007 [main] DEBUG org.apache.http.impl.conn.DefaultClientConnection - Sending request: GET /api/orders HTTP/1.1
21:57:50.007 [main] DEBUG org.apache.http.wire -  >> "GET /api/orders HTTP/1.1[\r][\n]"
21:57:50.007 [main] DEBUG org.apache.http.wire -  >> "Accept: */*[\r][\n]"
21:57:50.007 [main] DEBUG org.apache.http.wire -  >> "Host: altashop-api.fly.dev[\r][\n]"
21:57:50.007 [main] DEBUG org.apache.http.wire -  >> "Connection: Keep-Alive[\r][\n]"
21:57:50.007 [main] DEBUG org.apache.http.wire -  >> "User-Agent: Apache-HttpClient/4.5.13 (Java/19.0.2)[\r][\n]"
21:57:50.007 [main] DEBUG org.apache.http.wire -  >> "Accept-Encoding: gzip,deflate[\r][\n]"
21:57:50.007 [main] DEBUG org.apache.http.wire -  >> "[\r][\n]"
21:57:50.007 [main] DEBUG org.apache.http.headers - >> GET /api/orders HTTP/1.1
21:57:50.007 [main] DEBUG org.apache.http.headers - >> Accept: */*
21:57:50.007 [main] DEBUG org.apache.http.headers - >> Host: altashop-api.fly.dev
21:57:50.007 [main] DEBUG org.apache.http.headers - >> Connection: Keep-Alive
21:57:50.007 [main] DEBUG org.apache.http.headers - >> User-Agent: Apache-HttpClient/4.5.13 (Java/19.0.2)
21:57:50.007 [main] DEBUG org.apache.http.headers - >> Accept-Encoding: gzip,deflate
21:57:50.075 [main] DEBUG org.apache.http.wire -  << "HTTP/1.1 401 Unauthorized[\r][\n]"
21:57:50.075 [main] DEBUG org.apache.http.wire -  << "content-type: application/json[\r][\n]"
21:57:50.075 [main] DEBUG org.apache.http.wire -  << "date: Wed, 10 May 2023 14:57:49 GMT[\r][\n]"
21:57:50.075 [main] DEBUG org.apache.http.wire -  << "content-encoding: gzip[\r][\n]"
21:57:50.075 [main] DEBUG org.apache.http.wire -  << "transfer-encoding: chunked[\r][\n]"
21:57:50.075 [main] DEBUG org.apache.http.wire -  << "server: Fly/3f2597ca (2023-05-03)[\r][\n]"
21:57:50.075 [main] DEBUG org.apache.http.wire -  << "via: 1.1 fly.io[\r][\n]"
21:57:50.075 [main] DEBUG org.apache.http.wire -  << "fly-request-id: 01H032P7S8F4ZR9WWPSF0B0GWQ-sin[\r][\n]"
21:57:50.075 [main] DEBUG org.apache.http.wire -  << "[\r][\n]"
21:57:50.075 [main] DEBUG org.apache.http.impl.conn.DefaultClientConnection - Receiving response: HTTP/1.1 401 Unauthorized
21:57:50.075 [main] DEBUG org.apache.http.headers - << HTTP/1.1 401 Unauthorized
21:57:50.075 [main] DEBUG org.apache.http.headers - << content-type: application/json
21:57:50.075 [main] DEBUG org.apache.http.headers - << date: Wed, 10 May 2023 14:57:49 GMT
21:57:50.075 [main] DEBUG org.apache.http.headers - << content-encoding: gzip
21:57:50.075 [main] DEBUG org.apache.http.headers - << transfer-encoding: chunked
21:57:50.075 [main] DEBUG org.apache.http.headers - << server: Fly/3f2597ca (2023-05-03)
21:57:50.075 [main] DEBUG org.apache.http.headers - << via: 1.1 fly.io
21:57:50.075 [main] DEBUG org.apache.http.headers - << fly-request-id: 01H032P7S8F4ZR9WWPSF0B0GWQ-sin
21:57:50.075 [main] DEBUG org.apache.http.impl.client.DefaultHttpClient - Connection can be kept alive indefinitely
21:57:50.075 [main] DEBUG org.apache.http.impl.client.DefaultHttpClient - Authentication required
21:57:50.075 [main] DEBUG org.apache.http.impl.client.DefaultHttpClient - altashop-api.fly.dev:443 requested authentication
21:57:50.075 [main] DEBUG org.apache.http.impl.client.DefaultHttpClient - Response contains no authentication challenges
21:57:50.075 [main] DEBUG io.restassured.internal.RestAssuredHttpBuilder - Parsing response as: application/json
21:57:50.075 [main] DEBUG org.apache.http.wire -  << "2D[\r][\n]"
21:57:50.075 [main] DEBUG org.apache.http.wire -  << "[0x1f][0x8b][0x8][0x0][0x0][0x0][0x0][0x0][0x4][0xff][0xab]VJ-*[0xca]/R[0xb2]R*[0xcd]K,-[0xc9][0xc8]/[0xca][0xac]JMQ[0xaa][0xe5][0x2][0x0]@[0x17]da[0x19][0x0][0x0][0x0]"
21:57:50.075 [main] DEBUG org.apache.http.wire -  << "[\r][\n]"
21:57:50.076 [main] DEBUG org.apache.http.wire -  << "0[\r][\n]"
21:57:50.076 [main] DEBUG org.apache.http.wire -  << "[\r][\n]"
21:57:50.076 [main] DEBUG io.restassured.internal.RestAssuredHttpBuilder - Parsed data to instance of: class org.apache.http.conn.EofSensorInputStream
21:57:50.077 [main] DEBUG org.apache.http.impl.conn.BasicClientConnectionManager - Releasing connection org.apache.http.impl.conn.ManagedClientConnectionImpl@6c3a7b84
21:57:50.077 [main] DEBUG org.apache.http.impl.conn.BasicClientConnectionManager - Connection can be kept alive indefinitely
  &amp#27;[32mWhen &amp#27;[0m&amp#27;[32mI send GET HTTP request order2&amp#27;[0m               &amp#27;[90m# starter.stepdefinitions.OrderSteps.sendGetHttpRequestOrder2()&amp#27;[0m
  &amp#27;[32mThen &amp#27;[0m&amp#27;[32mI receive valid HTTP response code 401 order&amp#27;[0m &amp#27;[90m# starter.stepdefinitions.OrderSteps.receiveValidHttp401Order()&amp#27;[0m
21:57:50.085 [main] INFO  - 
  _____   ___   ___   _____     ___     _     ___   ___   ___   ___  
 |_   _| | __| / __| |_   _|   | _ \   /_\   / __| / __| | __| |   \ 
   | |   | _|  \__ \   | |     |  _/  / _ \  \__ \ \__ \ | _|  | |) |
   |_|   |___| |___/   |_|     |_|   /_/ \_\ |___/ |___/ |___| |___/ 

GET - Get all order without login
----------------------------------------------------------------------
]]></system-out>
  </testcase>
  <testcase name="POST - Give product rating" classname="Rating" time="0.705">
    <system-out><![CDATA[21:57:50.086 [main] DEBUG io.cucumber.core.plugin.SerenityReporter - Running feature from file:///D:/download/API_Minpro%20(1)/APIMinpro/API/minpro/src/test/resources/features/7.%20Rating.feature
21:57:50.090 [main] DEBUG net.thucydides.core.steps.StepEventBus - Test suite started for story net.thucydides.core.model.Story@a2cc97b4
21:57:50.090 [main] INFO  - Test Suite Started: Rating

Scenario: POST - Give product rating                 &amp#27;[90m# src/test/resources/features/7. Rating.feature:7&amp#27;[0m
21:57:50.095 [main] DEBUG io.cucumber.core.plugin.SerenityReporter - Running feature from file:///D:/download/API_Minpro%20(1)/APIMinpro/API/minpro/src/test/resources/features/7.%20Rating.feature
21:57:50.098 [main] INFO  - 
  _____   ___   ___   _____     ___   _____     _     ___   _____   ___   ___  
 |_   _| | __| / __| |_   _|   / __| |_   _|   /_\   | _ \ |_   _| | __| |   \ 
   | |   | _|  \__ \   | |     \__ \   | |    / _ \  |   /   | |   | _|  | |) |
   |_|   |___| |___/   |_|     |___/   |_|   /_/ \_\ |_|_\   |_|   |___| |___/ 

POST - Give product rating(rating;post---give-product-rating)
--------------------------------------------------------------------------------
21:57:50.123 [main] DEBUG net.thucydides.core.steps.StepInterceptor - STARTING STEP: RatingSteps.setPostApiEndpointRating - I set POST api endpoints rating
21:57:50.123 [main] DEBUG net.thucydides.core.steps.StepInterceptor - STEP DONE: I set POST api endpoints rating
  &amp#27;[32mGiven &amp#27;[0m&amp#27;[32mI set POST api endpoints rating&amp#27;[0m              &amp#27;[90m# starter.stepdefinitions.RatingSteps.setPostApiEndpointRating()&amp#27;[0m
21:57:50.128 [main] DEBUG net.thucydides.core.steps.StepInterceptor - STARTING STEP: RatingSteps.sentPostHttpRequestRating - I send POST HTTP request rating
21:57:50.130 [main] DEBUG net.thucydides.core.steps.StepInterceptor - STARTING STEP: Rating.sendPostHTTPRequestRating - I set POST api endpoints rating
21:57:50.130 [main] DEBUG net.thucydides.core.steps.StepInterceptor - STEP DONE: I set POST api endpoints rating
21:57:50.462 [main] DEBUG org.apache.http.impl.conn.BasicClientConnectionManager - Get connection for route {s}->https://altashop-api.fly.dev:443
21:57:50.462 [main] DEBUG org.apache.http.impl.conn.DefaultClientConnectionOperator - Connecting to altashop-api.fly.dev:443
21:57:50.608 [main] DEBUG org.apache.http.client.protocol.RequestAddCookies - CookieSpec selected: ignoreCookies
21:57:50.609 [main] DEBUG org.apache.http.client.protocol.RequestAuthCache - Auth cache not set in the context
21:57:50.609 [main] DEBUG org.apache.http.client.protocol.RequestProxyAuthentication - Proxy auth state: UNCHALLENGED
21:57:50.609 [main] DEBUG org.apache.http.impl.client.DefaultHttpClient - Attempt 1 to execute request
21:57:50.609 [main] DEBUG org.apache.http.impl.conn.DefaultClientConnection - Sending request: POST /api/products/13500/ratings HTTP/1.1
21:57:50.609 [main] DEBUG org.apache.http.wire -  >> "POST /api/products/13500/ratings HTTP/1.1[\r][\n]"
21:57:50.609 [main] DEBUG org.apache.http.wire -  >> "Authorization: Bearer eyJhbGciOiJIUzI1NiIsInR5cCI6IkpXVCJ9.eyJGdWxsbmFtZSI6IkFkaXR5YSBOdWdyYWhhIiwiRW1haWwiOiJhZGl0QGdtYWlsLmNvbSJ9.VM2lARkmmliu1pWtk1uhb8z5fGaElvH1jIoYM72Te3g[\r][\n]"
21:57:50.609 [main] DEBUG org.apache.http.wire -  >> "Accept: */*[\r][\n]"
21:57:50.609 [main] DEBUG org.apache.http.wire -  >> "Content-Type: text/plain; charset=ISO-8859-1[\r][\n]"
21:57:50.609 [main] DEBUG org.apache.http.wire -  >> "Content-Length: 11[\r][\n]"
21:57:50.609 [main] DEBUG org.apache.http.wire -  >> "Host: altashop-api.fly.dev[\r][\n]"
21:57:50.609 [main] DEBUG org.apache.http.wire -  >> "Connection: Keep-Alive[\r][\n]"
21:57:50.609 [main] DEBUG org.apache.http.wire -  >> "User-Agent: Apache-HttpClient/4.5.13 (Java/19.0.2)[\r][\n]"
21:57:50.609 [main] DEBUG org.apache.http.wire -  >> "Accept-Encoding: gzip,deflate[\r][\n]"
21:57:50.609 [main] DEBUG org.apache.http.wire -  >> "[\r][\n]"
21:57:50.609 [main] DEBUG org.apache.http.headers - >> POST /api/products/13500/ratings HTTP/1.1
21:57:50.609 [main] DEBUG org.apache.http.headers - >> Authorization: Bearer eyJhbGciOiJIUzI1NiIsInR5cCI6IkpXVCJ9.eyJGdWxsbmFtZSI6IkFkaXR5YSBOdWdyYWhhIiwiRW1haWwiOiJhZGl0QGdtYWlsLmNvbSJ9.VM2lARkmmliu1pWtk1uhb8z5fGaElvH1jIoYM72Te3g
21:57:50.609 [main] DEBUG org.apache.http.headers - >> Accept: */*
21:57:50.609 [main] DEBUG org.apache.http.headers - >> Content-Type: text/plain; charset=ISO-8859-1
21:57:50.609 [main] DEBUG org.apache.http.headers - >> Content-Length: 11
21:57:50.609 [main] DEBUG org.apache.http.headers - >> Host: altashop-api.fly.dev
21:57:50.609 [main] DEBUG org.apache.http.headers - >> Connection: Keep-Alive
21:57:50.609 [main] DEBUG org.apache.http.headers - >> User-Agent: Apache-HttpClient/4.5.13 (Java/19.0.2)
21:57:50.609 [main] DEBUG org.apache.http.headers - >> Accept-Encoding: gzip,deflate
21:57:50.609 [main] DEBUG org.apache.http.wire -  >> "{"count":5}"
21:57:50.782 [main] DEBUG org.apache.http.wire -  << "HTTP/1.1 200 OK[\r][\n]"
21:57:50.782 [main] DEBUG org.apache.http.wire -  << "content-type: application/json[\r][\n]"
21:57:50.782 [main] DEBUG org.apache.http.wire -  << "date: Wed, 10 May 2023 14:57:50 GMT[\r][\n]"
21:57:50.782 [main] DEBUG org.apache.http.wire -  << "content-encoding: gzip[\r][\n]"
21:57:50.782 [main] DEBUG org.apache.http.wire -  << "transfer-encoding: chunked[\r][\n]"
21:57:50.782 [main] DEBUG org.apache.http.wire -  << "server: Fly/3f2597ca (2023-05-03)[\r][\n]"
21:57:50.782 [main] DEBUG org.apache.http.wire -  << "via: 1.1 fly.io[\r][\n]"
21:57:50.782 [main] DEBUG org.apache.http.wire -  << "fly-request-id: 01H032P8EZBVKZJYVGZJCY0365-sin[\r][\n]"
21:57:50.782 [main] DEBUG org.apache.http.wire -  << "[\r][\n]"
21:57:50.782 [main] DEBUG org.apache.http.impl.conn.DefaultClientConnection - Receiving response: HTTP/1.1 200 OK
21:57:50.782 [main] DEBUG org.apache.http.headers - << HTTP/1.1 200 OK
21:57:50.782 [main] DEBUG org.apache.http.headers - << content-type: application/json
21:57:50.782 [main] DEBUG org.apache.http.headers - << date: Wed, 10 May 2023 14:57:50 GMT
21:57:50.782 [main] DEBUG org.apache.http.headers - << content-encoding: gzip
21:57:50.782 [main] DEBUG org.apache.http.headers - << transfer-encoding: chunked
21:57:50.782 [main] DEBUG org.apache.http.headers - << server: Fly/3f2597ca (2023-05-03)
21:57:50.782 [main] DEBUG org.apache.http.headers - << via: 1.1 fly.io
21:57:50.782 [main] DEBUG org.apache.http.headers - << fly-request-id: 01H032P8EZBVKZJYVGZJCY0365-sin
21:57:50.783 [main] DEBUG org.apache.http.impl.client.DefaultHttpClient - Connection can be kept alive indefinitely
21:57:50.783 [main] DEBUG io.restassured.internal.RestAssuredHttpBuilder - Parsing response as: application/json
21:57:50.783 [main] DEBUG org.apache.http.wire -  << "94[\r][\n]"
21:57:50.783 [main] DEBUG org.apache.http.wire -  << "[0x1f][0x8b][0x8][0x0][0x0][0x0][0x0][0x0][0x4][0xff][0xab]VJI,IT[0xb2][0xaa]V[0xf2]tQ[0xb2]24650[0xd0]Q[0xf2]K[0xcc]MU[0xb2]R[0x8a]p[0xf2][0x8f]0T[0xd2]QrI-N.[0xca],([0xc9][0xcc][0xcf]S[0xb2]RR[0xd2]Q[\n]"
21:57:50.783 [main] DEBUG org.apache.http.wire -  << "([0xca]LNU[0xb2]2[0xb1][0xb4][0xd4]Q[\n]"
21:57:50.783 [main] DEBUG org.apache.http.wire -  << "J,[0xc9][0xcc]K/V[0xb2]2[0xd5]QrN,IM[0xcf]/[0xca]L-V[0xb2][0x8a][0x86][0x9a]hdjb[0x8]7[0xd1]=173/[0x1d][0xc3]H[0xb7][0xfc]"[0x85]t[0xb0][0x94]BAiQA~qj[0xb1]Rmlm-[0x17][0x0][0xf1]sX[0xfa][0x9e][0x0][0x0][0x0]"
21:57:50.783 [main] DEBUG org.apache.http.wire -  << "[\r][\n]"
21:57:50.783 [main] DEBUG org.apache.http.wire -  << "0[\r][\n]"
21:57:50.783 [main] DEBUG org.apache.http.wire -  << "[\r][\n]"
21:57:50.783 [main] DEBUG io.restassured.internal.RestAssuredHttpBuilder - Parsed data to instance of: class org.apache.http.conn.EofSensorInputStream
21:57:50.785 [main] DEBUG org.apache.http.impl.conn.BasicClientConnectionManager - Releasing connection org.apache.http.impl.conn.ManagedClientConnectionImpl@68c47cf9
21:57:50.785 [main] DEBUG org.apache.http.impl.conn.BasicClientConnectionManager - Connection can be kept alive indefinitely
21:57:50.786 [main] DEBUG net.thucydides.core.steps.StepInterceptor - STEP DONE: I send POST HTTP request rating
  &amp#27;[32mWhen &amp#27;[0m&amp#27;[32mI send POST HTTP request rating&amp#27;[0m               &amp#27;[90m# starter.stepdefinitions.RatingSteps.sentPostHttpRequestRating()&amp#27;[0m
21:57:50.790 [main] DEBUG net.thucydides.core.steps.StepInterceptor - STARTING STEP: RatingSteps.receiveValidHttp200Rating - I receive valid HTTP response code 200 rating
21:57:50.792 [main] DEBUG net.thucydides.core.steps.StepInterceptor - STEP DONE: I receive valid HTTP response code 200 rating
  &amp#27;[32mThen &amp#27;[0m&amp#27;[32mI receive valid HTTP response code 200 rating&amp#27;[0m &amp#27;[90m# starter.stepdefinitions.RatingSteps.receiveValidHttp200Rating()&amp#27;[0m
21:57:50.794 [main] INFO  - 
  _____   ___   ___   _____     ___     _     ___   ___   ___   ___  
 |_   _| | __| / __| |_   _|   | _ \   /_\   / __| / __| | __| |   \ 
   | |   | _|  \__ \   | |     |  _/  / _ \  \__ \ \__ \ | _|  | |) |
   |_|   |___| |___/   |_|     |_|   /_/ \_\ |___/ |___/ |___| |___/ 

POST - Give product rating
----------------------------------------------------------------------
]]></system-out>
  </testcase>
  <testcase name="POST - Give product rating out of bond" classname="Rating" time="0.261">
    <system-out><![CDATA[
Scenario: POST - Give product rating out of bond     &amp#27;[90m# src/test/resources/features/7. Rating.feature:12&amp#27;[0m
21:57:50.799 [main] DEBUG io.cucumber.core.plugin.SerenityReporter - Running feature from file:///D:/download/API_Minpro%20(1)/APIMinpro/API/minpro/src/test/resources/features/7.%20Rating.feature
21:57:50.801 [main] INFO  - 
  _____   ___   ___   _____     ___   _____     _     ___   _____   ___   ___  
 |_   _| | __| / __| |_   _|   / __| |_   _|   /_\   | _ \ |_   _| | __| |   \ 
   | |   | _|  \__ \   | |     \__ \   | |    / _ \  |   /   | |   | _|  | |) |
   |_|   |___| |___/   |_|     |___/   |_|   /_/ \_\ |_|_\   |_|   |___| |___/ 

POST - Give product rating out of bond(rating;post---give-product-rating-out-of-bond)
--------------------------------------------------------------------------------
21:57:50.812 [main] DEBUG net.thucydides.core.steps.StepInterceptor - STARTING STEP: RatingSteps.setPostApiEndpointRating2 - I set POST api endpoints rating2
21:57:50.812 [main] DEBUG net.thucydides.core.steps.StepInterceptor - STEP DONE: I set POST api endpoints rating2
  &amp#27;[32mGiven &amp#27;[0m&amp#27;[32mI set POST api endpoints rating2&amp#27;[0m             &amp#27;[90m# starter.stepdefinitions.RatingSteps.setPostApiEndpointRating2()&amp#27;[0m
21:57:50.816 [main] DEBUG net.thucydides.core.steps.StepInterceptor - STARTING STEP: RatingSteps.sendPostHttpRequestRating2 - I send POST HTTP request rating
21:57:50.818 [main] DEBUG net.thucydides.core.steps.StepInterceptor - STARTING STEP: Rating.sendPostHttpRequestRating2 - I set POST api endpoints rating2
21:57:50.819 [main] DEBUG net.thucydides.core.steps.StepInterceptor - STEP DONE: I set POST api endpoints rating2
21:57:50.832 [main] DEBUG org.apache.http.impl.conn.BasicClientConnectionManager - Get connection for route {s}->https://altashop-api.fly.dev:443
21:57:50.832 [main] DEBUG org.apache.http.impl.conn.DefaultClientConnectionOperator - Connecting to altashop-api.fly.dev:443
21:57:50.968 [main] DEBUG org.apache.http.client.protocol.RequestAddCookies - CookieSpec selected: ignoreCookies
21:57:50.968 [main] DEBUG org.apache.http.client.protocol.RequestAuthCache - Auth cache not set in the context
21:57:50.968 [main] DEBUG org.apache.http.client.protocol.RequestProxyAuthentication - Proxy auth state: UNCHALLENGED
21:57:50.968 [main] DEBUG org.apache.http.impl.client.DefaultHttpClient - Attempt 1 to execute request
21:57:50.969 [main] DEBUG org.apache.http.impl.conn.DefaultClientConnection - Sending request: POST /api/products/13500/ratings HTTP/1.1
21:57:50.969 [main] DEBUG org.apache.http.wire -  >> "POST /api/products/13500/ratings HTTP/1.1[\r][\n]"
21:57:50.969 [main] DEBUG org.apache.http.wire -  >> "Authorization: Bearer eyJhbGciOiJIUzI1NiIsInR5cCI6IkpXVCJ9.eyJGdWxsbmFtZSI6IkFkaXR5YSBOdWdyYWhhIiwiRW1haWwiOiJhZGl0QGdtYWlsLmNvbSJ9.VM2lARkmmliu1pWtk1uhb8z5fGaElvH1jIoYM72Te3g[\r][\n]"
21:57:50.969 [main] DEBUG org.apache.http.wire -  >> "Accept: */*[\r][\n]"
21:57:50.969 [main] DEBUG org.apache.http.wire -  >> "Content-Type: text/plain; charset=ISO-8859-1[\r][\n]"
21:57:50.969 [main] DEBUG org.apache.http.wire -  >> "Content-Length: 12[\r][\n]"
21:57:50.969 [main] DEBUG org.apache.http.wire -  >> "Host: altashop-api.fly.dev[\r][\n]"
21:57:50.969 [main] DEBUG org.apache.http.wire -  >> "Connection: Keep-Alive[\r][\n]"
21:57:50.969 [main] DEBUG org.apache.http.wire -  >> "User-Agent: Apache-HttpClient/4.5.13 (Java/19.0.2)[\r][\n]"
21:57:50.969 [main] DEBUG org.apache.http.wire -  >> "Accept-Encoding: gzip,deflate[\r][\n]"
21:57:50.969 [main] DEBUG org.apache.http.wire -  >> "[\r][\n]"
21:57:50.969 [main] DEBUG org.apache.http.headers - >> POST /api/products/13500/ratings HTTP/1.1
21:57:50.969 [main] DEBUG org.apache.http.headers - >> Authorization: Bearer eyJhbGciOiJIUzI1NiIsInR5cCI6IkpXVCJ9.eyJGdWxsbmFtZSI6IkFkaXR5YSBOdWdyYWhhIiwiRW1haWwiOiJhZGl0QGdtYWlsLmNvbSJ9.VM2lARkmmliu1pWtk1uhb8z5fGaElvH1jIoYM72Te3g
21:57:50.969 [main] DEBUG org.apache.http.headers - >> Accept: */*
21:57:50.969 [main] DEBUG org.apache.http.headers - >> Content-Type: text/plain; charset=ISO-8859-1
21:57:50.969 [main] DEBUG org.apache.http.headers - >> Content-Length: 12
21:57:50.969 [main] DEBUG org.apache.http.headers - >> Host: altashop-api.fly.dev
21:57:50.969 [main] DEBUG org.apache.http.headers - >> Connection: Keep-Alive
21:57:50.969 [main] DEBUG org.apache.http.headers - >> User-Agent: Apache-HttpClient/4.5.13 (Java/19.0.2)
21:57:50.969 [main] DEBUG org.apache.http.headers - >> Accept-Encoding: gzip,deflate
21:57:50.969 [main] DEBUG org.apache.http.wire -  >> "{"count":10}"
21:57:51.043 [main] DEBUG org.apache.http.wire -  << "HTTP/1.1 500 Internal Server Error[\r][\n]"
21:57:51.043 [main] DEBUG org.apache.http.wire -  << "content-type: application/json[\r][\n]"
21:57:51.043 [main] DEBUG org.apache.http.wire -  << "date: Wed, 10 May 2023 14:57:50 GMT[\r][\n]"
21:57:51.043 [main] DEBUG org.apache.http.wire -  << "content-encoding: gzip[\r][\n]"
21:57:51.043 [main] DEBUG org.apache.http.wire -  << "transfer-encoding: chunked[\r][\n]"
21:57:51.043 [main] DEBUG org.apache.http.wire -  << "server: Fly/3f2597ca (2023-05-03)[\r][\n]"
21:57:51.043 [main] DEBUG org.apache.http.wire -  << "via: 1.1 fly.io[\r][\n]"
21:57:51.043 [main] DEBUG org.apache.http.wire -  << "fly-request-id: 01H032P8QDERH5JEMJJAWYTDX4-sin[\r][\n]"
21:57:51.043 [main] DEBUG org.apache.http.wire -  << "[\r][\n]"
21:57:51.043 [main] DEBUG org.apache.http.impl.conn.DefaultClientConnection - Receiving response: HTTP/1.1 500 Internal Server Error
21:57:51.043 [main] DEBUG org.apache.http.headers - << HTTP/1.1 500 Internal Server Error
21:57:51.043 [main] DEBUG org.apache.http.headers - << content-type: application/json
21:57:51.043 [main] DEBUG org.apache.http.headers - << date: Wed, 10 May 2023 14:57:50 GMT
21:57:51.043 [main] DEBUG org.apache.http.headers - << content-encoding: gzip
21:57:51.043 [main] DEBUG org.apache.http.headers - << transfer-encoding: chunked
21:57:51.043 [main] DEBUG org.apache.http.headers - << server: Fly/3f2597ca (2023-05-03)
21:57:51.043 [main] DEBUG org.apache.http.headers - << via: 1.1 fly.io
21:57:51.043 [main] DEBUG org.apache.http.headers - << fly-request-id: 01H032P8QDERH5JEMJJAWYTDX4-sin
21:57:51.043 [main] DEBUG org.apache.http.impl.client.DefaultHttpClient - Connection can be kept alive indefinitely
21:57:51.044 [main] DEBUG io.restassured.internal.RestAssuredHttpBuilder - Parsing response as: application/json
21:57:51.044 [main] DEBUG org.apache.http.wire -  << "80[\r][\n]"
21:57:51.044 [main] DEBUG org.apache.http.wire -  << "[0x1f][0x8b][0x8][0x0][0x0][0x0][0x0][0x0][0x4][0xff][0xab]VJ-*[0xca]/R[0xb2]Rr[\r][\n]"
21:57:51.044 [main] DEBUG org.apache.http.wire -  << "[0xf2][0xf][0xb2]R[0xc8]K-W([0xca]/WH[0xcb]/R(J[0xcd]I,[0xc9][0xcc][0xcf]S[0x88]Q*J,[0xc9][0xcc]K/[0x8e]QR([0xcb][0xcc][0xcf]I,I-VH[0xce]HM[0xce]VH[0xce][0xcf]+.)J[0xcc][0xcc]+A[0xa8][0x8a]O[0xce]/[0xcd]+[0x89][0x7]+[0x88]QR[0xd0][0x8][0xe][0xf4][0x9][0xe]q[0xc]qU02654[0xd1]T[0xaa][0xe5][0x2][0x0]t[0xdc]t[0xaa]w[0x0][0x0][0x0]"
21:57:51.044 [main] DEBUG org.apache.http.wire -  << "[\r][\n]"
21:57:51.044 [main] DEBUG org.apache.http.wire -  << "0[\r][\n]"
21:57:51.044 [main] DEBUG org.apache.http.wire -  << "[\r][\n]"
21:57:51.044 [main] DEBUG io.restassured.internal.RestAssuredHttpBuilder - Parsed data to instance of: class org.apache.http.conn.EofSensorInputStream
21:57:51.045 [main] DEBUG org.apache.http.impl.conn.BasicClientConnectionManager - Releasing connection org.apache.http.impl.conn.ManagedClientConnectionImpl@3f22ce2a
21:57:51.045 [main] DEBUG org.apache.http.impl.conn.BasicClientConnectionManager - Connection can be kept alive indefinitely
21:57:51.046 [main] DEBUG net.thucydides.core.steps.StepInterceptor - STEP DONE: I send POST HTTP request rating
  &amp#27;[32mWhen &amp#27;[0m&amp#27;[32mI send POST HTTP request rating2&amp#27;[0m              &amp#27;[90m# starter.stepdefinitions.RatingSteps.sendPostHttpRequestRating2()&amp#27;[0m
21:57:51.051 [main] DEBUG net.thucydides.core.steps.StepInterceptor - STARTING STEP: RatingSteps.receiveValidHttp500Rating - Then I receive valid HTTP response code 500 rating
21:57:51.053 [main] DEBUG net.thucydides.core.steps.StepInterceptor - STEP DONE: Then I receive valid HTTP response code 500 rating
  &amp#27;[32mThen &amp#27;[0m&amp#27;[32mI receive valid HTTP response code 500 rating&amp#27;[0m &amp#27;[90m# starter.stepdefinitions.RatingSteps.receiveValidHttp500Rating()&amp#27;[0m
21:57:51.056 [main] INFO  - 
  _____   ___   ___   _____     ___     _     ___   ___   ___   ___  
 |_   _| | __| / __| |_   _|   | _ \   /_\   / __| / __| | __| |   \ 
   | |   | _|  \__ \   | |     |  _/  / _ \  \__ \ \__ \ | _|  | |) |
   |_|   |___| |___/   |_|     |_|   /_/ \_\ |___/ |___/ |___| |___/ 

POST - Give product rating out of bond
----------------------------------------------------------------------
]]></system-out>
  </testcase>
  <testcase name="GET - Get product rating" classname="Rating" time="0.265">
    <system-out><![CDATA[
Scenario: GET - Get product rating                   &amp#27;[90m# src/test/resources/features/7. Rating.feature:17&amp#27;[0m
21:57:51.062 [main] DEBUG io.cucumber.core.plugin.SerenityReporter - Running feature from file:///D:/download/API_Minpro%20(1)/APIMinpro/API/minpro/src/test/resources/features/7.%20Rating.feature
21:57:51.064 [main] INFO  - 
  _____   ___   ___   _____     ___   _____     _     ___   _____   ___   ___  
 |_   _| | __| / __| |_   _|   / __| |_   _|   /_\   | _ \ |_   _| | __| |   \ 
   | |   | _|  \__ \   | |     \__ \   | |    / _ \  |   /   | |   | _|  | |) |
   |_|   |___| |___/   |_|     |___/   |_|   /_/ \_\ |_|_\   |_|   |___| |___/ 

GET - Get product rating(rating;get---get-product-rating)
--------------------------------------------------------------------------------
21:57:51.079 [main] DEBUG net.thucydides.core.steps.StepInterceptor - STARTING STEP: RatingSteps.setGetApiEndpointRating - I set GET api endpoints rating
21:57:51.079 [main] DEBUG net.thucydides.core.steps.StepInterceptor - STEP DONE: I set GET api endpoints rating
  &amp#27;[32mGiven &amp#27;[0m&amp#27;[32mI set GET api endpoints rating&amp#27;[0m               &amp#27;[90m# starter.stepdefinitions.RatingSteps.setGetApiEndpointRating()&amp#27;[0m
21:57:51.084 [main] DEBUG net.thucydides.core.steps.StepInterceptor - STARTING STEP: RatingSteps.sendGetHttpRequestRating - I send GET HTTP request rating
21:57:51.086 [main] DEBUG net.thucydides.core.steps.StepInterceptor - STARTING STEP: Rating.sendGetHttpRequestRating - I set GET api endpoints rating
21:57:51.087 [main] DEBUG net.thucydides.core.steps.StepInterceptor - STEP DONE: I set GET api endpoints rating
21:57:51.098 [main] DEBUG org.apache.http.impl.conn.BasicClientConnectionManager - Get connection for route {s}->https://altashop-api.fly.dev:443
21:57:51.098 [main] DEBUG org.apache.http.impl.conn.DefaultClientConnectionOperator - Connecting to altashop-api.fly.dev:443
21:57:51.239 [main] DEBUG org.apache.http.client.protocol.RequestAddCookies - CookieSpec selected: ignoreCookies
21:57:51.239 [main] DEBUG org.apache.http.client.protocol.RequestAuthCache - Auth cache not set in the context
21:57:51.239 [main] DEBUG org.apache.http.client.protocol.RequestTargetAuthentication - Target auth state: UNCHALLENGED
21:57:51.239 [main] DEBUG org.apache.http.client.protocol.RequestProxyAuthentication - Proxy auth state: UNCHALLENGED
21:57:51.239 [main] DEBUG org.apache.http.impl.client.DefaultHttpClient - Attempt 1 to execute request
21:57:51.239 [main] DEBUG org.apache.http.impl.conn.DefaultClientConnection - Sending request: GET /api/products/13500/ratings HTTP/1.1
21:57:51.239 [main] DEBUG org.apache.http.wire -  >> "GET /api/products/13500/ratings HTTP/1.1[\r][\n]"
21:57:51.239 [main] DEBUG org.apache.http.wire -  >> "Accept: */*[\r][\n]"
21:57:51.239 [main] DEBUG org.apache.http.wire -  >> "Host: altashop-api.fly.dev[\r][\n]"
21:57:51.239 [main] DEBUG org.apache.http.wire -  >> "Connection: Keep-Alive[\r][\n]"
21:57:51.239 [main] DEBUG org.apache.http.wire -  >> "User-Agent: Apache-HttpClient/4.5.13 (Java/19.0.2)[\r][\n]"
21:57:51.239 [main] DEBUG org.apache.http.wire -  >> "Accept-Encoding: gzip,deflate[\r][\n]"
21:57:51.239 [main] DEBUG org.apache.http.wire -  >> "[\r][\n]"
21:57:51.239 [main] DEBUG org.apache.http.headers - >> GET /api/products/13500/ratings HTTP/1.1
21:57:51.239 [main] DEBUG org.apache.http.headers - >> Accept: */*
21:57:51.239 [main] DEBUG org.apache.http.headers - >> Host: altashop-api.fly.dev
21:57:51.239 [main] DEBUG org.apache.http.headers - >> Connection: Keep-Alive
21:57:51.240 [main] DEBUG org.apache.http.headers - >> User-Agent: Apache-HttpClient/4.5.13 (Java/19.0.2)
21:57:51.240 [main] DEBUG org.apache.http.headers - >> Accept-Encoding: gzip,deflate
21:57:51.309 [main] DEBUG org.apache.http.wire -  << "HTTP/1.1 200 OK[\r][\n]"
21:57:51.309 [main] DEBUG org.apache.http.wire -  << "content-type: application/json[\r][\n]"
21:57:51.309 [main] DEBUG org.apache.http.wire -  << "date: Wed, 10 May 2023 14:57:50 GMT[\r][\n]"
21:57:51.309 [main] DEBUG org.apache.http.wire -  << "content-encoding: gzip[\r][\n]"
21:57:51.309 [main] DEBUG org.apache.http.wire -  << "transfer-encoding: chunked[\r][\n]"
21:57:51.309 [main] DEBUG org.apache.http.wire -  << "server: Fly/3f2597ca (2023-05-03)[\r][\n]"
21:57:51.309 [main] DEBUG org.apache.http.wire -  << "via: 1.1 fly.io[\r][\n]"
21:57:51.309 [main] DEBUG org.apache.http.wire -  << "fly-request-id: 01H032P8ZRFTDKF7YM4ZQGKZ0F-sin[\r][\n]"
21:57:51.309 [main] DEBUG org.apache.http.wire -  << "[\r][\n]"
21:57:51.309 [main] DEBUG org.apache.http.impl.conn.DefaultClientConnection - Receiving response: HTTP/1.1 200 OK
21:57:51.309 [main] DEBUG org.apache.http.headers - << HTTP/1.1 200 OK
21:57:51.309 [main] DEBUG org.apache.http.headers - << content-type: application/json
21:57:51.309 [main] DEBUG org.apache.http.headers - << date: Wed, 10 May 2023 14:57:50 GMT
21:57:51.309 [main] DEBUG org.apache.http.headers - << content-encoding: gzip
21:57:51.309 [main] DEBUG org.apache.http.headers - << transfer-encoding: chunked
21:57:51.309 [main] DEBUG org.apache.http.headers - << server: Fly/3f2597ca (2023-05-03)
21:57:51.309 [main] DEBUG org.apache.http.headers - << via: 1.1 fly.io
21:57:51.309 [main] DEBUG org.apache.http.headers - << fly-request-id: 01H032P8ZRFTDKF7YM4ZQGKZ0F-sin
21:57:51.309 [main] DEBUG org.apache.http.impl.client.DefaultHttpClient - Connection can be kept alive indefinitely
21:57:51.309 [main] DEBUG io.restassured.internal.RestAssuredHttpBuilder - Parsing response as: application/json
21:57:51.309 [main] DEBUG org.apache.http.wire -  << "1F[\r][\n]"
21:57:51.309 [main] DEBUG org.apache.http.wire -  << "[0x1f][0x8b][0x8][0x0][0x0][0x0][0x0][0x0][0x4][0xff][0xab]VJI,IT[0xb2]2[0xad][0xe5][0x2][0x0][0x83]B[0x1e]G[0xb][0x0][0x0][0x0]"
21:57:51.309 [main] DEBUG org.apache.http.wire -  << "[\r][\n]"
21:57:51.310 [main] DEBUG org.apache.http.wire -  << "0[\r][\n]"
21:57:51.310 [main] DEBUG org.apache.http.wire -  << "[\r][\n]"
21:57:51.310 [main] DEBUG io.restassured.internal.RestAssuredHttpBuilder - Parsed data to instance of: class org.apache.http.conn.EofSensorInputStream
21:57:51.311 [main] DEBUG org.apache.http.impl.conn.BasicClientConnectionManager - Releasing connection org.apache.http.impl.conn.ManagedClientConnectionImpl@1f602930
21:57:51.311 [main] DEBUG org.apache.http.impl.conn.BasicClientConnectionManager - Connection can be kept alive indefinitely
21:57:51.312 [main] DEBUG net.thucydides.core.steps.StepInterceptor - STEP DONE: I send GET HTTP request rating
  &amp#27;[32mWhen &amp#27;[0m&amp#27;[32mI send GET HTTP request rating&amp#27;[0m                &amp#27;[90m# starter.stepdefinitions.RatingSteps.sendGetHttpRequestRating()&amp#27;[0m
21:57:51.317 [main] DEBUG net.thucydides.core.steps.StepInterceptor - STARTING STEP: RatingSteps.receiveValidHttp200Rating - I receive valid HTTP response code 200 rating
21:57:51.318 [main] DEBUG net.thucydides.core.steps.StepInterceptor - STEP DONE: I receive valid HTTP response code 200 rating
  &amp#27;[32mThen &amp#27;[0m&amp#27;[32mI receive valid HTTP response code 200 rating&amp#27;[0m &amp#27;[90m# starter.stepdefinitions.RatingSteps.receiveValidHttp200Rating()&amp#27;[0m
21:57:51.321 [main] INFO  - 
  _____   ___   ___   _____     ___     _     ___   ___   ___   ___  
 |_   _| | __| / __| |_   _|   | _ \   /_\   / __| / __| | __| |   \ 
   | |   | _|  \__ \   | |     |  _/  / _ \  \__ \ \__ \ | _|  | |) |
   |_|   |___| |___/   |_|     |_|   /_/ \_\ |___/ |___/ |___| |___/ 

GET - Get product rating
----------------------------------------------------------------------
]]></system-out>
  </testcase>
</testsuite>